Total: 200001
0 55.673606395721436 54.546866116397595 28
100 376.0327923297882 239.23444268394073 28
200 436.90968775749207 285.34314679705255 28
300 471.44560050964355 332.0487774417483 28
400 542.7277128696442 386.62358602723793 28
500 515.6076173782349 375.32317376954336 30
600 478.5029327869415 341.8399109099651 30
700 574.459230184555 424.9404402142883 30
800 467.9422149658203 334.26117424314737 30
900 471.33046412467957 330.3791719278847 30
1000 500.0878872871399 342.79648761516887 30
1100 431.205055475235 301.42051031146354 30
1200 447.54633140563965 313.71505792581104 30
1300 454.49633955955505 314.009593524347 30
1400 433.6874017715454 301.2296786359808 30
1500 535.1320028305054 379.68417057253254 30
1600 442.87045311927795 289.5123205164665 30
1700 386.5625386238098 243.45130158133543 30
1800 522.8711388111115 359.31189532378994 30
1900 459.93692231178284 325.23130252181636 30
2000 515.9450452327728 358.7701328118788 31
2100 489.05974102020264 339.80257249138606 31
2200 554.5437178611755 413.95688702679934 31
2300 545.0934457778931 384.48364993432733 31
2400 444.312531709671 308.301186908196 31
2500 502.9862802028656 364.9665463967944 32
2600 503.16325521469116 357.0660539431559 33
2700 517.2425882816315 351.46272652855794 33
2800 435.47774147987366 284.18257488289333 33
2900 468.2835783958435 326.6086506190554 33
3000 1713.198606967926 1570.5366623266405 34
3100 430.6759104728699 293.97065088227987 34
3200 531.4736530780792 379.92015819675964 34
3300 475.5837743282318 348.44114752751545 34
3400 409.6126608848572 274.3728580389894 34
3500 526.7591700553894 394.0189219909519 34
3600 522.7100565433502 380.93728276257764 34
3700 485.3202049732208 335.61168769646076 34
3800 410.4592640399933 251.58686778167055 34
3900 515.1536886692047 368.6004892327114 34
4000 551.4889776706696 403.9460689021106 34
4100 465.7503414154053 315.0976637089953 34
4200 449.74256229400635 289.6437065841559 34
4300 495.98308753967285 351.7584840487446 34
4400 492.538072347641 337.73343403944176 34
4500 522.424275636673 363.5667321275778 34
4600 486.84368658065796 351.35138242002324 34
4700 510.52397656440735 366.51708779306614 35
4800 474.12935066223145 328.576000172248 35
4900 459.64181685447693 330.06981426675804 35
5000 450.85856437683105 297.8572859105184 35
5100 482.73781871795654 312.36854606088264 35
5200 479.14422392845154 359.8025569508627 35
5300 565.8898477554321 433.3936793857548 35
5400 404.0396625995636 274.48171283115516 35
5500 422.0681290626526 283.5352893135197 35
5600 425.05093455314636 285.28552250774 35
5700 530.4965198040009 383.72143234638713 35
5800 483.2406392097473 344.61291171540796 35
5900 401.44610357284546 279.93936425515176 35
6000 553.1043362617493 395.7429710578376 35
6100 653.6225759983063 492.62210467794614 35
6200 479.77131938934326 333.9536777519031 35
6300 380.8837540149689 241.50282806648366 35
6400 365.30850076675415 250.6905441152632 35
6500 555.4294457435608 384.1114063415922 35
6600 495.72445940971375 333.16597661524327 35
6700 400.2467393875122 275.42703062074565 35
6800 549.4551672935486 387.1234906360114 35
6900 553.3843669891357 391.7028379266243 35
7000 481.14584732055664 339.62585001976623 35
7100 443.98423075675964 310.0271622774086 35
7200 425.972731590271 284.8806632721825 35
7300 495.7581968307495 355.8021065090003 35
7400 506.68164110183716 369.8633519716368 35
7500 486.0954761505127 352.1666310905838 35
7600 597.6821007728577 431.616630826765 35
7700 497.4885838031769 370.5299315022886 35
7800 489.99946761131287 341.32485287386805 35
7900 676.9719822406769 526.9618340937773 36
8000 522.1614229679108 369.501124213603 36
8100 500.5554656982422 347.5311150667378 36
8200 528.5004727840424 377.14270536713127 36
8300 525.165666103363 393.9778295517842 36
8400 475.80867099761963 341.11178037925765 36
8500 512.6906554698944 355.5022874199922 36
8600 485.98718428611755 342.9743820004669 36
8700 489.028972864151 336.5943229806011 36
8800 509.4752278327942 353.3123356545275 36
8900 538.7031261920929 393.0233247479899 36
9000 452.28467082977295 309.68259037305876 36
9100 518.0607597827911 359.87277997363424 36
9200 521.7844624519348 372.1070744730256 36
9300 406.91312742233276 277.6173321796284 36
9400 423.8871569633484 296.611418058263 36
9500 452.096063375473 324.2915401736821 36
9600 476.54463362693787 345.34183510553294 36
9700 476.52461981773376 315.99720117723547 36
9800 471.2925639152527 338.06358019787405 36
9900 445.80307936668396 302.1390976788175 36
10000 369.5659408569336 242.52128138527004 36
10100 623.4082145690918 437.99567356975024 36
10200 651.3775494098663 519.0330819506911 36
10300 506.0722041130066 372.62661479868854 36
10400 508.40537571907043 356.82708096684655 36
10500 568.8745937347412 420.0689032843068 36
10600 487.31872820854187 347.6047809593598 36
10700 471.75482654571533 322.1443573938193 36
10800 511.58665108680725 349.9668893873232 36
10900 493.8437397480011 361.7650745422436 36
11000 409.3602702617645 283.29950590166646 36
11100 463.0362501144409 322.8496774644671 36
11200 468.3915054798126 307.53183415000996 36
11300 640.961799621582 466.1616013755167 36
11400 581.5554909706116 408.5268999109792 36
11500 526.8011977672577 356.4783153997247 36
11600 427.1715979576111 294.7732439626053 36
11700 374.40228247642517 244.6140899647797 36
11800 422.0065846443176 283.34723421104184 36
11900 512.1597337722778 361.64604026178876 36
12000 522.4746968746185 370.7385537626608 36
12100 425.1700487136841 306.18192698815534 36
12200 478.2610263824463 342.2382588608236 36
12300 464.6331057548523 320.85384101613465 36
12400 547.0410208702087 412.2021136111058 36
12500 432.26826524734497 290.6439586005222 36
12600 479.41320419311523 322.68938829699835 36
12700 554.6430013179779 412.26278115394064 36
12800 572.6251211166382 414.4847940266511 36
12900 492.7082974910736 352.7994163278354 36
13000 590.8151047229767 453.168409258922 36
13100 483.1670129299164 335.16697064184734 36
13200 367.7682468891144 241.62546956518446 36
13300 475.4632737636566 304.8425622431533 36
13400 413.41991686820984 299.5817042705893 36
13500 460.8100664615631 317.4233227610888 36
13600 523.7629554271698 415.5406550336412 36
13700 463.1814215183258 315.5179974963575 36
13800 427.03177070617676 279.4202867863638 36
13900 434.51050209999084 301.68895927625414 36
14000 544.5911953449249 412.96200094601636 36
14100 458.33111119270325 291.6985190186487 36
14200 413.0679843425751 275.6810556544544 36
14300 441.96634674072266 300.8605105807412 36
14400 428.3703796863556 282.47915759216426 36
14500 484.1644232273102 328.5844804969694 36
14600 446.1714026927948 311.1176397875327 36
14700 440.29384756088257 296.3445572210694 36
14800 524.4759905338287 354.1342166169239 36
14900 436.4664092063904 296.90620220521896 36
15000 477.2950441837311 339.42357748429777 36
15100 492.87485551834106 348.8861581162183 36
15200 470.97207713127136 330.52133801039884 36
15300 448.9363121986389 297.2403882446406 36
15400 421.97877526283264 273.0753292086432 36
15500 374.8794891834259 248.64017642365826 36
15600 447.31118965148926 309.4034942423229 36
15700 430.72076892852783 298.77823012685633 36
15800 423.0289330482483 273.6239698111321 36
15900 475.70620226860046 345.05195956438695 36
16000 569.1804616451263 400.02778324561046 36
16100 474.09506487846375 324.37494218198924 36
16200 445.73280143737793 298.08624012917915 36
16300 394.2892050743103 278.77216598187175 36
16400 480.2662901878357 332.8460870597323 36
16500 479.60026693344116 348.4788314490661 36
16600 476.82063126564026 341.9096418281577 36
16700 455.92762184143066 331.83581171934844 36
16800 469.53620314598083 331.4738532704579 36
16900 564.1616766452789 409.2131817188073 36
17000 441.57014298439026 300.0472125646206 36
17100 438.4568634033203 307.9970397756124 36
17200 460.9524166584015 318.15431585286444 36
17300 409.33009791374207 276.76413288355684 36
17400 490.56903982162476 344.86366896683967 36
17500 450.1436712741852 292.44128150543986 36
17600 412.7017903327942 278.5510348553493 36
17700 374.4405369758606 265.0335378756524 36
17800 451.74924182891846 289.3859852671808 36
17900 646.214537858963 510.68283026392004 37
18000 504.6233215332031 350.65649202372947 38
18100 502.1099262237549 365.9568866229514 38
18200 464.1193141937256 318.5309311565715 38
18300 430.7223265171051 293.8561353129169 38
18400 477.75258207321167 334.25842488432966 38
18500 435.57813477516174 290.0208784307798 38
18600 398.54620146751404 273.88973469295684 38
18700 481.5072388648987 345.8239071710964 38
18800 553.418048620224 402.28860381983566 39
18900 496.0641756057739 351.63864666210293 40
19000 514.1694288253784 361.4828371634359 40
19100 424.8354158401489 299.13508067050907 40
19200 464.00060987472534 330.5593202339754 40
19300 479.7004373073578 312.39220219777985 40
19400 504.8465828895569 346.13369118548115 41
19500 504.74265336990356 351.8214437987332 41
19600 453.1745512485504 319.0621167010309 41
19700 591.327873468399 424.77074258617085 41
19800 419.0634980201721 286.0100004731709 41
19900 472.10385608673096 361.08121433604487 42
20000 451.89824771881104 301.786238528781 42
20100 594.8530504703522 454.7262612076898 42
20200 524.5228674411774 365.8383862717919 42
20300 442.9008889198303 296.5635561961825 42
20400 540.3503963947296 392.55440325245945 42
20500 491.1695330142975 361.97148128330696 42
20600 522.901992559433 376.5956028113703 42
20700 505.08948278427124 375.5631794537635 42
20800 515.4415035247803 351.0119333936424 42
20900 556.896365404129 384.0640469568847 42
21000 452.000545501709 300.25246993390795 42
21100 480.40253591537476 338.524171025686 42
21200 431.72083353996277 328.9061974850032 42
21300 490.39401865005493 355.00531456453916 42
21400 443.3177008628845 301.9046613522337 42
21500 460.15603399276733 315.59905268935967 42
21600 492.75363516807556 346.57173407650083 42
21700 489.7432096004486 329.45006772432885 42
21800 434.8114631175995 296.9129435501866 42
21900 597.4483001232147 456.9791488892482 42
22000 453.82791543006897 318.4297559681057 42
22100 463.17655181884766 297.70688592402485 42
22200 476.7543704509735 345.53511091901123 42
22300 522.2884595394135 353.11515044244993 42
22400 501.2036871910095 374.2743790274521 42
22500 587.1505212783813 427.4987664581389 42
22600 549.1836187839508 402.8306273085564 42
22700 511.29509830474854 370.24502003290365 42
22800 434.37220644950867 303.9804840623873 42
22900 501.1653776168823 348.4463315524007 42
23000 482.2997376918793 348.6423209203338 42
23100 507.20657753944397 360.2209395001311 42
23200 439.88566994667053 307.32417377582755 42
23300 407.66364550590515 277.33759848710474 42
23400 445.87355518341064 308.7819163206527 42
23500 497.68883538246155 337.10480110879695 42
23600 405.0638599395752 278.59216671901606 42
23700 469.3828077316284 305.74603907109633 42
23800 659.1490490436554 485.7005907676777 43
23900 497.7653982639313 339.61787357748915 43
24000 558.5137648582458 418.69203022876826 43
24100 540.3260228633881 397.6289662971287 43
24200 536.3474502563477 388.6541606011632 43
24300 582.5781571865082 421.86684220581253 43
24400 443.5425806045532 316.199155892537 43
24500 477.6931800842285 339.33508444497363 43
24600 505.96925234794617 357.8837165381052 43
24700 502.8136525154114 346.78714543750004 43
24800 493.0656273365021 333.14898937112395 43
24900 419.4575252532959 291.24948732316324 43
25000 649.1511852741241 504.8053778540647 43
25100 506.4418520927429 360.1702855314063 43
25200 445.81970953941345 313.55535075895057 43
25300 506.1440715789795 368.5448766773675 43
25400 575.6852991580963 420.0518330106623 43
25500 455.3323872089386 314.19959944622053 43
25600 452.05607771873474 290.6284005335306 43
25700 525.6985926628113 351.25680723712094 43
25800 445.7044258117676 325.2340956462907 43
25900 511.32325625419617 368.72410175715567 43
26000 635.3636865615845 487.6721713677692 43
26100 445.23352551460266 314.6701983555407 43
26200 595.7605998516083 444.8412716871835 44
26300 581.538539648056 454.72112207932776 44
26400 391.75773668289185 280.25413559671614 44
26500 483.97138833999634 352.3620196275026 44
26600 467.6095893383026 315.8111679126404 44
26700 412.4199900627136 267.8730403790291 44
26800 398.4376940727234 268.00659279989884 44
26900 400.21246337890625 276.356820964251 44
27000 413.6700448989868 274.47819706959774 44
27100 460.3154647350311 299.95178214910175 44
27200 446.4030599594116 300.4182043205168 44
27300 448.7680323123932 310.564544909617 44
27400 413.3271861076355 277.5037370492282 44
27500 427.331152677536 286.69813312243525 44
27600 562.5816752910614 373.5844786582064 44
27700 418.0184016227722 276.56275804359166 44
27800 474.9976143836975 344.93026542757235 44
27900 515.8076395988464 365.25011135366344 44
28000 452.5972285270691 303.3778927827824 44
28100 440.4051489830017 281.8231204375048 44
28200 523.1624438762665 371.7787067098424 44
28300 541.7005798816681 388.394702125327 44
28400 498.34203028678894 334.9302367642547 44
28500 464.33536171913147 293.68382689620404 44
28600 435.7334260940552 282.4918883564603 44
28700 449.35125184059143 315.388785949439 44
28800 458.15371108055115 318.1244082222403 44
28900 503.9811210632324 373.92801575928513 44
29000 510.77917981147766 383.32574378289013 44
29100 513.7905492782593 354.43169473568787 44
29200 382.2995569705963 257.30844795222555 44
29300 426.2499363422394 283.80166228218167 44
29400 393.3680408000946 292.1625549585233 44
29500 482.5937407016754 336.9097903580507 44
29600 480.77512288093567 323.01986725014956 44
29700 430.1201608181 300.1959416657075 44
29800 391.8569884300232 235.86091514926545 44
29900 451.5165150165558 306.54870761394045 44
30000 534.6942138671875 375.6083937673805 44
30100 502.4212591648102 361.13226804105466 44
30200 415.75605869293213 292.37810346470496 44
30300 456.6083834171295 311.42186340345717 44
30400 437.07249641418457 312.9901538376422 44
30500 579.926754951477 425.4345140930692 44
30600 437.5164930820465 292.0823045128934 44
30700 450.4817056655884 298.83994074121847 44
30800 421.6967189311981 296.50348109146614 44
30900 388.6945769786835 260.63569138252285 44
31000 552.6434671878815 393.91913251507003 44
31100 525.2601866722107 371.73280626579844 44
31200 491.94809341430664 334.49074085031623 44
31300 436.7593412399292 303.2600256392442 44
31400 426.4031779766083 281.72326201567785 44
31500 507.8693482875824 354.59029914768064 44
31600 521.6047160625458 374.4599761430542 44
31700 536.4629228115082 379.51356861502455 44
31800 466.0226321220398 334.83470886113486 44
31900 439.5819962024689 305.80838723115994 44
32000 551.245489358902 384.18979931125034 44
32100 421.83050060272217 286.29608174422646 44
32200 501.2040660381317 357.4583978042042 44
32300 497.28565740585327 352.17720361400916 44
32400 433.4001245498657 305.17945199720816 44
32500 459.2810277938843 307.466822643388 44
32600 487.2162506580353 320.644931935125 44
32700 611.009771823883 454.0093668071879 44
32800 362.07218313217163 249.73989347556991 44
32900 449.7751624584198 320.08269985224445 44
33000 428.5519723892212 289.54640032244794 44
33100 471.328551530838 327.684670864475 44
33200 417.29597544670105 274.961201646892 44
33300 435.0183308124542 308.48089760482117 44
33400 511.9231445789337 346.72400689218364 45
33500 418.7963299751282 283.8519146446223 45
33600 477.572203874588 348.3952666012709 45
33700 437.15563201904297 271.1468208286807 45
33800 365.236613035202 234.5098214757096 45
33900 446.8222053050995 297.94304910522976 45
34000 476.53452229499817 329.9747864662324 45
34100 495.3458397388458 345.11162606940957 45
34200 437.2479979991913 285.06794122640724 45
34300 454.5414927005768 326.0663899585838 45
34400 401.3263816833496 273.768789598106 45
34500 451.92625188827515 308.80554789725653 45
34600 490.14454770088196 336.1585391078031 45
34700 472.92840456962585 322.82681901319273 45
34800 475.0533266067505 318.0426074413077 45
34900 449.3267250061035 295.1891247123093 45
35000 515.9440619945526 367.44376961478196 45
35100 460.56860637664795 314.73711387280974 45
35200 451.91211438179016 315.8984474086289 45
35300 383.5408935546875 257.3268667704303 45
35400 453.4884932041168 321.3968470497872 45
35500 510.0794367790222 348.7511397895004 45
35600 429.76493215560913 297.4190011152082 45
35700 445.3701615333557 307.9552435326291 45
35800 574.7373387813568 403.235770749552 45
35900 485.20628571510315 330.9751309640968 46
36000 419.6876788139343 278.97937452387146 46
36100 558.9027616977692 402.40248498656814 46
36200 397.7319390773773 256.32125503969655 46
36300 710.679224729538 561.5797269411823 47
36400 483.1347424983978 348.23299562111436 47
36500 503.57876801490784 353.8281951340671 47
36600 570.9959013462067 410.9146011338004 47
36700 480.3064274787903 320.38454257437957 47
36800 410.90593814849854 250.12884349445028 47
36900 464.43285489082336 318.03698995934633 47
37000 448.47082924842834 300.4849405002799 47
37100 490.109046459198 333.4182816544592 47
37200 434.7250325679779 293.919265229941 47
37300 432.35653257369995 288.46585503534175 47
37400 357.98170042037964 248.8380780698679 47
37500 483.57436633110046 323.23189570259524 47
37600 429.9031300544739 275.965023783211 47
37700 372.92506194114685 257.59311521744445 47
37800 444.49276852607727 315.40051174954255 47
37900 452.64599990844727 331.11489287823883 47
38000 467.2286775112152 319.8703193673317 47
38100 434.9557909965515 307.1436273042453 47
38200 580.3513195514679 445.03404935450743 48
38300 440.19538259506226 301.31840588410097 49
38400 439.73107075691223 282.31224396433043 49
38500 456.26572942733765 313.9963244917319 49
38600 534.9629693031311 395.8491045375055 49
38700 487.6885738372803 342.4866014312705 49
38800 518.784476518631 387.6233529887551 49
38900 483.36901211738586 350.5463787961676 49
39000 360.9639790058136 226.85596672778368 49
39100 403.6917533874512 265.58116440885726 49
39200 563.1759793758392 401.71204239592043 49
39300 430.6078417301178 306.21920636806516 49
39400 429.84205889701843 298.9176891558419 49
39500 426.56747698783875 318.05690290433336 49
39600 659.5483341217041 524.1936743503622 49
39700 441.5518856048584 312.2603573829978 49
39800 511.15531301498413 359.3914291762038 49
39900 387.071950674057 267.08880431107127 49
40000 390.019366979599 252.43303497443705 49
40100 544.5039310455322 398.0945600529674 49
40200 517.5163340568542 351.54047612929566 49
40300 502.0790915489197 359.20201683153084 49
40400 457.48731446266174 312.86370069641316 49
40500 433.6165521144867 300.2458799998941 49
40600 512.2396855354309 363.7610212149331 49
40700 441.12541913986206 313.6816006796865 49
40800 405.87344908714294 274.3055856615779 49
40900 396.648371219635 253.73574444916372 49
41000 394.54088711738586 257.98866114110297 49
41100 463.7569227218628 316.52083509470265 49
41200 483.43120861053467 326.62900434725805 49
41300 489.52284359931946 351.7450814029221 49
41400 536.9977412223816 409.861060573605 49
41500 524.3787438869476 398.06837882730747 49
41600 472.0059850215912 324.3318287722116 49
41700 487.24709391593933 335.7283182834908 49
41800 473.7609107494354 331.15055207375946 49
41900 442.30812978744507 299.81115693534866 49
42000 465.9249987602234 325.3107251365317 49
42100 412.6303622722626 285.48445575689476 49
42200 501.88492250442505 346.3855371825942 49
42300 439.36212706565857 282.9111318328295 49
42400 410.9397773742676 285.2045028097501 49
42500 391.4751126766205 264.02971982867325 49
42600 460.52915620803833 326.7179082922428 49
42700 498.66240787506104 347.74555832861415 49
42800 523.3574295043945 367.8046720203941 49
42900 462.78520488739014 309.5449510355429 49
43000 463.2557125091553 330.8011619868255 49
43100 544.8304567337036 412.1930211160885 49
43200 504.4692804813385 348.8257105957546 49
43300 391.55402636528015 262.1349656218721 49
43400 703.6546447277069 558.5528907325977 49
43500 414.35634541511536 270.0057464201454 49
43600 475.86035537719727 325.2750010804326 49
43700 456.0239634513855 296.9356830204996 49
43800 467.81575536727905 307.9945428026748 49
43900 364.9953558444977 234.9870316434135 49
44000 522.5684201717377 377.0720208186457 49
44100 466.3784453868866 323.9557295394319 49
44200 454.1492326259613 330.65892045753503 49
44300 614.9324734210968 456.7594708423573 50
44400 574.5222964286804 445.7871994188645 50
44500 529.2251584529877 388.38821962859396 50
44600 517.555990934372 368.1711557216 50
44700 374.5353214740753 238.6907966462778 50
44800 411.2919135093689 305.6929819789639 50
44900 495.033579826355 360.0445693914246 50
45000 444.68010902404785 283.10515200727014 50
45100 499.85026693344116 337.4955238051889 50
45200 450.59680938720703 310.55173657178347 50
45300 532.4622015953064 392.8308050912364 50
45400 501.3996398448944 379.09038227562655 50
45500 508.2914459705353 345.8929781009453 50
45600 433.2328898906708 295.3950620143585 50
45700 490.9715974330902 350.8705701173212 50
45800 557.1461961269379 415.38467445922043 50
45900 602.9161579608917 478.3318074770464 50
46000 434.94660353660583 314.27763951548883 50
46100 526.2555973529816 393.7617965105445 50
46200 410.2990062236786 265.69425115538115 50
46300 419.3053345680237 280.78636934479545 50
46400 424.9312331676483 311.5871397483554 50
46500 673.5826315879822 522.142155350702 50
46600 577.926105260849 458.95765025500464 50
46700 476.7974920272827 347.65540000570604 50
46800 451.26334977149963 311.1767762434391 50
46900 432.3283019065857 293.8536007159601 50
47000 517.6080038547516 354.2476323237207 50
47100 437.9548668861389 298.39866882814715 50
47200 433.3470208644867 291.2685123780943 50
47300 481.69340682029724 338.9671857795554 50
47400 468.7059211730957 325.3758987086302 50
47500 477.8220069408417 331.3355294041849 50
47600 418.3366003036499 299.1419476850058 50
47700 466.63829827308655 325.80905895011045 50
47800 352.9943628311157 232.69868479406387 50
47900 487.30700063705444 326.97247748566645 50
48000 443.3002886772156 298.3205584787516 50
48100 391.01489996910095 267.43529783251734 50
48200 399.7354142665863 277.217149516647 50
48300 431.3582911491394 302.2811365542681 50
48400 430.2669460773468 295.95056429133683 50
48500 380.6559376716614 266.6695522202181 50
48600 408.7387170791626 273.5730002501613 50
48700 415.387136220932 283.98369148017787 50
48800 399.2170388698578 283.0423550830808 50
48900 392.26517486572266 266.68449379874096 50
49000 369.63302421569824 253.41754961260585 50
49100 506.4316921234131 359.42355269713437 50
49200 360.5276231765747 226.21407394014668 50
49300 408.4955322742462 287.0437162740782 50
49400 628.6172277927399 490.74061658629034 50
49500 364.3559215068817 224.93144697022342 50
49600 418.64414739608765 281.41503333102264 50
49700 398.5515501499176 262.79760338575545 50
49800 409.9668095111847 271.4879195647891 50
49900 411.6662046909332 270.1927958094712 50
50000 426.9012978076935 282.7810637077096 50
50100 420.07520842552185 288.34712707213794 50
50200 502.41951060295105 371.61258832902786 50
50300 380.99304008483887 260.3201477741705 50
50400 441.7396194934845 322.0746623104705 50
50500 413.45997405052185 290.56101317375067 50
50600 563.1113889217377 418.49944629094284 50
50700 565.567464351654 442.84350144016986 50
50800 637.3299915790558 500.37661269126505 50
50900 406.86794805526733 260.60974061408024 50
51000 456.3942062854767 318.4700508908037 50
51100 451.1779041290283 310.7670101502209 50
51200 388.6481239795685 260.7786040404741 50
51300 468.58616948127747 365.7194096095618 50
51400 608.5201730728149 471.7969185902939 50
51500 373.01772260665894 268.209428548953 50
51600 405.5209128856659 271.6985012090396 50
51700 471.667608499527 331.4429115642079 50
51800 477.2830593585968 337.2176905391774 50
51900 432.4041244983673 301.6192484525819 50
52000 400.5595192909241 279.33883988797635 50
52100 333.3654706478119 218.90314973728528 50
52200 309.93810772895813 193.52597204659534 50
52300 462.9856176376343 305.0578723805519 50
52400 373.92498087882996 250.37650399866243 50
52500 395.68753004074097 243.02951140747717 50
52600 522.0676128864288 378.8597292490077 50
52700 554.4932022094727 420.2180813553396 51
52800 456.5356945991516 314.27025513204217 51
52900 404.3018093109131 275.7109627652534 51
53000 355.14459919929504 248.1687416522959 51
53100 510.59389305114746 342.42002905398783 51
53200 363.79038286209106 235.10271529384138 51
53300 381.5153830051422 264.89210251384316 51
53400 402.23493933677673 274.8345361194923 51
53500 510.3041319847107 363.13202046999197 51
53600 1410.8815145492554 1258.719242622022 52
53700 510.0590732097626 367.538907980452 52
53800 520.048663854599 380.53040540157957 52
53900 397.3156671524048 280.26457751741833 52
54000 424.5286953449249 291.4961453968782 52
54100 464.2029323577881 332.78747130414 52
54200 534.8957540988922 395.5098866099237 52
54300 458.0685684680939 321.2354877807407 52
54400 325.8394732475281 233.58328196332994 52
54500 307.1963713169098 197.31923205029693 52
54600 431.6615014076233 302.49639194339017 52
54700 477.04514598846436 342.8193981488745 52
54800 456.15843963623047 321.33326399417626 53
54900 449.1511034965515 324.32497482647443 53
55000 521.323215007782 372.2304807525742 53
55100 519.0134046077728 382.6925354076967 53
55200 455.7705900669098 296.2075455149816 53
55300 418.6129746437073 284.3277911757276 53
55400 415.15856552124023 295.540881215787 53
55500 419.12427139282227 270.7468330912501 53
55600 439.48844623565674 301.7470516966397 53
55700 454.27342796325684 332.01759934755546 53
55800 450.82385301589966 316.47510348554044 53
55900 443.85486006736755 303.34572493470364 53
56000 446.2668504714966 309.62064916845964 53
56100 358.4032645225525 251.8927127505765 53
56200 453.9341895580292 317.69172996626696 53
56300 391.66061091423035 278.1057993338125 53
56400 351.3703336715698 254.04630571107987 53
56500 438.9079215526581 298.18473105794385 53
56600 482.4973452091217 347.4217080856712 53
56700 425.89017939567566 291.7620420279748 53
56800 441.45953488349915 301.1120664189724 53
56900 536.7909541130066 397.4468423969274 53
57000 569.1618733406067 438.1855189736753 53
57100 477.891482591629 343.8964701743457 53
57200 552.9746737480164 395.7292302955135 53
57300 445.8391578197479 313.1618854809276 53
57400 466.37940788269043 324.8043422911719 53
57500 500.1880416870117 365.03152937532894 53
57600 387.16534900665283 284.51785438788505 53
57700 408.158634185791 281.49390933809195 53
57800 450.9649558067322 326.5603026898591 53
57900 524.8457565307617 392.2046457771469 53
58000 372.4839172363281 265.90823996601256 53
58100 371.2376308441162 267.17827364146297 53
58200 401.87631344795227 280.54364586625456 53
58300 443.5126256942749 329.8142675975191 53
58400 455.0626711845398 332.5119945320122 53
58500 444.54433131217957 316.9502917085853 53
58600 561.3596467971802 406.47510826606253 53
58700 373.90400552749634 261.5400397630124 53
58800 396.8294997215271 240.84522043377405 53
58900 438.710088968277 309.8924291689149 53
59000 483.4220218658447 345.67674084585406 53
59100 407.02584648132324 280.92184732228714 53
59200 444.3708755970001 326.5355674140024 53
59300 327.6867642402649 230.74669268683644 53
59400 370.7766387462616 253.84048276308812 53
59500 484.9861512184143 342.22007701343625 53
59600 455.0664932727814 334.174953300592 53
59700 437.1868019104004 304.1846896376335 53
59800 512.6418902873993 362.33787315226084 53
59900 380.1534914970398 253.61512997942037 53
60000 395.470365524292 252.77156708971546 53
60100 419.6098563671112 291.14420750945396 53
60200 377.2940697669983 250.37634055979754 53
60300 404.12694668769836 281.3204156425712 53
60400 444.592839717865 327.2184643459242 53
60500 447.9144494533539 317.71819131596544 53
60600 441.26842045783997 329.3597221431049 53
60700 451.8671863079071 303.91159175565224 53
60800 374.5075297355652 250.54717066035832 53
60900 475.78950786590576 352.6122384302441 53
61000 462.0611753463745 348.723300223355 53
61100 606.5150599479675 459.16412636575626 53
61200 540.7465476989746 420.0382365880404 53
61300 481.5412948131561 347.0191443667919 53
61400 434.90758872032166 323.6473590170965 53
61500 662.6850297451019 523.3120320565799 53
61600 455.6197073459625 336.53284348789566 53
61700 448.63524627685547 320.0346970062119 53
61800 347.08592653274536 224.30895896470773 53
61900 462.0628545284271 322.0916888420605 53
62000 452.70122933387756 304.0228995938778 53
62100 370.3010222911835 270.63138642953425 53
62200 427.0505394935608 300.72978050170127 53
62300 515.5136966705322 398.32894864006187 53
62400 604.9826121330261 465.5425205979794 53
62500 501.1352400779724 345.9135972031063 53
62600 407.7225375175476 289.59675935050916 53
62700 420.42549324035645 279.5606102120732 53
62800 435.45977306365967 297.4273866359742 53
62900 438.10612869262695 291.60526485779997 53
63000 497.95727014541626 367.7503663999718 53
63100 386.1914212703705 255.7291209992918 53
63200 389.91050839424133 271.35703072794263 53
63300 425.1114845275879 282.52918243424597 53
63400 464.87286043167114 330.6109512954721 53
63500 447.8448715209961 324.760132403729 53
63600 434.66001987457275 311.56237376566423 53
63700 425.0912199020386 275.5423402291897 53
63800 347.37322974205017 223.26689973405468 53
63900 404.22260904312134 277.55531000304404 53
64000 397.886923789978 284.33358846626146 53
64100 476.57385778427124 350.1179983821725 53
64200 444.8172538280487 310.6658013580428 53
64300 395.45035219192505 272.3303370562545 53
64400 375.3414442539215 254.30696968357796 53
64500 414.8594706058502 272.1669148726405 53
64600 460.7907612323761 306.96627771653584 53
64700 462.86160612106323 313.9455656137428 53
64800 424.69386172294617 287.83828489378845 53
64900 434.28606820106506 286.3633820393904 53
65000 427.81010150909424 293.4505984824451 53
65100 490.5320496559143 352.2956773540209 53
65200 369.7138788700104 224.4331178001851 53
65300 355.12592482566833 232.59185342306859 53
65400 356.4855442047119 240.60706077361243 53
65500 533.3276298046112 370.50658305342796 53
65600 495.6042573451996 379.20978901974587 54
65700 447.40103912353516 306.48023773856903 54
65800 427.62033224105835 306.58917538584154 54
65900 405.1152777671814 295.7207359919146 54
66000 431.96443128585815 305.4378590708264 54
66100 372.8853726387024 254.74472837225665 54
66200 451.49483847618103 306.92878573741376 54
66300 396.44343185424805 272.54305409906976 54
66400 395.6186513900757 285.6211781136962 54
66500 429.72715282440186 307.15688339606004 54
66600 482.368417263031 321.6458544382115 54
66700 449.81814908981323 312.3448192409247 54
66800 413.5068881511688 284.7227858145536 54
66900 382.3749828338623 267.4469884926964 54
67000 411.55874967575073 284.7694443156346 54
67100 425.6141541004181 304.7824855095452 54
67200 427.32346177101135 281.0488697618141 54
67300 345.95618081092834 215.53165853140516 54
67400 395.54922461509705 268.19287611821534 54
67500 444.6908416748047 314.62620446982345 54
67600 447.22634625434875 305.21436415448693 54
67700 450.5864796638489 319.33213912152144 54
67800 510.69103050231934 393.686325515959 54
67900 509.5326051712036 370.03999385277166 54
68000 485.9793310165405 361.9329905336559 54
68100 618.2849850654602 470.20055507174015 54
68200 351.8492615222931 237.1091467371529 54
68300 422.36357498168945 292.0953040371693 54
68400 466.79321789741516 331.1938252402862 54
68500 360.4420599937439 238.7258008011337 54
68600 400.00894021987915 274.3161754352189 54
68700 457.86209535598755 319.5962800410821 54
68800 409.60866260528564 283.7946213151193 54
68900 425.1512999534607 280.2486167874424 54
69000 362.64087533950806 247.29908685747756 54
69100 470.0331745147705 330.40214014196306 54
69200 414.2927861213684 285.97780332905745 54
69300 382.7974603176117 273.7849646325843 54
69400 394.5947642326355 265.34586526051066 54
69500 449.756840467453 315.9814105478548 54
69600 438.03775572776794 312.8391514713053 54
69700 434.7656910419464 295.8969256917067 54
69800 438.2793810367584 323.0299177674258 54
69900 495.1112062931061 365.98639010247575 54
70000 413.3686058521271 286.07868185395915 54
70100 377.0495867729187 253.9598254583691 54
70200 378.9458816051483 257.33453508427885 54
70300 409.2987422943115 276.45572713017145 54
70400 458.29676604270935 332.24915214339717 54
70500 404.87790632247925 270.37138721118146 54
70600 382.29733896255493 244.79731968740725 54
70700 427.23440074920654 292.2493704646487 54
70800 426.02933073043823 286.5439335753694 54
70900 354.94986629486084 241.60865854901775 54
71000 398.9650228023529 252.0568424442832 54
71100 335.80181407928467 215.0632343852056 54
71200 366.2235939502716 246.26022651556633 54
71300 405.73473715782166 280.74856507767174 54
71400 509.23071336746216 378.92341450031597 54
71500 581.2140898704529 446.9059035203938 54
71600 599.2571532726288 466.3359781259784 54
71700 453.23242950439453 308.48595695202675 54
71800 458.15945315361023 330.79604503501224 54
71900 385.41101598739624 281.70434655217196 54
72000 376.7210578918457 258.07371153154315 54
72100 380.6478967666626 252.56209010016346 54
72200 398.7241733074188 270.4386906809673 54
72300 422.43754386901855 290.03854536794506 54
72400 378.25497364997864 247.70421026146613 54
72500 373.157208442688 260.02022614371515 54
72600 632.3721866607666 493.0021896080451 54
72700 365.24075722694397 250.19414942589853 54
72800 388.2428843975067 275.065130190663 54
72900 346.87973642349243 237.27867378577258 54
73000 316.8739266395569 223.1224260763149 54
73100 477.28763365745544 337.07520852787167 55
73200 403.25553011894226 278.26679742045997 55
73300 379.1561222076416 255.89582885814198 55
73400 337.2422742843628 214.71367432286223 55
73500 366.29934668540955 232.0423623027714 55
73600 402.8883686065674 283.93925360696426 55
73700 449.49066495895386 313.8505369032291 56
73800 430.51799511909485 295.3655180855219 56
73900 395.95144414901733 270.86690331309006 56
74000 398.17268419265747 274.56171349926564 56
74100 408.5786590576172 299.09277597957816 56
74200 440.9385561943054 292.46460839243264 56
74300 335.94299817085266 221.16943014488106 56
74400 480.5302984714508 363.9035440005995 56
74500 467.2983522415161 349.3421036909736 56
74600 403.7282519340515 276.56034231628604 56
74700 384.1715750694275 263.74483347190073 56
74800 398.37762784957886 265.31341300865944 56
74900 366.9897520542145 251.2136874524956 56
75000 439.5302526950836 305.2345134027287 56
75100 502.3671135902405 375.25746911287575 56
75200 372.8836421966553 264.486120959903 57
75300 401.1113712787628 272.6102947762097 57
75400 384.87310695648193 261.701246612107 57
75500 426.2785794734955 291.61164463996533 57
75600 362.41662764549255 246.13958261091145 57
75700 425.74215960502625 319.2903126924813 57
75800 365.409875869751 257.40601530600543 57
75900 415.8564658164978 293.11092304900103 57
76000 391.0428445339203 265.7287689397273 57
76100 400.66964197158813 280.3532507038621 57
76200 353.935019493103 250.7083990192794 57
76300 471.83153676986694 337.26148369589157 57
76400 536.0687296390533 415.05464002028873 57
76500 402.62209916114807 283.6480401905726 57
76600 413.3120713233948 292.48323192479893 57
76700 447.2078676223755 336.884921161305 57
76800 348.285347700119 259.15363421741137 57
76900 417.2379524707794 277.0608313104851 57
77000 418.0532031059265 288.20905856402595 57
77100 401.1898031234741 279.83363912616267 57
77200 419.9234495162964 291.6870819502567 57
77300 320.31125378608704 224.10764604848964 57
77400 358.10672330856323 240.75392460355974 57
77500 392.2175352573395 287.1565374444723 57
77600 429.78200483322144 316.5850545425244 57
77700 343.60900235176086 233.08066512725384 57
77800 342.2703149318695 257.9225504016963 57
77900 381.4277322292328 260.4747881850146 57
78000 523.6992900371552 401.13690500256416 57
78100 489.5307161808014 366.38534323957964 57
78200 440.306519985199 321.0702882512196 57
78300 389.3475971221924 276.0626504459348 57
78400 399.3011736869812 272.41717954444357 57
78500 372.38198614120483 260.0887949285823 57
78600 379.83384943008423 256.6992310412644 57
78700 552.7951664924622 422.74078955059133 57
78800 453.6909260749817 356.0230781213361 57
78900 368.6703288555145 265.36652287348704 57
79000 363.54684567451477 248.75443794457007 57
79100 415.42365288734436 301.0419533753094 57
79200 363.0005729198456 237.85212384986184 57
79300 354.7632155418396 248.45983093384837 57
79400 387.50562858581543 263.94550175096646 57
79500 422.99489307403564 318.86695995184726 57
79600 404.84527111053467 300.33202945717846 57
79700 340.69095516204834 241.20215595053952 57
79800 346.5080976486206 256.4361686116092 57
79900 380.84121775627136 261.4987748806084 57
80000 491.591513633728 362.3553013937344 57
80100 418.1340847015381 301.6974432665356 57
80200 405.10198616981506 279.4006838554353 57
80300 426.67433643341064 293.89715827009087 57
80400 441.2801260948181 319.89882720848584 57
80500 404.8875150680542 284.9451118928339 57
80600 437.93045687675476 294.4956875337651 57
80700 425.54356360435486 311.8773159303375 57
80800 359.43207144737244 257.1747312646582 57
80900 401.37541675567627 270.0665329958307 57
81000 364.08951687812805 246.02499116885105 57
81100 346.6756589412689 243.74661606897695 57
81200 419.4538142681122 288.86204684550074 57
81300 394.3038287162781 276.0136215621419 57
81400 406.2431969642639 298.0883387089524 57
81500 419.10664558410645 298.19226203001006 57
81600 384.2588195800781 267.7034046126365 57
81700 565.2531409263611 432.21675079962154 57
81800 391.9310419559479 267.2078079060792 57
81900 410.92297625541687 291.961527262106 57
82000 387.41510558128357 260.6306736153627 57
82100 435.5241205692291 298.3137923202502 57
82200 407.351505279541 288.9430265880145 57
82300 424.4072916507721 312.7775491571257 57
82400 295.85744857788086 205.7225367148003 57
82500 354.41381192207336 256.188548141604 57
82600 405.9882571697235 271.2804920702331 57
82700 368.0347361564636 258.08408884476137 57
82800 420.45548129081726 290.3636031528043 57
82900 366.1467342376709 243.3895374901494 57
83000 467.19400691986084 343.49876991718423 57
83100 416.89702558517456 288.02111133383846 57
83200 382.58019280433655 262.1289303782474 57
83300 409.5582654476166 282.30324162933107 57
83400 359.22481536865234 247.6788988171245 57
83500 389.88603949546814 275.638481340852 57
83600 330.52402663230896 212.43310875645034 57
83700 341.8252520561218 216.9330385162038 57
83800 307.1926236152649 208.9490445636692 57
83900 400.5998523235321 286.5333725977663 57
84000 288.0068440437317 192.92282922860014 57
84100 374.5208022594452 261.5738627579974 57
84200 342.05364441871643 238.96256030479037 57
84300 416.4630846977234 297.5544070307043 57
84400 459.7044939994812 344.6083500555669 57
84500 407.20388865470886 279.9987216445006 57
84600 426.1573941707611 311.27375124228286 57
84700 376.74829745292664 260.61389667017534 57
84800 328.3610370159149 221.5106924605159 57
84900 287.49112582206726 189.73184846654823 57
85000 445.99754452705383 336.06838237172826 57
85100 476.4232110977173 355.7817008362902 57
85200 362.6434509754181 257.8316708392384 57
85300 426.39377784729004 288.0157000434283 57
85400 362.07354640960693 244.69659786850045 57
85500 357.82149147987366 234.86226819616473 57
85600 378.64503359794617 272.8649076642862 57
85700 389.9379651546478 278.80954502690963 57
85800 436.2790756225586 329.1498301608593 57
85900 475.2453007698059 350.58246988618873 57
86000 454.91636776924133 318.55060355015485 57
86100 410.6054046154022 305.84331622664234 57
86200 435.83906149864197 310.75605285091893 57
86300 431.1793124675751 332.35532064482084 57
86400 405.6391091346741 298.39596862873844 57
86500 425.2030529975891 291.03511312695815 57
86600 457.0180561542511 322.1895223797171 57
86700 441.5570559501648 330.18335907314315 57
86800 397.76272225379944 291.4083504649084 57
86900 317.83687949180603 217.20656016523174 57
87000 364.5341217517853 261.7591339077083 57
87100 327.5248444080353 225.01121942407423 57
87200 352.8631794452667 241.10637072086274 57
87300 350.213702917099 230.02502506454596 57
87400 311.7904233932495 213.89548951731578 57
87500 363.31674909591675 234.2128756857216 57
87600 489.09072041511536 367.82880311314085 57
87700 332.1564815044403 232.15644524661406 57
87800 334.19202971458435 220.43730871894002 57
87900 338.3001685142517 223.4022466964406 57
88000 331.29599618911743 223.5329795289373 57
88100 404.64966082572937 304.47330346549836 57
88200 493.020534992218 343.0242558025398 57
88300 457.7738506793976 352.2339690552098 57
88400 453.6306598186493 343.74001633200777 57
88500 387.9552502632141 268.8030584693749 57
88600 322.06369709968567 226.89939478818368 57
88700 324.92148423194885 223.008061008795 57
88800 361.61939454078674 258.5239037505323 57
88900 412.5002794265747 307.21890719542915 57
89000 356.2428584098816 268.09482662863707 57
89100 352.66273760795593 253.57818455704566 57
89200 354.1498396396637 243.7269575013601 57
89300 311.11174869537354 209.14552014733374 57
89400 374.5684711933136 255.4678266702769 57
89500 314.31863713264465 210.59959648652898 57
89600 372.3967173099518 260.36776584397455 57
89700 386.6329274177551 271.79435765132877 57
89800 387.85556054115295 290.38324323980885 57
89900 417.00787353515625 305.00697447638345 57
90000 412.18633008003235 276.7318753615845 57
90100 378.80299949645996 272.91043394401777 57
90200 405.35606837272644 283.20573596635563 57
90300 340.73470759391785 231.74897165675807 57
90400 378.3602159023285 275.2278428763341 57
90500 494.97925567626953 379.98908715311916 57
90600 372.7817180156708 256.7000678967082 57
90700 381.6891586780548 275.40614195008965 57
90800 351.3624675273895 228.80213495585554 57
90900 378.6986360549927 254.5779828581414 57
91000 333.7170615196228 247.04604875802914 57
91100 405.6979627609253 305.70721830866273 57
91200 374.06988883018494 271.5678379386808 57
91300 270.7887406349182 168.15825675634622 57
91400 267.22599053382874 153.6295549505149 57
91500 376.13406229019165 268.03907827988945 57
91600 400.3544166088104 285.6324591704865 57
91700 337.8620653152466 237.09244391168724 57
91800 291.7562744617462 208.07731548806817 57
91900 352.43714118003845 235.80249670997847 57
92000 288.8664331436157 192.04020886118985 57
92100 305.0176692008972 204.48887516376539 57
92200 390.0071642398834 261.53557794390133 57
92300 424.567245721817 280.39606993986354 57
92400 375.2961075305939 264.19171372295517 57
92500 322.372620344162 234.34122313340575 57
92600 278.8305399417877 195.66180831202234 57
92700 434.6972393989563 324.02111377937 57
92800 338.1790781021118 222.97386488799498 57
92900 376.57587337493896 275.60006738901535 57
93000 276.59862065315247 183.3827381556065 57
93100 342.3840663433075 236.7132936473189 57
93200 402.1875228881836 303.245380587931 57
93300 327.69916701316833 226.7988739787586 57
93400 400.1703197956085 287.0699605220766 57
93500 301.2734463214874 196.2537501156413 57
93600 365.5373544692993 266.71370643128046 57
93700 346.7724988460541 243.70946055240478 57
93800 342.2177519798279 226.48474635896906 57
93900 362.7176399230957 247.3358072155997 57
94000 375.661413192749 265.79649271788503 57
94100 418.62816071510315 292.5503057870443 57
94200 362.40161323547363 241.29623559991376 57
94300 292.9534103870392 211.5152148341694 57
94400 347.68882060050964 236.95847103167077 57
94500 359.20295095443726 254.43778820601185 57
94600 365.7852442264557 244.1874495617467 57
94700 385.9865334033966 268.25078002070586 57
94800 393.68810176849365 264.0998791710353 57
94900 353.26107716560364 247.73569907602902 57
95000 486.7446184158325 373.32100839068437 57
95100 375.36741876602173 271.37844564091125 57
95200 297.3885531425476 183.96816494118244 57
95300 262.19269609451294 179.56516364850233 57
95400 352.01541113853455 258.6124484977232 57
95500 338.09931445121765 247.54630856953594 57
95600 355.04450702667236 250.213238162113 57
95700 330.83275866508484 243.99513167018227 57
95800 337.34322214126587 228.760990790078 57
95900 338.10498428344727 252.35666415070722 57
96000 320.675363779068 222.08486772496332 57
96100 351.3288767337799 242.79349226786215 57
96200 255.65064430236816 167.651473043995 57
96300 322.30005741119385 216.67603493646146 57
96400 295.21369528770447 197.94109458154867 57
96500 370.3718752861023 241.80488717146835 57
96600 339.0234327316284 241.41166700664985 57
96700 459.6423556804657 356.74719682677534 57
96800 332.65504574775696 238.84277162584775 57
96900 303.0701148509979 204.99775841497154 57
97000 331.91739082336426 216.81839081882134 57
97100 265.2726459503174 169.20465786366427 57
97200 334.8941283226013 217.67325929126358 57
97300 321.5622594356537 209.38723300666436 57
97400 275.03521943092346 192.95992896396484 57
97500 356.02245450019836 249.33686416182954 57
97600 344.17323327064514 232.67266202136608 57
97700 363.49518847465515 252.42779189842304 57
97800 321.3727321624756 212.7647752885144 57
97900 342.41421580314636 230.25101377105946 57
98000 328.2505621910095 225.30236809795576 57
98100 332.53088331222534 229.9991149957911 57
98200 252.35811734199524 180.54151911010163 57
98300 292.98926615715027 192.68991046308702 57
98400 332.4550666809082 222.93121189400597 57
98500 300.37867975234985 200.4343951214119 57
98600 365.9789083003998 272.69972515375935 57
98700 301.74032735824585 197.61648698165078 57
98800 263.93503189086914 179.210748719025 57
98900 378.79535007476807 270.01199170762084 57
99000 414.3346402645111 294.8754992501183 57
99100 343.6157202720642 252.9103652533369 57
99200 401.0663878917694 321.101582156008 58
99300 286.49140667915344 192.15836822060066 58
99400 412.3068289756775 307.66103693761625 58
99500 489.2381684780121 390.7956165326294 58
99600 354.18823289871216 244.53860213453817 58
99700 400.58058738708496 289.27159905415976 58
99800 251.8475580215454 170.12081224190644 58
99900 280.917179107666 195.29533731386056 58
100000 264.58006715774536 185.748343743531 58
100100 293.4460611343384 197.5779586529016 58
100200 303.5605845451355 220.75365579117005 58
100300 321.880215883255 229.8012410021333 58
100400 325.5604774951935 231.40967302078965 58
100500 333.9435410499573 232.51003120451634 58
100600 350.34441208839417 244.48737583331845 58
100700 329.42395305633545 235.3705647966496 58
100800 282.6001138687134 192.69560622948825 58
100900 433.9634819030762 344.0696745572783 59
101000 356.12010431289673 250.45846281250306 59
101100 420.34994888305664 336.61237703003235 60
101200 353.3014395236969 232.41937460801205 60
101300 275.4081702232361 196.71118147898247 60
101400 309.06645607948303 213.34126480881324 60
101500 367.98172760009766 264.0484800020482 60
101600 364.0738694667816 266.12213834183854 60
101700 311.5332930088043 224.746104543821 60
101800 268.00340843200684 189.79484977356384 60
101900 288.0770285129547 191.1086757390464 60
102000 285.6343877315521 200.0662289736208 60
102100 413.64736342430115 311.78761662534725 60
102200 388.64737248420715 287.2232287608418 60
102300 267.47347116470337 185.58700300720866 60
102400 273.7570378780365 194.73431503160168 60
102500 324.14897060394287 233.20038778686862 60
102600 365.61752367019653 260.3431484093565 60
102700 451.9230945110321 341.95283448206214 60
102800 357.7702612876892 258.5481498283899 60
102900 314.31113624572754 228.52908954945173 60
103000 331.5893323421478 227.66926673679956 60
103100 279.63119649887085 204.9515580335257 60
103200 378.4782156944275 267.32163038705727 60
103300 315.8245346546173 224.9742785449672 60
103400 301.49938583374023 188.28174644822874 60
103500 244.02300024032593 158.33060256680074 60
103600 312.7681403160095 225.35241920239798 60
103700 290.42636013031006 195.55181572666908 60
103800 307.3857717514038 215.3651734547085 60
103900 365.1542706489563 260.3716781794534 60
104000 327.0068361759186 219.050865125126 60
104100 320.00767636299133 230.77229725369008 60
104200 232.77383494377136 161.12107030389922 60
104300 258.9196968078613 184.29093554464794 60
104400 290.25833010673523 217.942351470247 60
104500 301.0503282546997 209.25907425024326 60
104600 304.93536710739136 215.89278757596367 60
104700 280.77405834198 189.0140598361282 60
104800 297.26640939712524 212.13453405912128 60
104900 327.5016405582428 218.7770701078919 60
105000 323.4848952293396 210.60687884049628 60
105100 251.56892132759094 167.86760873287704 60
105200 287.43864488601685 203.5245948526138 60
105300 325.83968925476074 242.62317060202724 60
105400 333.70743465423584 245.61597462287517 60
105500 335.58787655830383 228.9700483333142 60
105600 348.4211118221283 252.54832056142254 60
105700 292.9805293083191 202.8191490779962 60
105800 374.77202105522156 260.91570014415055 60
105900 273.8729193210602 198.33335493773802 60
106000 339.80985927581787 242.4483398251944 60
106100 344.69605231285095 254.52092601182864 60
106200 239.65558004379272 165.01548123602163 60
106300 282.2814462184906 186.6101351790083 60
106400 291.4136493206024 195.55838534134566 60
106500 316.8739597797394 216.82302152966008 60
106600 345.1191692352295 249.40316033859597 60
106700 234.49569654464722 164.9027191549922 60
106800 321.9719924926758 223.59839907888107 60
106900 257.5172212123871 174.26623108380625 60
107000 379.8153064250946 266.6867679890791 60
107100 302.8787422180176 224.13601368502864 60
107200 373.7828485965729 279.29017954770205 60
107300 306.8980460166931 207.8093240941355 60
107400 293.60114097595215 192.59517728228906 60
107500 285.43752670288086 177.13207219959716 60
107600 301.21193194389343 201.800402068145 60
107700 326.63116359710693 224.7126648418545 60
107800 301.09690022468567 212.2005340978767 60
107900 269.1854088306427 184.90115643882774 60
108000 384.2401132583618 306.32925578100935 61
108100 374.9939270019531 257.7318787605969 61
108200 296.6587920188904 206.4925975476042 61
108300 315.8590290546417 226.84057348593143 61
108400 376.2311749458313 275.6195806472938 61
108500 263.08061265945435 188.9225038525338 61
108600 343.1332731246948 229.2774383934523 61
108700 241.20466113090515 161.0137325799921 61
108800 340.9799075126648 245.878764152935 61
108900 308.1015434265137 202.27128740962488 61
109000 344.7753300666809 254.51900268941102 61
109100 308.5707857608795 218.05260440938676 61
109200 351.2136037349701 275.63475955587694 61
109300 255.09230399131775 179.49135041345076 61
109400 301.1977026462555 208.12903316157053 61
109500 281.3190176486969 187.67621520967117 61
109600 283.8785445690155 208.0051530688972 61
109700 257.5660789012909 186.74354224149207 61
109800 312.42831683158875 225.94941724938013 61
109900 308.0950517654419 221.1320495144397 61
110000 285.0685946941376 203.6630606892676 61
110100 234.32647609710693 165.09529598039987 61
110200 311.08871245384216 211.08669163232673 61
110300 259.14027643203735 173.0497628982173 61
110400 343.01122212409973 229.2494399420625 61
110500 311.0657331943512 208.1703726542123 61
110600 245.50904369354248 159.26633734504819 61
110700 227.85424089431763 155.39054159019315 61
110800 261.84187269210815 168.69421675704837 61
110900 259.9174208641052 182.993577667308 61
111000 244.84675216674805 162.97094201659615 61
111100 296.4122624397278 194.2814638148145 61
111200 248.54591631889343 167.21007857335317 61
111300 229.55070233345032 135.46753806719136 61
111400 266.5678975582123 175.26306040286894 61
111500 276.3444550037384 178.81781149071432 61
111600 278.6706418991089 190.03041281454256 61
111700 228.97737550735474 165.1640175774081 61
111800 269.25459909439087 180.31216468729139 61
111900 284.4484803676605 201.82580816658387 61
112000 287.8331480026245 193.29535461472364 61
112100 311.82477378845215 229.07254221088678 61
112200 230.85802555084229 162.97685128984193 61
112300 251.56238222122192 167.90710623609144 61
112400 512.328962802887 404.2721133120287 61
112500 361.0171904563904 292.48821166627613 61
112600 258.77242827415466 182.30647604555125 61
112700 271.46032333374023 185.55993537413497 61
112800 282.1764323711395 189.21083251760956 61
112900 277.0614356994629 179.5249287841449 61
113000 165.2000105381012 119.38708654110131 61
113100 288.5330469608307 200.77153568994953 61
113200 245.9105281829834 187.80297335414957 61
113300 386.1671459674835 289.69262360326593 61
113400 357.76587557792664 253.38530885038682 61
113500 282.37924313545227 207.82871650776548 61
113600 265.2511465549469 189.679915097989 61
113700 286.8642339706421 203.75261640537673 61
113800 290.34423637390137 188.5322642802426 61
113900 353.59899044036865 240.07170018654898 61
114000 233.26178789138794 167.03604225182715 61
114100 233.70611262321472 152.19133020666342 61
114200 244.9672555923462 154.22178962953646 61
114300 285.62654089927673 184.4454163330656 61
114400 302.44604754447937 198.20588195141625 61
114500 219.12814927101135 147.39863587122534 61
114600 264.33965730667114 176.69819479524753 61
114700 286.2077512741089 207.93833587123675 61
114800 293.96758675575256 205.63885728320193 61
114900 307.4032497406006 210.98836872580137 61
115000 236.46098518371582 160.93698372231773 61
115100 280.09973335266113 194.26117160180684 61
115200 277.00066351890564 191.271826803264 61
115300 254.25781893730164 170.9922686981858 61
115400 298.9073877334595 224.8199076532527 61
115500 262.5094404220581 179.7438410504882 61
115600 244.63640141487122 169.2675828950876 61
115700 316.5171287059784 223.45932005189889 61
115800 225.91260313987732 157.49070918492527 61
115900 403.46511673927307 313.9937833027021 61
116000 388.2615656852722 287.00878484096614 61
116100 311.69589042663574 225.87817568289086 61
116200 344.1252992153168 257.24098722976555 61
116300 274.3791723251343 208.64897763299678 61
116400 248.44649529457092 182.27537500588105 61
116500 247.35509824752808 168.19025666336967 61
116600 263.1487958431244 177.89478918999578 61
116700 297.55121755599976 206.29144920170887 61
116800 298.921288728714 213.22174970435515 61
116900 215.1324279308319 145.14585691800494 61
117000 241.0070939064026 162.58626164869 61
117100 200.8930947780609 128.00940516410105 61
117200 279.1337604522705 173.65034376721292 61
117300 212.2436752319336 141.15360044003762 61
117400 175.428964138031 114.58831697316614 61
117500 269.9996750354767 188.0368992751153 61
117600 293.4509177207947 219.21040133057323 61
117700 247.61040139198303 166.08037503619664 61
117800 281.69125032424927 177.1248828235403 61
117900 292.69543647766113 200.77290100678107 61
118000 304.0033223628998 198.82975501392696 61
118100 278.5470190048218 200.44557822954235 61
118200 296.40027689933777 202.40574956722048 61
118300 210.33858847618103 144.39290501119444 61
118400 247.93323707580566 151.03039736816984 61
118500 146.07461857795715 92.29396915324305 61
118600 240.0086646080017 168.9851927036488 61
118700 262.3154239654541 176.2152855299059 61
118800 293.2019522190094 206.50835893288934 61
118900 213.86187505722046 145.64158485544726 61
119000 249.43374490737915 162.79122061628527 61
119100 229.0449423789978 158.12226262529651 61
119200 242.17945384979248 157.64252207272142 61
119300 186.299880027771 121.73646850160465 61
119400 377.9160680770874 291.88691258832466 61
119500 376.8797926902771 292.73102701759433 61
119600 276.58922958374023 188.15072011125244 61
119700 368.6595551967621 286.1407621559235 61
119800 317.08898305892944 234.90308815143914 61
119900 312.65650486946106 223.78515235971832 61
120000 238.02222394943237 162.0193209259225 61
120100 260.97200775146484 172.72651848186885 61
120200 230.29684948921204 166.78912728084134 61
120300 195.02775168418884 142.26778864070565 61
120400 249.19487261772156 183.19960343866182 61
120500 237.40174007415771 167.12391090070076 61
120600 285.9065480232239 187.9486447313561 61
120700 350.8035912513733 241.4205306091987 61
120800 236.41602540016174 152.14236123548335 61
120900 267.2538890838623 189.4776574959676 61
121000 233.7501139640808 166.44720978638566 61
121100 253.18810749053955 166.95629090384114 61
121200 255.0376160144806 185.51527635158996 61
121300 239.09064888954163 178.99483924612124 61
121400 458.49148392677307 347.71492978265763 61
121500 290.60661268234253 220.21194401533154 61
121600 210.28797507286072 142.78218154571636 61
121700 198.25356602668762 130.06577659777008 61
121800 249.73431372642517 175.29200746509937 61
121900 261.34004163742065 165.5012485673828 61
122000 429.9075417518616 337.83811628657173 62
122100 259.2218339443207 178.74414602180713 62
122200 214.57103657722473 137.9470726106784 62
122300 193.81247305870056 134.86821454498315 62
122400 246.31592512130737 160.20640640161258 62
122500 398.40074849128723 314.2338995844059 62
122600 252.0093228816986 177.06653246432995 62
122700 213.17520189285278 146.55386221052055 62
122800 174.00050592422485 128.33424410086397 62
122900 240.74841690063477 161.27589713895586 62
123000 271.5329797267914 201.82534691358345 63
123100 279.2390887737274 214.00884817563173 63
123200 275.4616596698761 173.84832788386547 63
123300 260.8694226741791 182.39722217961946 63
123400 232.28381299972534 157.86798019267667 63
123500 393.8496747016907 316.1011177563094 64
123600 318.52510690689087 237.87761285280789 64
123700 256.58450865745544 169.76169329068304 64
123800 279.63538122177124 184.20974924231345 64
123900 289.980167388916 222.34251829979706 64
124000 288.6101882457733 202.82526942765617 64
124100 211.8758134841919 140.27675618282757 64
124200 188.06628727912903 123.04552753405402 64
124300 248.98600006103516 169.76765137581145 64
124400 214.44096541404724 149.5044676513325 64
124500 236.05419301986694 150.56090278072173 64
124600 271.50684809684753 196.59791811759817 64
124700 245.26783895492554 156.11398359147577 64
124800 248.30403923988342 156.87568525252908 64
124900 258.8156280517578 166.08130757004488 64
125000 281.80935049057007 186.4334617256103 64
125100 255.96593737602234 170.58369579546277 64
125200 282.2161228656769 199.79184734501803 64
125300 307.4473087787628 212.22556737112865 64
125400 279.54108691215515 198.0272883193453 64
125500 256.56911516189575 182.76755810235653 64
125600 198.1460244655609 136.75071689751883 64
125700 192.1142725944519 128.63088119735858 64
125800 234.62719583511353 167.21925193353394 64
125900 254.2530083656311 166.5121422928171 64
126000 165.9951434135437 120.80881438888753 64
126100 202.1711573600769 143.23915950548542 64
126200 240.56886625289917 168.0527730615272 64
126300 209.02132368087769 138.6420963015418 64
126400 185.63995003700256 124.87050930806814 64
126500 179.77516746520996 120.16692565402853 64
126600 251.091290473938 164.2853265616859 64
126700 250.7849941253662 164.83835759457443 64
126800 281.7658751010895 217.7732241713766 64
126900 240.13090181350708 163.4691359196692 64
127000 254.84022903442383 175.9656077915957 64
127100 244.5401074886322 158.50842378414518 64
127200 219.91294836997986 134.5846846961758 64
127300 243.68490505218506 157.68961232536049 64
127400 238.33338475227356 158.48032648976937 64
127500 303.8757293224335 228.99062075252363 64
127600 322.53377389907837 231.18246788332158 64
127700 243.58558773994446 157.4560874661131 64
127800 237.87969303131104 158.86330722758288 64
127900 217.43106245994568 155.54953324803256 64
128000 264.20670461654663 193.36704643182978 64
128100 193.32025909423828 139.45588641458357 64
128200 251.0795338153839 183.93130562572696 65
128300 174.06151342391968 119.21519635500559 65
128400 289.1589033603668 186.29477705059384 65
128500 317.2055022716522 209.2028608707048 65
128600 255.36261892318726 173.45920415832217 65
128700 209.17995834350586 147.1115569833645 65
128800 208.43930912017822 148.11462351445573 65
128900 249.67267322540283 163.43963642322626 65
129000 244.8575325012207 177.7185077423165 65
129100 256.7496807575226 197.3292094768783 65
129200 310.08585596084595 245.42743031926483 65
129300 161.7693657875061 110.02862597862242 65
129400 205.62791895866394 139.194172947813 65
129500 282.2988338470459 195.89288390168687 65
129600 193.71519827842712 126.84911606707799 65
129700 247.18967199325562 169.21732813728715 65
129800 191.86955571174622 125.03338747164817 65
129900 220.91962456703186 149.21129748391684 65
130000 173.43393635749817 105.93246818242939 65
130100 210.00024342536926 168.34263914850928 65
130200 209.8062002658844 154.3060084842111 65
130300 176.00076365470886 121.14315128076888 65
130400 232.2272822856903 168.4842812187535 65
130500 176.54877018928528 123.52211863313676 65
130600 186.13942003250122 129.08751874983145 65
130700 224.8336443901062 158.90984132650016 65
130800 153.32701182365417 98.41066680847572 65
130900 191.36584210395813 123.54716935356406 65
131000 196.78183579444885 119.06169014210143 65
131100 285.7390491962433 213.5690075618213 65
131200 193.22791171073914 125.31109218980471 65
131300 223.8249373435974 139.65897318898556 65
131400 115.6003360748291 84.76234987835267 65
131500 140.30828976631165 91.3595505666045 65
131600 196.16324377059937 123.6289923970451 65
131700 166.69487977027893 105.51659455255376 65
131800 256.3758451938629 180.90751421361608 65
131900 230.58066058158875 163.6204825026809 65
132000 272.8830795288086 190.2182207490282 65
132100 225.7565999031067 149.84530286795524 65
132200 164.84556436538696 102.8169225257057 65
132300 205.15403151512146 145.50455600286145 65
132400 220.9943232536316 147.19838803884085 65
132500 195.65427494049072 137.52664422007894 65
132600 346.868328332901 298.5960941800616 66
132700 183.21525740623474 126.55611644920847 66
132800 216.20775294303894 164.12191682647386 66
132900 214.7092945575714 151.19247899066013 66
133000 181.4759693145752 130.52009498996523 66
133100 210.39111614227295 137.27982606532802 66
133200 208.44225406646729 161.54937874790448 66
133300 226.7669813632965 158.19642599733834 66
133400 186.76563143730164 129.05376680266616 66
133500 248.89517641067505 171.1932619563783 66
133600 205.2133309841156 134.45597499646763 66
133700 162.54963493347168 107.49751612350198 66
133800 304.919114112854 213.25793310542622 66
133900 226.23932576179504 167.26853391832717 66
134000 212.0833020210266 162.2331773034844 66
134100 214.09067010879517 151.61673332987942 66
134200 188.13850474357605 129.32617238379325 66
134300 185.37314581871033 125.59345888838686 66
134400 223.97499871253967 173.77952784398926 66
134500 283.11619687080383 204.4588284722967 66
134600 302.01123571395874 210.7256202280896 66
134700 166.641108751297 120.95525996531208 66
134800 237.64480686187744 178.82434648649138 66
134900 213.27099585533142 143.96719392358608 66
135000 180.27256059646606 129.28103847198997 66
135100 202.3502836227417 139.29015274431413 66
135200 222.53873538970947 153.0182198292887 66
135300 211.39592027664185 136.8641597234673 66
135400 217.30467128753662 136.23140569143405 66
135500 211.29096364974976 141.01182752948873 66
135600 184.65547275543213 123.83610136872643 66
135700 277.3932030200958 198.8376207048783 66
135800 220.39064407348633 152.13259130655925 66
135900 261.93794536590576 197.4579140665839 66
136000 247.65501046180725 170.4468451791315 66
136100 233.6090121269226 162.2728904643722 66
136200 211.6226670742035 174.72771975414918 66
136300 232.35637855529785 153.36747105498063 66
136400 182.58687734603882 123.10291990055109 66
136500 204.47067093849182 146.81023548333616 66
136600 199.10458302497864 134.13361485584807 66
136700 297.39047718048096 195.11254620659918 66
136800 341.60597801208496 256.8528869799497 66
136900 261.84292340278625 195.1165303507357 66
137000 294.3512408733368 213.9560722863174 66
137100 323.36508345603943 259.50569093552014 66
137200 235.20916485786438 188.79761696069986 66
137300 241.27532362937927 170.40152038685915 66
137400 262.271169424057 177.13154262942805 66
137500 167.41823887825012 129.6173870721941 66
137600 200.45119714736938 137.39691846141315 66
137700 266.26267886161804 186.35830114363114 66
137800 334.8811867237091 292.8478987799026 67
137900 205.41043829917908 144.88581433431943 67
138000 222.0364739894867 145.70748228504408 67
138100 162.74884128570557 110.67004966976637 67
138200 234.90446972846985 163.87320398636695 67
138300 225.3593852519989 163.47692068645955 67
138400 216.16883659362793 166.1918081658863 67
138500 164.52634501457214 115.39905363244715 67
138600 205.66171669960022 137.18524451493897 67
138700 171.42360639572144 112.35439935449278 67
138800 173.40856957435608 128.7277128932359 67
138900 189.8455846309662 132.00620413502946 67
139000 181.82979202270508 130.53048761510973 67
139100 182.86807513237 123.2705837404599 67
139200 135.4079191684723 95.78886068670468 67
139300 204.0545675754547 141.7393422164097 67
139400 210.7354724407196 158.6842864217199 67
139500 157.0143437385559 95.91336199486915 67
139600 183.6318175792694 116.37965847818819 67
139700 138.7017207145691 86.97229979100632 67
139800 156.67902159690857 103.61006029405958 67
139900 210.06096029281616 142.51323332174957 67
140000 136.59941005706787 92.86976566354974 67
140100 214.77250599861145 149.13052976323385 67
140200 157.33798718452454 107.59067130397669 67
140300 225.5046625137329 157.47367201633102 67
140400 182.7419455051422 127.05754393472975 67
140500 160.9771785736084 112.68872429259969 67
140600 155.87346029281616 109.13440326586299 67
140700 201.8343586921692 132.8232710987419 67
140800 230.65236520767212 174.75091259215017 68
140900 200.21502017974854 126.83168914335789 68
141000 254.63311076164246 174.50654175921144 68
141100 167.8138289451599 110.03919775513526 68
141200 173.52799487113953 123.88166246898948 68
141300 200.80104303359985 148.30506082696309 69
141400 202.1031310558319 142.50743716795026 69
141500 203.08252048492432 148.06792747312838 69
141600 231.12088108062744 169.91731772573655 69
141700 196.69136714935303 154.13473329969355 69
141800 188.6162130832672 144.82838583173242 69
141900 282.8509826660156 216.83634823649282 70
142000 243.0260398387909 174.55261517404932 70
142100 222.39450216293335 165.67427864345092 70
142200 125.49485445022583 89.55101548757156 70
142300 125.07153391838074 86.70727865971084 70
142400 157.83670282363892 104.7530934001978 70
142500 134.35389018058777 90.63553073653702 70
142600 131.55158162117004 93.65720149409043 70
142700 260.3028173446655 201.26869503589262 70
142800 239.14012694358826 182.89105903256706 70
142900 239.1788194179535 179.90733488333376 70
143000 141.218163728714 104.02726615056746 70
143100 193.76300573349 140.4039895682391 70
143200 192.10770416259766 138.82409372260088 70
143300 197.14582681655884 145.33516077806362 70
143400 173.2372133731842 121.95706460512008 70
143500 165.6013240814209 113.49950269937727 70
143600 189.16854119300842 129.615525708132 70
143700 229.0172393321991 153.42191547864357 70
143800 157.3478500843048 104.78567701425811 70
143900 178.19472360610962 128.22514579345213 70
144000 146.36082577705383 112.51667126734331 70
144100 228.70219254493713 151.6076222959722 70
144200 207.5929856300354 148.86843670552366 70
144300 124.5004940032959 80.80233796689812 70
144400 193.12401747703552 119.68521359373754 70
144500 152.54091382026672 102.10453297827897 70
144600 186.16957426071167 144.37410538069707 70
144700 268.30301690101624 197.11618110207854 70
144800 155.11722445487976 106.85790991614938 70
144900 178.39096641540527 123.89811631531852 70
145000 143.5816342830658 107.18098882258192 70
145100 135.83681774139404 99.50890976999645 70
145200 181.15480995178223 122.79605828392405 70
145300 171.73588156700134 129.37600961555964 70
145400 155.03917908668518 110.2437406833817 70
145500 173.22039556503296 112.13112501493232 70
145600 192.49633383750916 139.18618354565461 70
145700 147.49735593795776 107.62456639006362 70
145800 171.50334548950195 118.86904402918259 70
145900 140.26310205459595 99.1423649934943 70
146000 226.41981506347656 162.14426730238978 70
146100 152.87589645385742 105.29054994478199 70
146200 199.86443519592285 140.2085493862338 70
146300 254.0123312473297 178.44898317599112 70
146400 141.03874826431274 94.35008013819933 70
146500 148.76428413391113 103.2344863193625 70
146600 149.40306091308594 104.59217425035071 70
146700 135.80176424980164 92.92967119782693 70
146800 258.01386976242065 175.76599422719138 70
146900 149.52649188041687 99.5130598802173 70
147000 179.21478843688965 120.96937339521324 70
147100 248.37926316261292 171.2202862887582 70
147200 191.60239458084106 132.15880745477892 70
147300 163.2780122756958 115.68630959737933 70
147400 183.58294677734375 128.62224871343815 70
147500 165.92512369155884 115.0957612015921 70
147600 146.79324388504028 101.48621793782816 70
147700 201.47016596794128 143.5581857950645 70
147800 196.63901734352112 140.91781098152538 70
147900 135.5623595714569 95.96106678768021 70
148000 205.17540740966797 146.70513504832007 70
148100 206.07119846343994 148.60187287425032 70
148200 156.76369047164917 108.16529072808073 70
148300 182.0301549434662 133.9182082687813 70
148400 192.4226233959198 138.25319274155373 70
148500 159.318945646286 122.69739385180924 70
148600 178.42618322372437 122.1139530186332 70
148700 197.59196257591248 146.8654726207244 70
148800 162.30879592895508 118.55075038516011 70
148900 199.89464020729065 146.15388504690725 70
149000 204.19620299339294 154.8940462832064 70
149100 162.2072398662567 119.71321639099602 70
149200 154.1895797252655 114.24461942588057 70
149300 178.77111959457397 129.1495839972136 70
149400 205.30266761779785 170.4659012222706 71
149500 189.5775990486145 132.53974977106202 71
149600 159.75781297683716 109.11155661109981 71
149700 200.58618140220642 138.45727867792675 71
149800 156.99074721336365 109.89118689665433 71
149900 126.88409185409546 95.19949033948379 71
150000 127.44340515136719 88.39045846006238 71
150100 148.3916130065918 100.83352331792722 71
150200 173.61480975151062 119.74256251128784 71
150300 163.72645473480225 120.7688374433032 71
150400 134.73354387283325 96.38818925754407 71
150500 162.25726079940796 108.34593802264074 71
150600 179.5363802909851 128.68841523260235 71
150700 203.67327523231506 144.6076986318067 71
150800 176.18142127990723 129.65310889158962 71
150900 148.39995312690735 99.5846337171744 71
151000 134.52542519569397 86.78103455839849 71
151100 109.76764702796936 78.76637270401996 71
151200 156.61494493484497 113.86421892912324 71
151300 138.9571213722229 98.80601670266425 71
151400 131.60794377326965 95.18505624869158 71
151500 167.87815761566162 114.7353945174606 71
151600 155.36322569847107 102.53382231853104 71
151700 163.2206540107727 115.49844530469693 71
151800 138.1670994758606 85.70632299758847 71
151900 125.8997585773468 81.8599859814356 71
152000 178.40337419509888 123.97980769187629 71
152100 182.87783861160278 123.23918109657808 71
152200 191.59680724143982 134.64251493060743 71
152300 164.9430365562439 116.55004364644032 71
152400 178.9512586593628 131.8820433373883 71
152500 133.34986090660095 83.81649566241728 71
152600 142.93394804000854 98.28840480718455 71
152700 121.9201283454895 71.85074315397199 71
152800 145.82786178588867 88.1468662242049 71
152900 104.4951446056366 71.6551125237827 71
153000 129.15964674949646 87.82645195771968 71
153100 121.03405904769897 79.85211076689896 71
153200 129.77425074577332 86.76337102002424 71
153300 125.23321795463562 76.40676364351515 71
153400 178.63250470161438 123.53956424829752 71
153500 138.97474551200867 89.07320297925808 71
153600 123.3312623500824 84.87271801295486 71
153700 104.16344833374023 67.08396330651891 71
153800 101.60049366950989 60.12552704911048 71
153900 175.97999596595764 119.58255862849091 71
154000 149.10116600990295 94.55918354109636 71
154100 210.44774293899536 140.01985574189007 71
154200 92.16758823394775 67.48984990341478 71
154300 96.29560708999634 72.86785252858675 71
154400 142.14031672477722 89.86206923404865 71
154500 145.4083924293518 95.91646289610662 71
154600 155.77409052848816 110.17181125703645 71
154700 168.81627702713013 112.1376272658269 71
154800 136.01189136505127 88.67019283187798 71
154900 163.6884639263153 110.18168446039172 71
155000 100.70764780044556 72.39765807135362 71
155100 168.0346508026123 113.59918729303757 71
155200 87.27912855148315 59.30061914358336 71
155300 122.44884586334229 78.5576223635016 71
155400 176.79230737686157 121.73259236461593 71
155500 201.3429355621338 138.79581313525486 71
155600 199.72906351089478 144.27155230435542 71
155700 168.84030103683472 131.59996935771423 71
155800 150.18970131874084 109.14158031540205 71
155900 155.38750863075256 102.73798809819118 71
156000 119.2854700088501 92.23803874648618 71
156100 134.05570220947266 91.68784462960548 71
156200 139.308336019516 94.56221557149814 71
156300 156.1327841281891 101.96130939576028 71
156400 142.61046385765076 89.63432952658219 71
156500 161.10414147377014 113.39699958485303 71
156600 158.4961290359497 102.14289569822071 71
156700 113.08717107772827 78.44714715837341 71
156800 108.12427973747253 71.86886612348931 71
156900 116.35156464576721 74.94989370585922 71
157000 144.6789026260376 99.56337308200432 71
157100 138.74140071868896 93.41992204039502 71
157200 111.34340572357178 74.68061844803943 71
157300 163.69087481498718 115.02925049786151 71
157400 116.56665110588074 80.91301701452866 71
157500 86.0658028125763 62.313773704459585 71
157600 150.1180648803711 94.7326925032853 71
157700 167.40115189552307 114.80631740684403 71
157800 139.09727931022644 91.28611831883838 71
157900 186.32829189300537 151.6267756347115 71
158000 180.08881974220276 134.2954347936375 71
158100 150.00613570213318 112.72533258690382 71
158200 200.3428795337677 148.338265316881 71
158300 175.19565677642822 135.02401378672766 71
158400 103.90451097488403 74.21666388689354 71
158500 145.60852646827698 89.99601582921431 71
158600 169.6047248840332 112.27025975558337 71
158700 129.28792786598206 84.95179261956991 71
158800 130.14902520179749 88.29872501415082 71
158900 128.5724813938141 87.16712970859999 71
159000 135.09208130836487 88.08414273978653 71
159100 103.56753849983215 66.19477618694296 71
159200 128.92783451080322 85.69900236521201 71
159300 123.52567195892334 84.68617790532278 71
159400 140.77117347717285 97.9703277252654 71
159500 149.2134518623352 101.33058375924932 71
159600 171.9993417263031 119.27240935322023 71
159700 90.25358390808105 61.75661694848073 71
159800 114.811119556427 70.35236677598947 71
159900 113.80481743812561 75.36976258142477 71
160000 114.40294861793518 78.62409603611451 71
160100 96.93511128425598 64.27152667133515 71
160200 131.88199090957642 98.13067899895819 71
160300 110.27237367630005 71.40127321853538 71
160400 90.82721018791199 58.48096593269904 71
160500 125.51674723625183 82.20368194988743 71
160600 163.30212998390198 113.80233862403185 71
160700 135.9810106754303 100.46102156171906 71
160800 126.49220108985901 85.31179558915443 71
160900 66.67973065376282 50.527188100888964 71
161000 98.91044521331787 66.04340422023976 71
161100 130.09188723564148 84.71311198103285 71
161200 81.75548887252808 53.89817854491555 71
161300 178.64202618598938 124.19711199722353 71
161400 114.5360541343689 84.94890547468366 71
161500 54.935890436172485 37.32897487360461 71
161600 120.06355619430542 78.63562344716428 71
161700 136.5540153980255 95.36741522732932 71
161800 105.23272824287415 67.73577267654619 71
161900 117.89267611503601 81.8307636557544 71
162000 101.89934492111206 73.12591027660787 71
162100 152.45360279083252 98.93780853318978 71
162200 165.48908376693726 112.4075349006294 71
162300 124.95220041275024 84.42103825537902 71
162400 130.2507483959198 85.52930940095975 71
162500 120.88799738883972 80.62771904029053 71
162600 93.16017818450928 63.60199127690713 71
162700 102.86130046844482 66.99252155024512 71
162800 81.00985217094421 67.66900145546151 71
162900 166.82250308990479 126.10765627456354 71
163000 106.10486221313477 83.46519892021124 71
163100 162.64373111724854 123.50677337170202 71
163200 147.03385591506958 121.8582793468145 71
163300 103.8614284992218 71.29780245756046 71
163400 131.98445796966553 86.21564124192503 71
163500 88.85339641571045 58.30903865554635 71
163600 91.76172971725464 63.29658308193288 71
163700 175.17299842834473 132.4963026481115 71
163800 187.99164843559265 130.6052220342442 71
163900 97.76975750923157 72.97451002647755 71
164000 155.70118403434753 113.42383151815267 71
164100 119.88408350944519 80.86586506903572 71
164200 159.72429895401 131.28855840958124 71
164300 132.79316997528076 82.08972446021758 71
164400 144.49354338645935 89.29833908969763 71
164500 87.77548885345459 60.055172166739595 71
164600 101.71634650230408 73.13820653754155 71
164700 62.98527765274048 44.71067047587077 71
164800 114.35845828056335 71.08221510964472 71
164900 112.51292371749878 75.32389675161727 71
165000 80.95965695381165 57.92648784486719 71
165100 136.00289607048035 88.78607069501504 71
165200 120.57637286186218 85.68041160460652 71
165300 107.35691380500793 72.3516468222009 71
165400 120.865642786026 92.3684487194801 72
165500 91.73367142677307 65.84380428867743 72
165600 106.00243306159973 71.30570775564487 72
165700 92.32746148109436 60.408271975375314 72
165800 91.80875849723816 64.87054092767238 72
165900 94.85442352294922 63.04829471308779 72
166000 104.56501984596252 72.82158055691721 72
166100 167.34164667129517 124.70980995552299 72
166200 114.13968539237976 86.13564218813747 72
166300 92.07439804077148 67.35727467141572 72
166400 140.73701405525208 114.34584557241534 72
166500 101.15393376350403 82.20382062003853 72
166600 95.86655759811401 64.4578613683115 72
166700 83.01480674743652 59.14226026943972 72
166800 105.75848054885864 76.58497687055248 72
166900 95.30896615982056 61.149325634057845 72
167000 95.58277893066406 63.764384013482655 72
167100 98.05749893188477 67.76496982895797 72
167200 80.62260723114014 53.83380744119252 72
167300 125.1323070526123 80.42148483369728 72
167400 103.1701602935791 68.55758771764233 72
167500 58.62699890136719 38.963524248576434 72
167600 77.3719117641449 47.150680123620134 72
167700 110.71528768539429 73.78324294834825 72
167800 103.68961381912231 78.25104602191072 72
167900 130.3771014213562 89.94154632548165 72
168000 77.09716582298279 54.44236850852636 72
168100 120.67196989059448 82.52302990124099 72
168200 177.32121586799622 146.96226325766065 72
168300 105.64545369148254 72.63807642970035 72
168400 56.698014974594116 35.26182581536594 72
168500 80.10011959075928 56.87811401657983 72
168600 96.67525720596313 63.78140414027072 72
168700 311.63789772987366 293.18545311516965 72
168800 117.77188992500305 99.51411329818464 72
168900 84.31266188621521 59.87359464059887 72
169000 97.06159043312073 70.91906102718156 72
169100 109.760822057724 83.14691068017424 72
169200 58.19632577896118 47.75614374736453 72
169300 159.15064120292664 117.97736476149262 72
169400 53.908772706985474 36.6003063265122 72
169500 57.52104830741882 38.021585819815186 72
169600 74.11293649673462 52.24525259573758 72
169700 84.16417241096497 58.33625680797933 72
169800 71.0217969417572 53.13669450999063 72
169900 95.54721117019653 60.96769182392571 72
170000 98.08997011184692 75.25696602080133 72
170100 70.31728434562683 49.87587332816297 72
170200 30.881985902786255 20.890821226053916 72
170300 65.8471131324768 45.7412180407557 72
170400 37.439228773117065 24.69701685035956 72
170500 54.77028012275696 37.01848592359555 72
170600 59.90027666091919 39.92541320440823 72
170700 108.68047332763672 71.52945415422042 72
170800 56.12051796913147 37.58023461815657 72
170900 38.89816689491272 28.241363839565537 72
171000 84.98804235458374 65.93145671397282 72
171100 56.3419303894043 40.19277313903348 72
171200 95.76136875152588 64.59822335247654 72
171300 60.29534649848938 43.35323581242449 73
171400 32.121232748031616 25.107951140907506 73
171500 49.58945274353027 38.392204901102836 73
171600 20.431596279144287 17.455132831982212 74
171700 71.95937657356262 46.27829092738748 74
171800 45.78307509422302 28.102227342473494 74
171900 64.641428232193 44.34040211851112 74
172000 72.69745922088623 49.53173335775417 74
172100 58.15993309020996 42.16263125406246 75
172200 66.00497961044312 47.03336696976638 75
172300 52.94481801986694 37.91150763632043 75
172400 77.82446479797363 47.89262718744766 75
172500 52.877814531326294 33.085739056114626 75
172600 64.21594858169556 41.58298853673673 75
172700 52.88788294792175 38.26315666071583 75
172800 78.00561451911926 50.54050645890985 75
172900 88.10999464988708 59.89709647756449 75
173000 52.398736238479614 36.39598661528031 75
173100 103.2394711971283 75.28879081122213 75
173200 52.474668979644775 37.6109291814212 75
173300 34.80353665351868 25.43861296403923 75
173400 53.18879461288452 37.66868646591111 75
173500 76.10775876045227 50.08687652133259 75
173600 71.48272681236267 46.405901874601696 75
173700 66.34034323692322 45.917883269899136 75
173800 38.671306848526 25.645791382528664 75
173900 38.48073410987854 24.815996370757155 75
174000 63.16308331489563 46.63419281606126 75
174100 140.52926325798035 112.66917454367038 75
174200 79.18306732177734 58.062179687531824 75
174300 48.23203802108765 33.03475302692223 75
174400 61.25634264945984 42.59689535658458 75
174500 57.19184112548828 38.05039856603855 75
174600 82.91227126121521 58.49654731580724 75
174700 47.89605760574341 34.65329576760229 75
174800 47.25749206542969 33.0514093502225 75
174900 57.17516732215881 43.11119676100184 75
175000 66.73200035095215 50.131943165690885 75
175100 118.9417884349823 93.11485506224048 75
175200 24.362824201583862 16.68938268105938 75
175300 40.18299579620361 28.581884287622763 75
175400 22.119881868362427 16.41895826968826 75
175500 38.564390420913696 29.046722612955026 75
175600 33.603888273239136 24.283317964240325 75
175700 34.244423389434814 24.447936764773942 75
175800 77.83487200737 49.885577850707975 75
175900 49.39766716957092 36.50142560562274 75
176000 50.92102122306824 39.677760506008156 76
176100 26.993422031402588 19.548909916098058 76
176200 61.02871131896973 42.5161237292813 76
176300 82.97175145149231 56.63585169970655 76
176400 47.6072154045105 27.295444023882204 76
176500 48.68262267112732 33.73336306553026 76
176600 27.299803972244263 18.758714284659952 76
176700 61.39223647117615 42.76467658209201 76
176800 65.58927345275879 46.83162095456231 76
176900 56.32524800300598 37.5868368304062 76
177000 68.59818172454834 46.48691125378117 76
177100 87.8174307346344 77.21922095535557 76
177200 41.273804664611816 26.027709792018193 76
177300 32.65311145782471 20.736682239855583 76
177400 42.81148433685303 29.058354047198193 76
177500 46.90795969963074 35.224011403580086 76
177600 47.00369715690613 32.10313059014506 76
177700 42.30177927017212 28.942440538876735 76
177800 38.23551893234253 21.705208037138675 76
177900 41.545788049697876 25.677172484320188 76
178000 25.410688638687134 14.63449119303635 76
178100 37.26487612724304 25.117590762134228 76
178200 30.309457302093506 18.098567258620804 76
178300 33.848576068878174 22.274704994584063 76
178400 33.763519525527954 22.546967812258135 76
178500 19.510367155075073 14.51751479513966 76
178600 22.49919843673706 14.626697904513897 76
178700 33.27716612815857 21.59102883577438 76
178800 32.49494671821594 22.58067080499717 76
178900 38.709537506103516 27.170267940347838 76
179000 27.413842916488647 16.45582160873976 76
179100 35.10478734970093 23.170714418999925 76
179200 20.136497735977173 12.126122425102954 76
179300 53.22585105895996 34.31020783668846 76
179400 16.48959255218506 11.06405366485139 76
179500 48.53300619125366 32.26231668896655 76
179600 43.38367056846619 29.094698812845458 76
179700 55.26970410346985 36.777556817183225 76
179800 30.82140302658081 19.784530219003045 76
179900 22.730550050735474 15.381763644957486 76
180000 17.825637578964233 11.87212479564364 76
180100 16.444106340408325 11.933427658670452 76
180200 14.895203590393066 11.19566172994275 76
180300 24.09455633163452 14.847114878657454 76
180400 31.91839337348938 20.27028364694194 76
180500 25.47335720062256 14.638590567535541 76
180600 10.418456315994263 7.3417138317196216 76
180700 10.360080003738403 7.7292066973069025 76
180800 5.360970973968506 4.12385633552724 76
180900 43.61843466758728 29.37994156394575 76
181000 52.904656410217285 46.57305618852776 76
181100 29.806702613830566 18.337257511791904 76
181200 23.658559560775757 15.128099421656763 76
181300 11.569074869155884 10.54733143002441 76
181400 19.519439697265625 11.39500407388435 76
181500 14.369383811950684 10.827674941219211 76
181600 15.05362057685852 11.639414575946583 76
181700 33.639488697052 20.244884985833117 76
181800 26.163345098495483 17.68623746832595 76
181900 31.633474588394165 21.435089804827285 76
182000 10.533093452453613 6.800827593081884 76
182100 32.04685735702515 20.447969793791124 76
182200 22.378316402435303 15.91560960012108 76
182300 29.196903944015503 17.785520303923274 76
182400 32.339431047439575 19.235477942702513 76
182500 21.455182552337646 11.459783299471816 76
182600 35.9662766456604 26.97321142479347 76
182700 23.617774963378906 14.850418546369268 76
182800 22.350409269332886 14.130689563509167 76
182900 43.56078052520752 31.320797994715917 76
183000 24.442616939544678 13.662027916936784 76
183100 25.825380086898804 17.632057869246008 76
183200 15.699580907821655 11.840388839737622 76
183300 5.834262371063232 4.111641669789729 76
183400 29.85674524307251 15.582629990246982 76
183500 118.64051938056946 113.59336720696507 76
183600 17.36784863471985 11.803927896054287 76
183700 21.844327688217163 17.429225306413695 76
183800 22.416861534118652 17.292008440563617 76
183900 68.88886404037476 46.902543702148876 76
184000 14.324833869934082 11.558654546907285 76
184100 28.733579635620117 23.43396139215387 76
184200 13.6953706741333 11.559085479188743 76
184300 30.08259415626526 23.332948723873272 76
184400 20.426300764083862 17.054963560455782 76
184500 22.045138120651245 17.25356132009157 76
184600 35.90052270889282 28.548285923818582 76
184700 14.003582000732422 11.378452100479864 76
184800 20.879191398620605 17.21501497948208 76
184900 28.027520895004272 19.818724879026796 76
185000 15.653975486755371 11.539989150103846 76
185100 35.25379800796509 28.824369682567756 76
185200 17.13595223426819 11.552366464242741 76
185300 22.545109033584595 16.848565680424954 76
185400 0.11934781074523926 0.11934781074523926 76
185500 19.711198568344116 17.228138001717728 76
185600 0.12645220756530762 0.12645220756530762 76
185700 28.372177839279175 22.98964560885795 76
185800 6.746251821517944 5.917181651043126 76
185900 13.730223178863525 11.861717718270732 76
186000 8.63351321220398 6.0347091097587295 76
186100 17.421415328979492 11.360391715905983 76
186200 49.98284029960632 43.316235539536564 76
186300 20.72948169708252 14.591085247770677 76
186400 5.331303358078003 4.884675802658723 76
186500 29.224713563919067 18.719137297261717 76
186600 35.61036443710327 23.71006613469207 76
186700 6.407827138900757 5.23631058073217 76
186800 20.80369544029236 14.293822254543606 76
186900 13.864185810089111 9.187911151268713 76
187000 18.39513850212097 10.832997309628443 76
187100 16.416993618011475 9.53676024334126 76
187200 0.11667871475219727 0.11667871475219727 76
187300 14.70210599899292 9.856548944774346 76
187400 7.69517707824707 4.785978297644112 76
187500 0.1322648525238037 0.1322648525238037 76
187600 12.742656707763672 9.775662470537933 76
187700 18.499727249145508 14.088993744850594 76
187800 13.818817615509033 9.713921987680425 76
187900 9.444257020950317 5.561933350180407 76
188000 15.249458074569702 8.860917770596682 76
188100 0.12293648719787598 0.12293648719787598 76
188200 9.84017038345337 9.553831848449374 76
188300 7.880052328109741 4.501268953482592 76
188400 12.465722799301147 9.625803289882377 76
188500 15.832880020141602 9.977149168899729 76
188600 27.75041627883911 18.852736632459774 76
188700 12.024572849273682 9.52892753666509 76
188800 7.71247124671936 4.600664107047455 76
188900 0.14854788780212402 0.14854788780212402 76
189000 0.1432807445526123 0.1432807445526123 76
189100 16.54535937309265 9.91420368174187 76
189200 7.236648797988892 4.42575656706693 76
189300 0.1305675506591797 0.1305675506591797 76
189400 8.464501142501831 4.918662140478888 76
189500 8.429518222808838 4.939166148813029 76
189600 16.65493679046631 9.334653275412672 76
189700 14.74412989616394 9.874450276312393 76
189800 21.351213693618774 13.969933228875451 76
189900 0.12334704399108887 0.12334704399108887 76
190000 14.989352703094482 9.57194241840274 76
190100 18.598906755447388 15.235900402905806 76
190200 15.131975173950195 9.535845000088683 76
190300 15.749539375305176 9.54158176641907 76
190400 12.944171667098999 9.183737298073735 76
190500 0.12065529823303223 0.12065529823303223 76
190600 9.308274984359741 5.4302413567781835 76
190700 0.13256049156188965 0.13256049156188965 76
190800 21.298861742019653 14.06433999848574 76
190900 0.127885103225708 0.127885103225708 76
191000 8.681714534759521 5.0954825305656675 76
191100 0.13639521598815918 0.13639521598815918 76
191200 6.405825614929199 4.859798522624901 76
191300 0.11165690422058105 0.11165690422058105 76
191400 5.062783241271973 4.7602453096952555 76
191500 0.11198091506958008 0.11198091506958008 76
191600 14.024106740951538 9.434918617301083 76
191700 0.11569476127624512 0.11569476127624512 76
191800 5.6752519607543945 4.583650565184332 76
191900 0.14500999450683594 0.14500999450683594 76
192000 0.14832496643066406 0.14832496643066406 76
192100 0.13664484024047852 0.13664484024047852 76
192200 17.841212511062622 14.96531511592503 76
192300 0.15392494201660156 0.15392494201660156 76
192400 6.213099479675293 4.841220255013325 76
192500 0.15466952323913574 0.15466952323913574 76
192600 0.15782546997070312 0.15782546997070312 76
192700 0.17101025581359863 0.17101025581359863 76
192800 0.16173005104064941 0.16173005104064941 76
192900 0.16449308395385742 0.16449308395385742 76
193000 8.623883247375488 4.801006895817412 76
193100 0.11927437782287598 0.11927437782287598 76
193200 6.740358114242554 4.838468942702644 76
193300 0.11359786987304688 0.11359786987304688 76
193400 0.12293720245361328 0.12293720245361328 76
193500 0.11674857139587402 0.11674857139587402 76
193600 0.12461376190185547 0.12461376190185547 76
193700 7.493829965591431 4.791386175358989 76
193800 4.536067247390747 4.432959899154076 76
193900 6.749336242675781 4.575491298954446 76
194000 0.14168882369995117 0.14168882369995117 76
194100 6.001889228820801 5.105831681959888 76
194200 7.701492071151733 4.85678295319967 76
194300 0.10187745094299316 0.10187745094299316 76
194400 5.934028387069702 4.8246670096289686 76
194500 0.11786293983459473 0.11786293983459473 76
194600 0.11313223838806152 0.11313223838806152 76
194700 11.560522079467773 8.969223922629315 76
194800 5.814605951309204 4.573513877419517 76
194900 0.12829351425170898 0.12829351425170898 76
195000 0.11725997924804688 0.11725997924804688 76
195100 0.13087987899780273 0.13087987899780273 76
195200 6.336305379867554 4.654882971113082 76
195300 0.11966991424560547 0.11966991424560547 76
195400 0.11287283897399902 0.11287283897399902 76
195500 0.10158419609069824 0.10158419609069824 76
195600 0.11554813385009766 0.11554813385009766 76
195700 7.950752258300781 4.849810660425239 76
195800 0.12022256851196289 0.12022256851196289 76
195900 0.11559414863586426 0.11559414863586426 76
196000 6.3609397411346436 4.532716481464962 76
196100 0.11743521690368652 0.11743521690368652 76
196200 0.11170744895935059 0.11170744895935059 76
196300 0.11023926734924316 0.11023926734924316 76
196400 0.10574936866760254 0.10574936866760254 76
196500 5.095960378646851 4.771486134950683 76
196600 0.13772344589233398 0.13772344589233398 76
196700 5.949420928955078 4.6435212148828375 76
196800 0.131256103515625 0.131256103515625 76
196900 0.12970280647277832 0.12970280647277832 76
197000 0.12982773780822754 0.12982773780822754 76
197100 0.12287116050720215 0.12287116050720215 76
197200 0.12512874603271484 0.12512874603271484 76
197300 0.14287471771240234 0.14287471771240234 76
197400 0.15073370933532715 0.15073370933532715 76
197500 0.16926097869873047 0.16926097869873047 76
197600 0.153456449508667 0.153456449508667 76
197700 0.15120148658752441 0.15120148658752441 76
197800 0.18361639976501465 0.18361639976501465 76
197900 0.16876530647277832 0.16876530647277832 76
198000 0.17107558250427246 0.17107558250427246 76
198100 0.13622117042541504 0.13622117042541504 76
198200 0.17485666275024414 0.17485666275024414 76
198300 0.13670873641967773 0.13670873641967773 76
198400 0.11656713485717773 0.11656713485717773 76
198500 0.1330890655517578 0.1330890655517578 76
198600 0.11648845672607422 0.11648845672607422 76
198700 0.12185430526733398 0.12185430526733398 76
198800 0.11957812309265137 0.11957812309265137 76
198900 0.12514734268188477 0.12514734268188477 76
199000 0.12178397178649902 0.12178397178649902 76
199100 0.12506794929504395 0.12506794929504395 76
199200 0.12324094772338867 0.12324094772338867 76
199300 0.11835956573486328 0.11835956573486328 76
199400 7.982398986816406 4.852889189996728 76
199500 0.15021347999572754 0.15021347999572754 76
199600 0.14434099197387695 0.14434099197387695 76
199700 0.13710260391235352 0.13710260391235352 76
199800 0.131791353225708 0.131791353225708 76
199900 0.14898896217346191 0.14898896217346191 76
200000 0.13422369956970215 0.13422369956970215 76
600142.6470701694
