Total: 200001
0 14.57433819770813 14.543199227882656 9
100 657.0318112373352 470.10781158825876 9
200 785.9404036998749 610.2750070948047 9
300 557.2623219490051 361.1333590341904 9
400 604.5157594680786 420.5019001010126 10
500 606.8502507209778 409.1514797471241 10
600 676.4048194885254 484.318345750038 10
700 660.4761445522308 458.907207393422 10
800 570.2028539180756 397.0542617310066 10
900 564.6721849441528 384.4125264685915 10
1000 569.5167248249054 366.2584590125948 10
1100 579.3644504547119 395.13750344851087 10
1200 596.1700248718262 412.0090963271474 10
1300 627.0478503704071 436.2180254245806 10
1400 549.9525694847107 360.1524786649569 10
1500 550.8102192878723 386.1568178519089 10
1600 606.8742370605469 422.5020285662921 10
1700 527.0952427387238 330.73784045620215 10
1800 524.1874890327454 346.28879575330586 10
1900 547.3480310440063 362.02105579951865 10
2000 773.0062420368195 605.3154285173073 10
2100 594.8473153114319 427.7782431478672 10
2200 639.5843126773834 476.55540075754107 11
2300 562.4962794780731 384.9752618433699 11
2400 542.0447590351105 381.74514737522964 11
2500 788.5678579807281 602.0188244433172 12
2600 643.2795810699463 452.446760376673 12
2700 673.0978891849518 523.4839996652164 12
2800 557.6184248924255 379.7991317440982 12
2900 553.2205049991608 371.2473071897129 12
3000 576.4525520801544 413.19045811694076 12
3100 625.9617507457733 448.9116258715695 12
3200 599.2810137271881 409.444704101237 12
3300 616.6603422164917 435.95708910756787 12
3400 811.5912349224091 639.4441436951771 12
3500 611.7447943687439 418.8594207707338 12
3600 630.0356113910675 453.8448504574017 12
3700 767.6723585128784 567.3776141552529 12
3800 724.9509451389313 545.4424336033138 12
3900 646.4649739265442 477.257504012818 12
4000 657.7212116718292 468.74229606020367 12
4100 661.0177240371704 476.05235352967713 12
4200 680.5812318325043 487.9889297201896 12
4300 643.2859778404236 440.5029786440987 12
4400 558.6097681522369 377.3506403308398 12
4500 553.8307921886444 358.4760107325641 12
4600 604.538015127182 407.93454999826 12
4700 610.7978699207306 431.20915219698236 12
4800 698.4800260066986 523.413005738717 12
4900 678.3003878593445 479.4164118385554 12
5000 560.8292639255524 379.8528781734638 12
5100 637.3830444812775 448.0037073200019 12
5200 599.0673162937164 418.9166334374065 12
5300 526.2089869976044 371.21924861693304 12
5400 629.5093867778778 400.8737654441792 12
5500 571.9975762367249 388.95061850077093 12
5600 618.4609220027924 450.25200743971925 12
5700 579.6704692840576 405.9395587386905 12
5800 543.9411690235138 362.44460490976616 12
5900 602.7055549621582 417.52794348206953 12
6000 557.0207362174988 380.33372083036386 12
6100 627.9134860038757 431.88741853413177 12
6200 663.8108973503113 485.6278068269979 13
6300 656.9435205459595 485.9216101430426 13
6400 626.7863709926605 429.71252313213796 13
6500 641.9243719577789 462.9419521666142 13
6600 594.9853410720825 409.19071867396104 13
6700 591.1966185569763 421.2834621338336 13
6800 702.776181936264 512.1879963884958 13
6900 585.8505382537842 395.32533595447114 13
7000 570.9865307807922 391.71219430493454 13
7100 577.9898607730865 381.8810320580445 13
7200 714.2726125717163 524.1696547366803 13
7300 741.3616118431091 552.5382754795583 13
7400 635.1250138282776 450.7016297167055 13
7500 592.3615212440491 418.6429447258246 13
7600 602.9500713348389 429.8902572973687 13
7700 589.5501551628113 419.9530152549164 13
7800 559.2738540172577 369.3536557604238 13
7900 754.0490171909332 557.4691238955156 13
8000 595.1874740123749 423.57782514264744 13
8100 554.2892274856567 387.03710832689194 13
8200 558.7220273017883 372.49931582728755 13
8300 568.3899440765381 401.19661951706905 13
8400 615.3412253856659 437.7850532541949 13
8500 590.817952632904 411.4089571683038 13
8600 606.7244725227356 419.69896993827786 13
8700 545.7053451538086 381.5736196088767 13
8800 570.2321088314056 395.24569865507976 13
8900 551.941232919693 378.42246132768634 13
9000 653.0097770690918 483.45863847011793 13
9100 632.825526714325 427.55651936131386 13
9200 664.5099587440491 469.56603970829485 13
9300 596.2467110157013 415.48013110595457 13
9400 563.4288229942322 371.7456333015879 13
9500 607.6200194358826 420.99988157781047 13
9600 520.1592645645142 333.9048626943155 13
9700 565.2942776679993 379.8541776888286 13
9800 581.2531836032867 392.7426901443474 13
9900 569.874184846878 377.7748730839925 13
10000 527.255175113678 365.887061520123 13
10100 573.2461159229279 391.32756273023233 14
10200 577.7644200325012 391.96447108732696 14
10300 639.2663295269012 446.114463501803 14
10400 655.5261662006378 462.96540492794423 14
10500 554.2632477283478 388.8233900229316 15
10600 569.7496860027313 381.10326045696917 15
10700 713.5914235115051 497.30809975677636 15
10800 616.9026579856873 430.351293087195 15
10900 684.2090587615967 511.56251261395556 15
11000 615.247679233551 412.26130193583515 15
11100 578.2426114082336 384.4844482280578 15
11200 524.3512165546417 345.5758950401167 15
11300 591.4610545635223 405.75377135420484 15
11400 559.6930296421051 373.57298633734274 15
11500 527.4613444805145 337.289998694737 16
11600 563.2708737850189 380.2206789113548 16
11700 526.903995513916 339.0783786751406 16
11800 537.8703651428223 368.9606013331271 16
11900 584.7268459796906 385.5964083567517 16
12000 559.9112019538879 383.72360869199974 16
12100 517.7550339698792 331.3691429056282 16
12200 752.7908618450165 567.1630852897763 16
12300 655.0673203468323 466.6979269471518 18
12400 565.1008489131927 381.2147035763244 18
12500 513.7975564002991 346.13300970793085 20
12600 510.2917277812958 334.36729068394095 20
12700 568.6635377407074 407.2366657066521 21
12800 618.1545679569244 441.74290112363735 21
12900 605.5018398761749 442.80726273543905 21
13000 668.8397574424744 478.7821927827383 21
13100 766.3535821437836 541.7068343281526 21
13200 619.7692060470581 459.8769830831352 21
13300 625.7560396194458 474.4104372518665 24
13400 596.5754542350769 417.0204266948546 24
13500 510.2677822113037 342.1671643645182 24
13600 667.187481880188 496.2058490464707 26
13700 587.5549840927124 393.3741349871134 26
13800 574.0255861282349 391.67246763368564 26
13900 574.4491200447083 404.8186161894637 26
14000 621.8930735588074 432.0054116509185 26
14100 608.0790212154388 409.918659021784 26
14200 656.3534283638 491.0068934533042 26
14300 545.9247672557831 340.51258377567854 26
14400 485.9679753780365 311.650516449479 26
14500 458.0337164402008 308.7646879967622 26
14600 701.733184337616 520.0867315459168 26
14700 592.8667032718658 400.77511791898235 26
14800 562.5936992168427 386.31137466105383 27
14900 649.4973940849304 450.26022538111215 27
15000 469.6291105747223 309.6760070136411 27
15100 593.1987957954407 415.91679737420634 27
15200 729.4327759742737 544.5799858282846 27
15300 626.3777885437012 429.9068392659709 27
15400 644.4351246356964 462.81490359131794 27
15500 623.0208151340485 426.79392063884336 27
15600 562.8130977153778 389.7317349504883 27
15700 585.9965853691101 400.1070299374014 27
15800 567.5990326404572 407.31189438657253 27
15900 671.822375535965 476.74925339081926 27
16000 644.9669916629791 466.2275664776088 27
16100 614.1948938369751 444.4649857993132 28
16200 640.3957724571228 455.59613492843647 28
16300 537.034747838974 345.13637153317774 28
16400 532.0769574642181 349.8012295807607 28
16500 611.3412330150604 423.64978194309236 28
16600 708.1619491577148 505.13329922161773 28
16700 632.7691121101379 455.24982127502716 28
16800 523.2956850528717 349.62589638026907 28
16900 572.3485517501831 398.34586177180574 28
17000 596.6711177825928 423.8774575910066 28
17100 791.3643026351929 604.589011786905 29
17200 671.6548919677734 491.397615133179 31
17300 608.1020257472992 439.0022498326234 31
17400 582.8925521373749 407.472916277659 31
17500 742.2569258213043 532.391137742477 31
17600 608.4097175598145 437.8145218107293 31
17700 615.2306623458862 435.600432044217 31
17800 693.9504346847534 482.0518704388977 31
17900 650.9042727947235 470.25783224036365 32
18000 621.8527464866638 442.7674546363628 32
18100 656.7881135940552 483.31179439278003 32
18200 693.1200175285339 507.1530130845505 32
18300 626.5335583686829 442.3539759948826 32
18400 533.055700302124 353.1073807953634 32
18500 587.0902168750763 379.16834177424016 32
18600 651.1695830821991 482.9490984396965 32
18700 627.605800151825 430.7992675479444 32
18800 680.59539270401 525.6274577930773 33
18900 659.9922630786896 483.8363558014488 33
19000 638.7205584049225 452.45633230929707 33
19100 669.9287996292114 485.0255585785774 33
19200 565.8158593177795 382.81185321146904 33
19300 513.9564046859741 350.02169779205144 33
19400 557.238005399704 380.6338269721559 33
19500 594.4907939434052 429.68902755478075 33
19600 659.7160022258759 473.12071292934615 33
19700 647.895966053009 467.90729680474976 33
19800 586.7891387939453 411.58732626304936 33
19900 671.6777894496918 474.3294496411421 33
20000 636.0161051750183 452.6356844112131 33
20100 636.379637002945 460.78075945422415 33
20200 587.3668880462646 415.1187182661364 33
20300 540.1747446060181 354.1510635789042 33
20400 570.2601292133331 393.42284831705183 33
20500 586.3849625587463 393.8634427122614 33
20600 601.4126665592194 402.8402073320781 33
20700 595.1004962921143 414.7809761510342 33
20800 599.4090790748596 420.92498755281997 33
20900 518.451899766922 355.27629055325866 33
21000 674.240734577179 508.70944670329175 33
21100 702.118483543396 519.3630796606191 33
21200 645.0924017429352 450.4158158798266 33
21300 695.1452622413635 506.94161241675636 33
21400 635.8782892227173 453.8961871312569 33
21500 616.072783946991 431.48486409308305 33
21600 460.1685035228729 300.73148548707525 33
21700 661.8331160545349 461.22178777176623 33
21800 684.4995772838593 502.84221341239834 33
21900 511.5414080619812 334.40337693985373 33
22000 648.8796849250793 451.49638149412704 33
22100 622.0279395580292 423.8872422786211 33
22200 636.7620859146118 458.18908188791977 33
22300 609.7634544372559 441.1849087313967 33
22400 635.8219637870789 448.0388206706844 33
22500 755.9292736053467 568.7572895688922 33
22600 629.3400053977966 451.8798960833793 33
22700 610.3278307914734 438.5729999316601 33
22800 555.5373528003693 372.98267068810713 33
22900 577.240877866745 395.9720111145507 33
23000 594.4186329841614 387.0379915812789 33
23100 566.5764000415802 382.3113195730396 33
23200 536.6658236980438 359.6384856497422 33
23300 597.2880346775055 399.0928884836195 33
23400 755.3058912754059 560.2987652854931 34
23500 532.0805830955505 358.27566943794955 34
23600 547.8366096019745 368.4289489955433 34
23700 619.3354408740997 420.4938526473361 34
23800 594.0693531036377 407.9154091495633 35
23900 592.723400592804 403.4601252531825 35
24000 526.9976177215576 341.7350280911312 35
24100 505.5149304866791 334.3708218042039 35
24200 563.554526090622 378.00541081296615 36
24300 691.1255505084991 504.18203990380607 36
24400 532.3859760761261 372.08100930030855 36
24500 573.5414531230927 408.39839043975866 36
24600 599.2722902297974 425.0178077495391 36
24700 634.0679955482483 444.76884932131776 37
24800 629.1858949661255 447.1768731975976 37
24900 687.5994486808777 486.9933151875053 37
25000 542.8279979228973 370.80169513064675 37
25100 569.129163980484 397.7171611166443 38
25200 665.7444849014282 495.1523786008279 38
25300 605.6865386962891 412.8022225795785 38
25400 635.5296285152435 446.2419595188927 39
25500 704.6893315315247 526.9112945310436 39
25600 672.7685596942902 489.8021248518796 39
25700 613.436731338501 423.7966013614439 39
25800 643.4607741832733 446.20729643612225 39
25900 570.4701092243195 377.05332964402317 39
26000 685.8713970184326 486.8034576008193 39
26100 796.7616169452667 613.2478963227302 39
26200 556.3478729724884 382.56284935942244 39
26300 568.5150487422943 381.2405650381782 39
26400 571.7293691635132 397.1003474571911 39
26500 566.9540364742279 385.598259467415 39
26600 555.5914511680603 388.7236856130845 39
26700 619.7639648914337 428.01894128329036 39
26800 811.3746056556702 614.0000244079821 40
26900 533.1956737041473 369.3828840515188 40
27000 533.4368622303009 352.2138834604558 40
27100 581.3404862880707 398.670437045873 40
27200 504.2378475666046 340.29061581452356 40
27300 565.9108762741089 393.16138621846926 40
27400 715.7816696166992 530.2752982885233 40
27500 708.7246115207672 536.3855408444778 40
27600 666.7561752796173 485.5027087574646 40
27700 1111.0754458904266 920.3859565557486 42
27800 571.7487225532532 378.4386322704945 42
27900 579.8506331443787 400.3353431999671 42
28000 533.4546098709106 339.9241173025024 42
28100 620.8282558917999 432.9127190880795 42
28200 592.0151057243347 409.417657151552 42
28300 624.7007033824921 425.9137519193175 42
28400 500.94459295272827 309.30270123343314 42
28500 616.5221657752991 428.0469049833862 42
28600 676.9661440849304 520.5330706110435 42
28700 674.5193166732788 491.01595537050395 43
28800 586.5514562129974 391.1844292603055 43
28900 570.7485382556915 394.07078044988526 43
29000 688.9900748729706 525.421287804218 43
29100 547.7982187271118 363.73895792386566 43
29200 554.2124128341675 377.72080962067787 43
29300 567.531534910202 376.71681418157175 43
29400 579.799414396286 409.20305340749746 43
29500 780.9018619060516 593.1997220836745 43
29600 538.767249584198 370.4925924378191 43
29700 486.3031942844391 309.38781419609603 43
29800 585.4216611385345 390.62566251506996 43
29900 571.9105365276337 397.4471653593162 43
30000 652.3863320350647 482.09868271756363 43
30100 578.4061322212219 402.9285730392869 43
30200 620.394612789154 433.6483180092649 43
30300 678.1883187294006 504.8354041192502 43
30400 495.91271352767944 326.06461666321127 43
30500 544.2852494716644 381.56950992828797 43
30600 638.2425339221954 443.010941875371 43
30700 562.0982890129089 384.07070080880146 43
30800 516.3478300571442 352.93344022837334 43
30900 681.1882591247559 501.2153025389807 44
31000 628.9262299537659 454.1724511709991 44
31100 586.9688091278076 392.39133214942063 44
31200 648.0032155513763 462.86446190779174 44
31300 557.291038274765 419.5865321888647 44
31400 511.1295838356018 321.5999684687836 44
31500 624.7162442207336 424.0128355050765 44
31600 864.2163732051849 686.6976329866541 44
31700 504.44008564949036 327.13407950341633 44
31800 640.7042965888977 446.8283587082627 44
31900 646.7658548355103 477.301573509342 44
32000 836.6867151260376 643.6901936383374 44
32100 640.9559059143066 445.57793326749004 44
32200 663.668313741684 449.2367520724508 44
32300 759.1463000774384 558.9918811370452 44
32400 629.0507411956787 449.37242498234116 44
32500 563.7151598930359 403.9914835488986 44
32600 573.5247464179993 383.7743477017858 44
32700 588.5467405319214 410.4156867009183 44
32800 576.7496643066406 406.0621744676148 44
32900 559.8210742473602 391.1016578650492 44
33000 660.2149193286896 475.45420904625644 44
33100 603.8383903503418 418.1938160733301 44
33200 488.25873351097107 318.37509704359815 44
33300 589.3906145095825 396.74247614745696 44
33400 566.3933458328247 403.4726321303484 44
33500 635.0740506649017 417.2068054603641 44
33600 554.0024185180664 377.20474213565933 44
33700 518.6365766525269 347.6927997416178 44
33800 605.5422542095184 429.66821567886086 44
33900 538.7371940612793 385.32529938125333 44
34000 577.0608475208282 400.39451749601966 44
34100 622.3795368671417 458.9829845963559 45
34200 602.8727889060974 419.2636241286507 45
34300 492.4290840625763 322.39146881369504 45
34400 631.2136001586914 461.0997985906692 45
34500 645.0306351184845 451.70313163314097 45
34600 624.034765958786 448.13678477577633 45
34700 610.7757666110992 435.7508645746983 45
34800 607.2132472991943 406.66753926193905 45
34900 625.1716487407684 438.58232954755783 45
35000 663.7365651130676 478.14694572155685 45
35100 541.1085815429688 341.4184565590399 45
35200 535.0266995429993 353.0623596425987 45
35300 527.861677646637 358.1351511616571 45
35400 554.5702562332153 355.0896256165579 45
35500 597.7865598201752 406.4236424149756 45
35600 617.036048412323 434.91663135438387 45
35700 713.1292564868927 516.8324643340702 45
35800 567.3512511253357 385.2917601491773 45
35900 532.4014434814453 381.21824133337896 45
36000 649.8478536605835 463.2148595932302 45
36100 599.8066785335541 419.9577428361393 45
36200 538.6866614818573 359.2120738642976 45
36300 514.2470135688782 339.7363520982581 45
36400 623.6150677204132 405.28814664276075 45
36500 747.3069005012512 543.5446045059886 45
36600 750.6511163711548 574.2950942830988 45
36700 645.3088963031769 436.2831279091956 45
36800 591.6513504981995 403.00617805202097 45
36900 536.1016018390656 361.6611257081632 45
37000 523.6212074756622 346.56651882762435 45
37100 545.4252026081085 370.2582836360193 45
37200 522.6166346073151 359.2540341741375 45
37300 715.0521712303162 529.9799306882245 45
37400 818.7392027378082 640.564237324797 45
37500 598.9457566738129 402.7376546331384 45
37600 597.2776300907135 406.51561536546956 45
37700 793.7675657272339 602.696440714462 45
37800 638.4123773574829 447.64534672456597 45
37900 500.4372844696045 332.988041875907 45
38000 632.8854007720947 436.49234163876594 45
38100 622.3822858333588 437.63095141169254 46
38200 571.3703548908234 369.6728336706782 46
38300 570.0537343025208 378.8941060911266 46
38400 605.118204832077 408.5689999470575 46
38500 622.9015011787415 454.0826838404497 46
38600 630.1628239154816 440.10759704996667 46
38700 523.0096116065979 353.345399169812 46
38800 622.4063084125519 445.93122303412565 46
38900 567.7805418968201 401.15934654155933 46
39000 648.0270218849182 452.2864679640876 46
39100 570.1582250595093 388.06774687485245 46
39200 472.91749119758606 306.66990339945784 46
39300 744.8409814834595 560.1880125884909 46
39400 663.2651529312134 464.9905187163256 46
39500 585.9510269165039 385.2764828070338 46
39600 540.064798116684 368.2827014001832 46
39700 586.4703943729401 402.5953776611528 46
39800 582.7636086940765 402.18550835511235 46
39900 583.2219805717468 424.3226140914409 46
40000 522.8183631896973 355.9707257754265 46
40100 604.1234583854675 417.3591608606881 46
40200 661.0878176689148 477.51437433682224 46
40300 648.9476232528687 466.9965459500952 46
40400 601.363765001297 422.00760536527497 46
40500 600.2097260951996 410.23159081539154 46
40600 592.9156882762909 405.58677960909694 46
40700 556.8539400100708 390.20155170443286 46
40800 547.2793428897858 389.3998388239669 46
40900 616.7445912361145 440.14305900375405 46
41000 551.7901439666748 374.102495631809 47
41100 604.3055708408356 418.5763321608698 47
41200 638.9605119228363 475.0448434725733 47
41300 628.0969598293304 456.3768662216823 47
41400 598.371185541153 411.2856058422269 49
41500 570.9213874340057 390.7385696307786 49
41600 559.7953944206238 393.50679545640605 49
41700 582.7695586681366 406.189146415899 50
41800 645.6810185909271 458.5501380857778 50
41900 630.4501166343689 464.61123815655327 50
42000 692.0550856590271 521.6512011254327 50
42100 646.3953723907471 453.61023714962664 50
42200 612.7383282184601 425.6789343394777 50
42300 543.9364335536957 382.5940923473302 50
42400 573.4380688667297 400.41198524947487 50
42500 759.2782740592957 560.5781116649703 51
42600 652.6303381919861 481.1102666117044 51
42700 612.0414390563965 431.69452088026446 51
42800 590.3100745677948 407.28612960514477 51
42900 597.1395132541656 414.43815676359293 51
43000 511.20254778862 346.540418824314 51
43100 617.9889199733734 407.8420897015791 51
43200 585.9371991157532 405.2755173775204 51
43300 615.4196979999542 461.1231384642093 51
43400 689.328905582428 499.90941677520004 51
43500 574.2371616363525 380.38872620344785 51
43600 631.7498047351837 461.1796828456937 51
43700 620.2903003692627 436.5233508664874 51
43800 566.469123840332 387.3886378668383 51
43900 637.5387470722198 447.1373300964468 51
44000 620.0147860050201 407.3495836152015 51
44100 563.4874351024628 377.5085196633815 51
44200 596.6156892776489 428.59841115732297 51
44300 678.6531276702881 499.4969611428654 52
44400 687.8851594924927 503.1865007777775 52
44500 559.8877635002136 395.7567009824388 52
44600 670.2386753559113 507.9745966550129 52
44700 792.4544677734375 586.621276765778 52
44800 549.0781352519989 366.56931105917033 53
44900 549.2867774963379 363.5826068405386 53
45000 504.3003475666046 323.48424247386424 53
45100 681.1262881755829 501.4817749509822 53
45200 627.7084686756134 452.5137471652981 53
45300 575.4972493648529 389.21524820278137 53
45400 614.3529195785522 432.5523942263969 53
45500 588.4717862606049 414.33052058677816 53
45600 580.4404649734497 416.9565584006635 53
45700 686.7869713306427 503.9159066453898 53
45800 659.8612439632416 476.0841660318588 53
45900 772.6953492164612 599.4548338017662 54
46000 669.0334439277649 494.47911432672714 54
46100 625.3977246284485 446.5977314507739 54
46200 689.4456226825714 530.9177772322187 54
46300 626.4923415184021 436.9558850575638 54
46400 632.5266966819763 443.63236735430434 54
46500 619.5594627857208 438.4440687016015 54
46600 658.0335249900818 457.58965634414415 54
46700 607.9928975105286 435.82355433261324 54
46800 632.8769762516022 437.47570965096094 54
46900 693.2050361633301 499.97558418250657 54
47000 643.6577515602112 444.9965496738886 54
47100 610.5112006664276 421.29945115419184 54
47200 538.277951002121 351.49153588014724 54
47300 615.8436894416809 442.92025892453785 54
47400 580.395699262619 407.2814156970078 54
47500 636.7332453727722 442.7794099725014 54
47600 625.432550907135 430.17527645228665 54
47700 589.6131255626678 403.68681056082784 54
47800 524.1477272510529 346.1294954752915 54
47900 524.6228938102722 337.2576486062951 54
48000 598.3855333328247 443.86372496843364 54
48100 573.4125783443451 368.2585254965136 54
48200 668.3607494831085 509.42402038002433 54
48300 580.9053876399994 405.1808164913796 54
48400 647.8688907623291 458.1835118329511 54
48500 595.550639629364 425.4391691344508 54
48600 557.9591119289398 374.36648924726035 54
48700 626.0913963317871 442.4869410293255 54
48800 719.494754076004 527.9888509075455 54
48900 690.5363893508911 521.7073502848355 55
49000 576.0354290008545 399.9820698539959 55
49100 619.7930059432983 434.27889788245227 55
49200 486.5246925354004 337.17610057964123 55
49300 653.3659627437592 463.31667503491474 55
49400 624.564032793045 444.6040434306907 55
49500 508.95668029785156 339.31530121336027 55
49600 533.8452847003937 346.17900418756517 55
49700 547.5461370944977 387.1015260764633 55
49800 617.2473838329315 431.5470624496428 55
49900 608.5194344520569 398.5101004901517 55
50000 645.6057500839233 459.0365008127509 55
50100 612.0883319377899 424.97023398676606 55
50200 585.6682276725769 413.45085554786147 55
50300 607.0574514865875 415.50527126454847 55
50400 560.8773200511932 370.3070854605629 55
50500 552.3721947669983 374.34907821301533 55
50600 692.4802031517029 485.46933505397334 55
50700 627.202600479126 453.63366680096533 56
50800 545.7250638008118 362.74374262509355 56
50900 503.8037168979645 347.10270975949027 56
51000 669.1028141975403 500.77294626759215 56
51100 564.6244909763336 392.5222299707448 56
51200 565.3609418869019 383.20622938195237 56
51300 612.119054555893 426.2538820095259 56
51400 546.4285266399384 362.1513091190888 56
51500 551.7769269943237 378.17572185670144 56
51600 566.9776313304901 391.7274737585474 56
51700 649.510418176651 478.67206641238744 56
51800 607.9938247203827 410.4737674134261 56
51900 545.2039887905121 369.4338519926016 56
52000 571.3557095527649 392.8358955180626 56
52100 1818.3041534423828 1625.7308415917537 57
52200 557.1174354553223 378.6275458012639 58
52300 624.8547942638397 435.75268562613894 58
52400 663.700535774231 486.87567479221866 59
52500 544.5186667442322 374.64193090330343 59
52600 625.7247047424316 470.150034593564 60
52700 557.4195828437805 374.2366106834613 60
52800 524.8264808654785 354.42488641033094 60
52900 617.3853211402893 435.9744613442988 60
53000 641.4424293041229 464.4907198461045 60
53100 762.6368322372437 578.0675850671995 60
53200 576.6857113838196 395.5630448127664 60
53300 634.0189249515533 427.15338492670935 60
53400 707.7396850585938 516.4988491619777 60
53500 633.5688452720642 444.65906483100775 60
53600 565.2210128307343 400.2000019003331 60
53700 515.7832598686218 337.9623507450756 60
53800 493.62129616737366 348.82355285494157 60
53900 601.5841603279114 443.21314248261456 60
54000 547.8475425243378 353.2808844881731 60
54100 682.9481947422028 499.634253604439 60
54200 596.3893370628357 412.25243290422475 61
54300 584.1889142990112 400.11475512592517 61
54400 619.2616157531738 417.4930524342723 61
54500 589.8278231620789 411.2958696133335 62
54600 576.4048736095428 397.05038001870895 62
54700 561.6050715446472 386.3261280218048 62
54800 621.8889343738556 410.3067205396235 62
54900 726.9807415008545 536.9277212179956 63
55000 566.2104194164276 396.99694610289134 63
55100 545.6138179302216 370.52147055678034 63
55200 554.6433486938477 373.13222269031735 63
55300 558.5976729393005 385.74201857151445 63
55400 561.8799130916595 396.42134806394677 63
55500 614.0266053676605 403.70800170658634 63
55600 618.6180696487427 438.2088737300108 63
55700 565.8861131668091 386.5853636673725 63
55800 506.93522000312805 333.18258341168917 63
55900 571.3271203041077 390.0840968538804 63
56000 630.7821271419525 436.39254901121376 63
56100 575.9191522598267 380.38732498932507 63
56200 559.8472068309784 377.7308276337201 63
56300 621.6500630378723 455.1430252126293 63
56400 682.4880814552307 495.8624564980227 63
56500 575.5832879543304 391.9932763624737 63
56600 599.3200259208679 411.7506570914761 63
56700 598.4319212436676 412.98310899913577 63
56800 640.4352242946625 449.6313017608969 63
56900 577.2466361522675 410.0016859267211 63
57000 712.6706712245941 520.8225674726472 63
57100 686.2304041385651 504.5102368732653 63
57200 579.4074783325195 407.38668345953573 63
57300 624.1364412307739 430.50724542191494 63
57400 676.2324886322021 476.78254262789517 63
57500 492.5940136909485 306.9331468747845 63
57600 568.6240496635437 393.19861481802775 63
57700 560.5058035850525 375.66471691855935 63
57800 647.8716406822205 445.54484144416426 63
57900 591.9304428100586 427.52095743182025 63
58000 597.2434556484222 417.47805577484417 63
58100 584.5863602161407 421.51299020173235 63
58200 549.383535861969 355.42379414539664 63
58300 605.9865825176239 417.80253171728 63
58400 568.3547606468201 404.5540742125362 63
58500 553.5064744949341 372.33130703145025 63
58600 521.2860918045044 354.5925375069344 63
58700 625.3728120326996 450.2123291294639 63
58800 559.187906742096 371.8444714730645 63
58900 576.7155923843384 405.6639545275665 64
59000 532.6110394001007 356.7852178444674 64
59100 567.8568480014801 370.24816099207845 64
59200 510.4904510974884 338.57983665981993 64
59300 517.968302488327 349.7909877687641 64
59400 548.3392901420593 379.618134276834 64
59500 546.6597626209259 378.43065234167307 64
59600 582.8644654750824 389.00203818397927 64
59700 565.4186658859253 373.8850626710097 64
59800 508.1175944805145 327.25651299141805 64
59900 536.4283797740936 348.1924236968904 64
60000 550.2825846672058 361.74096378822094 64
60100 564.4176092147827 375.89336439928013 64
60200 588.1700382232666 406.89796155094564 64
60300 594.2004287242889 410.66563410541886 64
60400 651.6100471019745 473.032953792761 64
60500 675.2563095092773 483.7497822307724 64
60600 525.1498889923096 351.0643048788363 64
60700 495.96348810195923 322.6383336537254 64
60800 535.4015655517578 346.8875865633605 64
60900 528.2122220993042 366.10547750796854 64
61000 1001.7986762523651 803.0914850905406 65
61100 521.7429368495941 363.4365150956078 65
61200 591.7352595329285 403.1504021325902 65
61300 658.9668242931366 468.3413032490029 65
61400 605.0413517951965 411.94502570692725 65
61600 1242.6611342430115 870.9934120717651 65
61700 761.3729584217072 560.4939684288948 65
61800 605.7711005210876 421.04471351897485 65
61900 550.3907680511475 387.42357209166255 65
62000 520.0056326389313 345.2989854076924 65
62100 595.922455072403 399.0176013408844 65
62200 586.7774460315704 396.4616467825095 65
62300 606.6996018886566 406.6792130155313 65
62400 564.4276468753815 385.82171032774085 65
62500 588.6418998241425 404.6552696918053 65
62600 595.4821617603302 405.9834981533604 65
62700 547.513818025589 372.4870565730473 65
62800 496.1287271976471 335.842180383685 65
62900 505.92945075035095 325.0238893717557 65
63000 571.3141121864319 409.5085529398416 65
63100 541.2691469192505 359.10358447043717 65
63200 616.573028087616 421.4543063196913 65
63300 614.7505843639374 431.434075703244 65
63400 593.4749495983124 424.01344351244643 65
63500 646.67129945755 442.19861164705276 65
63600 606.3982410430908 409.4262345599517 65
63700 518.1547055244446 353.9675963395456 65
63800 548.7260227203369 361.97130502815713 65
63900 497.8017165660858 322.2664747259481 65
64000 658.593998670578 478.0183188819867 65
64100 538.1682035923004 360.85168768946085 65
64200 609.8677151203156 439.2703593759955 65
64300 735.308767080307 545.5817064452551 65
64400 790.2934548854828 614.9939081313433 65
64500 594.4753634929657 421.2405352740627 65
64600 629.5851192474365 453.77549413940176 65
64700 704.322154045105 509.3980363601661 65
64800 538.5723257064819 392.78377003152355 65
64900 582.216165304184 397.04503939684315 65
65000 550.6139891147614 367.40485408391066 65
65100 631.6160056591034 457.6587900898031 65
65200 514.8746712207794 342.9316839708971 65
65300 581.2337009906769 391.06688801185834 65
65400 558.0203127861023 375.61421954340403 65
65500 582.9967949390411 401.23819022210364 65
65600 528.068128824234 357.6560047796033 65
65700 721.3030769824982 529.7647640714488 66
65800 509.16642785072327 339.0228925943628 66
65900 598.3064053058624 410.10360927106785 67
66000 530.712498664856 354.2254147971071 67
66100 792.0193426609039 616.3917803463119 68
66200 591.775780916214 415.16037558610526 68
66300 554.3588697910309 371.58417307578117 68
66400 618.6678712368011 418.167844070533 68
66500 570.855676651001 394.84519368518465 68
66600 615.5883975028992 423.5628108856881 68
66700 587.8796443939209 394.8306575457457 68
66800 591.7574186325073 401.84093752812026 68
66900 600.2091703414917 406.13850116839654 68
67000 615.7165863513947 431.9214225369725 68
67100 551.1501634120941 362.1191828356548 68
67200 599.622154712677 380.9347992998696 68
67300 606.3153345584869 423.0114147763545 68
67400 589.9259526729584 410.26987917489066 68
67500 616.7007849216461 438.51096002533666 68
67600 557.3085882663727 386.52402060369604 68
67700 507.45697498321533 352.78928291361626 68
67800 573.2557883262634 405.5663130231808 68
67900 654.1139767169952 448.738747838388 68
68000 512.1310796737671 335.5913655260582 68
68100 567.3040235042572 378.8774130755701 68
68200 621.1944661140442 427.9948225330347 68
68300 648.2541656494141 478.7401084565852 68
68400 540.5638132095337 366.03899195048257 68
68500 700.3503727912903 493.2378181327482 68
68600 601.1888084411621 429.24910518234014 68
68700 598.1812212467194 405.71688433591544 68
68800 623.2336754798889 431.0071712610942 68
68900 559.7673251628876 374.8229196009546 68
69000 555.721611738205 371.67464932201773 68
69100 647.692137002945 450.2660407358752 68
69200 549.3892619609833 381.96670501969743 68
69300 574.379873752594 395.0522032738964 68
69400 674.12282371521 490.92198020803534 68
69500 584.1086139678955 387.88500033708226 68
69600 581.4644749164581 378.64848356809136 68
69700 539.2349629402161 348.5883385833487 68
69800 689.0127022266388 517.6221774762853 68
69900 617.5796511173248 452.1295857107388 68
70000 547.6023271083832 369.5248981479873 68
70100 592.9802725315094 410.73223433024157 68
70200 594.2421817779541 400.27515185564334 68
70300 525.0915806293488 347.8951100274488 68
70400 634.8358309268951 449.6301960114849 68
70500 618.334484577179 434.8638190764351 68
70600 763.078871011734 578.6212249158149 68
70700 603.752747297287 418.58509495205635 68
70800 625.5322754383087 446.0746834133062 68
70900 568.6484727859497 371.3630054046676 68
71000 619.7085525989532 426.5106907360357 68
71100 623.3395164012909 438.12959906993 68
71200 615.1593902111053 440.7375066232117 68
71300 577.2433784008026 377.963599479541 68
71400 618.9694979190826 419.265764135821 68
71500 569.7129244804382 387.47752879150755 68
71600 569.1592333316803 359.2496702671674 68
71700 566.1175119876862 380.0851320139068 68
71800 608.5809643268585 417.62154604519225 68
71900 590.2971625328064 392.5650953566932 68
72000 589.3760976791382 395.90207896338075 68
72100 633.8562433719635 446.8003829213991 68
72200 526.2035841941833 359.47842676563744 68
72300 549.909925699234 393.5949057060765 68
72400 629.6879622936249 448.7887352919538 68
72500 608.4277997016907 436.13502174282473 68
72600 630.0610558986664 437.489771620273 68
72700 629.6690876483917 445.3612581322385 68
72800 622.0020546913147 447.0023139281486 68
72900 461.75016713142395 291.6400236960998 68
73000 784.3180866241455 615.5714208142114 68
73100 591.6574757099152 403.30868994903255 68
73200 498.9385917186737 319.08765490652706 68
73300 544.7641685009003 371.2675120720437 68
73400 647.4507877826691 467.8737036158466 68
73500 529.2118701934814 340.69387660007624 68
73600 578.2636678218842 423.46178566296885 68
73700 592.9750502109528 431.35594597262184 68
73800 630.4563589096069 430.9329914106181 68
73900 650.5218300819397 475.4999427063989 68
74000 607.9497220516205 430.09880818136287 68
74100 749.414636850357 561.3467381569757 68
74200 598.2123005390167 419.3154376174879 68
74300 618.4112114906311 448.8297187271953 68
74400 611.5665972232819 435.4816922217108 69
74500 642.425635099411 463.5404621402731 69
74600 664.1997075080872 492.9454259387785 69
74700 585.1376037597656 418.7321833915341 69
74800 823.1120765209198 621.6040001103374 69
74900 640.9552183151245 455.90917035957364 69
75000 601.2921888828278 428.81856206815803 69
75100 531.2031183242798 356.2348195359489 69
75200 573.7954001426697 380.64953386006175 69
75300 554.7638714313507 390.3514653165538 69
75400 489.96471643447876 322.4403821828314 70
75500 549.5602550506592 365.75078132004245 70
75600 555.9159832000732 382.25913066608825 70
75700 553.700822353363 365.07257115466797 70
75800 549.2213613986969 379.4209252882749 70
75900 767.9238891601562 558.8206735481784 70
76000 781.7798671722412 588.168614274676 70
76100 708.0451233386993 513.6390606422867 70
76200 579.7380437850952 387.85806471599943 70
76300 674.6450126171112 476.41505535296426 70
76400 640.8777666091919 451.9793305722049 70
76500 839.1926152706146 626.4645054216872 70
76600 606.7495491504669 425.38846380981283 70
76700 719.0374774932861 537.467440441606 70
76800 593.0672605037689 394.3152897762468 70
76900 567.6560101509094 387.9286691436246 70
77000 541.5807728767395 366.47872181653713 70
77100 573.6815319061279 385.25358996481816 70
77200 555.1913120746613 376.0036431243126 70
77300 588.5819916725159 413.1913490016321 70
77400 626.7683689594269 453.53662206810407 70
77500 569.3752040863037 388.7726305372148 70
77600 684.1838994026184 508.11333176457276 70
77700 622.240651845932 411.87048755697026 71
77800 684.3097081184387 482.5744726158681 71
77900 596.8294298648834 407.1661778066173 71
78000 572.8538436889648 403.07039478740774 71
78100 555.8900260925293 355.3989933446005 71
78200 637.8760778903961 463.4883386712938 71
78300 598.2854392528534 422.2116064546232 71
78400 681.0427269935608 491.8471848042743 71
78500 676.3456666469574 525.6802757293658 71
78600 620.9158344268799 421.5482852299019 71
78700 586.4213855266571 414.22792749321866 71
78800 567.2474246025085 376.9150311070615 71
78900 563.2249417304993 372.2842522186895 71
79000 577.2903568744659 391.7796309148139 71
79100 604.7214970588684 423.8484478491343 71
79200 715.3011329174042 497.8025494536655 71
79300 572.7449376583099 396.7120365432194 71
79400 562.1622104644775 370.5140508725393 71
79500 630.3365099430084 456.702922588162 71
79600 571.048318862915 389.18607850240016 71
79700 605.6595029830933 391.6465545134278 71
79800 572.3132271766663 401.191267673885 71
79900 572.6345782279968 395.5844303305039 71
80000 619.3752298355103 426.6628611690411 71
80100 638.5773029327393 470.58965424874214 71
80200 652.380336523056 472.88577684555696 71
80300 576.6883835792542 409.80690985842364 71
80400 582.8453028202057 420.74266363085366 71
80500 638.8800337314606 445.3944047039078 71
80600 635.2444369792938 434.1818814048033 71
80700 810.7751927375793 623.0851649678389 71
80800 571.8278396129608 399.09212213400576 71
80900 596.8278369903564 408.8335566708963 71
81000 654.7590389251709 453.5069633127265 71
81100 572.3027536869049 384.8389753059057 71
81200 603.8756942749023 412.9785203666777 71
81300 567.6400029659271 363.45206369969833 71
81400 499.55369234085083 333.4244029920036 71
81500 574.3888094425201 385.47754197171366 71
81600 644.1630203723907 467.05500076838814 71
81700 592.8962292671204 416.52186048692874 71
81800 594.0233683586121 421.9850918921284 71
81900 586.9908680915833 410.0629507516345 71
82000 733.0616948604584 543.3512990847594 72
82100 563.3968229293823 399.01453339071765 72
82200 583.3439166545868 381.91346096404766 72
82300 493.23250126838684 337.1248196669782 72
82400 630.4544055461884 431.6381306349633 72
82500 584.060225725174 401.54321763069254 72
82600 588.0165503025055 390.9798957753079 72
82700 529.9084033966064 350.41105975439257 72
82800 589.9971561431885 376.9612238618005 72
82900 580.0742523670197 394.23289612089195 72
83000 616.864120721817 435.83430041703036 72
83100 646.3719742298126 458.13888220438014 72
83200 588.2044804096222 411.45971239612254 72
83300 659.3897120952606 452.4544829413344 72
83400 531.8713984489441 356.60175004052314 72
83500 526.2420680522919 358.80324248494946 72
83600 556.787225484848 383.383691017714 72
83700 570.9457931518555 395.0488224535183 72
83800 646.5597186088562 464.44915455867033 72
83900 661.9396300315857 478.31383379377445 72
84000 629.3307871818542 470.3836522047362 72
84100 634.7242257595062 425.1223324795553 72
84200 607.1861169338226 428.214171610709 72
84300 672.3475072383881 505.77693263442416 72
84400 572.649631023407 395.49529955013605 72
84500 612.6737356185913 461.7764135984306 72
84600 664.3332901000977 468.59165382037037 72
84700 559.6641159057617 377.52342761811303 73
84800 529.6568217277527 344.99474233456306 73
84900 1098.114328622818 917.7380783131325 73
85000 706.0591351985931 502.09905563863913 73
85100 683.4055407047272 495.2106593106142 73
85200 650.8566057682037 459.45937974104106 73
85300 707.2338426113129 516.1595572489416 73
85400 683.3856120109558 467.630309866317 73
85500 591.7268376350403 415.1258517418011 73
85600 630.6585824489594 429.6115601473151 73
85700 609.5133686065674 429.5300759851103 73
85800 628.3933908939362 440.1241144197636 73
85900 682.7062022686005 499.7802758711108 73
86000 556.6584646701813 379.7589074790729 73
86100 591.5653851032257 383.4013903568566 73
86200 616.5010187625885 435.7979274922785 73
86300 576.2609210014343 398.0057936049774 73
86400 539.5440196990967 385.40615065011923 74
86500 597.9540917873383 393.49474668113635 74
86600 741.6113023757935 555.5004890836253 74
86700 689.9399921894073 517.8176636515251 74
86800 632.5157132148743 459.0508624418006 74
86900 602.580150604248 395.8583422851085 74
87000 545.8467154502869 374.6718360747364 74
87100 661.4273684024811 489.85143793716065 75
87200 642.0623149871826 451.71084145868036 75
87300 601.8648462295532 434.6328351191079 75
87400 628.3914363384247 467.90668557921185 75
87500 595.1034560203552 411.6224865195642 75
87600 632.0012216567993 449.20384431377886 75
87700 546.9308481216431 387.16871991003825 75
87800 660.1656305789948 482.58813866829786 75
87900 727.1222474575043 510.15696893974575 75
88000 572.9980049133301 396.14437245596775 75
88100 621.9106492996216 451.6484231973567 75
88200 662.9835348129272 481.8003858013269 75
88300 662.9552953243256 462.5709024401208 75
88400 673.5290443897247 467.5236840423123 75
88500 693.2510738372803 517.2375684695569 75
88600 633.9601402282715 485.09539259900043 76
88700 619.5218262672424 452.77514544922394 76
88800 629.3484451770782 454.2206240421377 76
88900 615.4708535671234 438.38634147258176 76
89000 677.8498921394348 489.1824665779494 76
89100 616.7263062000275 438.8660827357588 76
89200 734.5390858650208 545.0263537352112 76
89300 629.2812745571136 463.1610517260448 76
89400 551.8788406848907 370.35194196167697 76
89500 550.2593939304352 371.35206379625987 76
89600 613.6359221935272 424.4457209989946 76
89700 578.0121388435364 399.4749082014921 76
89800 580.1044299602509 393.6225984656886 76
89900 621.8486139774323 450.17913703362456 76
90000 487.8402853012085 312.45036376141826 76
90100 556.4294209480286 369.7468350643604 76
90200 610.5563814640045 421.8232875290822 76
90300 637.6120131015778 453.3641707347741 76
90400 645.0338072776794 466.16554780097124 76
90500 732.8564519882202 564.0458325074004 76
90600 644.8425250053406 429.92812903084786 76
90700 531.223614692688 341.3238789433482 76
90800 513.7669925689697 332.05401107482373 76
90900 591.0875945091248 408.432258693114 76
91000 712.1491606235504 530.0235454245673 76
91100 567.0521786212921 386.86287788045814 76
91200 560.1854898929596 390.89019256032105 76
91300 681.4813847541809 494.9256359323934 76
91400 664.7623255252838 476.0572263809918 76
91500 660.7801506519318 476.82944007072297 76
91600 739.3978223800659 569.6607275158054 76
91700 657.9535593986511 480.7889609264332 76
91800 637.2158648967743 455.68473181049114 76
91900 703.9960253238678 540.6248092780874 76
92000 648.6658682823181 486.06197336013577 76
92100 731.7474253177643 551.4330520954975 76
92200 671.2576026916504 463.3723232458104 76
92300 511.52183079719543 343.97479316733074 76
92400 620.5526781082153 445.8720540825447 76
92500 707.1566605567932 506.75454087404785 76
92600 680.3419353961945 490.67659314686694 76
92700 655.6655075550079 465.7812401261191 76
92800 554.0680387020111 371.04757315999643 76
92900 518.5414607524872 344.367163410698 76
93000 687.1204433441162 505.6618303460427 76
93100 730.2618165016174 548.930794324005 76
93200 672.7167637348175 498.16453153754685 76
93300 576.1215419769287 394.3919988925936 76
93400 580.8994472026825 381.95505375017865 76
93500 653.2068655490875 476.54372538296434 76
93600 547.5486233234406 386.6961387303646 76
93700 594.2341973781586 400.9427077178542 76
93800 636.7023582458496 443.788281503274 76
93900 627.5079653263092 451.74757982773 76
94000 556.9516932964325 392.92798780464443 76
94100 544.3788502216339 367.1516364781836 76
94200 541.8528277873993 356.42841714561547 76
94300 637.4595115184784 464.6593189393822 76
94400 696.5800559520721 531.0497800461073 76
94500 555.6875381469727 386.3311809406051 76
94600 585.4006657600403 418.1623459305282 76
94700 571.753050327301 390.53637817347897 76
94800 554.8312711715698 381.047268465701 76
94900 606.4147758483887 422.5782101891633 76
95000 645.6945102214813 459.63478430901887 76
95100 623.870833158493 434.55164389950977 76
95200 527.957441329956 363.2672159286012 76
95300 557.3294010162354 372.0933926588784 76
95400 558.3122539520264 376.02502434145083 76
95500 577.3958723545074 399.6516543342814 76
95600 571.2980098724365 370.6244150066746 76
95700 612.5400016307831 428.0397943683116 76
95800 711.5122857093811 515.6177061544628 76
95900 559.15314412117 382.9211349293705 76
96000 666.5431282520294 482.70380575233867 76
96100 586.6276242733002 415.54850837247363 76
96200 699.9924728870392 520.2276775018136 76
96300 591.1508266925812 415.90046419944014 76
96400 568.3898513317108 382.7079306735502 76
96500 604.5981788635254 427.92376115233697 76
96600 558.4779863357544 367.06565893999453 76
96700 571.921656370163 392.1993178023703 76
96800 587.0886402130127 413.9209952633185 77
96900 725.3753604888916 553.6529181144823 77
97000 599.6423506736755 416.9631510862357 78
97100 561.076155424118 378.0585871756104 78
97200 570.7143774032593 379.537192119139 78
97300 639.7811274528503 459.7401484022264 80
97400 583.723931312561 415.71241740016814 82
97500 604.1350243091583 425.74618667866037 82
97600 590.1287107467651 408.55521415522406 82
97700 616.1166069507599 425.08874960867183 82
97800 638.2627279758453 456.3890490932487 82
97900 638.8089339733124 448.4078223218281 82
98000 640.5212047100067 466.3997283796618 82
98100 589.0225925445557 439.8068006415112 82
98200 545.5185542106628 381.863165925732 82
98300 542.7850410938263 372.2124110219753 83
98400 580.624183177948 392.1747374770571 83
98500 602.9356236457825 429.1601198585269 83
98600 622.5557301044464 461.33058853193756 83
98700 564.2997133731842 391.4507982631694 83
98800 567.1018967628479 371.6001425486869 83
98900 659.3010456562042 452.4292958411155 83
99000 619.8086547851562 445.1980381744768 83
99100 546.1869027614594 354.4325507388925 83
99200 553.8856689929962 378.8620331478866 83
99300 510.59090876579285 338.93742883824996 83
99400 682.1772933006287 476.55304710288556 83
99500 667.7404856681824 491.83600757379145 83
99600 613.5965316295624 430.747565015486 83
99700 825.0762138366699 621.4413701971487 83
99800 521.9722726345062 358.8976046868314 83
99900 582.4440360069275 402.7835582207023 83
100000 794.8523561954498 615.3110282048742 83
100100 623.4344477653503 431.5523614617018 83
100200 515.5494766235352 339.4411742592449 83
100300 562.0122752189636 396.48053099871106 83
100400 521.5487930774689 371.8928336757988 83
100500 595.2423622608185 411.28992960389286 83
100600 570.2132894992828 403.64772968502245 83
100700 605.8833680152893 440.0690228377132 83
100800 490.3197138309479 312.2801680245701 83
100900 665.1735277175903 496.6415871478325 84
101000 702.129340171814 515.461644080912 84
101100 525.6844537258148 343.8810780616168 84
101200 634.5868303775787 434.36735027492546 84
101300 708.6552865505219 512.6898806820149 84
101400 516.6929795742035 366.3346466932002 84
101500 771.2233724594116 587.7648645090799 84
101600 583.4336953163147 430.32415634023266 84
101700 639.6463911533356 472.8368607982935 84
101800 593.4425930976868 424.44287708033954 84
101900 644.1686301231384 490.4405675418917 86
102000 680.574854850769 489.1071600842116 86
102100 621.1488351821899 438.78829694872877 86
102200 739.4878640174866 558.3936523759404 86
102300 611.3942494392395 401.31557206049126 86
102400 797.293580532074 622.5026072109883 86
102500 555.043265581131 392.9492059573623 86
102600 526.7837634086609 358.0429852817923 86
102700 512.439905166626 349.8342217238418 86
102800 530.7867379188538 365.3599708662516 86
102900 725.6188597679138 560.0720869993648 86
103000 595.3951849937439 419.6064685239632 86
103100 654.8006100654602 467.3345007947503 86
103200 720.7739989757538 531.769374764158 86
103300 626.4441885948181 450.1019917206271 86
103400 631.5480177402496 432.0042023728697 86
103500 526.6876881122589 348.21179279723697 86
103600 579.5506281852722 387.3822336726131 86
103700 549.9127893447876 355.74141844194247 86
103800 760.5459671020508 590.0155811559364 86
103900 610.5750277042389 435.10618311906103 86
104000 610.6652472019196 407.45329286801837 86
104100 776.1742444038391 594.4060154040859 86
104200 627.5853691101074 470.74559214119057 86
104300 616.8233580589294 432.0724599626016 86
104400 633.9973402023315 424.4027271488919 86
104500 628.6001615524292 437.90353029131194 86
104600 585.5367307662964 413.0676654896249 86
104700 616.4179768562317 458.7494033599941 86
104800 589.8503654003143 413.2587088572187 86
104900 666.7356266975403 469.5685510820796 86
105000 703.0906426906586 523.7907379889107 86
105100 547.3139951229095 360.7222552822814 86
105200 569.8491058349609 391.06803872340714 86
105300 600.752691745758 415.8804903860822 86
105400 671.1985096931458 482.1909314466023 86
105500 768.0948209762573 578.2277139518852 86
105600 650.1942870616913 458.90280361318355 86
105700 612.5010151863098 437.6497833105442 86
105800 566.364720582962 396.4982688603693 86
105900 575.9590394496918 405.5370365900558 86
106000 581.5649642944336 393.8251311125726 86
106100 537.3676006793976 344.0086968255048 86
106200 653.0143957138062 472.94417456052616 86
106300 578.9724216461182 388.3099619060533 86
106400 600.7001616954803 425.4089666123796 86
106500 676.3438251018524 473.07084331263604 86
106600 529.4637825489044 362.4638532837224 86
106700 551.7247755527496 386.9807250745746 86
106800 624.6034452915192 413.37778310886597 86
106900 654.9769871234894 466.4081129306593 86
107000 638.2429072856903 450.0467912714848 86
107100 538.521703004837 342.68495584430366 86
107200 540.7237758636475 378.6544218617402 86
107300 641.8913791179657 433.6651590621858 86
107400 618.6824421882629 434.98715062362896 86
107500 625.9513230323792 448.35853580171283 86
107600 603.4444870948792 418.4938738065896 86
107700 618.9944136142731 418.47905128166036 86
107800 645.0134489536285 474.04790914364304 86
107900 697.8946149349213 528.1699638236228 86
108000 618.5745630264282 436.84919071655077 87
108100 538.24919962883 362.7897298078817 87
108200 552.9139297008514 361.0831959569256 87
108300 555.8646128177643 376.68140038599563 87
108400 529.1678800582886 353.8676295372597 87
108500 603.0586252212524 411.4519533919391 87
108600 534.0377306938171 340.97392022901045 87
108700 715.265298128128 533.5671370213763 88
108800 743.1340086460114 564.0876122728506 88
108900 658.4112596511841 472.2571644291279 88
109000 532.791583776474 372.68835452578116 88
109100 520.777688741684 344.2009496904435 88
109200 672.3902139663696 481.64538951599013 88
109300 697.7520005702972 520.2028785275533 88
109400 671.7892382144928 480.8641932659051 88
109500 531.9105844497681 360.29627935568215 88
109600 510.99912214279175 348.5012775096693 88
109700 564.0893006324768 385.0099334230805 88
109800 605.338091135025 417.49446522290066 88
109900 851.8389699459076 670.8482752574909 88
110000 636.5901019573212 462.7976984644137 88
110100 596.4039795398712 416.6860613171004 88
110200 578.8243553638458 393.1208692246523 88
110300 544.1096565723419 362.5990498005324 88
110400 542.263659954071 377.7561577418488 88
110500 760.0450992584229 585.060215902928 88
110600 529.1510050296783 379.06308133090806 88
110700 837.2278397083282 633.0960244529165 88
110800 557.1509311199188 390.9618065802068 88
110900 610.4352750778198 430.17445890511476 88
111000 594.8739652633667 419.4855537164434 88
111100 602.8124165534973 425.56245549572157 88
111200 741.9165797233582 568.7620758859058 89
111300 500.0378725528717 311.8438086174168 89
111400 542.1626117229462 363.7410123051985 89
111500 558.3657104969025 370.26560844556496 89
111600 719.4158363342285 541.3409326553164 90
111700 655.0814499855042 472.40455105069725 90
111800 597.520786523819 443.8079769165203 90
111900 632.0344486236572 456.039291396429 91
112000 573.1391518115997 395.7630984496514 91
112100 559.813515663147 378.18013721231944 91
112200 597.1355485916138 422.92566521856696 91
112300 572.9124376773834 382.9611353792643 91
112400 564.808358669281 394.7205629481098 91
112500 611.5629041194916 422.24232226339484 91
112600 604.302875995636 404.19570307061815 91
112700 719.5411276817322 528.041683697026 91
112800 666.9330115318298 474.32745626147675 91
112900 618.9545562267303 418.6487907019838 91
113000 602.850106716156 427.9569352530329 91
113100 640.3282794952393 474.94764301447873 92
113200 631.5638380050659 449.6174344105486 92
113300 618.8888454437256 429.4988098309873 92
113400 594.254697561264 417.34142876261353 92
113500 582.6763870716095 405.93928875093894 92
113600 563.7401232719421 397.0316420952509 92
113700 662.1880216598511 456.8179970680085 92
113800 662.9722435474396 495.63247865156006 92
113900 643.5967710018158 482.46798657693535 92
114000 614.399822473526 436.6650012131067 92
114100 759.451375246048 589.0680265433498 93
114200 590.7557945251465 409.36173044577674 93
114300 609.9193241596222 436.87153962726745 93
114400 606.1937255859375 427.1425785301018 93
114500 561.8409345149994 378.3626379467459 93
114600 516.6948435306549 352.4315439976052 93
114700 554.3668510913849 374.2398929421989 93
114800 603.9018816947937 421.16440611798225 93
114900 622.2567896842957 444.2573349546928 93
115000 592.8463077545166 405.86780285644375 93
115100 613.6556355953217 453.38761626186545 93
115200 667.5729148387909 476.0904131347179 93
115300 629.5833783149719 451.26862962752887 93
115400 675.6663255691528 475.60056873087944 93
115500 568.1710801124573 395.71507055166853 93
115600 574.2157711982727 381.7895378971857 93
115700 584.1325714588165 404.0324895097076 93
115800 670.8696267604828 500.3866760860193 93
115900 592.5645966529846 420.22844059301747 93
116000 606.608158826828 407.4787528329078 93
116100 624.9034287929535 424.23993207670526 93
116200 617.1712651252747 446.12857346643585 93
116300 641.3734238147736 451.91632368052774 93
116400 618.8957109451294 443.38868545181606 93
116500 633.4395709037781 460.64951115423986 93
116600 633.7887387275696 442.7417963535712 93
116700 687.7860333919525 487.6039708326243 94
116800 614.7876486778259 431.51817772208517 94
116900 610.6976585388184 412.39911051998376 94
117000 590.0617122650146 415.8329222579632 94
117100 599.9540414810181 401.88143732231384 94
117200 546.1755437850952 384.4431379881367 94
117300 537.6576249599457 377.3960130167163 94
117400 727.2896590232849 537.07768240422 95
117500 606.3031394481659 427.83498548898325 95
117600 731.528003692627 549.5317976832498 95
117700 688.8548064231873 527.4705783309302 95
117800 877.5103161334991 714.3885243318532 95
117900 669.570690870285 474.87650483171416 95
118000 598.0039577484131 430.61674544305663 95
118100 571.889034986496 395.3234761207071 95
118200 675.7827713489532 471.1772428507934 95
118300 560.188848733902 398.2814939889446 95
118400 624.774496793747 440.3487982544817 95
118500 529.9496729373932 336.5199152827887 95
118600 686.4930558204651 474.4945601672424 95
118700 609.5232028961182 434.63968961471653 95
118800 586.217128276825 397.4335588640923 95
118900 641.6800563335419 461.1545704931067 95
119000 670.9217476844788 496.4993287906142 95
119100 545.5847008228302 385.2378565809629 95
119200 740.1916425228119 563.6158400392187 95
119300 702.9136028289795 503.60786044233146 95
119400 621.7043170928955 448.09929866548094 95
119500 557.8345899581909 369.1903691460054 95
119600 554.6228144168854 373.45971691342356 95
119700 649.3168563842773 493.2780253500699 96
119800 546.9117591381073 367.9148908952359 96
119900 745.5929350852966 530.6743903249327 96
120000 672.6406342983246 504.1807449545089 96
120100 624.540182352066 444.5719447990591 96
120200 538.7101583480835 372.94440928339156 96
120300 586.0554802417755 404.9448266110712 96
120400 619.2755174636841 445.947874518018 96
120500 552.3551981449127 374.7307309045816 96
120600 611.4379415512085 431.434651669723 96
120700 490.48328375816345 320.75345662886014 96
120800 625.4792046546936 446.06614431497303 96
120900 586.4228711128235 402.96709668781125 96
121000 557.3011236190796 381.6700734062755 96
121100 564.7111599445343 398.2015931909092 97
121200 540.6840672492981 373.207409921974 97
121300 755.1862380504608 590.7424568321933 97
121400 531.352249622345 354.79097270389866 97
121500 617.9955742359161 428.72048442079574 97
121600 657.3918311595917 470.84699172425405 97
121700 714.1972177028656 535.9328454493005 97
121800 638.9046971797943 474.94422316375915 97
121900 671.6374509334564 487.33374752183653 97
122000 726.7275059223175 535.1368786832234 97
122100 569.4306833744049 384.1550058826049 97
122200 598.6943151950836 414.74019017523034 97
122300 558.1499629020691 382.4038035856194 97
122400 523.5800812244415 325.8345712506381 97
122500 589.9219589233398 396.5909648771328 97
122600 570.986733675003 402.4123136720368 97
122700 654.7996237277985 450.9948773609422 97
122800 620.3610894680023 424.7163351818871 97
122900 639.4366648197174 437.6678320030202 97
123000 608.965206861496 406.92650287906156 97
123100 555.6669809818268 393.20866154062173 97
123200 595.4969193935394 403.9791399101896 97
123300 601.8024408817291 437.8958521264424 97
123400 517.4129679203033 332.02713010980665 97
123500 565.8504474163055 354.467795313354 97
123600 726.4624664783478 563.3084220193354 97
123700 645.6765027046204 473.13182587356084 97
123800 616.3670954704285 442.6351624222252 97
123900 608.2112383842468 405.8098772926161 97
124000 623.0432007312775 419.2526730739967 97
124100 628.2684836387634 462.1018155500764 97
124200 681.1049318313599 487.96633299661846 97
124300 700.6359965801239 509.6069663544791 97
124400 712.773020029068 524.0654029661453 97
124500 666.8143899440765 477.8540279003182 97
124600 604.9206304550171 406.8467435358734 97
124700 549.3311619758606 356.9404838005642 97
124800 593.9610993862152 413.02021439135007 97
124900 664.3737914562225 490.82865388675344 97
125000 601.3546676635742 410.54657464355523 97
125100 558.4786574840546 375.30989861270064 97
125200 557.4246106147766 382.5445912408643 97
125300 577.7763187885284 388.97849098801146 97
125400 578.2506668567657 387.2237032423267 97
125500 569.026380777359 377.6417242635939 97
125600 489.65997338294983 311.02554639063976 97
125700 487.1625304222107 299.56147642192377 97
125800 583.5784764289856 394.44904871134656 97
125900 762.2265989780426 554.8953261418053 97
126000 634.3298473358154 428.37311281252914 97
126100 717.9354631900787 523.7600609709637 97
126200 664.4371583461761 467.15139830389114 97
126300 591.892867565155 424.6631213985453 98
126400 649.7977769374847 472.9657231739898 99
126500 708.2943952083588 518.8500188788422 99
126600 599.9025785923004 413.074758749942 99
126700 510.3078758716583 344.28947017751557 99
126800 604.3599169254303 413.288740436877 99
126900 615.4480533599854 428.363475451073 99
127000 624.5700943470001 431.5134187881935 99
127100 544.0914704799652 379.8416032561215 99
127200 585.9640500545502 402.934678305496 99
127300 635.4039986133575 463.0551400127282 99
127400 641.7969448566437 454.98555981720654 99
127500 674.257524728775 471.45688408959626 100
127600 577.1645474433899 373.1845798200095 100
127700 601.0110006332397 415.56902247719654 100
127800 593.5779602527618 397.6146012547907 100
127900 601.5603914260864 444.7462492905714 100
128000 574.1310045719147 375.2306942159115 100
128100 511.62677335739136 317.6952837195134 100
128200 589.0583159923553 413.1572014197827 100
128300 588.6755514144897 409.4325735355624 100
128400 585.2116620540619 416.382917918801 100
128500 625.4306547641754 412.9185009982533 100
128600 511.73004245758057 332.99140469866506 100
128700 536.7156109809875 371.61711468160604 100
128800 594.7090451717377 412.6669118030804 100
128900 598.3919644355774 438.6212008413139 100
129000 638.7804641723633 459.0522070294436 100
129100 662.5716547966003 475.1657705728843 100
129200 607.8747501373291 422.0624611635046 100
129300 593.0553112030029 404.29347933749364 100
129400 625.3745861053467 440.3770031494171 100
129500 681.2549345493317 481.6522142159946 100
129600 610.522542476654 433.878743782841 100
129700 626.4205279350281 438.32374828119816 100
129800 635.8156673908234 451.09078700664804 100
129900 679.9044258594513 471.8701470469921 100
130000 734.1846833229065 573.5406438091784 100
130100 660.8572618961334 464.1783734873086 100
130200 680.9174563884735 488.6003651303314 100
130300 748.7817866802216 569.3579197851647 100
130400 623.1755347251892 448.05300678533024 100
130500 527.7360849380493 325.0354434438129 100
130600 619.7159593105316 435.8645276604144 100
130700 623.7184715270996 453.9807357229611 100
130800 616.8978493213654 426.66176323589525 100
130900 617.4979746341705 460.14416027521906 101
131000 662.9679129123688 473.00076156734 101
131100 660.2511606216431 454.41859262677093 101
131200 616.4852306842804 432.61823631703896 101
131300 616.3381500244141 435.3091017031844 101
131400 848.5439236164093 648.2651830635538 101
131500 651.6562111377716 453.90503363872375 101
131600 579.729775428772 389.13790227948107 101
131700 571.1330633163452 410.97342825015727 101
131800 611.4897794723511 415.6787166084633 101
131900 573.3461856842041 379.3587746315387 101
132000 736.7344448566437 560.7798883655511 102
132100 788.6930954456329 590.4012898513064 103
132200 628.699202299118 450.4680488723354 103
132300 588.3525624275208 380.1634796336655 103
132400 741.9877364635468 557.4646046035307 103
132500 584.7249023914337 394.29755074677945 103
132600 612.0266394615173 414.25113780770465 103
132700 543.2410452365875 361.15165954305945 103
132800 600.8783118724823 401.8993519340179 103
132900 572.5986261367798 396.0186022335138 103
133000 652.4127922058105 439.0773177575355 103
133100 605.2423369884491 415.70889018938794 103
133200 525.6198220252991 356.16763191327476 103
133300 620.7821283340454 419.70688455819766 103
133400 659.8592338562012 476.34442260398464 103
133500 598.6463484764099 396.48717514916774 103
133600 604.5419564247131 416.3428891562103 103
133700 545.5043354034424 387.24380344883264 103
133800 503.93599343299866 323.89042714983384 103
133900 568.3393862247467 388.7405921910015 103
134000 623.551764011383 450.5970291438584 103
134100 706.8624038696289 529.6168083387065 103
134200 679.1520414352417 508.09875915641135 103
134300 605.8096809387207 414.50679467954586 103
134400 580.8371739387512 390.2835121550746 103
134500 590.2842209339142 404.4170966554027 103
134600 596.074197769165 400.5831217040203 103
134700 730.3993394374847 553.4044103035557 103
134800 623.9174873828888 449.1644720155592 103
134900 652.7383189201355 468.34151887072073 103
135000 759.7859451770782 581.6728811008957 103
135100 687.7679626941681 504.8728091938847 103
135200 603.2732815742493 421.0131083762136 103
135300 545.1500680446625 371.32251684484834 103
135400 561.011664390564 386.7831185125373 103
135500 618.8142671585083 425.46085931370203 103
135600 620.9362387657166 427.2084154121935 103
135700 645.7629587650299 467.5436635087816 103
135800 614.1843736171722 418.2114281639314 103
135900 577.8500876426697 371.9430723449135 103
136000 571.2466037273407 386.05239538610994 103
136100 767.8852751255035 574.7079510186053 103
136200 609.0608801841736 439.13953432576193 103
136300 634.1545970439911 440.3797793679295 103
136400 645.6638011932373 465.45988391126207 103
136500 626.8978281021118 443.7533921597825 103
136600 619.0765166282654 445.40348922213946 103
136700 573.5474739074707 387.6483797765494 103
136800 573.2959859371185 396.2112618881381 103
136900 567.683286190033 406.79382286452864 103
137000 588.9781296253204 383.7945368032641 103
137100 581.6845393180847 401.68983073483224 103
137200 590.6473956108093 407.2660211698237 103
137300 587.959522485733 409.1213214613763 103
137400 611.3658332824707 434.4257362660477 103
137500 593.8996784687042 435.32522231036614 103
137600 559.0559113025665 367.5193036053371 103
137700 528.2756204605103 352.70110375658396 103
137800 663.6072905063629 483.96397011887495 103
137900 658.2194602489471 474.61764567203977 103
138000 564.0482070446014 415.7992433319655 103
138100 568.5405395030975 383.6231977377362 103
138200 556.647762298584 376.00331677163575 103
138300 544.0756714344025 342.4511684190051 103
138400 569.9387135505676 399.12229137627514 104
138500 612.0899846553802 437.64812427802667 104
138600 615.1616938114166 450.5392718124094 104
138700 572.8636391162872 389.3476832262878 104
138800 670.8893547058105 460.27173638366764 104
138900 618.3863840103149 431.90870676832776 104
139000 638.1780755519867 477.10603425648173 105
139100 642.2285721302032 434.83671367260615 105
139200 611.2459371089935 428.65988526963304 105
139300 625.6315639019012 458.31441575284714 105
139400 575.1558961868286 412.81735924433406 105
139500 539.917507648468 368.6297220586669 105
139600 588.2373569011688 412.4879736075603 105
139700 523.925612449646 352.57203167672014 105
139800 678.13587474823 509.2073363370115 105
139900 682.5768854618073 497.95477872836267 105
140000 652.8240411281586 496.6449556098572 105
140100 554.4496648311615 369.29010257409016 105
140200 511.3416152000427 336.8098106600015 105
140300 617.2209358215332 444.2478445747328 105
140400 776.229035615921 590.8004839801987 106
140500 449.55478620529175 281.3013032215328 106
140600 510.3005003929138 306.6635447356055 106
140700 588.8599636554718 408.3674919218395 106
140800 605.3524777889252 418.93725792245493 106
140900 643.7294466495514 453.57583797838026 106
141000 666.342139005661 476.120493927236 106
141100 648.0505404472351 451.04212545773373 106
141200 647.8472197055817 475.5471486290181 106
141300 533.6966218948364 364.17405140478667 106
141400 674.5609681606293 453.44265127004417 106
141500 669.8469138145447 481.3335213963486 106
141600 519.388509273529 348.95074645755244 106
141700 567.7152667045593 385.5052932935321 106
141800 616.8053405284882 431.6343263613703 106
141900 651.1693744659424 479.14840647517906 106
142000 626.1511733531952 445.58211181254006 106
142100 734.8653683662415 547.5023267790341 107
142200 539.7802968025208 374.3017675372522 107
142300 591.9956860542297 408.7957374110928 107
142400 657.0766794681549 476.5803344951099 107
142500 780.1573898792267 587.5016430930087 107
142600 643.0635929107666 458.0839770976084 107
142700 633.4922916889191 443.93028551215696 107
142800 611.8647525310516 427.8278808840148 107
142900 589.2210900783539 416.16984972070054 107
143000 611.1432321071625 412.53238104585967 107
143100 549.7323803901672 365.4467502748395 107
143200 505.5137732028961 336.16619076509505 107
143300 605.1728444099426 421.2803421414989 107
143400 605.5739333629608 419.5797271272469 107
143500 599.7591648101807 424.47638775167184 107
143600 772.5811746120453 583.2954793318117 107
143700 610.8098273277283 420.0776444124356 107
143800 577.3863637447357 401.45552244547423 107
143900 666.819916009903 471.187152535746 107
144000 760.6900098323822 560.3940607693614 107
144100 603.6593284606934 420.4542485716027 107
144200 595.0939667224884 413.68135898242963 107
144300 616.0294110774994 443.54455698916763 107
144400 642.7872369289398 452.20766100072314 107
144500 634.4249157905579 449.6157298493663 107
144600 564.777581691742 396.6986046834915 107
144700 701.6481764316559 528.2108269527005 107
144800 656.2621862888336 463.5069888223637 107
144900 668.6235220432281 489.0286890495022 107
145000 598.5963206291199 403.8974881407735 107
145100 606.1981627941132 401.5536841671003 107
145200 609.0285494327545 416.46028865519156 107
145300 709.0440521240234 534.2695245178743 107
145400 683.4595015048981 492.63122733843204 107
145500 636.1912727355957 446.70245008688073 107
145600 633.2511086463928 430.350742723232 107
145700 727.4309587478638 549.7782965857381 108
145800 643.4378199577332 448.3924169469715 108
145900 686.4995639324188 513.3665521190285 109
146000 529.8867783546448 365.2247240088434 109
146100 650.402046918869 466.91791327106455 109
146200 694.825052022934 516.4803115001052 109
146300 873.8373346328735 671.1284447181796 109
146400 577.8554830551147 397.21534012061466 109
146500 659.4142293930054 489.35947895343884 109
146600 556.7713985443115 357.1672829876428 109
146700 628.2919416427612 444.0270606570057 109
146800 608.4214663505554 414.25749180240473 109
146900 652.2038266658783 476.1059003950943 109
147000 580.9650235176086 410.1364407446869 109
147100 648.8292305469513 471.221809440042 109
147200 601.5281386375427 421.3944190658942 109
147300 647.6773455142975 465.4656965887838 109
147400 844.6479232311249 658.5091401232595 110
147500 687.439138174057 509.26916344552393 110
147600 635.2604744434357 452.74654269672124 110
147700 658.2126860618591 493.23676727039276 110
147800 635.1012530326843 439.91055053677843 110
147900 659.5717096328735 465.2418980400255 110
148000 695.1941051483154 501.5513333204427 110
148100 740.0042862892151 571.3968821815258 110
148200 614.2390286922455 430.0093424444516 110
148300 574.8262119293213 387.5761970681334 110
148400 562.5687367916107 394.6365100575812 110
148500 647.9445490837097 471.48606810269393 110
148600 570.2357130050659 385.7643209216294 110
148700 683.782164812088 500.9335023196569 110
148800 591.506340265274 427.11144604563714 110
148900 566.2637710571289 371.517332347732 110
149000 614.295604467392 438.9634766679845 110
149100 679.2922990322113 506.5181802493671 110
149200 824.1225402355194 633.4578260146319 111
149300 682.4484970569611 485.79552034869704 111
149400 639.11993932724 463.59662822482613 111
149500 623.2211496829987 433.55660863002777 111
149600 676.3929991722107 483.13090261212255 111
149700 669.867662191391 515.729673632426 111
149800 608.0165603160858 415.50114662295186 111
149900 596.3994433879852 405.0502587357645 111
150000 668.0079755783081 490.1135646109131 111
150100 626.9785482883453 427.96018031848257 111
150200 612.3970177173615 444.33881426339536 111
150300 571.0732033252716 417.9359561798834 111
150400 587.7811574935913 413.848800922102 111
150500 666.9568765163422 488.1267804091205 111
150600 598.1171443462372 417.0002562076821 111
150700 571.7829809188843 386.4258827116772 111
150800 755.0757956504822 564.3251209380967 111
150900 713.0326318740845 534.8453079244529 112
151000 645.5335788726807 431.1242452307297 112
151100 581.4228286743164 401.35048327593506 112
151200 592.832423210144 410.1826256905124 112
151300 568.6700642108917 410.180277677203 112
151400 560.0916593074799 391.7409954462027 113
151500 546.3211710453033 374.34420047530125 113
151600 542.255083322525 349.1567872152531 113
151700 557.3192989826202 371.63089302655146 114
151800 578.3543334007263 397.40460716667974 114
151900 657.1660492420197 473.797303385699 114
152000 575.434371471405 385.19648187511757 114
152100 597.1423916816711 430.4340129008789 114
152200 512.9654748439789 325.6725277652814 114
152300 726.9566056728363 530.7923338515186 115
152400 582.6098861694336 411.63318986125597 115
152500 590.5886380672455 403.84835221934486 115
152600 611.3190660476685 418.43242368706456 115
152700 595.6848421096802 424.09522065020565 115
152800 521.7801139354706 365.5803317191486 116
152900 555.4382927417755 381.4983966843231 116
153000 595.8419077396393 403.23096798902554 117
153100 711.2460582256317 559.3320885981116 119
153200 589.7723667621613 406.51149034595653 119
153300 652.3643865585327 453.0618432172605 119
153400 562.0303676128387 375.42315824019033 119
153500 580.6812663078308 392.5807363758273 120
153600 601.7399666309357 432.9219507741244 120
153700 548.4175999164581 379.76764609664633 120
153800 626.5952606201172 442.6072092403051 120
153900 589.3190765380859 405.4955767769246 120
154000 547.6248128414154 364.03847818926886 120
154100 530.369622707367 348.04004958931216 120
154200 588.0062465667725 411.95856547217966 120
154300 497.8228633403778 316.2037113727539 120
154400 538.0696184635162 371.1545045133769 120
154500 558.3268699645996 386.89042330112875 120
154600 581.9371156692505 403.1654015064329 120
154700 603.5047736167908 424.3093981288207 120
154800 749.51495885849 571.9071866187152 120
154900 608.6389036178589 455.52582548800154 120
155000 583.6743836402893 395.73500208782286 120
155100 577.2651114463806 412.42992687551936 120
155200 659.3690183162689 475.83659525970273 120
155300 668.8772950172424 474.0795798742746 120
155400 629.607171535492 445.3538649135668 120
155500 628.7890386581421 417.2355975266067 120
155600 677.1724050045013 499.8144132936542 120
155700 589.8531882762909 396.25064696166845 120
155800 713.1760876178741 513.1930529371537 120
155900 585.6261646747589 392.2912595490034 120
156000 487.1923804283142 317.22945178019444 120
156100 595.9919593334198 405.3465859892905 120
156200 697.9456419944763 522.5173270994792 120
156300 521.9989786148071 370.49401561871946 120
156400 554.4082705974579 379.5701218860662 120
156500 557.8232650756836 374.95153680433356 120
156600 563.8864889144897 390.1926873839318 120
156700 552.1432836055756 382.8741069422481 120
156800 598.6480309963226 435.57471997870937 120
156900 508.03637623786926 320.5243845824804 120
157000 529.0138618946075 354.5939920543078 121
157100 463.7135558128357 299.32073498120826 121
157200 573.7856328487396 374.078589624947 121
157300 644.7051594257355 445.47093011527954 121
157400 554.7875406742096 374.9536691877547 121
157500 562.1343286037445 379.3740529203797 121
157600 677.4533293247223 511.9985315085165 121
157700 503.29010033607483 327.950874005867 121
157800 628.73850274086 442.21692852336696 121
157900 583.7266361713409 414.03442417079026 121
158000 799.1633679866791 609.91132707935 122
158100 782.4028878211975 588.7013725751369 122
158200 507.01836371421814 343.38529986830525 122
158300 542.4727613925934 350.57176363270594 122
158400 667.6144711971283 479.4411845221616 122
158500 638.3499338626862 441.14834153074924 122
158600 674.9329309463501 486.27774746974217 122
158700 542.1228289604187 376.50185276749403 122
158800 734.3115603923798 536.9293737566646 122
158900 488.91046380996704 310.5275882055633 122
159000 501.4553451538086 348.18473980396584 122
159100 539.623081445694 344.05489282826386 122
159200 553.4170777797699 385.691491930256 122
159300 581.0066754817963 394.09117396521253 122
159400 536.1158063411713 351.658121556658 122
159500 637.0510568618774 447.84957128532704 122
159600 595.0061151981354 425.22138849558263 122
159700 571.4396665096283 376.5091548117141 122
159800 589.9466290473938 427.12376183677986 122
159900 618.7311201095581 440.69512806202505 122
160000 487.6774251461029 321.70389772455985 122
160100 546.1060991287231 363.2496550582408 122
160200 603.3607659339905 409.14177544651136 122
160300 618.7580859661102 454.54055379289866 123
160400 556.9369235038757 371.47118927881866 123
160500 624.9247539043427 445.27973791943805 123
160600 640.664228439331 444.40048910378016 123
160700 698.6578357219696 504.12134929994284 123
160800 632.9857561588287 454.5817861945049 123
160900 571.0256152153015 394.69006383960823 123
161000 638.5282731056213 433.8580276848219 123
161100 792.3643221855164 595.4829772842318 124
161200 568.3335423469543 408.37074228536915 124
161300 556.0296902656555 400.36659852832895 124
161400 646.5413019657135 457.5509305939494 124
161500 643.4903402328491 446.66132930989886 124
161600 605.8677952289581 404.8136796950985 124
161700 551.5925996303558 383.9647142403388 124
161800 609.4170172214508 398.04435109238267 124
161900 544.8371229171753 403.63079888313194 124
162000 598.2812299728394 408.93502026197996 124
162100 760.3175327777863 574.6829845169389 124
162200 623.4087879657745 429.28798545188255 124
162300 705.8962967395782 516.9255240375763 124
162400 618.9975867271423 444.94839238574457 124
162500 829.7041420936584 640.8190888244785 124
162600 600.1233921051025 411.4151191357563 124
162700 598.9328291416168 420.21018194493956 124
162800 621.0478069782257 460.7655507169983 124
162900 629.2611448764801 459.1953505052303 124
163000 694.0094659328461 520.2002115831358 124
163100 559.375926733017 384.9786726147788 124
163200 583.5039675235748 379.8708049923388 124
163300 589.314266204834 412.20822202007037 124
163400 515.6616902351379 318.875552271109 124
163500 637.8517756462097 446.5388311628336 124
163600 585.8294987678528 402.1771317087579 124
163700 639.7828071117401 447.523687562315 124
163800 549.0186748504639 364.6303729191575 124
163900 583.4914014339447 415.3076603281012 124
164000 591.7143368721008 403.97191804601835 124
164100 743.6589095592499 553.5346263818767 124
164200 624.2009980678558 443.63332788599035 124
164300 633.0354382991791 458.39648520000117 124
164400 582.368038892746 393.61657761584 124
164500 559.0709085464478 373.3078172456418 124
164600 568.6888453960419 384.61575663571 124
164700 575.8433685302734 391.1264070113035 124
164800 550.5444023609161 373.73731445773876 124
164900 673.8888239860535 494.95461750049276 124
165000 678.4246075153351 484.2838006094672 124
165100 587.3934934139252 415.0284218201964 124
165200 560.2309868335724 402.2043832104574 124
165300 545.1129786968231 366.477046525438 124
165400 574.0674538612366 408.7345376634879 124
165500 595.3907423019409 399.98659817061093 124
165600 649.0378007888794 486.30123037257266 124
165700 623.9832315444946 456.5560366173895 124
165800 620.7157804965973 443.2148613826422 124
165900 564.8711786270142 375.06528640488426 124
166000 561.2811505794525 366.9856459578767 124
166100 602.0182821750641 430.0891750734976 124
166200 623.9872975349426 443.59317658502266 124
166300 765.6570491790771 569.0059706104547 124
166400 664.643630027771 469.96345659358155 124
166500 671.6171193122864 487.3758084380224 124
166600 623.9674909114838 445.43619639240893 124
166700 601.6751809120178 421.39373679844795 124
166800 670.1577773094177 492.97697184701633 126
166900 568.0208542346954 387.86045336050074 126
167000 590.9377746582031 410.9208592281784 126
167100 562.5415000915527 385.34689333517645 126
167200 557.5514619350433 368.9068437701736 126
167300 587.5549964904785 407.51779046856245 126
167400 577.4746339321136 413.5477495949182 127
167500 591.3957302570343 426.5125549081059 127
167600 599.346441745758 420.46641294095343 127
167700 647.0210182666779 450.6106004586795 127
167800 597.1537008285522 422.6099051806809 127
167900 608.0241589546204 425.7233489886394 127
168000 588.2985942363739 422.32531004631954 127
168100 606.5350563526154 421.06228892203995 127
168200 634.773490190506 453.4395975106113 127
168300 573.0946741104126 388.45231809089404 128
168400 533.9811568260193 360.6013333387897 128
168500 614.1249225139618 438.386931939071 128
168600 586.7599017620087 406.19427861011803 128
168700 511.3409538269043 338.9882382678726 128
168800 862.2602217197418 694.9241048678334 128
168900 634.1113748550415 442.40635991414524 128
169000 556.9221460819244 365.2423769566217 128
169100 528.5424726009369 334.8700370060301 128
169200 595.988762140274 416.71660932239536 128
169300 762.8309826850891 560.5890490949951 128
169400 661.0816895961761 481.2788665731306 128
169500 639.602498292923 450.1123668974782 128
169600 713.8365020751953 527.6983837590759 128
169700 619.1833829879761 449.97117974175126 128
169800 673.5801558494568 475.74536903227227 128
169900 594.4899260997772 432.47934973746214 128
170000 1277.8401882648468 1105.2525190355013 129
170100 643.0197200775146 458.2379054608886 129
170200 532.8092494010925 363.3305554363174 129
170300 584.9106953144073 402.4391539218235 129
170400 669.3275461196899 470.8704393402994 129
170500 557.2290940284729 402.61038708471597 129
170600 570.2362186908722 400.2339838831673 129
170700 616.6488878726959 434.83549117345086 129
170800 565.8196983337402 390.5003563000269 129
170900 613.9699430465698 414.8513926623792 129
171000 626.5408403873444 432.7602890439017 129
171100 616.7141950130463 433.2314655705475 129
171200 584.6724715232849 423.4372319047226 129
171300 721.3860642910004 531.5581941527706 129
171400 623.7015976905823 440.6995116611378 129
171500 689.5253026485443 517.7335985194863 129
171600 635.1705799102783 443.59264064538206 129
171700 575.7706713676453 404.3105823904979 129
171800 599.4289507865906 424.5599777482671 129
171900 617.5751116275787 441.2639884386555 129
172000 635.2579805850983 457.92391779746424 129
172100 689.5130078792572 503.95969195977545 130
172200 703.3926467895508 512.2651892593613 130
172300 631.8510403633118 445.3343503963223 130
172400 833.2353882789612 657.6430527635116 130
172500 529.5817940235138 374.3890298560102 130
172600 831.8113956451416 636.0993849905511 131
172700 655.3742024898529 460.9092179709353 131
172800 619.3521089553833 448.86326480958314 131
172900 724.3894410133362 542.6798233450144 131
173000 573.3062279224396 393.9903134196488 131
173100 496.321964263916 346.9811740190572 131
173200 558.3226974010468 396.3019811430062 131
173300 531.6469213962555 372.7141832153445 131
173400 619.8109650611877 429.68348786335434 131
173500 665.5480756759644 483.5857778128384 131
173600 585.1699011325836 425.3692556951996 131
173700 632.9277806282043 457.16685491956264 131
173800 624.1300358772278 461.61601421917516 131
173900 657.5109803676605 496.32692093191986 132
174000 610.7527871131897 434.778639927424 132
174100 701.0884368419647 510.4294053537135 132
174200 758.1693906784058 589.7147835845046 133
174300 587.9918501377106 403.1459272825145 133
174400 598.7381234169006 421.094762222939 133
174500 542.2539737224579 355.17454268626636 133
174600 582.5477712154388 391.63735144944064 133
174700 576.7008628845215 416.5874074727533 133
174800 636.4941916465759 445.8998031464564 133
174900 615.5155501365662 415.0841655865366 133
175000 583.975866317749 374.11175330926835 133
175100 567.4290950298309 380.74115532108885 133
175200 574.3009302616119 397.7863778110802 133
175300 595.3943221569061 410.8114636783192 133
175400 578.2628676891327 401.5852059761568 133
175500 667.2640604972839 478.98918367548663 133
175600 541.6289024353027 364.9987605140117 133
175700 747.1240012645721 579.0753752393613 135
175800 644.0561265945435 452.71060502202454 135
175900 579.0393009185791 392.98998417420614 135
176000 606.9650280475616 430.8377388432822 135
176100 852.6236808300018 680.7423732869884 136
176200 693.8343875408173 496.5120116966926 136
176300 592.6764953136444 433.8087338689967 136
176400 578.6720485687256 380.34169222902347 136
176500 636.0283045768738 430.7238402120938 136
176600 565.8766460418701 373.83519146669175 136
176700 729.1209800243378 564.4539825202355 136
176800 586.0107352733612 420.97373834894324 136
176900 849.023647069931 670.8528166757974 136
177000 553.7480239868164 365.86686960425436 136
177100 602.2475600242615 424.95163331662206 136
177200 744.1666262149811 572.1026956787246 136
177300 685.3459107875824 504.3602251591452 136
177400 658.2223877906799 458.0341672824012 136
177500 655.1373887062073 478.54812872725734 136
177600 542.9224989414215 362.32722589037314 136
177700 577.3883571624756 404.39202515585885 136
177800 565.3061499595642 388.17073965541044 136
177900 654.3032886981964 462.6707035461734 136
178000 701.4530553817749 509.96128284901624 136
178100 539.8123650550842 352.63230958369866 136
178200 640.8043451309204 429.283004073885 136
178300 680.9740478992462 484.0769770857353 136
178400 647.0539555549622 454.2403855938593 136
178500 575.1608655452728 407.4166830861882 136
178600 599.1244440078735 434.5381326675792 136
178700 603.2830708026886 431.1530999075877 136
178800 591.7539007663727 398.7485885815348 136
178900 600.1180243492126 416.5024236002853 136
179000 578.1710848808289 416.54865014279784 136
179100 570.2961280345917 366.6941841242985 136
179200 647.3889410495758 452.01435191362987 136
179300 543.0252728462219 364.58794403794275 136
179400 770.7052614688873 596.5134708292652 136
179500 607.4918882846832 432.02864693653225 136
179600 605.3072481155396 408.3457494644854 136
179700 534.2442004680634 364.47318872250565 136
179800 599.5260472297668 431.46469266413857 136
179900 563.45268034935 372.00010386914937 136
180000 582.0247390270233 407.0832383292668 136
180100 576.9817655086517 389.42846861070996 136
180200 556.9801919460297 378.63232370570114 136
180300 693.4612352848053 522.1332242354731 136
180400 647.5284533500671 452.72704030112243 136
180500 558.390946149826 374.16810885532914 137
180600 508.1034700870514 320.8653860360492 137
180700 555.8956952095032 346.37771616517773 137
180800 559.7956140041351 373.8481421394207 137
180900 608.0117299556732 426.9116548925782 137
181000 574.1982388496399 400.6082595738301 137
181100 540.4849433898926 378.9080453986703 137
181200 663.766592502594 451.8962479350689 137
181300 847.2487945556641 658.2963779594413 137
181400 540.7944767475128 357.3940193909489 137
181500 626.9505815505981 448.77603884109976 138
181600 704.4155583381653 523.7333970141912 138
181700 701.2229433059692 496.9454614667133 138
181800 564.5468029975891 387.0478129511604 138
181900 577.5440397262573 375.4908303651602 138
182000 573.4559586048126 392.31944287274075 138
182100 582.8476793766022 411.2304694501382 138
182200 610.5313074588776 419.33180584460104 138
182300 615.085033416748 423.4380063989599 138
182400 678.7538411617279 486.7226780532209 138
182500 645.4528160095215 473.4851770246151 138
182600 560.3659501075745 402.9178014078936 138
182700 727.9505355358124 555.1666365460734 138
182800 642.2926042079926 448.68984694543724 138
182900 602.0595335960388 404.0110575906621 138
183000 640.7337551116943 461.013465473239 138
183100 576.1834509372711 400.2248531306018 138
183200 525.8546814918518 358.8787401816593 138
183300 610.1345999240875 422.1888976550974 138
183400 663.0228946208954 470.9347327857314 139
183500 549.4597787857056 362.0993776194997 139
183600 578.115930557251 403.03005341755556 139
183700 566.0900115966797 393.5826520530163 139
183800 584.6129426956177 392.9484503973363 139
183900 578.1635887622833 386.5285462864771 139
184000 622.08265209198 442.64824628015947 139
184100 669.5221183300018 472.6118618599783 139
184200 650.287121295929 460.0629571116915 139
184300 746.3663692474365 539.0832096478975 139
184400 613.5320701599121 413.2000463144576 139
184500 585.0256626605988 407.8811299364038 139
184600 580.9530429840088 405.0689898309648 139
184700 550.7483105659485 356.18220207903596 139
184800 584.5938198566437 411.3200015492462 139
184900 609.1251027584076 411.963444492186 139
185000 610.4478378295898 409.95177550841925 139
185100 661.6401681900024 475.94176664450714 139
185200 613.1495835781097 451.7756977971731 139
185300 705.7300922870636 516.9761627889245 139
185400 603.677784204483 421.34300325697313 139
185500 629.3567011356354 449.53982453658494 139
185600 668.8533289432526 459.26684380744587 139
185700 515.9095289707184 327.2630856976967 139
185800 617.5806572437286 449.7339826363881 139
185900 648.2452535629272 458.5906296832276 139
186000 659.53493309021 459.97344582641847 139
186100 515.360032081604 334.45242315177086 139
186200 534.495236158371 338.86311150533004 139
186300 517.6364092826843 334.9887602710903 139
186400 615.3897709846497 449.983602667841 139
186500 751.8401327133179 580.1092560164311 139
186600 668.8093209266663 482.4996565934079 139
186700 581.7392339706421 413.32302146340885 139
186800 630.2186975479126 435.1707986327382 141
186900 606.1480226516724 411.95440632358395 141
187000 594.3930156230927 405.3591449374185 142
187100 643.1911475658417 462.79923246492956 142
187200 550.4795274734497 401.4772277374423 142
187300 663.9435679912567 485.9280933306688 142
187400 622.607714176178 421.1483650949387 142
187500 609.6748330593109 421.7560829141496 142
187600 523.8546187877655 336.4219958278358 142
187700 578.8513247966766 389.64125738070834 142
187800 622.2065582275391 441.12476718961534 142
187900 609.6578664779663 438.1975236804685 142
188000 622.3273267745972 444.60907698703943 142
188100 574.5386180877686 410.12226924672825 142
188200 521.2312119007111 340.36802913944837 142
188300 599.9265284538269 400.4296787902433 142
188400 638.7453792095184 461.9661208592414 142
188500 618.5150675773621 444.2395412955974 142
188600 654.590927362442 477.66399286907165 142
188700 680.4672846794128 510.0937230245229 142
188800 641.0635058879852 444.87306750265 143
188900 545.3729238510132 367.93964071066387 143
189000 611.8873379230499 425.16659529596234 143
189100 682.4623651504517 509.2489944777752 143
189200 589.9236948490143 399.3258234273766 143
189300 590.2296681404114 409.99582486650354 143
189400 793.365161895752 608.6596657467458 143
189500 718.0035157203674 551.7783380057912 143
189600 561.3970355987549 388.64151812186896 143
189700 656.2207849025726 442.6746376641845 143
189800 702.2547779083252 528.3650156496616 143
189900 783.0567090511322 611.8673249574863 143
190000 704.2237339019775 514.5382833467094 143
190100 634.6806967258453 441.0389304450732 143
190200 584.4551572799683 420.31197363302067 143
190300 564.9550585746765 381.51150202824505 143
190400 577.2607505321503 401.3112850574597 143
190500 699.8703191280365 521.6915108296982 143
190600 798.039350271225 605.1150271765468 143
190700 669.3366627693176 492.03719154745545 143
190800 576.3292851448059 400.8674288354905 143
190900 527.9528522491455 330.8623411059948 143
191000 690.2266685962677 520.6505854963816 143
191100 697.3494603633881 521.3417130298898 143
191200 540.9835999011993 364.23898798737605 143
191300 561.5444376468658 358.4658593625228 143
191400 592.3221483230591 389.1268606986585 143
191500 569.4485695362091 384.08520580172956 143
191600 588.6464302539825 396.36545081706834 143
191700 568.5322341918945 391.6176576429517 144
191800 677.6291708946228 528.4797428757302 145
191900 601.7209668159485 417.33197988811645 145
192000 581.6928656101227 396.8398958222898 145
192100 610.1902947425842 426.16514333886545 147
192200 503.01336884498596 352.9658815972808 147
192300 557.3207981586456 371.3768111332539 147
192400 613.2520837783813 457.79575244035686 147
192500 540.0334000587463 367.1565774752073 147
192600 525.0067317485809 366.4460798192079 147
192700 505.9731590747833 335.21002831533156 147
192800 465.55098032951355 307.87612368735586 147
192900 556.2604982852936 402.0122404770053 147
193000 563.705803155899 394.0704682165347 147
193100 601.5338113307953 439.2691908331475 147
193200 492.8803265094757 331.49229659114815 147
193300 619.1975123882294 462.69643375666385 147
193400 781.7179741859436 636.9821366212382 147
193500 466.42595386505127 323.74053034044346 147
193600 480.06175541877747 327.79252559482006 147
193700 461.99770617485046 324.32881300775114 147
193800 398.04976892471313 259.10622733946957 147
193900 468.55477023124695 321.72863515595753 148
194000 472.43163442611694 330.71905391064956 148
194100 455.8120872974396 325.6433625208931 148
194200 443.80751752853394 328.0840871872755 148
194300 435.59571075439453 294.75818631526715 148
194400 413.9295301437378 299.443975116956 148
194500 364.5567741394043 244.66363589805218 148
194600 383.608624458313 270.6865847898963 148
194700 442.64560866355896 305.6436062893224 148
194800 376.90824246406555 266.88223233775136 148
194900 413.4043998718262 282.5878115576615 148
195000 427.2954590320587 286.768561321206 148
195100 323.0849356651306 209.71937426601835 148
195200 444.14645767211914 334.2623994689506 148
195300 460.9597589969635 347.8102221989038 148
195400 311.6986713409424 208.33202517415896 148
195500 282.1630873680115 183.9646460861177 148
195600 315.7609794139862 213.9794403362019 148
195700 341.4514615535736 235.35267391137302 148
195800 260.33015966415405 169.90951022712488 148
195900 251.82267427444458 170.78038325210275 148
196000 340.170773267746 245.81378480824304 148
196100 305.68839597702026 213.5599443081715 148
196200 279.23596382141113 181.20844180329414 148
196300 276.2672047615051 182.87503143939435 148
196400 232.75574350357056 148.97973077672805 148
196500 318.0432460308075 220.2539177217983 148
196600 225.4414460659027 152.25218353786963 148
196700 251.61160135269165 168.7456736671055 148
196800 198.9800319671631 146.60462007766824 148
196900 232.31346797943115 159.12414331762915 148
197000 283.22276544570923 183.30832733939957 148
197100 296.49686074256897 210.9594407990076 148
197200 413.24656105041504 340.8081929118869 150
197300 347.86497020721436 269.9956079163744 150
197400 155.6192398071289 108.41529677328373 150
197500 184.257098197937 122.38648531165563 150
197600 149.42101430892944 107.16520032847143 150
197700 180.28790283203125 120.1743981609726 150
197800 162.30070638656616 113.3460227426329 150
197900 192.1145031452179 132.9424932919226 150
198000 322.2677447795868 271.0798839854442 151
198100 193.37634992599487 134.66472834553974 151
198200 181.37198686599731 140.60570012890463 151
198300 124.57211256027222 82.0957175432621 151
198400 175.52975130081177 121.3868048111066 151
198500 151.27915382385254 107.78079292123063 151
198600 173.85866928100586 121.02844629009941 151
198700 117.81552863121033 74.90570859144884 151
198800 103.43669819831848 64.594159652877 151
198900 142.92702889442444 94.30405597407025 151
199000 128.28996300697327 95.6899925479918 151
199100 107.26240348815918 74.1873113650008 151
199200 102.81461524963379 69.2016820831063 151
199300 84.12834405899048 59.88988715321044 151
199400 68.71797561645508 51.44736981682209 151
199500 62.62236285209656 47.96117669291681 151
199600 68.10107588768005 44.84280094583393 151
199700 109.30424380302429 79.75749185347394 151
199800 19.840010166168213 12.461671248923334 151
199900 40.00234127044678 26.153617162914493 151
200000 32.27622723579407 21.786353511978085 151
1203555.469403267
