Total: 200001
0 7.657176733016968 4.033030736785294 5
100 536.708117723465 367.541403189585 5
200 559.3530941009521 375.6637651518134 5
300 543.3079750537872 370.6657646430791 5
400 575.770167350769 406.47929760014495 5
500 580.820259809494 426.6888703879097 5
600 609.5932574272156 453.58269221079144 5
700 602.4521772861481 431.12172227626024 5
800 522.0370419025421 356.4207211879602 5
900 602.4455919265747 421.80593775177806 5
1000 670.938797712326 481.3739160335009 8
1100 761.1783912181854 587.0342063532016 8
1200 592.7341496944427 406.25434629385734 8
1300 605.483327627182 429.23009933012975 8
1400 599.7256200313568 406.30299211640477 8
1500 602.5749468803406 405.21202762037814 8
1600 459.42867612838745 302.01672027792677 8
1700 616.772575378418 414.4533908624516 8
1800 659.9851820468903 465.79069538373045 8
1900 545.4655930995941 379.6485367549516 8
2000 739.1468839645386 574.641574202118 9
2100 555.97168135643 364.89596597142884 9
2200 616.1041696071625 440.9679665971534 9
2300 553.239461183548 377.29369384347416 9
2400 613.6224818229675 421.03053611947485 9
2500 696.60187458992 535.8591343006806 9
2600 590.3086986541748 403.7568264143631 9
2700 522.0151665210724 346.11088432941585 9
2800 541.6520888805389 377.0572638461689 9
2900 559.2814571857452 400.75001408264063 9
3000 632.8776125907898 460.6206682914122 9
3100 693.2977454662323 501.4530941393035 9
3200 563.7021236419678 407.3209119651855 9
3300 554.8218142986298 391.61939764897227 9
3400 556.446638584137 380.91539230466424 9
3500 554.0573160648346 373.6653196133517 9
3600 591.9972281455994 383.80948200163186 9
3700 640.7503776550293 474.09428508045073 9
3800 766.4463233947754 568.6279640019501 9
3900 579.0752613544464 424.85983147500076 9
4000 567.3425867557526 380.430124987155 9
4100 564.9017062187195 395.6343757091039 9
4200 623.6609997749329 453.5636893705863 9
4300 603.0490486621857 410.6224115286163 9
4400 568.7079720497131 387.4862627904966 9
4500 520.325667142868 360.3242785133274 9
4600 521.6163833141327 361.4634916601739 9
4700 529.0494511127472 349.6367948468918 9
4800 542.4291589260101 372.4800804114427 9
4900 617.8825333118439 441.83207840595867 9
5000 607.3716666698456 421.0444504611705 9
5100 610.7565388679504 394.4424707945942 9
5200 731.5781280994415 541.028797838488 9
5300 528.3262991905212 355.6643220891957 9
5400 538.4045431613922 352.89300626793295 9
5500 467.5314931869507 317.0469883103096 9
5600 474.96224308013916 301.660614686391 9
5700 552.2800991535187 393.1663646366806 9
5800 590.094242811203 403.621729980424 9
5900 566.2954752445221 395.8385647110314 9
6000 592.4042959213257 409.5399444062139 9
6100 581.7005915641785 404.6466651710582 9
6200 529.5405597686768 347.0650137190923 9
6300 636.2164103984833 456.5919138344397 9
6400 611.7574329376221 431.9222001233785 9
6500 677.0315523147583 497.8431935246149 9
6600 656.444429397583 484.7221262540588 9
6700 574.7085056304932 382.30211101192674 9
6800 599.4916007518768 410.6497390372193 9
6900 536.6715800762177 352.7357630395657 9
7000 546.0140039920807 388.1397359815657 9
7100 668.227828502655 459.97359106600584 9
7200 562.9217026233673 394.8248274818437 9
7300 584.6305065155029 402.39753846233043 9
7400 557.1767847537994 379.62369733578504 9
7500 609.1118285655975 413.34465313730755 9
7600 665.2093377113342 475.0714259611795 9
7700 509.9565284252167 327.7379630691396 9
7800 595.3872454166412 400.7664334001428 9
7900 500.9992563724518 334.4215952615838 9
8000 685.7718274593353 508.1060236737403 9
8100 537.8726046085358 371.9996881549466 9
8200 594.1109089851379 434.99018127424125 9
8300 547.7163732051849 385.40182798654104 9
8400 667.3056931495667 472.9922888681556 9
8500 540.8270008563995 385.1896550633839 9
8600 511.493319272995 344.5136360165121 9
8700 597.6709368228912 413.95118758017964 9
8800 560.1362314224243 386.7052819516189 9
8900 518.5093846321106 355.20069377449477 9
9000 574.9861435890198 374.63589958321813 9
9100 716.9497220516205 532.4037757081785 9
9200 641.0643973350525 455.51745432815306 9
9300 539.138720035553 366.48985563528595 9
9400 542.1624071598053 363.31447343195794 9
9500 521.0901565551758 352.97498208004276 9
9600 511.03483748435974 344.03938611943374 9
9700 581.5582375526428 427.58996405078716 9
9800 682.7910113334656 511.69752396327215 9
9900 606.039633512497 416.5117914599848 9
10000 644.62384724617 455.9145488806855 10
10100 593.6727051734924 412.98634360430685 10
10200 560.114072561264 394.93735441798174 10
10300 630.3799960613251 439.2007617492326 10
10400 590.872308254242 401.32612577985986 10
10500 604.7541999816895 427.32434333667686 11
10600 583.1926422119141 406.12703237795114 12
10700 573.9920904636383 399.5460876772185 12
10800 601.5133669376373 437.6627261182491 13
10900 541.2134914398193 352.7142410947471 13
11000 603.6934678554535 423.44532223813127 13
11100 673.6639850139618 516.1344955033338 14
11200 623.4244074821472 453.30578702444575 14
11300 515.6172411441803 340.61789813725454 14
11400 482.1690318584442 306.31018377892974 14
11500 531.7019317150116 352.39028880076467 14
11600 607.239147901535 425.3467737580356 14
11700 589.6150960922241 402.8067199293282 14
11800 690.8939962387085 517.4305220518995 14
11900 668.0433695316315 483.2597056205757 14
12000 645.230630159378 474.93035896688446 14
12100 601.6900534629822 436.2125771055856 14
12200 462.8480043411255 301.29007069848785 14
12300 477.02813601493835 303.1601303981973 14
12400 579.990537405014 405.7713708153368 14
12500 619.3446953296661 443.1456992804241 14
12600 512.7107586860657 346.8108236704139 14
12700 648.2332031726837 484.5870626621869 14
12800 618.6869523525238 439.2410207913728 14
12900 552.6904821395874 373.823591048642 14
13000 541.5533647537231 370.57774365290305 14
13100 719.7228600978851 522.6501108082992 15
13200 628.5610973834991 441.23611945381947 15
13300 653.5628671646118 485.4809217155398 15
13400 600.2130274772644 407.56500144631184 15
13500 600.249175786972 410.1566544212979 15
13600 610.9855496883392 437.37197756251226 15
13700 680.4355680942535 491.24205937670393 15
13800 609.4710428714752 428.111978461441 15
13900 572.6698734760284 382.48435497735187 15
14000 673.8278286457062 500.61641920447516 16
14100 575.8818781375885 395.45518581027557 16
14200 544.8850138187408 374.06525592286704 16
14300 687.9367883205414 525.5834383318524 16
14400 580.1258826255798 412.5007928792045 17
14500 573.141886472702 404.9336846330346 17
14600 649.1459732055664 447.38189846438104 17
14700 607.4643249511719 422.82970984931524 17
14800 613.4177353382111 448.26350000538105 17
14900 857.7648751735687 662.4126346208316 17
15000 635.3396983146667 419.63448615885613 17
15100 583.9725971221924 431.7161977794302 17
15200 611.1250941753387 424.9304134037733 17
15300 649.1436841487885 467.99519566496775 17
15400 664.9465498924255 487.55689414102727 17
15500 547.6367039680481 380.07142977176653 17
15600 598.4372680187225 421.6688698597942 17
15700 559.5649662017822 379.0428110985338 17
15800 522.3823919296265 350.77007000423305 17
15900 653.5733423233032 473.8016766641824 17
16000 766.0022594928741 606.2634702584003 18
16100 541.7037649154663 383.55101751111295 18
16200 630.5715720653534 440.2642839587528 18
16300 624.3115065097809 441.68181030613664 18
16400 592.7679672241211 414.8445896144845 18
16500 540.1134603023529 361.2631270335837 18
16600 564.6542549133301 375.2554874670588 18
16700 554.9773967266083 372.52091729041854 18
16800 554.0606019496918 385.77398364918207 18
16900 765.2290670871735 590.7909449091671 18
17000 612.6493167877197 438.87375365016794 18
17100 591.0448124408722 408.0853740112177 18
17200 636.1226439476013 440.43541816800735 18
17300 573.781405210495 398.4060322778398 19
17400 606.7536931037903 406.8334188576869 19
17500 617.4996523857117 452.22098930468303 19
17600 572.4162015914917 400.7382478114341 20
17700 563.4511728286743 413.8010508508464 20
17800 547.3106186389923 381.5070208604893 20
17900 636.5195503234863 462.150594257329 20
18000 723.4929971694946 560.9914367957798 20
18100 619.6535329818726 443.7534515679049 20
18200 579.3043878078461 402.9562970076953 20
18300 532.1408560276031 353.91560368296905 20
18400 650.6755468845367 476.8894592336866 20
18500 569.6526248455048 400.4952509762716 20
18600 665.7910430431366 475.6531141325096 20
18700 552.396252155304 362.80043763987135 20
18800 552.8818008899689 377.3131854253604 20
18900 573.5404498577118 398.34758953550056 20
19000 632.7070508003235 445.2143900484332 20
19100 565.9081041812897 376.0490819251845 20
19200 598.4226620197296 436.94006801881136 20
19300 590.8035218715668 414.7631919061038 20
19400 604.994695186615 440.90592079271045 20
19500 618.4956839084625 423.86015002853003 20
19600 588.7106459140778 411.9036374638138 20
19700 579.9831647872925 374.4843099036136 20
19800 544.2559723854065 362.6406981826131 20
19900 617.1302270889282 456.2666804156962 20
20000 627.8254287242889 447.6338163515299 20
20100 555.4854824542999 390.4559003151742 20
20200 517.3132839202881 359.3645739980616 20
20300 552.2500994205475 382.7733970045286 20
20400 611.9000918865204 427.39888456420084 20
20500 677.4849324226379 498.8696295385695 20
20600 672.2834129333496 504.699399817044 20
20700 703.569452047348 546.8748813431436 20
20800 541.8239908218384 371.809157845926 20
20900 662.0843570232391 489.57226410297346 20
21000 548.5640594959259 379.9827142393587 20
21100 586.7822461128235 410.3724797411164 20
21200 518.4555575847626 363.19284776381096 20
21300 632.9043934345245 446.46049774680426 20
21400 644.3292963504791 457.4625937368392 20
21500 741.4195165634155 540.1005105783129 20
21600 581.136965751648 390.4140159742942 20
21700 565.7299966812134 384.9321659965875 20
21800 578.5361278057098 390.66351079203366 20
21900 597.2297403812408 422.4877728902943 20
22000 592.762433052063 413.976821530541 20
22100 572.9868137836456 399.6110362610921 20
22200 657.763516664505 458.61676798841245 20
22300 579.4424064159393 383.45113050619267 20
22400 520.3427810668945 341.87016276651366 20
22500 643.1196241378784 466.66040909230287 20
22600 494.87571358680725 316.64852370141637 20
22700 613.8175711631775 431.5037171927544 20
22800 553.0406231880188 388.136550272578 20
22900 608.4024422168732 421.7936585511974 20
23000 717.829847574234 542.761958225711 20
23100 593.3953757286072 392.33398971651945 20
23200 561.0573649406433 381.8488855927801 20
23300 574.5414202213287 398.6495284357498 20
23400 524.8775715827942 348.2611359570368 20
23500 518.3836054801941 350.04761491468014 20
23600 531.3670048713684 344.2403657000028 20
23700 613.862958908081 417.7302118448639 20
23800 504.7630364894867 343.8409673285296 20
23900 667.6681501865387 486.6827122225752 21
24000 553.0295677185059 368.88211453874 21
24100 657.8828608989716 476.73004076475 22
24200 601.6832005977631 418.5055207748952 22
24300 529.3499546051025 375.4351064354331 22
24400 571.799399137497 387.45800671044685 22
24500 561.9348163604736 390.97367038021633 22
24600 597.3148617744446 396.62279019425387 23
24700 703.8001742362976 527.0400092598227 23
24800 540.9178347587585 381.7887929948756 24
24900 607.8925421237946 440.7063694005744 24
25000 569.0213558673859 416.38152586277977 24
25100 622.8143453598022 437.23261783041454 24
25200 633.314425945282 446.30700645644663 24
25300 525.2291874885559 363.1772276027058 24
25400 637.6589939594269 461.7822550818501 24
25500 616.3851103782654 443.3569307859568 24
25600 516.3224394321442 348.38827391444215 24
25700 517.4758923053741 334.4558478375016 24
25800 623.4489166736603 448.857312303488 24
25900 522.5029699802399 341.207290093707 24
26000 505.6692154407501 337.8388309471286 25
26100 805.664452791214 598.0399127367698 26
26200 586.8943662643433 414.6435912144737 26
26300 521.9383034706116 378.78809634101844 26
26400 718.8128862380981 517.6908856287737 26
26500 598.5535531044006 416.7865710136192 26
26600 542.832275390625 380.14145706437216 26
26700 700.953460931778 526.7158363549685 27
26800 555.5041997432709 392.1016877200568 27
26900 560.7664415836334 371.5509787020851 27
27000 575.3000047206879 407.1983405150486 27
27100 540.9706377983093 343.49191352675564 27
27200 562.8238787651062 381.36239810450786 28
27300 613.2316896915436 422.50187236747894 29
27400 560.7223784923553 399.44592034009656 29
27500 636.5482897758484 453.8413249754758 29
27600 573.7186226844788 409.30259741773693 29
27700 576.1869165897369 392.79918529288636 29
27800 636.032726764679 465.6382121001932 29
27900 647.3218092918396 471.03597024405616 29
28000 583.5454518795013 422.8577372751328 29
28100 636.8263747692108 473.3178125313258 29
28200 626.8226692676544 447.0498943097838 29
28300 669.593122959137 474.7714993759613 29
28400 1070.7795810699463 873.856633549208 29
28500 622.8303670883179 444.2685753025306 29
28600 669.3980987071991 483.9666276402214 29
28700 542.2964537143707 372.0397587729353 29
28800 605.7785820960999 421.21466387251496 30
28900 758.3550746440887 577.7936734753308 30
29000 676.3046727180481 489.62294526097435 30
29100 579.4621410369873 399.5115074522584 30
29200 635.9404361248016 446.93152176942965 30
29300 672.3353929519653 474.49112587468846 30
29400 503.721227645874 324.25692414787227 30
29500 589.430013179779 417.42986021566105 30
29600 562.8294620513916 398.1834564825508 30
29700 640.3607230186462 459.9183427067242 30
29800 615.9653344154358 450.74699548174044 30
29900 721.838431596756 546.4293604714755 30
30000 593.0009417533875 407.1970512207847 30
30100 719.2467155456543 524.6936303217524 30
30200 544.3385469913483 380.40212432980604 30
30300 556.8000619411469 385.64507249456415 30
30400 513.1694600582123 341.9129239485639 30
30500 575.0013203620911 397.6810955324089 30
30600 718.9791040420532 535.1263263686508 30
30700 767.3446757793427 592.0193941485453 30
30800 598.0385501384735 406.21979351426717 30
30900 564.6405603885651 393.0637047036829 30
31000 548.3049597740173 368.4831914137324 30
31100 548.8722121715546 374.8040125294329 30
31200 541.9545814990997 358.03617367344765 30
31300 590.8205590248108 404.30708861838355 30
31400 627.0712702274323 434.3229165469081 30
31500 589.7042217254639 405.23963846547326 30
31600 589.492874622345 414.4992291284764 30
31700 643.6495234966278 477.8769168522112 30
31800 656.4412269592285 478.3040743064505 30
31900 660.8005316257477 471.19879814099556 30
32000 701.2970888614655 530.5003258374924 30
32100 726.1854407787323 531.7807034548817 30
32200 689.2169544696808 491.677527607701 30
32300 729.4657225608826 539.2203121836778 30
32400 560.554277420044 394.17528412748146 30
32500 643.2903392314911 451.30668436490896 30
32600 586.3171246051788 419.07050841292914 30
32700 493.65755462646484 323.81653444916174 30
32800 536.1233386993408 369.3910078997495 30
32900 531.87406873703 366.1968986755532 30
33000 604.7582037448883 427.9301585185766 30
33100 611.7517216205597 437.9973480682868 30
33200 623.2967340946198 448.521851364108 30
33300 606.8160736560822 421.1620933556683 30
33400 555.417943239212 387.53289312644176 30
33500 721.0688519477844 543.4005660818754 30
33600 574.5114166736603 377.7218774434584 30
33700 577.2373759746552 396.2870126436579 30
33800 629.1808187961578 450.8119161564237 30
33900 849.9745037555695 676.0288046744448 30
34000 544.237242937088 355.8487353830966 30
34100 532.3945589065552 355.2360037545882 30
34200 680.2045106887817 518.4622613676831 30
34300 613.9964113235474 418.94723412283275 30
34400 540.1507012844086 365.0210115998568 30
34500 662.3778460025787 479.705397098072 30
34600 573.1190795898438 429.38082887613444 30
34700 545.9889345169067 374.76395307079684 30
34800 570.4017009735107 397.2178661646819 30
34900 534.2855052947998 367.4910122042843 30
35000 705.1831278800964 495.44240507155905 30
35100 596.0281839370728 429.10949176392785 30
35200 513.6364316940308 353.04706339466446 30
35300 566.8206877708435 400.5634973701267 30
35400 679.9055142402649 511.0349868748847 30
35500 629.7181689739227 443.03810196357745 30
35600 546.1877012252808 366.2827102492855 30
35700 560.1445362567902 384.767180471051 30
35800 685.8419260978699 501.8157502937586 30
35900 569.1027126312256 405.2074185722406 30
36000 636.1062676906586 464.2076071037766 30
36100 647.4682822227478 455.48464060023883 31
36200 529.1991229057312 343.60756862068524 31
36300 651.4579169750214 464.30496999328926 31
36400 566.1350016593933 391.7394070928741 31
36500 564.0165069103241 386.97247074487814 31
36600 571.8123466968536 397.3155277443361 31
36700 615.811288356781 430.1769775051147 31
36800 615.0276567935944 444.2535837344045 31
36900 582.5039584636688 399.9442013005545 31
37000 541.7113630771637 380.5440525818826 31
37100 522.8900513648987 350.6402180391349 31
37200 577.173440694809 397.03094029992815 31
37300 585.8075187206268 410.54527107845854 31
37400 731.6643598079681 567.3388865857812 32
37500 651.6066546440125 488.07391740923396 32
37600 540.3438320159912 368.6635992423887 32
37700 794.5366916656494 606.0405515384577 32
37800 763.8274776935577 589.1608632310466 32
37900 574.3679552078247 413.22566472700885 32
38000 619.2108597755432 444.0377678604202 32
38100 607.9581854343414 433.29072095291883 32
38200 571.4652655124664 407.8142426953576 32
38300 734.6032238006592 545.3669673073084 32
38400 604.1565282344818 427.0558791055213 32
38500 574.834929227829 407.25498976492645 32
38600 605.9458930492401 415.8571414816199 32
38700 617.7737243175507 432.99817982876664 32
38800 640.2674744129181 479.9736287842712 32
38900 608.6512145996094 411.437758699712 32
39000 576.3606083393097 410.77851625493656 32
39100 592.4339113235474 407.17629738000323 32
39200 579.0835354328156 405.03952596310086 32
39300 531.5250656604767 360.1787723382058 32
39400 573.7445368766785 394.89403092070563 32
39500 568.0573375225067 376.8529237791876 32
39600 498.7101068496704 315.1259569309598 32
39700 480.9569296836853 304.618061290985 32
39800 617.0731210708618 440.19587118626794 32
39900 578.6266055107117 394.0512253759869 32
40000 586.0528700351715 416.77575309810186 32
40100 543.0236947536469 347.4180258300845 32
40200 562.9460437297821 383.4415813225687 32
40300 547.6556341648102 374.9739914954313 32
40400 510.7866756916046 339.37516797897393 32
40500 560.9755177497864 361.7588957718341 32
40600 594.1724736690521 408.9839616436431 32
40700 585.6698322296143 419.79623383465525 32
40800 568.4731569290161 386.3930045685452 32
40900 802.7516961097717 602.0189913515197 33
41000 674.7582161426544 501.53060474606417 34
41100 612.2992234230042 444.61354534050747 34
41200 608.5928547382355 435.0771578173456 34
41300 531.3903610706329 353.561158251615 34
41400 465.1491148471832 301.5132447430903 34
41500 548.0963015556335 377.6380877500375 34
41600 591.6327691078186 403.11509392343515 34
41700 569.1576852798462 403.8998634738981 35
41800 614.4692225456238 421.3184419739483 35
41900 557.0889887809753 384.5508999752524 35
42000 593.6448981761932 412.3798726445563 35
42100 638.010763168335 453.4509927208091 36
42200 610.1930651664734 424.48910511301915 36
42300 568.8748002052307 391.66596681525186 36
42400 541.2292754650116 377.38333889966486 36
42500 597.5695624351501 411.08255945157066 36
42600 539.2585306167603 357.2794188830468 36
42700 545.0986015796661 369.0072934732786 36
42800 599.6298136711121 423.0273468447434 36
42900 498.0934410095215 313.83127185519896 36
43000 621.9775154590607 444.88280581436874 37
43100 592.551709651947 428.67591665373106 37
43200 597.8114695549011 416.2907119749773 37
43300 619.8236918449402 442.0411622622202 37
43400 637.278911113739 450.0001905578022 37
43500 685.3078377246857 480.12334019420354 37
43600 648.1255555152893 454.15566375000606 37
43700 576.4138069152832 410.71153469655917 37
43800 533.3444919586182 351.7252267464023 37
43900 559.4018142223358 366.4367998115191 37
44000 605.2841274738312 429.66811092458704 37
44100 723.3767216205597 544.4555779043999 38
44200 819.0895841121674 619.1029160039926 39
44300 559.5284352302551 394.1341891780122 40
44400 569.0712277889252 397.95077833607417 40
44500 528.868724822998 380.0852574737414 40
44600 495.7935583591461 338.74071351039953 40
44700 549.5901165008545 365.9799472048462 40
44800 699.8070800304413 536.1420208633293 40
44900 611.2525050640106 426.37233127891477 40
45000 638.9863173961639 456.5588479615684 40
45100 607.4909837245941 443.89299178252884 40
45200 607.981781244278 430.255998530094 40
45300 691.684919834137 521.4991083861605 40
45400 561.9761509895325 399.40521598600856 40
45500 563.7496159076691 392.9967615377752 40
45600 578.8532152175903 388.7650421185258 40
45700 541.4606511592865 376.46947429709275 40
45800 604.023674249649 439.86575271220994 40
45900 620.8507785797119 447.47241935668336 40
46000 628.747551202774 455.4319260603069 40
46100 610.3338458538055 416.7395981840025 40
46200 619.6957561969757 450.19644011444893 40
46300 526.8314697742462 361.305807590737 41
46400 590.0294282436371 409.35365330820446 41
46500 623.8632678985596 472.91664847036316 41
46600 687.3579797744751 496.33369492653765 41
46700 600.3707978725433 418.90625223456186 41
46800 576.0402495861053 395.6819924826875 41
46900 608.1931886672974 428.6159352429248 41
47000 592.9425020217896 424.8018587062564 41
47100 618.8196170330048 435.6616053427035 41
47200 604.7464549541473 435.345169484036 41
47300 774.8120927810669 613.1721665495367 42
47400 702.331362247467 529.3620355859294 42
47500 507.15541434288025 344.14555142656036 42
47600 587.1990690231323 404.5788320439618 42
47700 680.3256459236145 504.387267050173 42
47800 471.64012265205383 300.2272907212717 42
47900 507.47130846977234 326.69400494841034 42
48000 638.2478401660919 452.7202733395927 42
48100 604.5913381576538 440.98863348192884 42
48200 576.182576417923 399.8141189147639 43
48300 571.7088665962219 394.4775135561099 43
48400 547.977353811264 383.69068398353113 43
48500 569.8383409976959 391.94717190502 43
48600 527.0998950004578 361.7022787132637 43
48700 504.5930597782135 349.2271198356501 43
48800 577.1904377937317 410.25769577399467 43
48900 506.5555799007416 333.1697555548801 43
49000 550.7436547279358 362.3615729716579 43
49100 574.8660624027252 392.71595623314886 43
49200 636.4723300933838 450.72025067528807 43
49300 649.1617302894592 493.2520259027848 43
49400 600.5370299816132 423.00311132308 43
49500 646.5459263324738 463.24049085112296 43
49600 600.9646623134613 410.7305122974341 43
49700 685.8325612545013 472.2376404445967 43
49800 719.998263835907 543.3034948012036 43
49900 750.5493750572205 572.9702081247744 43
50000 581.3998308181763 406.4524326528897 43
50100 542.3114626407623 378.63779304008597 43
50200 608.1138014793396 433.9864628891186 43
50300 552.5118613243103 366.0319238468123 43
50400 628.1783015727997 432.3912762702099 43
50500 497.12301421165466 335.74078567389165 43
50600 665.0547580718994 475.61995188349294 43
50700 600.9759638309479 429.3344407430751 43
50800 610.857762336731 421.601036834172 43
50900 555.9595968723297 380.4621797148039 43
51000 561.9118819236755 363.6553236962451 43
51100 496.754784822464 315.26768646174 43
51200 597.1812214851379 419.7934370622006 44
51300 594.9865701198578 401.1413370103759 44
51400 526.955629825592 362.30131271212923 44
51500 820.6946427822113 658.2409635355126 46
51600 639.9023690223694 481.45881905509157 46
51700 563.2860176563263 386.21347220994056 46
51800 563.3359117507935 399.67239055588186 46
51900 576.7721312046051 407.6615907381963 46
52000 497.66058468818665 338.9749905147322 46
52100 579.0995306968689 383.188102673128 46
52200 522.7890176773071 361.7749023817852 46
52300 822.8671951293945 637.2572765436397 46
52400 614.678227186203 434.3085245182465 46
52500 552.8977088928223 371.64802777268005 46
52600 563.1614561080933 376.7805922711442 46
52700 559.2201437950134 367.0440325612131 46
52800 660.4428408145905 464.34808612044435 47
52900 725.5074191093445 551.5632285201489 47
53000 793.4912707805634 627.3717499830793 47
53100 642.6434664726257 443.18458229266247 47
53200 712.0933485031128 542.1790193302759 48
53300 570.6119809150696 388.84244528773644 49
53400 534.4862537384033 366.6010526281976 49
53500 556.5793092250824 392.19829200827553 49
53600 648.0192713737488 481.49240591422006 49
53700 512.161381483078 333.1953259377945 49
53800 492.1214063167572 334.3943913043579 50
53900 591.4880185127258 411.90063010984636 50
54000 516.4699046611786 346.03543750555747 50
54100 523.3670566082001 364.333918212869 50
54200 611.768482208252 425.4038863108554 50
54300 531.8574814796448 350.6313005432855 50
54400 696.4996695518494 522.7918320727981 50
54500 585.5500972270966 407.3491455011989 50
54600 663.4796135425568 475.1928160985986 50
54700 547.2414290904999 381.3092742715593 50
54800 564.6050772666931 380.25609776141283 50
54900 652.531886100769 459.9434382627803 50
55000 489.6447608470917 330.0283157110923 50
55100 479.2350730895996 328.94935776029223 51
55200 687.1291620731354 497.05082736470877 51
55300 540.2602431774139 378.5690078469329 51
55400 522.0726883411407 361.91981192531046 51
55500 599.7673408985138 414.3808950607847 51
55600 642.973114490509 467.28143406870083 51
55700 615.5992755889893 427.3088060698375 51
55800 589.8967304229736 430.4962802859133 51
55900 623.4236710071564 443.71902913185716 52
56000 567.386332988739 397.5971593841272 52
56100 574.8467879295349 404.95406200577656 52
56200 511.45509576797485 315.1309207781468 52
56300 518.419451713562 357.4853852475792 52
56400 612.6160609722137 429.8856730392614 53
56500 623.690461397171 458.17860860746947 54
56600 610.4655685424805 430.48133325083813 54
56700 543.8040373325348 374.40001174813096 54
56800 505.79061245918274 337.55754445651905 54
56900 565.8511338233948 395.5034798136134 54
57000 519.4297616481781 332.93095591660233 54
57100 523.6253144741058 324.3043019221052 54
57200 599.5667526721954 426.80898652896167 54
57300 685.0363187789917 488.04839759199615 54
57400 662.2501997947693 519.9069608042045 54
57500 621.8124158382416 475.9078884276171 54
57600 538.4073581695557 352.8673824301536 54
57700 583.2114651203156 387.44532728159385 54
57800 654.0940082073212 491.8356133956404 54
57900 593.3321244716644 430.1295019497393 54
58000 651.4156966209412 462.76025522098087 54
58100 748.4738273620605 577.6959814460994 54
58200 597.570149898529 433.88179768839626 54
58300 581.9958593845367 389.20865657087546 54
58400 487.9656879901886 332.6194447789436 54
58500 565.0536866188049 373.33732967920423 54
58600 601.472386598587 434.42464229950053 54
58700 637.1086611747742 464.0595178228201 54
58800 582.4375286102295 407.58430766937454 54
58900 609.590160369873 438.494231456694 54
59000 579.739031791687 385.07897606150493 54
59100 589.7369544506073 406.2825622605519 54
59200 506.501633644104 352.53731759046923 54
59300 528.3370175361633 350.4724845148874 54
59400 505.8940839767456 324.24153922768323 54
59500 586.1732292175293 402.72300995721844 54
59600 552.76389336586 406.7573554536698 54
59700 563.6898782253265 377.86632239088175 54
59800 487.1339461803436 326.76830945209167 54
59900 588.228410243988 399.33213815601255 54
60000 528.1188960075378 336.2596839413977 54
60100 530.9380550384521 365.5417837263932 54
60200 574.776460647583 399.43896335509584 54
60300 620.6837658882141 451.67787575682905 54
60400 551.3358631134033 361.18383950111115 54
60500 597.1706476211548 407.2423209508084 54
60600 559.0970063209534 371.3913716064518 54
60700 633.8485579490662 444.52643215747435 54
60800 660.8277599811554 462.5279819442877 54
60900 558.7722463607788 357.77063173087225 54
61000 465.50442242622375 308.782929702828 54
61100 566.5018413066864 379.6806874387539 54
61200 519.3458178043365 351.06238086646704 54
61300 643.593278169632 469.8787831386304 54
61400 568.727949142456 397.86047913343555 54
61500 557.9002907276154 398.4862585262357 54
61600 647.2383539676666 466.62337107669475 54
61700 713.550722360611 532.9642355267958 55
61800 483.93277287483215 315.1805426376654 55
61900 508.34109258651733 344.48304544645305 55
62000 571.1832625865936 365.7517819280512 55
62100 528.2408564090729 353.6330589852889 55
62200 593.5131330490112 423.83641461523473 55
62300 528.0842010974884 362.4070886504166 55
62400 555.4680352210999 387.32220998421707 55
62500 544.2137877941132 352.3301392011898 55
62600 538.5872611999512 355.8779497706168 55
62700 489.2988226413727 324.46294179622953 55
62800 549.9496185779572 364.6530862595224 55
62900 531.2464318275452 348.10931339340675 55
63000 555.5011756420135 361.0070720056907 55
63100 531.8276362419128 354.02287439707834 55
63200 631.7316293716431 459.24889543815846 55
63300 554.4013297557831 373.1424686137025 55
63400 546.9021418094635 367.7048659548185 55
63500 513.5846290588379 327.7192247173951 55
63600 509.44454050064087 335.0980972333099 55
63700 578.7697310447693 380.0574089700031 55
63800 479.1052989959717 326.3977136955399 55
63900 542.3328740596771 349.9630674057577 55
64000 481.5770869255066 323.0416297685548 55
64100 503.7751941680908 332.63713153764274 55
64200 1252.7144618034363 1067.9922869223294 56
64300 498.1533901691437 324.6828246829831 56
64400 500.2370550632477 334.52225547923445 56
64500 527.2138798236847 355.45509370697374 56
64600 579.0533068180084 402.1486933537871 56
64700 604.0410211086273 437.49813165892647 56
64800 576.4838683605194 404.30256765938407 56
64900 635.1756246089935 433.9501650183248 56
65000 549.0971941947937 383.73822123932564 56
65100 579.3830251693726 388.5968872651412 56
65200 574.553430557251 370.918404890667 56
65300 602.8618161678314 422.47867008737956 56
65400 516.469432592392 347.98475366447553 56
65500 622.6921210289001 411.4646810653403 56
65600 573.3788733482361 413.87217117196985 56
65700 515.6952922344208 338.8685365773473 56
65800 534.2902371883392 366.3302026541343 56
65900 567.4004817008972 392.01328865213793 56
66000 628.3719582557678 449.99287875389376 56
66100 567.133054971695 402.1810184179541 56
66200 502.2053256034851 342.0216822773435 56
66300 573.0434904098511 392.4364480006757 56
66400 569.4966909885406 398.55356392859 56
66500 566.3961081504822 395.128145047804 56
66600 588.6348083019257 411.62716290081426 56
66700 576.4228913784027 399.9104295207926 56
66800 551.8928649425507 382.75883487445424 56
66900 563.2986369132996 398.27305388991874 56
67000 759.1440467834473 580.9925701652917 56
67100 605.53431391716 432.12193739437026 56
67200 652.5980806350708 484.40275828966685 56
67300 659.4301481246948 491.335495694732 56
67400 603.0830965042114 411.7887912021118 56
67500 516.0964777469635 316.3362677202772 56
67600 479.2948498725891 318.7019669441499 56
67700 590.9699559211731 391.06249847706687 56
67800 574.0039172172546 392.10851814527393 56
67900 560.0678265094757 390.99386348337123 56
68000 801.9998359680176 619.0436302808497 56
68100 553.8714828491211 364.84046724904294 56
68200 560.9222731590271 399.91696737519203 56
68300 598.4669723510742 417.468449104003 56
68400 559.1095290184021 368.38120846555614 56
68500 547.5393421649933 362.0369976231615 56
68600 522.6312966346741 373.12856498060097 56
68700 682.8167040348053 496.60132839682785 56
68800 666.111330986023 458.4462329020591 56
68900 570.8512647151947 396.15579756915645 56
69000 542.7875401973724 357.68661257319087 56
69100 555.4755499362946 379.25708244408975 56
69200 568.9417853355408 386.5735563412632 56
69300 462.8036365509033 307.7672004512999 56
69400 563.9403183460236 374.31632211016256 56
69500 521.2346267700195 353.0509032097059 56
69600 514.7341830730438 344.44924633567183 56
69700 603.1522753238678 410.46582841035035 56
69800 596.5046005249023 429.28643716036345 56
69900 554.8587131500244 379.4876315001765 56
70000 536.550740480423 351.9061061756261 56
70100 596.3592357635498 413.92231017693837 56
70200 609.956378698349 408.6188236007074 56
70300 614.553257226944 419.3058450850176 56
70400 515.9457981586456 350.9910114568505 56
70500 547.1609616279602 395.89471224310256 56
70600 631.4714202880859 449.741889083803 56
70700 587.8436613082886 403.6358599854375 56
70800 469.7240059375763 313.7497532624692 56
70900 635.9369270801544 444.32180731027626 56
71000 529.5852088928223 366.1394989736568 56
71100 547.4028415679932 365.2638673825273 56
71200 583.6486344337463 395.45948790071645 56
71300 547.1860270500183 366.8541620999317 56
71400 663.2062091827393 476.839460474003 56
71500 696.0206251144409 509.9555666861725 56
71600 663.9027307033539 491.18096273561105 56
71700 743.2475230693817 565.668055393869 57
71800 641.4975380897522 481.424834185318 57
71900 625.2034096717834 442.4229501895268 57
72000 491.6101062297821 338.3320530508644 57
72100 674.512344121933 508.4275406604124 58
72200 548.4466125965118 382.43902853525424 58
72300 630.8051459789276 435.99830764770866 58
72400 565.5381541252136 390.6036139431403 58
72500 584.1411004066467 385.4972566116258 58
72600 601.1305305957794 432.6676741590718 58
72700 538.1281414031982 374.0578457254356 58
72800 588.3383493423462 402.206925068168 58
72900 617.7399785518646 446.4800565332961 58
73000 548.6310214996338 375.3659928830606 58
73100 537.0009443759918 359.07466930489807 58
73200 626.3783085346222 440.05486855471895 58
73300 537.2511744499207 365.6584077957531 58
73400 542.35227227211 365.11236114698596 58
73500 580.5899310112 422.5218367556979 58
73600 629.8596680164337 454.5312123812697 58
73700 627.9492814540863 440.46851118661135 58
73800 573.766921043396 416.97383342580247 58
73900 730.0736126899719 558.9844165095403 58
74000 699.0867879390717 519.0092504436374 58
74100 594.8490118980408 420.89046816045743 58
74200 574.4266560077667 384.9906009770946 58
74300 583.8417994976044 399.8573950986611 58
74400 584.8978743553162 412.40173654029184 58
74500 755.5645945072174 581.3064745552191 58
74600 590.7635321617126 410.3940773621616 58
74700 595.8928737640381 427.5758472820597 58
74800 601.454320192337 420.43717965957035 58
74900 650.57017827034 465.83198481663464 58
75000 538.6640243530273 381.1496484191706 58
75100 608.271491765976 419.894106909073 58
75200 533.2238209247589 366.5452602749932 58
75300 604.5582504272461 429.6859485238034 58
75400 626.342248916626 448.66417044214563 58
75500 687.711061000824 513.7938564178838 58
75600 595.5650887489319 429.8870244289906 58
75700 816.2713134288788 654.4142275951633 58
75800 723.4367287158966 519.4383545226591 58
75900 614.5440423488617 441.8910109602781 58
76000 571.7761583328247 398.06699970382454 58
76100 652.5758783817291 458.82778510689695 58
76200 1880.077082157135 1694.6700685145227 59
76300 637.7334623336792 464.6472552847567 59
76400 643.04753947258 481.1681790489904 60
76500 671.0282554626465 478.39285655659205 60
76600 621.2725787162781 432.7738012432135 60
76700 578.7983140945435 407.3813999214035 60
76800 716.0818934440613 542.0234400019624 60
76900 608.1455340385437 447.6818975206853 60
77000 656.9286623001099 485.8718895466499 60
77100 605.0262236595154 400.2495087270038 60
77200 546.5163841247559 388.3039929160791 60
77300 598.759895324707 426.85109893289865 61
77400 602.0484275817871 434.33199993309665 61
77500 564.3723726272583 393.79475849849325 61
77600 567.792683839798 379.46603054774346 61
77700 568.2978775501251 397.33130279693114 61
77800 615.2692959308624 428.82012310304634 61
77900 557.3482391834259 391.3867420374387 61
78000 660.2314326763153 462.44896723203556 61
78100 563.5746147632599 383.5062991351348 61
78200 526.0933804512024 353.2940190119586 61
78300 618.1612524986267 414.09254493276205 61
78400 555.6269595623016 377.297231508822 61
78500 573.8602268695831 386.2023314306184 61
78600 589.80135846138 423.8271202894251 61
78700 619.5269494056702 456.2794991166295 61
78800 496.1827461719513 338.6426703346731 61
78900 563.2572617530823 375.49848983780475 61
79000 566.0177381038666 396.8152859901453 61
79100 562.7145957946777 392.1131072253055 61
79200 767.5699203014374 584.9900946700856 62
79300 545.4419801235199 360.6226811971493 62
79400 602.3394639492035 416.506532477201 62
79500 697.6152582168579 503.1641230083229 62
79600 587.7126357555389 407.5939984199984 62
79700 581.8047938346863 414.29239702405437 62
79800 796.7078092098236 613.3060943433662 62
79900 546.657800912857 373.80754549285115 62
80000 603.9270491600037 420.1295385102169 62
80100 665.3073954582214 490.1421000203649 62
80200 616.6443536281586 440.2420859595893 62
80300 559.2804644107819 387.88047444803584 62
80400 499.612455368042 311.3540599483552 62
80500 639.5188500881195 451.5868394192844 62
80600 597.6616899967194 424.0832306390816 62
80700 677.2690782546997 481.575452966682 62
80800 550.8989953994751 383.86797344886304 62
80900 503.54299998283386 329.97856174064805 62
81000 532.7281930446625 369.3533496960535 62
81100 720.5163192749023 569.6508055266186 62
81200 604.0618152618408 421.55244134625104 62
81300 635.641351222992 454.0573722927629 62
81400 631.8403086662292 483.1047547312442 63
81500 593.1158533096313 418.8408402935945 63
81600 672.9013049602509 490.91109269966273 63
81700 541.590096950531 364.2826568279332 63
81800 580.0576159954071 413.4607633297586 63
81900 668.547367811203 479.5005804646238 63
82000 649.454231262207 464.315537774159 63
82100 560.7823150157928 405.3750526604532 63
82200 593.282351732254 393.3969824314398 63
82300 634.400116443634 445.67850561056684 63
82400 554.9899082183838 378.5854162049807 63
82500 598.4832785129547 412.1342067783661 63
82600 610.052815914154 436.3699650531469 63
82700 544.9085450172424 370.83639988651646 63
82800 466.36774706840515 319.4960978506376 63
82900 528.5239496231079 366.6885291786789 63
83000 583.759265422821 410.9586657804149 63
83100 966.6685118675232 771.9682708330133 64
83200 703.95072722435 513.9537952613273 64
83300 625.3168025016785 432.80726922624183 64
83400 603.4468464851379 433.37233339817044 64
83500 591.864547252655 416.2803513030444 64
83600 563.3726079463959 396.4326982529276 64
83700 552.055597782135 385.2698985889946 64
83800 594.9047911167145 419.26564383652783 64
83900 553.4295918941498 381.15369909564396 64
84000 549.4935245513916 379.9629294757981 64
84100 546.9326601028442 374.53936499672665 64
84200 555.2659828662872 379.4159540069926 64
84300 553.8588712215424 388.7311717934329 64
84400 583.3224351406097 407.76538866585315 64
84500 570.637065410614 395.438491981306 64
84600 560.4087429046631 384.1406023351781 64
84700 503.32146286964417 337.5527481408242 64
84800 636.9833641052246 466.63255869209945 64
84900 655.7218148708344 475.62695098403674 64
85000 568.9444088935852 405.13584601051946 64
85100 550.3591828346252 364.44025680114555 64
85200 586.1382439136505 421.5713284246483 64
85300 571.1227588653564 386.2468648112915 64
85400 632.8782398700714 438.9642046257991 64
85500 578.6330277919769 407.56996860949647 64
85600 768.1024076938629 589.8659164411254 64
85700 680.9684286117554 504.5533962188108 64
85800 701.4585936069489 533.6256424743469 64
85900 535.4095480442047 356.47237952337366 64
86000 769.6880850791931 581.9412351210624 65
86100 635.6137065887451 468.444509246336 65
86200 627.8623871803284 446.1886557184055 66
86300 480.3163049221039 309.1485375521591 66
86400 611.817188501358 429.72023549324155 66
86500 752.1712458133698 569.5607020058077 66
86600 550.4456205368042 372.0699734513628 66
86700 1032.7172977924347 844.6583893765306 66
86800 537.8682427406311 384.51350439806697 67
86900 641.0483345985413 479.46216236307737 67
87000 725.3641276359558 554.1096814669779 67
87100 1353.023368358612 1172.9680297814552 68
87200 579.01424741745 410.90909712610375 68
87300 520.5438373088837 346.73029810721863 68
87400 725.1941692829132 563.0297809845151 68
87500 646.980123758316 468.9761471484908 68
87600 636.8125779628754 473.50381361569765 68
87700 600.6600172519684 417.5808514539367 68
87800 560.1799936294556 394.98947949397234 68
87900 482.64968490600586 313.9712011333593 68
88000 604.8363516330719 418.79441812533184 68
88100 532.0014154911041 370.33509835872724 68
88200 529.6598026752472 365.67727657858984 68
88300 669.413078546524 488.2688926254241 68
88400 798.4008438587189 625.7443388929935 68
88500 697.352721452713 515.629513432509 68
88600 554.577752828598 369.8694697107792 68
88700 559.7674567699432 383.22513563404186 68
88800 506.90646624565125 337.8726191192707 68
88900 995.4571390151978 817.1622404074059 68
89000 649.0462145805359 474.0079094121686 68
89100 622.0996224880219 479.277664477122 68
89200 635.443740606308 454.53071573740255 69
89300 1684.2148571014404 1499.7470477180345 70
89400 580.4154226779938 408.6890768849073 70
89500 574.8150525093079 416.2693063343519 70
89600 691.278226852417 522.1596854984816 71
89700 710.7029962539673 540.2202891190045 71
89800 668.9711763858795 485.91421984258176 71
89900 680.4305176734924 494.6502144154391 71
90000 578.5989992618561 424.3168391217032 71
90100 647.4926371574402 467.71437553766344 71
90200 574.7078404426575 399.4150141543525 71
90300 735.9529266357422 555.2698789601809 71
90400 592.9381856918335 415.7564454221309 71
90500 602.9811115264893 446.641280640338 71
90600 576.7202491760254 399.5299114647598 71
90700 618.6674561500549 455.7149814946086 71
90800 537.5434193611145 352.0516109793752 71
90900 557.5749545097351 391.84003306401564 71
91000 586.8839871883392 423.10941343434513 71
91100 538.9917421340942 364.8333067705633 71
91200 518.0873444080353 348.5261749226552 71
91300 626.6394219398499 425.3315557336264 71
91400 472.58810329437256 307.1384949194035 71
91500 496.45738458633423 323.6279215887174 71
91600 555.4395024776459 362.74670867414466 71
91700 612.5376167297363 433.9696857179898 71
91800 625.916604757309 441.7237447646852 71
91900 574.0442714691162 421.17210391811886 71
92000 600.4809882640839 417.3276292140682 71
92100 534.0453541278839 365.82792579785536 71
92200 596.1432573795319 398.3369626487523 71
92300 604.3735980987549 434.7981486842749 71
92400 561.0974726676941 390.9040305623555 71
92500 601.190833568573 427.3063184718044 71
92600 560.4804000854492 382.0944990774191 71
92700 572.7415487766266 392.39073259490897 71
92800 748.770430803299 572.7254834920865 71
92900 576.8100938796997 396.50306524059897 71
93000 611.562796831131 460.7139711458717 71
93100 508.40990257263184 348.3183483542928 71
93200 570.3807103633881 415.7668138451205 71
93300 607.0548663139343 417.75498965152696 71
93400 613.7706778049469 435.18725004182875 71
93500 608.4007606506348 430.52750009250724 71
93600 695.1827778816223 493.7888211149366 71
93700 628.2997162342072 434.9241814363802 71
93800 558.9353060722351 373.79593653245786 71
93900 546.8144042491913 367.81726501613923 71
94000 568.294103384018 395.3878377895106 71
94100 534.8902671337128 365.9255291049137 71
94200 650.3950078487396 481.375343584967 71
94300 586.8346824645996 431.61747871284234 72
94400 546.8775081634521 361.12101120859325 72
94500 534.8883695602417 367.87831639665535 72
94600 591.0454134941101 420.808352296899 72
94700 571.7725248336792 395.741599016828 72
94800 541.6246907711029 373.3275248135136 72
94900 540.9764211177826 380.14966290722134 72
95000 614.8519458770752 406.2299444575216 72
95100 587.4650726318359 397.0878524806216 72
95200 569.3809595108032 375.98680038346424 72
95300 640.0446493625641 450.30146063439577 72
95400 730.3967247009277 550.1809229205651 72
95500 846.187490940094 665.1379343250696 72
95600 581.9162566661835 406.3749367363231 72
95700 736.7654440402985 565.4632082674668 72
95800 501.77919125556946 335.4263714649635 72
95900 643.4860761165619 446.892208093975 72
96000 592.493420124054 421.43155031885715 72
96100 540.6067290306091 365.50807159118085 72
96200 665.7364978790283 480.7940758099203 72
96300 715.6121881008148 523.8307717174305 72
96400 570.2536549568176 401.31758242806944 72
96500 513.2710635662079 352.3404509033079 72
96600 612.4814295768738 435.74028299342785 72
96700 645.9221022129059 469.7487731782878 73
96800 608.821738243103 427.10004581735257 73
96900 521.7360391616821 356.08649428364595 73
97000 476.32790994644165 318.8741973171886 73
97100 569.1314885616302 404.5384591835018 73
97200 773.0476188659668 612.5382461102383 73
97300 714.1552875041962 537.7687774685562 73
97400 573.0071377754211 396.59630319125677 73
97500 577.4589395523071 409.5997779927539 73
97600 572.62047123909 372.2183815975818 73
97700 517.519896030426 353.0425257310293 73
97800 598.1136009693146 438.0949460606157 73
97900 642.9802842140198 445.59282353924095 73
98000 562.5774683952332 368.615342277006 73
98100 538.3864839076996 355.96572106989026 73
98200 551.7519955635071 384.47341513126025 73
98300 551.1811456680298 380.04871962934186 73
98400 640.8570840358734 455.81757208288013 73
98500 901.2213559150696 712.4583049684217 73
98600 546.0014669895172 360.9727634188629 73
98700 660.5461552143097 496.9844775292163 74
98800 609.9602665901184 430.92710803533447 74
98900 631.2617354393005 432.99481666129657 74
99000 609.6046123504639 425.2679729333415 74
99100 502.1480884552002 340.97132544276076 74
99200 524.6191732883453 338.8641877635512 74
99300 624.7830519676208 449.43552888534435 74
99400 586.2939503192902 412.9664104527841 74
99500 571.4601333141327 382.72785652276104 74
99600 602.0321459770203 419.4459493579799 74
99700 817.4093506336212 642.921895400787 75
99800 600.9049310684204 410.9065098489368 75
99900 480.1625247001648 320.3126918447401 75
100000 697.3991494178772 520.57907985371 75
100100 540.6123123168945 356.036012483267 75
100200 553.2409937381744 381.1123936066018 75
100300 762.9774789810181 576.1481636485291 75
100400 629.7060482501984 449.1350899008639 75
100500 491.97920083999634 320.08497537091216 75
100600 545.5549914836884 366.9569178151491 75
100700 609.1935603618622 423.87471953780175 75
100800 538.669026851654 379.8480474656127 75
100900 580.9832360744476 408.1258769444077 75
101000 619.2736144065857 445.8126286964279 75
101100 623.6253094673157 423.14480491827396 75
101200 598.1505348682404 418.28370165083675 75
101300 587.5476839542389 400.93473586154937 75
101400 739.2376780509949 555.2241788088294 75
101500 623.4513719081879 447.94333971130686 75
101600 718.3166387081146 524.5663199296636 76
101700 589.5999789237976 409.57066262599136 76
101800 569.3288116455078 379.51755690388495 76
101900 741.6065535545349 557.454440550253 76
102000 654.2363948822021 476.0979750162436 76
102100 703.6315467357635 527.6420233844349 76
102200 602.9302716255188 403.8627593156985 76
102300 593.5549867153168 403.76477275482216 76
102400 547.5499625205994 378.60761761896845 76
102500 566.5048701763153 401.72308990795045 76
102600 612.4477870464325 449.6182080542183 76
102700 459.08364176750183 298.2908564391304 76
102800 546.9605119228363 392.65692001393654 77
102900 568.3294086456299 389.2837251007812 77
103000 610.1781191825867 429.02597348238123 77
103100 630.3901093006134 449.2481012282397 77
103200 591.9211955070496 428.3438833396856 77
103300 599.6505091190338 424.3776251239143 77
103400 488.75077962875366 338.87319950493344 77
103500 579.3927412033081 400.7308998080656 77
103600 675.7393081188202 499.9231472819222 77
103700 574.1773550510406 408.3410057401969 77
103800 605.1031742095947 416.274803852682 77
103900 615.6353271007538 459.7451192336449 77
104000 591.485333442688 421.29652991475405 77
104100 633.8077132701874 449.7106931485876 77
104200 646.9243519306183 461.4977796245555 77
104300 629.6473822593689 450.122255348719 77
104400 611.4881181716919 445.78899140292475 77
104500 621.6269896030426 433.6947681427835 77
104600 643.3876898288727 450.91019716816993 77
104700 606.0708696842194 429.02688723921403 77
104800 544.1143062114716 367.61470586766916 77
104900 820.1031668186188 653.2159308765912 77
105000 746.068660736084 559.0858414943633 77
105100 594.9207873344421 408.3825589730079 77
105200 583.1558556556702 407.21012439599826 77
105300 460.35779452323914 311.07023526635624 77
105400 619.711594581604 426.2335893401129 77
105500 622.868124961853 432.84721476798586 77
105600 665.4558725357056 490.6229461987247 77
105700 570.6564049720764 419.266108518548 77
105800 541.0704917907715 359.790118931017 77
105900 679.1778213977814 506.88249546712245 78
106000 605.2583601474762 420.9465176615504 78
106100 606.6898691654205 423.71978587489355 78
106200 608.7927222251892 429.1066062472225 78
106300 532.5685029029846 374.39745814514225 78
106400 580.6049842834473 401.4722926667261 78
106500 588.8054187297821 423.0744747560782 78
106600 622.8877272605896 459.9414201980255 78
106700 678.376677274704 508.95975969162873 78
106800 614.8631315231323 422.7995845210056 78
106900 542.6165988445282 370.58328456376205 78
107000 574.2625141143799 409.169000349715 78
107100 528.058634519577 348.8156831345709 78
107200 503.4663510322571 326.50487988432855 78
107300 578.509792804718 405.0213166163496 78
107400 612.9488055706024 455.6282288756473 78
107500 659.4344346523285 471.28066439583245 78
107600 755.3046944141388 578.3911151244163 78
107700 564.3662509918213 380.6774656075006 78
107800 594.2399702072144 399.5524655996304 78
107900 575.8243970870972 409.23865257519094 78
108000 505.80935430526733 336.3550746072148 78
108100 525.5162436962128 343.0733398402913 78
108200 576.7874166965485 394.60944134905367 78
108300 566.927184343338 392.89708934359146 78
108400 576.6566309928894 403.61386624707836 78
108500 592.2698900699615 426.2716356282958 78
108600 535.0123083591461 364.7150027504796 78
108700 650.8187017440796 466.5500543088538 78
108800 672.9926462173462 487.6702011869015 78
108900 557.8139379024506 383.16878833050134 78
109000 562.2334847450256 386.30499345021906 78
109100 647.2258908748627 473.5843820048848 78
109200 634.0860872268677 451.36016237514343 78
109300 604.7611532211304 418.9146839044148 78
109400 546.8584785461426 374.71821714819464 78
109500 696.7135944366455 536.7110642635578 78
109600 553.1378562450409 401.92388134687934 78
109700 766.9256756305695 591.9112923492886 78
109800 541.1092305183411 365.9357476618435 78
109900 613.9673280715942 416.467619465294 78
110000 543.9182500839233 383.8810581245514 78
110100 646.4022631645203 447.89363656880664 78
110200 624.4674391746521 432.79895234600986 78
110300 594.4127223491669 431.684578130889 78
110400 643.7979798316956 438.8120682667236 78
110500 588.8974139690399 409.67691847812426 78
110600 529.8699014186859 374.1724231792823 78
110700 513.6797754764557 357.1356908736856 78
110800 544.0427520275116 371.5197660968727 78
110900 502.2691602706909 335.3832883258041 78
111000 604.4269194602966 410.20898244558305 78
111100 610.7275929450989 442.42865402188113 79
111200 615.5081596374512 438.99174031958574 79
111300 570.7715775966644 395.3310463163624 79
111400 590.0484750270844 418.20551902797496 79
111500 624.5292727947235 488.96681421031514 79
111600 589.418794631958 426.5287660559602 79
111700 542.6539936065674 360.701954312568 79
111800 644.9253287315369 490.7203344719506 79
111900 544.2414672374725 368.3742961604349 79
112000 520.4552516937256 344.9602847049767 79
112100 765.8296747207642 606.5540071208565 79
112200 600.4437348842621 409.2434309984208 79
112300 580.6087744235992 411.51513282550695 79
112400 538.4116616249084 367.1157417456802 79
112500 580.6274638175964 399.05937687566313 79
112600 639.8408324718475 462.7819490102346 79
112700 575.6950516700745 395.1684362663215 79
112800 634.0806746482849 467.6583283769309 79
112900 623.0321311950684 448.08351527724 79
113000 750.8477516174316 560.4599401188894 80
113100 711.1396734714508 542.2392027680328 80
113200 578.6315975189209 420.7324484861871 80
113300 601.0447435379028 427.3523768896149 80
113400 614.0361421108246 434.4709463761218 80
113500 499.63039994239807 328.9670467604439 81
113600 526.3319747447968 346.68787304705876 81
113700 475.50814962387085 303.6741916497897 81
113800 646.4449706077576 459.34850620733056 81
113900 592.5386252403259 429.5630098128342 81
114000 761.226982831955 587.6167799510724 81
114100 669.1641397476196 480.0754256791606 81
114200 578.4180264472961 396.6636657660481 81
114300 624.5747318267822 451.9429661294035 82
114400 693.677038192749 502.840496400303 82
114500 575.690441608429 402.6366236618617 82
114600 618.2818002700806 441.18746409419555 82
114700 558.8442463874817 384.90598098056944 82
114800 517.0049147605896 354.6127313570565 82
114900 535.4556574821472 357.1966850176759 82
115000 632.5009872913361 460.2408523255317 82
115100 795.8472716808319 595.1321795852087 82
115200 604.4703421592712 444.203754474329 82
115300 523.8274290561676 369.52156273194066 82
115400 584.0140340328217 398.82541485526235 82
115500 502.28067803382874 331.86451537473033 82
115600 547.2459802627563 393.39645428650846 82
115700 596.6717259883881 423.13526949877553 82
115800 580.4162900447845 407.21886277563476 82
115900 552.7692399024963 356.9027769692584 82
116000 549.3441872596741 355.53235027996305 82
116100 592.6933765411377 423.9702695657671 82
116200 707.79469871521 530.156637381132 82
116300 625.4990303516388 458.9614222541935 82
116400 579.6235342025757 406.7185478989762 82
116500 552.2212324142456 388.7092379004921 82
116600 695.6909847259521 505.5380201720122 82
116700 644.512689113617 471.1870202788166 82
116800 625.3092982769012 429.9579711451953 82
116900 556.8639242649078 379.332570529466 82
117000 586.874666929245 399.8590340109571 82
117100 616.3816621303558 439.1686276987675 82
117200 631.1395363807678 476.4219117933469 82
117300 610.2664606571198 442.8513370813236 82
117400 539.7169771194458 377.43456053309853 82
117500 631.0934398174286 474.66938678597205 82
117600 640.8014390468597 458.61172626512047 82
117700 568.0822334289551 386.0440959679712 82
117800 593.1629590988159 413.44776502133107 82
117900 597.0218052864075 405.6347519938382 82
118000 567.5528612136841 376.8986773443809 82
118100 538.4648587703705 359.3534734829254 82
118200 554.3047647476196 387.93715594051366 82
118300 609.6872277259827 451.2530978255134 82
118400 612.8276968002319 434.9407339638223 82
118500 544.9952538013458 377.46917203688145 82
118600 589.2106368541718 410.982966292647 82
118700 600.8940160274506 418.62682367153616 82
118800 606.7752947807312 415.95326217990663 82
118900 767.1661610603333 592.7501387933553 82
119000 582.9793782234192 405.39718266116563 82
119100 573.1187627315521 402.9822947861899 82
119200 730.9921522140503 538.5758699111634 82
119300 587.4824213981628 405.81632083868317 82
119400 636.2678110599518 459.3341223663909 82
119500 753.8152096271515 568.7478323523097 82
119600 615.5445303916931 420.9503479229471 82
119700 628.8551235198975 450.45122273683916 82
119800 546.944328546524 382.93082112599444 82
119900 624.4508407115936 436.6589119464519 82
120000 480.95036149024963 340.2221083766867 82
120100 526.7233662605286 364.28474591260795 82
120200 639.5628395080566 451.1870572439457 82
120300 644.9837484359741 468.7050605134423 82
120400 628.5223281383514 472.619874947438 82
120500 660.5903837680817 466.29346094573054 82
120600 567.0369410514832 399.5389977394252 82
120700 545.9483327865601 380.95650311031034 82
120800 738.19371342659 568.6045977617412 82
120900 665.3646450042725 500.77188391599987 82
121000 591.7286443710327 393.7803286833922 82
121100 636.6692576408386 483.0203818808443 82
121200 709.8369646072388 516.2497836950134 82
121300 592.6682453155518 427.4094297074305 82
121400 772.3344943523407 584.733392568711 82
121500 656.8122217655182 464.4779622669414 82
121600 571.5346210002899 398.7213842193057 82
121700 582.7233564853668 415.627011106444 82
121800 612.2866291999817 421.77698961937597 82
121900 681.1340682506561 490.52104345739633 82
122000 529.360589504242 373.34875629065556 82
122100 624.9932770729065 449.17387161288974 82
122200 569.3387639522552 406.75024441144495 82
122300 594.3149707317352 413.9031497645608 82
122400 531.833568572998 376.43585798199354 82
122500 668.7448694705963 463.11430612646245 82
122600 656.7077789306641 503.74514789189084 82
122700 642.5616917610168 435.61228615997766 82
122800 532.3815686702728 371.46029690106195 82
122900 781.1239266395569 578.2607538491199 82
123000 610.4906885623932 437.88034840530815 82
123100 549.5765221118927 364.89149595088315 82
123200 597.7690589427948 428.7963625648302 82
123300 547.1458537578583 365.05667313411266 82
123400 561.1913554668427 374.1991004198557 82
123500 652.9063148498535 440.6314715622617 82
123600 753.8004059791565 560.4079768910244 83
123700 688.1907606124878 521.6658701635332 83
123800 558.167679309845 397.26977129134264 83
123900 571.3398716449738 392.6600218506079 83
124000 615.0469772815704 441.234043051455 83
124100 620.5962402820587 453.0980126952962 83
124200 686.358065366745 504.01563518589404 84
124300 574.6764793395996 390.7531099116446 84
124400 578.8203575611115 408.45018683050114 84
124500 547.2442004680634 355.8979517581349 84
124600 508.4905834197998 368.4401339380694 84
124700 520.4986479282379 349.2312989038824 84
124800 577.4916117191315 399.5680161322587 84
124900 553.1338415145874 377.6927969006938 84
125000 563.5743803977966 386.7180387747284 84
125100 537.8419556617737 368.5230826039898 84
125200 581.9218103885651 397.1995790029947 84
125300 546.7519817352295 366.0727265774218 84
125400 550.3063249588013 358.1838184048768 84
125500 518.4720692634583 363.2046834851042 85
125600 573.5375897884369 389.606158728021 85
125700 586.1392917633057 424.30374753381244 85
125800 654.2032935619354 474.22200431097286 86
125900 521.7784423828125 367.5330127638034 86
126000 585.8021521568298 382.8828676522386 86
126100 568.6562924385071 401.650533647999 86
126200 522.0380685329437 360.51343835836246 86
126300 532.8327527046204 353.2337958626101 86
126400 609.7324919700623 433.6644666346957 86
126500 692.5803828239441 504.3691078063721 86
126600 553.0766451358795 394.49840141952 86
126700 516.9751622676849 346.6780693579494 86
126800 486.19203639030457 321.72388699937164 86
126900 604.7882797718048 407.8886891787089 86
127000 589.9739274978638 396.7596725526147 86
127100 508.1232912540436 365.54803655331114 86
127200 551.8354117870331 390.98768193874565 86
127300 568.0615417957306 400.2675003958585 86
127400 608.8688681125641 434.7301178432193 86
127500 547.6656107902527 381.6888332249607 86
127600 530.2330753803253 356.89435573124933 86
127700 560.9574773311615 405.43237581913047 86
127800 586.8522536754608 423.79328029558826 86
127900 746.8161878585815 568.6111776440939 87
128000 550.5701177120209 391.48072141021714 87
128100 549.242972612381 401.3190949165495 87
128200 570.228110074997 401.2174584033221 87
128300 662.8837752342224 468.7901166571515 88
128400 553.4743897914886 385.94043401505337 88
128500 564.9031925201416 398.09979663402385 88
128600 550.8748874664307 388.9381693371729 88
128700 613.9246361255646 429.10326067785866 88
128800 537.5980272293091 367.8497597240723 88
128900 603.2089700698853 431.9251190726974 88
129000 624.2620046138763 423.6089689489154 88
129100 602.5591268539429 429.47579702946734 88
129200 621.1542508602142 440.8998179169663 88
129300 517.3836052417755 329.75089497943543 88
129400 532.0746510028839 353.8689001276823 88
129500 604.7863893508911 433.1850466313889 88
129600 579.9007065296173 408.7991285894701 88
129700 772.583281993866 614.7732256669399 88
129800 591.4506723880768 427.66543685803504 88
129900 643.0268831253052 468.4347601838167 88
130000 641.7008714675903 447.81791903889473 88
130100 719.2855322360992 548.7773778068804 88
130200 607.8437490463257 435.00114068942105 88
130300 534.0585174560547 366.40277825332424 88
130400 508.6938672065735 335.6979505125622 88
130500 507.2173011302948 344.935616370997 88
130600 588.9518921375275 396.50110685354497 88
130700 671.9463829994202 483.4684531628973 88
130800 571.9218990802765 381.06397821912867 88
130900 735.5960705280304 537.5598798672595 88
131000 610.6456439495087 435.53344598042406 88
131100 592.1365940570831 424.37065872424944 88
131200 521.0019764900208 356.5601931067957 88
131300 566.9338805675507 423.123442870325 88
131400 579.4991290569305 408.99895792564894 88
131500 608.9486083984375 430.4519926074006 88
131600 649.7096853256226 475.38608550752923 88
131700 567.3896405696869 411.9295912861046 88
131800 589.2947564125061 423.8473657984832 88
131900 599.8965075016022 447.40981249770095 88
132000 638.9010901451111 455.59623795924256 88
132100 561.142297744751 373.47692122537205 88
132200 632.1897628307343 459.3944351810811 88
132300 582.9574429988861 417.1699868245494 88
132400 579.7023763656616 398.1369570780677 88
132500 579.163313627243 387.74394656904894 88
132600 764.2046313285828 589.0247377937477 88
132700 687.444253206253 515.2457381103331 88
132800 708.1349897384644 516.3041895882382 88
132900 623.3389036655426 444.36052730365986 88
133000 573.8111708164215 411.0863902405614 88
133100 634.3528907299042 475.27406841847176 88
133200 653.8134145736694 475.69766844603305 88
133300 634.9382774829865 425.19452282819293 88
133400 692.0567495822906 494.41637536119737 88
133500 701.0951750278473 525.3720511242875 88
133600 621.3426752090454 418.13863131752777 88
133700 522.2153067588806 351.2074364610656 88
133800 564.0533287525177 387.95920231463094 88
133900 564.9526665210724 404.449174882136 88
134000 585.6510760784149 403.01627680319575 88
134100 683.6671164035797 504.51514554554876 88
134200 621.8857452869415 451.6274694342042 88
134300 529.8769459724426 369.99874217668986 88
134400 548.4331924915314 376.9641372799608 88
134500 598.1738739013672 413.46976432095084 88
134600 647.635466337204 462.8095321304903 88
134700 489.0032126903534 325.97027396976625 88
134800 527.9256854057312 361.9407836744729 88
134900 710.9557790756226 538.0911451849166 89
135000 796.3798115253448 598.1316872127911 89
135100 534.0731596946716 356.78837540931625 89
135200 657.9408648014069 480.6357644908922 89
135300 530.0003297328949 381.58159074814216 89
135400 612.302451133728 428.86052298980985 89
135500 564.9541416168213 418.9320088420628 89
135600 577.6773371696472 414.73411880010167 89
135700 674.9523231983185 501.0205753542831 89
135800 568.1088380813599 379.9831139264595 89
135900 624.316841840744 429.6582703318471 89
136000 561.979984998703 397.12406756736544 89
136100 603.4016506671906 419.2923387164483 89
136200 514.5307738780975 358.9873580370301 89
136300 471.41916728019714 307.9331817774966 89
136400 910.6484224796295 728.0234701977362 90
136500 599.7309920787811 413.2629560653543 90
136600 492.19562578201294 333.5010651843402 90
136700 816.2814626693726 624.9097272592477 90
136800 625.1170456409454 437.044112521248 90
136900 537.4109671115875 379.5232087116212 90
137000 591.1474187374115 401.94800229470314 90
137100 491.6702301502228 308.48015341450395 90
137200 540.533843755722 361.1332132058744 90
137300 621.9840133190155 444.0457835779297 90
137400 547.0451920032501 373.26238535720154 90
137500 529.9470298290253 370.7649091883263 90
137600 592.5247855186462 407.3276767376508 90
137700 655.1281826496124 468.88202987264276 90
137800 580.0700597763062 408.2219677379243 90
137900 539.1935615539551 371.4286685988594 90
138000 588.8814866542816 424.56482423202226 90
138100 601.483197927475 447.21983859063516 90
138200 561.6336727142334 384.9733340214466 90
138300 624.5256996154785 432.55423709705394 90
138400 606.0232231616974 441.77428244556666 90
138500 574.1516635417938 391.3833743100154 90
138600 525.222490310669 362.78242291908975 90
138700 613.9911506175995 423.5411376542345 90
138800 563.1334636211395 384.32508861975225 90
138900 644.7988390922546 473.12720245225455 90
139000 590.5430490970612 406.32000363075576 90
139100 570.4562118053436 394.7561256670582 90
139200 633.9610695838928 453.1944029124224 90
139300 652.2990279197693 488.46084991493024 90
139400 624.1014239788055 433.06301154042546 90
139500 639.144140958786 457.9459180745447 90
139600 746.693767786026 557.1828282181502 90
139700 613.6420254707336 440.31377471462963 90
139800 761.6606540679932 593.4695310769571 90
139900 606.4230585098267 452.73819120678587 90
140000 563.087776184082 384.92451690650125 90
140100 589.0430488586426 405.9148414461945 90
140200 600.26766705513 432.954481115963 90
140300 698.8725337982178 515.6011353712925 90
140400 602.0758390426636 411.79150927356625 90
140500 511.73470735549927 333.8746101530554 90
140600 559.5509552955627 386.2145339726049 90
140700 599.2434782981873 408.61255402969164 90
140800 608.1739482879639 411.01194787465136 90
140900 533.2991216182709 358.69836896098616 90
141000 543.0292739868164 379.16333281553284 90
141100 632.6367394924164 439.8369967640401 90
141200 583.7843501567841 392.9440606768218 90
141300 596.04385638237 409.0493686768525 90
141400 565.9983456134796 385.9615666065358 91
141500 528.0086090564728 355.08169261874275 91
141600 528.1911804676056 354.7019988138019 91
141700 527.188859462738 374.29110849611925 91
141800 574.2373321056366 425.13788151267227 91
141900 580.1074368953705 384.7526060971178 91
142000 569.7575862407684 384.61777393109855 91
142100 522.8794238567352 355.5385806168335 91
142200 598.7965750694275 410.9532571016806 91
142300 541.2253506183624 374.6888382016542 91
142400 916.55539894104 722.4870698750786 91
142500 557.3854331970215 368.43054490167606 91
142600 567.4581031799316 381.1519092414096 91
142700 596.0916516780853 436.8904370285714 91
142800 598.6053652763367 430.88733488016453 91
142900 605.8540143966675 426.30851441768164 91
143000 589.2939350605011 427.63110318476305 91
143100 565.8814129829407 379.0031614649474 91
143200 704.4075090885162 533.4340546053287 91
143300 680.7917196750641 507.25489100531274 91
143400 768.1863965988159 593.7785525032143 91
143500 454.67228746414185 303.86171593771275 91
143600 516.9035799503326 347.3686129398509 91
143700 538.6845486164093 367.76799472117057 91
143800 685.3238739967346 510.21321299659917 91
143900 811.771644115448 634.7047277054985 91
144000 675.4418730735779 514.1616220563651 91
144100 560.9348430633545 387.9683100333673 91
144200 574.3707902431488 393.2751509300617 91
144300 731.4673359394073 561.1420570530753 91
144400 565.1103491783142 392.324701389154 91
144500 606.0413057804108 444.8492785542452 91
144600 756.0694301128387 598.1120270384231 91
144700 645.8013513088226 472.23863624536386 91
144800 628.611515045166 434.7580683940804 91
144900 556.7281177043915 384.75798498268216 91
145000 672.6508536338806 479.39913786538125 91
145100 598.4121887683868 428.0245919949425 91
145200 599.3508129119873 434.20011199192334 91
145300 605.2933714389801 421.0603109995343 91
145400 534.912225484848 351.1880585759553 91
145500 630.0708611011505 432.2512539324495 91
145600 583.2929680347443 413.78358028885395 91
145700 615.8591320514679 450.23683368773766 91
145800 605.1294484138489 424.937159188627 91
145900 716.420316696167 537.7027023761675 91
146000 569.6430718898773 400.58971809216644 91
146100 498.37366795539856 324.51464354876305 91
146200 590.1484332084656 405.8950403305835 91
146300 592.2347741127014 410.60999511127613 91
146400 612.8122067451477 419.6289344786612 91
146500 544.2103798389435 381.0256789941635 91
146600 631.1261563301086 461.7483166910443 91
146700 832.8461909294128 656.9418778463838 91
146800 597.9062151908875 421.5693157451418 91
146900 467.35312509536743 319.51849349051554 91
147000 799.7775411605835 609.5093549202112 92
147100 550.6333951950073 394.43653319839507 92
147200 610.5821008682251 426.38339386565553 92
147300 592.7070996761322 413.6402376134755 92
147400 599.4793093204498 403.67342743670326 92
147500 569.3293566703796 397.0932450223477 92
147600 772.8538234233856 589.6694620036637 92
147700 756.5912280082703 589.3977594712885 92
147800 561.3933849334717 388.9330247967617 92
147900 585.1231818199158 399.5318733439715 92
148000 627.0673277378082 450.5814265745473 92
148100 597.9745490550995 410.3926933900158 92
148200 577.2869198322296 407.6908279270371 92
148300 595.2273960113525 416.2592659461963 92
148400 602.6787118911743 427.9899494743273 92
148500 540.1384618282318 372.9709516108268 92
148600 697.0050489902496 526.4923278476754 92
148700 558.3596165180206 374.2365952226445 92
148800 550.4614613056183 368.94042727560736 92
148900 542.2864501476288 352.7506396031762 92
149000 534.4714453220367 369.8320023017509 92
149100 560.7494132518768 400.64406127178194 92
149200 577.4022364616394 390.4324951955256 92
149300 606.5512878894806 434.45616599134394 92
149400 617.9454531669617 444.4062710140814 92
149500 568.9571185112 399.9740619449108 92
149600 643.2017135620117 467.3972664905715 92
149700 602.1962225437164 418.82332974136466 92
149800 527.0603060722351 376.1552112669873 92
149900 586.6990144252777 413.4277729074372 92
150000 627.0429921150208 450.62159847768623 92
150100 572.2840397357941 405.74441706346556 92
150200 566.2900404930115 417.6366350532508 92
150300 739.2957255840302 577.8745184077984 93
150400 708.7323527336121 532.044554852847 93
150500 538.9265856742859 380.6038175566192 93
150600 604.567352771759 437.8683953335251 93
150700 581.1997909545898 392.7045116319929 93
150800 529.4458496570587 367.2051286500838 93
150900 620.5279402732849 458.04509134001614 93
151000 517.7816352844238 343.3007504846123 93
151100 568.7300136089325 405.7803152513038 93
151200 537.5958683490753 368.48257155792066 93
151300 620.9507205486298 446.8317759120953 93
151400 693.2133448123932 511.9076569697023 93
151500 538.1680290699005 378.6462768037261 93
151600 577.562597990036 389.74961445393683 93
151700 613.5335094928741 440.5430083204452 93
151800 563.2288053035736 386.02612034756584 93
151900 613.2831416130066 441.0081103826346 93
152000 587.8360278606415 409.62848939606727 93
152100 734.1340308189392 533.2469678269309 93
152200 614.1367778778076 451.72319084199944 93
152300 683.1751329898834 483.6047566034106 93
152400 639.0259430408478 457.37466898961793 93
152500 546.2278196811676 390.8785042086526 93
152600 591.7494065761566 422.4316799583496 94
152700 598.5676639080048 420.3284363777457 94
152800 599.6089580059052 428.04939823309496 94
152900 601.5184051990509 408.65915821788315 94
153000 538.1220970153809 363.4099499535663 94
153100 572.4675748348236 400.5217472790288 94
153200 598.7636733055115 395.82475364302127 94
153300 591.3895945549011 414.48006900908746 94
153400 566.4711956977844 400.38872423363745 94
153500 561.9507415294647 393.0350178855756 94
153600 577.9798948764801 393.6490713981676 94
153700 600.0202462673187 421.0054403900568 94
153800 577.7944428920746 391.5960824036306 94
153900 581.8372478485107 411.6568025487176 94
154000 585.0663833618164 429.6795798677613 94
154100 531.7742054462433 325.9792580745932 94
154200 527.9275193214417 352.37292782657244 94
154300 684.5439505577087 508.8428459391655 96
154400 599.322084903717 426.83871345013154 96
154500 569.1531326770782 390.8292855788378 96
154600 582.0274136066437 396.0918175567968 96
154700 634.6780803203583 457.1195947429411 96
154800 525.2967293262482 366.3015790632078 96
154900 653.4171311855316 460.2106912938369 96
155000 569.8235337734222 390.2168615019418 96
155100 607.6726062297821 435.0159297290321 96
155200 560.7221260070801 373.55130227064905 96
155300 534.1417100429535 362.2782600400277 96
155400 632.6735904216766 438.8700378617705 96
155500 581.0126633644104 395.8657692580028 96
155600 887.8562605381012 685.388800435028 96
155700 555.6958906650543 374.1246604294561 97
155800 568.0098071098328 390.20467461005717 97
155900 622.7717716693878 450.78789096915636 97
156000 568.1639568805695 394.22010425675694 97
156100 598.1830067634583 421.4935506537365 97
156200 575.5047779083252 400.54862415079606 97
156300 555.8231103420258 381.32782961287467 98
156400 523.5655314922333 361.7635474073555 98
156500 565.8188633918762 384.64530312151237 98
156600 547.6453728675842 361.01221894309776 98
156700 584.2391986846924 404.98311232062684 98
156800 547.9112503528595 365.4231372476348 98
156900 596.6485278606415 417.91225762955156 98
157000 768.0574672222137 593.2788773167387 98
157100 598.5699753761292 426.3514410842514 98
157200 591.8028690814972 401.994728711988 98
157300 537.8387870788574 363.77456996597147 98
157400 873.3251194953918 694.1424901832548 98
157500 653.4968740940094 475.7935956658637 98
157600 590.0412709712982 412.3431060949472 98
157700 581.9342823028564 415.49905777855236 98
157800 570.2740683555603 395.48282676306405 98
157900 577.5241887569427 381.8492347753589 98
158000 625.6864967346191 430.1321825315724 98
158100 585.6682639122009 417.6378434042225 98
158200 673.1658260822296 480.1018300266818 98
158300 724.6778342723846 546.8791589277208 100
158400 565.3870766162872 387.9112361083594 100
158500 590.8561334609985 416.61512764074075 100
158600 573.7720556259155 395.9037241108538 100
158700 520.5927467346191 374.64887774275223 100
158800 638.1625108718872 486.00607201026855 100
158900 529.715039730072 384.8290591610073 100
159000 537.6153724193573 363.60781363785395 100
159100 523.3247911930084 348.1199445646548 100
159200 665.1056723594666 491.6112509408417 100
159300 885.0175879001617 685.2059764727458 101
159400 569.8730142116547 390.1132829033867 101
159500 558.1449599266052 372.15020036344515 101
159600 563.4571330547333 379.3415010123238 101
159700 554.7286949157715 406.1231249628014 101
159800 636.443717956543 463.47897046611246 101
159900 637.9263734817505 461.3111281518741 101
160000 662.6278190612793 485.35194767802864 101
160100 608.4057219028473 440.1758645611162 101
160200 589.0512194633484 410.8163899783629 101
160300 574.2167179584503 399.6426582834224 101
160400 699.0636897087097 518.1036425664197 101
160500 577.0975584983826 408.76225714388636 101
160600 757.3690280914307 575.62666968845 101
160700 631.4149315357208 435.2210320994909 101
160800 546.7303495407104 389.0075767064311 101
160900 715.4372458457947 533.2616858105425 101
161000 585.0485019683838 419.73351711983844 101
161100 523.7353019714355 350.1673935761935 101
161200 547.0408113002777 376.62819760247703 101
161300 572.153247833252 409.31187119490926 101
161400 588.2434859275818 390.609206535511 101
161500 603.1643767356873 434.8111480047136 101
161600 526.7338802814484 357.61788234314514 101
161700 561.6309473514557 384.25307438403365 101
161800 526.2008819580078 370.8278513786498 101
161900 512.0687353610992 343.6375607518519 101
162000 616.5672581195831 450.43198061761973 101
162100 631.5614161491394 452.51433662668427 101
162200 599.3336713314056 414.44747246357974 101
162300 484.93303418159485 306.9762762095125 101
162400 592.2000641822815 409.7109876567441 101
162500 668.9593031406403 507.751712298098 101
162600 712.5543546676636 527.0993088554103 101
162700 482.051326751709 322.1617060326072 101
162800 562.6578505039215 384.08033635568654 101
162900 556.1295967102051 378.8109933658931 101
163000 523.7039604187012 358.54990030760257 101
163100 519.596581697464 344.9356769086439 101
163200 595.0199887752533 418.22513350209636 101
163300 719.7651505470276 537.9141748069903 101
163400 615.7012996673584 443.46179586327185 102
163500 686.6601738929749 493.06303340388183 102
163600 661.6429831981659 484.1382750641287 102
163700 632.3595535755157 428.98949876418794 102
163800 581.0566558837891 406.1131483244849 102
163900 550.3918108940125 381.54142237858 102
164000 483.17097330093384 313.0592037958773 102
164100 558.2169411182404 370.59610911407185 102
164200 605.8859984874725 424.5114251366664 102
164300 639.97447681427 458.00565921476976 102
164400 534.4317879676819 348.62230102017395 102
164500 582.9355833530426 411.71551909103187 102
164600 601.0541338920593 457.2603686981964 102
164700 594.8029363155365 405.57596258540633 102
164800 602.3353505134583 404.7518988746442 102
164900 622.9104285240173 423.1230858477471 102
165000 577.3305416107178 401.1772025720342 102
165100 519.411785364151 357.65967740212295 102
165200 551.9751613140106 398.59076394741425 102
165300 584.709867477417 396.3745129575888 102
165400 550.454519033432 368.40408917715445 102
165500 677.3117489814758 487.77876042224983 102
165600 625.1242146492004 460.0549275587541 102
165700 594.483695268631 400.36893261288594 102
165800 642.9460880756378 466.1540427948293 102
165900 625.8425827026367 468.96313034798357 103
166000 553.434487581253 384.03003766749225 103
166100 556.3776087760925 383.0952033437933 103
166200 603.3372128009796 454.4902744518719 103
166300 564.2848770618439 402.31972561858885 103
166400 623.8029298782349 421.12163683637675 103
166500 591.3356101512909 425.13219155178376 103
166600 679.8836779594421 482.3815761245501 103
166700 645.3689472675323 463.0690020189282 103
166800 575.5569717884064 387.68748096539343 103
166900 567.5007357597351 405.6967099489238 103
167000 575.0967555046082 403.59437042120146 103
167100 557.9854180812836 396.69499277404526 103
167200 500.57730412483215 316.09774728608994 103
167300 688.8871676921844 484.5071774126959 103
167400 490.4177920818329 297.81736540062786 103
167500 558.8609366416931 403.56796743979305 103
167600 532.4644725322723 357.6695577546644 103
167700 631.6082384586334 450.4429287662206 103
167800 532.7942562103271 360.96461290488776 103
167900 581.718465089798 419.7387357277498 103
168000 553.4107003211975 391.10910314826566 103
168100 610.9939303398132 418.20222626686916 103
168200 651.8242793083191 473.345072158266 103
168300 634.1642556190491 432.79340798658734 103
168400 673.5994257926941 500.8554461676956 103
168500 581.6860780715942 417.62934795112085 103
168600 556.4286463260651 371.5941107983067 103
168700 527.1903336048126 352.97760408844744 103
168800 579.9522867202759 397.5828771930284 103
168900 597.5288934707642 429.98794984335035 103
169000 567.5589549541473 383.9417533516295 103
169100 540.985604763031 379.9214769887234 103
169200 691.4516956806183 514.1238042775035 103
169300 587.0566565990448 398.9870637396942 103
169400 520.5661890506744 355.91900394892605 103
169500 507.9707930088043 340.6957210541358 103
169600 590.8705794811249 417.03955517195857 103
169700 575.3543527126312 382.8897185864362 103
169800 646.6999700069427 455.2881006280868 103
169900 616.939480304718 451.49916539043056 104
170000 631.2375786304474 455.85631146039157 104
170100 529.5196535587311 365.73781931015435 104
170200 579.8602557182312 406.0973429475856 104
170300 488.73328256607056 319.9309518530923 104
170400 545.4539661407471 375.1884042353926 104
170500 645.4922189712524 471.52592703898904 104
170600 717.8740663528442 543.2199818134281 104
170700 511.62423157691956 333.90715521932225 104
170800 516.3523199558258 356.1128505272811 104
170900 568.1105930805206 389.4125079443643 105
171000 572.2576212882996 408.40323487158497 105
171100 571.7080950737 390.5009992476567 105
171200 597.2137207984924 383.27409473255204 105
171300 504.47289538383484 322.11573124303527 105
171400 635.4512798786163 457.40207299399094 105
171500 584.0762374401093 399.62235908024945 105
171600 612.3334517478943 422.9171159140907 105
171700 535.8677678108215 365.63898611440686 105
171800 571.9613959789276 397.9956987914255 105
171900 671.1076984405518 477.1178858397301 105
172000 579.6910364627838 433.1166671814957 105
172100 560.8047227859497 414.111812229327 105
172200 596.0710411071777 417.21073104966615 105
172300 559.2809071540833 391.0977959977307 105
172400 625.5650470256805 450.44656999974995 105
172500 544.3866467475891 361.6356185587171 105
172600 569.8748686313629 369.8628499370618 105
172700 576.2299520969391 398.69795319641713 105
172800 605.5612211227417 411.56912656653344 105
172900 518.4823393821716 359.78879425275454 105
173000 509.16082739830017 346.0344348212153 105
173100 554.7643539905548 392.3734803481233 105
173200 567.9291429519653 389.42525102462037 105
173300 605.5321636199951 424.3548795856682 105
173400 617.8127679824829 428.13499733743964 105
173500 560.2107286453247 393.0486101829995 105
173600 531.3781480789185 364.5522129899761 105
173700 510.84321546554565 343.25068205456284 105
173800 598.2998194694519 437.4528654263303 105
173900 615.6338453292847 431.0798522164443 105
174000 592.4809122085571 409.8386716242927 105
174100 564.8410332202911 385.10346125146657 105
174200 630.8582310676575 450.4875807060429 105
174300 462.915531873703 315.7776038227753 105
174400 552.8148903846741 391.1334196840836 105
174500 606.0487887859344 430.01658289525307 105
174600 660.2953288555145 476.5588781485129 106
174700 701.7002332210541 533.1903870784573 106
174800 552.5782134532928 386.85826179233646 106
174900 560.1395194530487 376.20655402267005 106
175000 599.8757410049438 427.48499060114125 106
175100 631.5457985401154 455.9692658352963 106
175200 557.0011937618256 393.9727010237236 106
175300 594.776444196701 416.2762372643807 106
175400 636.3827707767487 462.4831490756421 106
175500 604.0769438743591 411.2710010913026 106
175600 584.5947268009186 426.1562177395118 108
175700 619.8069121837616 433.299973556957 108
175800 584.489015340805 412.0834084648066 108
175900 527.2963922023773 359.26988441267713 108
176000 665.3804748058319 488.1205016012847 108
176100 505.4986152648926 337.4535497653468 108
176200 636.1087107658386 476.4184116257488 108
176300 728.2206192016602 557.2068126346562 108
176400 666.7404103279114 482.58090541995125 108
176500 780.3502523899078 615.9781729007431 108
176600 667.7181193828583 477.67370723526045 108
176700 676.4136996269226 498.64104373783175 108
176800 597.6838874816895 444.71632699527 108
176900 507.2903790473938 345.2412149447083 108
177000 595.4454915523529 430.1817131852917 108
177100 545.0164704322815 387.185858573406 108
177200 615.1142740249634 437.424210411433 108
177300 597.3041398525238 427.6121302071916 108
177400 647.1791429519653 469.6250342879739 108
177500 619.569233417511 455.49141471091184 108
177600 640.8013029098511 450.34906150455726 108
177700 618.5316841602325 445.4718369464673 108
177800 541.5424847602844 372.88230288804084 108
177900 530.386442899704 332.7917145438819 108
178000 559.9861137866974 369.9938865294656 108
178100 552.8346643447876 380.87723309152454 108
178200 619.9013724327087 442.196681147278 108
178300 663.9041569232941 484.35017487681284 108
178400 587.3608322143555 390.5102908270947 108
178500 493.35467767715454 329.3958347103239 108
178600 541.2473802566528 366.9798280536736 108
178700 482.6131782531738 315.0680050473352 108
178800 588.749927520752 395.93728046741273 108
178900 568.1666944026947 393.9697443997284 108
179000 685.547935962677 494.9139976217251 108
179100 511.82982087135315 342.2909322150601 108
179200 584.4373514652252 406.80032579319175 108
179300 564.857106924057 395.8770071442698 108
179400 635.4812209606171 451.0855236653622 108
179500 860.1585912704468 684.5293762743207 108
179600 497.5682096481323 330.22825896435654 108
179700 578.6688785552979 402.2291539420205 108
179800 530.4489161968231 360.5668232825285 108
179900 629.0305609703064 451.0603086177746 108
180000 602.1987452507019 428.397815972433 108
180100 582.6816246509552 417.5416453769327 108
180200 670.4533274173737 484.1861431677098 108
180300 511.60178112983704 349.07616603705776 108
180400 662.0841820240021 460.29189643693223 108
180500 593.8540277481079 419.8804888878077 108
180600 654.2555878162384 464.09769218620426 108
180700 549.531085729599 394.6981524698175 108
180800 532.0581262111664 356.82025143805595 108
180900 532.2748820781708 370.84441923502163 108
181000 564.6537339687347 397.30258880315046 108
181100 588.3708312511444 421.48374214872365 108
181200 616.4942283630371 435.2636937473941 108
181300 547.9223973751068 389.5903772282064 108
181400 464.12480425834656 291.69102441075245 108
181500 562.8579556941986 373.9208876949015 108
181600 581.4313461780548 414.4498868003915 108
181700 569.9131309986115 405.0410170853121 108
181800 623.7961149215698 444.5619174552618 108
181900 521.5286257266998 358.8180545334159 108
182000 517.7206394672394 351.95112097920367 108
182100 563.8859403133392 382.287469069384 108
182200 608.8443591594696 438.1482954661097 108
182300 617.1767377853394 432.46850789740665 108
182400 576.6972920894623 421.24845612549166 108
182500 593.3697054386139 399.70285652506936 108
182600 598.3083906173706 418.7142087012876 108
182700 584.528219461441 404.29464679975035 108
182800 515.6161172389984 370.4926142066282 108
182900 571.1830921173096 391.49713776677515 108
183000 589.5661041736603 393.2755883405981 108
183100 528.5450346469879 364.2812749650427 108
183200 716.0840821266174 555.2882235995712 108
183300 607.1184890270233 436.70370058461907 108
183400 623.3149266242981 449.930809495042 108
183500 582.5630722045898 410.15471633291247 108
183600 621.291971206665 452.00948626213756 108
183700 552.9164786338806 377.7723426417131 108
183800 526.8107368946075 365.35337087783705 108
183900 518.6600575447083 363.4392582405038 108
184000 523.5796356201172 364.83982218879135 108
184100 578.6184458732605 420.56933258510026 108
184200 532.8197927474976 366.0063730227587 108
184300 512.1504454612732 347.08857210374185 108
184400 535.6506443023682 361.2860070446741 108
184500 646.8215515613556 491.4984906154544 109
184600 508.8935172557831 353.37622859667493 109
184700 610.4065144062042 449.21242652461103 109
184800 663.3433411121368 485.04688620956404 109
184900 566.2464866638184 384.81528039299485 109
185000 571.9013247489929 395.06067619059684 109
185100 598.9723398685455 419.28350050109367 109
185200 693.7265582084656 494.63033030926283 109
185300 614.543315410614 424.26092208827293 109
185400 588.9597890377045 394.11869569024765 109
185500 536.6062679290771 371.0516891564669 109
185600 513.0515279769897 340.9809924262856 109
185700 540.4739663600922 394.62979900602903 109
185800 509.3709034919739 341.9927040227608 109
185900 741.3370294570923 547.1515077494812 109
186000 564.3039751052856 385.14007761081683 109
186100 585.7717471122742 397.4779482692752 109
186200 678.8165762424469 504.7379744602783 109
186300 520.5022234916687 370.29082497921297 109
186400 598.5915822982788 409.45164449287006 109
186500 596.705374956131 427.64210143404387 109
186600 552.434280872345 374.22589145537563 109
186700 587.3137719631195 397.7245980950888 109
186800 653.9798195362091 486.31946596071884 109
186900 567.9845495223999 377.4007883233961 109
187000 798.6664206981659 606.0920612465475 109
187100 619.0497832298279 440.64611320668945 109
187200 576.5952100753784 413.9191896861289 109
187300 615.8898794651031 436.86995295372594 109
187400 654.7646927833557 481.8843557078696 109
187500 545.7653307914734 368.87459867352413 109
187600 586.4027235507965 411.9985858831485 109
187700 563.0272901058197 395.2318299792622 109
187800 591.7220890522003 403.21140635219786 109
187900 648.7375237941742 453.86402422977784 109
188000 574.6782751083374 377.1445497468011 109
188100 538.029079914093 373.14869643074667 109
188200 532.6052799224854 366.1482677380882 109
188300 655.1579825878143 460.11014823485255 109
188400 592.3698925971985 425.8470967669159 109
188500 613.3847634792328 425.179662833071 109
188600 528.5154492855072 381.4051696877602 109
188700 552.2873630523682 389.1148389668658 109
188800 602.0176558494568 444.5443719331392 109
188900 741.9297814369202 567.9116592033018 109
189000 670.3784167766571 471.7302363378992 109
189100 546.8738505840302 360.63487914356284 109
189200 714.2743411064148 549.5388240029617 109
189300 700.8080427646637 529.1095441559944 109
189400 598.7903807163239 412.4386907299256 109
189500 604.0779204368591 415.47936683098465 109
189600 542.6457846164703 367.5509231586645 109
189700 572.3188109397888 401.93170293971264 109
189800 657.5764920711517 470.77146608285364 109
189900 639.4198331832886 467.11919479841475 109
190000 594.794988155365 407.3330529584698 109
190100 611.5768435001373 438.33611299214203 109
190200 791.938225030899 603.1267891047291 110
190300 663.6481077671051 495.5332628032334 110
190400 648.8643746376038 489.4543697974001 110
190500 677.2532267570496 491.1874077877444 110
190600 574.147463798523 422.24856550042824 110
190700 583.5092539787292 401.60029868950676 110
190800 676.4184458255768 496.1261198756252 112
190900 551.8559761047363 384.8889248400716 113
191000 527.5216856002808 344.1961775583003 113
191100 625.3340346813202 448.0411132938683 113
191200 628.2317774295807 476.6851077137196 113
191300 557.9513185024261 388.2078021552529 113
191400 640.3131747245789 447.42676091244493 113
191500 615.856014251709 432.4794279182014 113
191600 634.4128174781799 476.37491889061914 113
191700 612.4225587844849 445.89656056874105 113
191800 605.6857211589813 430.15865849647537 113
191900 668.8127222061157 468.74987465630215 113
192000 551.3534798622131 370.1517841170896 113
192100 634.7970404624939 444.0564566587151 113
192200 573.7227954864502 397.94599764233703 113
192300 593.8982520103455 409.2291065598397 113
192400 626.7821321487427 430.5139324499521 113
192500 554.3686127662659 375.6893495150917 113
192600 578.5976521968842 399.1651857279378 113
192700 648.1074781417847 457.5683185668955 113
192800 577.3005836009979 392.8724565348185 113
192900 533.3729479312897 345.84352058529373 113
193000 622.3309600353241 437.08205383660896 113
193100 656.3527088165283 486.9697737408005 113
193200 650.7889788150787 444.98830108906566 113
193300 608.8023588657379 439.4114684186234 113
193400 638.1288304328918 457.53448276057395 113
193500 622.0570678710938 447.7437511460595 113
193600 530.3434369564056 374.93174693190855 113
193700 587.3630673885345 421.18688944665143 113
193800 605.5497624874115 427.9931454465747 113
193900 763.7054586410522 592.0522532117046 113
194000 855.9316146373749 679.8832753770993 113
194100 734.5487735271454 531.1357040029538 113
194200 632.515209197998 447.88615116718745 113
194300 596.6290385723114 417.8057880604546 113
194400 567.7019743919373 405.99641315547007 113
194500 709.6649239063263 528.4170858240732 113
194600 648.8765642642975 476.2037365992467 113
194700 632.1114745140076 447.24689653732054 113
194800 536.1287157535553 378.25166649007247 113
194900 627.1352624893188 442.75999148374365 113
195000 731.8970081806183 550.6566164263222 113
195100 557.9158010482788 379.9056506433705 113
195200 637.3494775295258 461.42045850385057 113
195300 702.5663924217224 510.63451303184337 113
195400 636.6757960319519 458.71436218841336 113
195500 715.7358803749084 528.8132518869274 113
195600 576.1058447360992 408.6777325351702 113
195700 599.7178325653076 414.19691956444666 113
195800 573.803218126297 402.4640598965065 113
195900 556.9615433216095 369.70395171310815 113
196000 603.4186165332794 426.6071276107814 113
196100 583.7846240997314 410.8070574591731 113
196200 616.7585813999176 442.49754616763613 113
196300 600.3919315338135 421.49120601752327 113
196400 759.1138408184052 578.6280698351236 113
196500 530.1952157020569 380.4753101868462 113
196600 564.3871200084686 387.5372274666813 113
196700 602.730813741684 425.68661383312565 113
196800 580.5666699409485 418.136287534958 113
196900 556.1041419506073 366.2864164305512 113
197000 647.5918447971344 483.991401514248 113
197100 551.4250361919403 369.7011176971648 113
197200 567.3335721492767 378.8399553334263 113
197300 543.368043422699 370.7744642012632 114
197400 735.5380573272705 531.5331394813536 114
197500 588.8861887454987 415.00043604724726 114
197600 701.8148784637451 503.3865390141391 114
197700 535.6949269771576 363.14617203399314 115
197800 676.3933522701263 503.3169167223276 115
197900 715.2099764347076 545.7194592517144 115
198000 576.0402963161469 379.7503987248851 115
198100 602.1042430400848 435.0430730100168 115
198200 709.8744325637817 527.6584950283391 117
198300 471.9368793964386 308.55389552018767 117
198400 641.9640891551971 463.3216223742951 117
198500 573.7275731563568 397.8442040587739 118
198600 647.36376786232 473.287720805212 118
198700 601.3956055641174 426.0975537021115 118
198800 591.085334777832 406.3501533587166 118
198900 563.251885175705 406.17875270267757 118
199000 657.1277413368225 472.07000070909373 118
199100 531.7805166244507 352.04496903126255 118
199200 503.4914541244507 346.54541761360906 118
199300 572.5559179782867 407.51041076074614 118
199400 600.2042598724365 443.8110047645847 118
199500 652.185221195221 473.8722755333341 118
199600 554.84672498703 356.8205652520181 118
199700 548.7748711109161 388.88426926548595 120
199800 654.2764794826508 484.84756803475415 120
199900 572.2235486507416 385.3540024497722 120
200000 528.1892290115356 355.3920057580831 120
1201090.4593894482
