Total: 200001
0 37.01460647583008 34.44856671375868 5
100 848.1851880550385 663.3029580811171 5
200 826.5466997623444 630.3041249503059 5
300 702.5755479335785 509.3583190470532 5
400 749.5803415775299 551.3532074610805 5
500 707.0117974281311 537.9266050815831 5
600 548.1687247753143 368.21672072600006 5
700 625.5757262706757 422.9073173052767 5
800 744.3258984088898 568.366894711849 5
900 626.6629185676575 454.2046779230408 5
1000 652.1760892868042 469.01736890793285 5
1100 630.0190114974976 453.505191507526 5
1200 729.2387065887451 528.5847880620005 5
1300 588.244707107544 381.3013019369091 5
1400 645.4234104156494 474.90846420682595 5
1500 687.288506269455 497.8169468418712 5
1600 644.1177687644958 442.1959281149649 5
1700 625.4995732307434 423.96697696655826 5
1800 725.2157111167908 548.4707825903649 5
1900 628.0852696895599 455.6858099898775 5
2000 652.4551293849945 463.54219065443425 5
2100 704.5541803836823 546.6251658817364 5
2200 676.1888971328735 474.3752257645584 5
2300 586.6247611045837 407.98938626684094 5
2400 780.7577676773071 586.0938091061271 5
2500 547.6967401504517 355.0230153940558 5
2600 585.8342823982239 372.97709953691833 5
2700 617.4751155376434 418.49771408411925 5
2800 560.685094833374 379.1460073337827 5
2900 639.5579354763031 447.55271863686096 5
3000 588.1030914783478 410.27388304896704 5
3100 661.3506896495819 473.97597547154703 5
3200 603.9412462711334 439.4599044531076 5
3300 601.4911842346191 437.8086959579699 5
3400 661.0627384185791 494.6024128121603 5
3500 720.1124119758606 520.8221278340305 5
3600 629.298614025116 445.2508753904814 5
3700 671.935430765152 469.59447002112233 5
3800 571.8177859783173 380.1970474298251 5
3900 599.2896127700806 422.29494453651233 5
4000 600.8165459632874 419.5796766897088 5
4100 713.9113190174103 514.5483245666369 5
4200 648.2925074100494 464.08383599794 5
4300 580.52121758461 386.43774286099386 5
4400 491.19930243492126 326.02581843723146 5
4500 559.0189034938812 403.0785055826849 5
4600 573.4144275188446 389.52263940814066 5
4700 592.1560974121094 395.3345788403145 5
4800 557.7546148300171 370.34039400182684 5
4900 609.7608959674835 421.16468771465554 5
5000 563.6488673686981 385.2313405575312 5
5100 623.3671140670776 441.5153226958792 5
5200 625.8171331882477 444.2265098873113 5
5300 579.687383890152 396.1028605003496 5
5400 526.1456048488617 359.1952890951473 5
5500 656.7845270633698 484.08803843008616 5
5600 668.510861158371 508.0901920173318 5
5700 740.541178226471 540.8741485271363 5
5800 765.1619930267334 588.3613959674019 5
5900 637.4392876625061 458.4948974316309 5
6000 631.4686665534973 451.4924705421839 5
6100 570.0822596549988 368.3451297586986 5
6200 595.5985312461853 408.70634750240407 5
6300 713.052161693573 554.5680755897922 5
6400 720.8836793899536 556.3892535883047 5
6500 609.988020658493 430.17698056391436 5
6600 593.7044763565063 408.5497157373456 5
6700 604.3560841083527 434.3018354591182 5
6800 580.2277767658234 396.84026595105627 5
6900 564.5993676185608 375.4603624792279 5
7000 583.8013913631439 390.68101494149477 5
7100 624.0204720497131 426.40475892770576 5
7200 621.4715430736542 445.91122960682816 5
7300 619.8910720348358 441.795424602721 5
7400 734.2187979221344 533.4125175972842 5
7500 590.983815908432 421.70056725409245 5
7600 624.2323272228241 438.7094946522303 5
7700 645.4851400852203 473.87608236476717 5
7800 594.9989762306213 425.23959785405316 5
7900 603.1224820613861 407.52070302543285 5
8000 616.1294915676117 418.9738433673639 5
8100 589.8316254615784 415.2185788535596 5
8200 571.31889128685 386.83146993101315 5
8300 674.8187401294708 495.9778358894008 5
8400 606.1959254741669 420.80389742377986 5
8500 597.008269071579 421.9291894956175 5
8600 610.1550576686859 421.75032257804094 5
8700 572.2362251281738 401.37921227063 5
8800 578.2510757446289 393.38910691254057 5
8900 572.8221845626831 398.9694717128017 6
9000 555.6207618713379 368.86661551565817 6
9100 587.4769711494446 407.2442193766065 6
9200 617.2684211730957 417.46274255678685 6
9300 669.4797277450562 467.2925570031313 6
9400 610.0281653404236 426.5739587324804 6
9500 606.299418926239 428.313851389575 6
9600 611.7612683773041 433.4688119690942 6
9700 775.6658229827881 595.4110129477222 6
9800 694.7030913829803 502.37673903164904 7
9900 533.1426825523376 360.673002783877 7
10000 634.2365448474884 455.88734683785793 8
10100 596.108226776123 406.20855207909005 8
10200 584.088140964508 387.1163800837754 8
10300 583.131719827652 418.14245938965576 9
10400 600.776294708252 428.6174158311014 9
10500 672.2108681201935 468.5463615814707 9
10600 587.4684009552002 421.9691556902015 9
10700 610.4648234844208 431.0754153773476 9
10800 637.088086605072 447.672294759598 9
10900 655.3706736564636 468.8546109789022 9
11000 522.4583041667938 370.1512146181103 9
11100 526.3543498516083 334.77974159131537 9
11200 597.1143372058868 419.9756810236871 9
11300 620.3992400169373 443.5342457200885 9
11400 581.0714149475098 386.49410596162755 9
11500 567.8135161399841 365.61308502236636 9
11600 619.7508296966553 439.92305611948234 9
11700 519.5599684715271 344.78274328928 9
11800 628.3729016780853 444.46553134523515 10
11900 566.9840567111969 384.7586658271898 10
12000 593.9777574539185 404.97510527918485 10
12100 617.7141163349152 426.5237817559063 10
12200 537.3854629993439 367.40959347578723 10
12300 595.539911031723 391.1353172898788 10
12400 589.0820398330688 394.59633499548795 10
12500 539.6552581787109 396.7644787119478 10
12600 610.0736136436462 436.88814575417587 10
12700 580.4844343662262 395.71153418707405 11
12800 579.0164756774902 403.5172970943488 11
12900 617.9457285404205 427.90241416630545 12
13000 650.1248271465302 464.7780973587401 12
13100 668.2749130725861 476.3435133601173 12
13200 628.682808637619 455.0548972338373 13
13300 608.8478808403015 425.7054091268375 14
13400 557.6241359710693 345.14784536791376 14
13500 617.6668639183044 442.7205954268818 14
13600 624.8202121257782 415.693130039646 14
13700 634.8821492195129 452.24011432601003 15
13800 668.0395040512085 476.3017247855532 15
13900 696.7401368618011 503.91890953845115 15
14000 583.8554332256317 395.6015452043951 15
14100 656.846640586853 468.3171123682105 16
14200 935.8164875507355 751.5108246970074 17
14300 600.484584569931 415.46579753059 17
14400 609.2726752758026 421.2987366891639 17
14500 659.1118814945221 455.52575376529717 17
14600 646.2253777980804 465.62339375110764 17
14700 581.8941242694855 416.63432657780425 17
14800 604.1725318431854 405.44931571580753 17
14900 554.044059753418 380.6701301734223 17
15000 571.9962630271912 387.38722576461146 17
15100 625.3342363834381 433.8422058765889 17
15200 655.8469250202179 469.5954558581743 17
15300 684.5671730041504 485.93312256751597 17
15400 734.9333763122559 553.217223425303 17
15500 588.3207614421844 418.5169376948862 17
15600 527.8473222255707 345.43459993109093 17
15700 533.0645616054535 349.1877013994524 17
15800 666.5522327423096 474.78535959906867 17
15900 666.1363077163696 492.8506148087681 17
16000 610.3770697116852 396.7124478814968 17
16100 560.810558795929 366.9513660301842 17
16200 587.3596396446228 423.3647735277689 17
16300 630.1087038516998 455.6824887230516 17
16400 486.29222321510315 314.37954880919244 17
16500 638.1031293869019 441.34945138915043 17
16600 610.420969247818 425.78289282528806 17
16700 584.5305943489075 393.3039712644679 18
16800 777.7821743488312 573.6997153222994 19
16900 911.0070564746857 728.6470199779361 19
17000 585.4884214401245 415.925752814221 19
17100 521.5207064151764 357.56897289579126 19
17200 655.5340163707733 451.6933073126296 19
17300 656.5214455127716 472.1994356857323 19
17400 639.4590818881989 455.4404568469556 20
17500 626.6721839904785 446.47683108369824 20
17600 666.6061615943909 469.7169281652756 20
17700 605.7940616607666 406.9395818452472 20
17800 569.9132089614868 382.5192819057169 20
17900 661.5552709102631 471.09400372151356 20
18000 648.1511731147766 418.144984073582 20
18100 605.1238095760345 426.5856821024014 20
18200 586.5771689414978 398.38356708697995 20
18300 609.4778263568878 425.83909964251916 20
18400 616.6578228473663 440.6072301008023 20
18500 559.5160901546478 386.56938033954276 20
18600 548.4514329433441 350.3837177474155 20
18700 662.8814911842346 490.7346659352072 20
18800 580.002699136734 378.50853772142636 20
18900 608.4559388160706 426.59773951953093 20
19000 685.2026605606079 497.37417242520576 20
19100 568.1336860656738 374.4753629659058 20
19200 856.2838289737701 663.2200881633726 20
19300 648.3768599033356 461.77219684123145 20
19400 654.9021458625793 469.3408216362427 20
19500 716.0619602203369 513.8317393112746 20
19600 634.5924780368805 463.28567553234484 20
19700 653.4868710041046 451.79668602054335 20
19800 603.6169230937958 419.3070246713716 20
19900 623.845311164856 450.0539177378646 20
20000 596.3258948326111 400.7066471016972 21
20100 483.6304545402527 325.17376556927593 21
20200 598.1031625270844 418.3519010254962 21
20300 587.9477813243866 407.47338988260856 21
20400 792.8092346191406 594.2295449091417 21
20500 614.0694835186005 434.96781680576356 21
20600 641.7234139442444 427.0658855121088 21
20700 551.6987156867981 359.76365218614444 21
20800 891.4375927448273 690.6964071025467 21
20900 732.652351140976 530.6520212219746 21
21000 680.5554661750793 495.407256287589 21
21100 669.2329914569855 457.86779862812296 21
21200 644.2747972011566 454.5761878315794 21
21300 694.2562863826752 483.074337839805 21
21400 555.9931228160858 350.8227564125177 21
21500 529.6018640995026 336.5709878112354 21
21600 603.1734571456909 425.0741536804131 21
21700 574.2874743938446 381.00687364275086 21
21800 534.1929857730865 360.8682968650688 21
21900 787.5935978889465 576.8156601665335 21
22000 705.6187975406647 503.8416773009446 21
22100 560.3584849834442 388.21103104852955 21
22200 608.4787993431091 428.5827172177428 21
22300 667.4411561489105 473.2027537261082 22
22400 710.0154385566711 512.6495653481305 22
22500 512.3139808177948 340.2619167790312 22
22600 528.1168322563171 359.6868858960954 22
22700 635.5902044773102 451.9833853464246 22
22800 640.3820199966431 453.84240338167723 22
22900 664.5225658416748 464.0293642570672 22
23000 657.7581510543823 462.213492662654 22
23100 538.5644102096558 349.76177492770506 22
23200 499.01201605796814 335.67002155530065 22
23300 531.6036307811737 348.9805094620481 22
23400 570.6362054347992 381.17038848791236 22
23500 564.4910135269165 403.47690332838886 22
23600 674.5593845844269 457.72490623026465 22
23700 618.2769768238068 415.6489962692294 22
23800 577.4609088897705 383.5959414059588 22
23900 526.7134861946106 337.56915056141537 22
24000 573.8688490390778 365.1094252184693 22
24100 526.911538362503 347.09879486481384 22
24200 580.6742825508118 380.80650094976136 22
24300 620.3334169387817 438.5903159154765 22
24400 599.4853556156158 425.7724127112552 23
24500 536.6840295791626 362.60145486161275 23
24600 588.6595067977905 393.3395564754327 23
24700 536.376660823822 371.8592332155944 23
24800 615.434196472168 427.2933778016296 24
24900 647.5958988666534 471.53665113585186 24
25000 629.6580965518951 436.1165827868756 24
25100 580.0218374729156 390.2822009266736 24
25200 607.0816881656647 414.5888481612618 24
25300 594.0084660053253 414.96642349731195 24
25400 657.1396207809448 473.7621353087641 24
25500 602.4037690162659 431.0423706797162 24
25600 693.1659436225891 503.49692259662595 24
25700 709.388037443161 539.8713589524081 24
25800 698.49720287323 520.2408373206803 25
25900 610.8474586009979 424.63177413032554 25
26000 564.7901220321655 386.01347465331867 25
26100 586.3710777759552 397.0031676473416 25
26200 600.6278121471405 402.64595807706405 25
26300 650.378680229187 467.93163537027414 25
26400 584.1891667842865 399.2024261924398 26
26500 586.2777667045593 418.48349326800496 26
26600 585.8504271507263 389.1995408528712 26
26700 621.1525118350983 438.9703992736768 26
26800 566.5349988937378 388.4441438504133 26
26900 663.0554594993591 455.8754808559911 26
27000 673.4598076343536 489.0150528093563 26
27100 1179.5573184490204 999.1941383084642 28
27200 652.6930513381958 476.2966019697142 28
27300 575.816002368927 390.85473944751254 28
27400 535.6730988025665 367.86292199008744 28
27500 586.7256371974945 396.0219509155875 28
27600 552.3242392539978 359.70382535886796 28
27700 526.9673585891724 367.69640590868414 28
27800 626.2470271587372 441.1734837998812 28
27900 604.7161886692047 421.2837859198356 28
28000 658.7094252109528 458.56967620954083 28
28100 684.9593594074249 492.8658623009711 28
28200 691.9213011264801 497.57723158917065 28
28300 688.4455096721649 504.64520628421803 28
28400 605.6473875045776 434.11392862530863 28
28500 677.1342356204987 500.6890225879388 28
28600 647.6097178459167 469.4317267447483 28
28700 611.3222670555115 421.7619175640633 28
28800 564.0899412631989 356.94006032906384 28
28900 558.5358395576477 375.7147016575533 28
29000 623.5692720413208 439.0375150965715 28
29100 634.0945661067963 458.6391941193535 28
29200 538.9010825157166 363.3675092360908 28
29300 589.3405845165253 391.48702672692343 28
29400 676.4304163455963 496.1643887814049 28
29500 610.755687713623 426.33572319034636 28
29600 610.934387922287 435.5343268660992 28
29700 619.9425880908966 443.1501458392046 28
29800 704.647392988205 506.86003173350184 28
29900 633.0909245014191 450.26742388646267 28
30000 669.1064195632935 494.93228746340844 28
30100 591.0876822471619 406.908053605634 28
30200 676.7890343666077 496.8994121887928 28
30300 641.8064935207367 449.5604078062178 28
30400 630.9795558452606 448.6094329438197 28
30500 562.6023378372192 380.840176117267 28
30600 618.6482555866241 424.9100091054221 28
30700 753.8841762542725 553.6501045288488 28
30800 621.5519802570343 449.00494559788183 28
30900 720.2425622940063 525.2676905530783 28
31000 577.895830154419 411.52578872567574 28
31100 579.6158967018127 401.33148228048344 28
31200 710.5355157852173 513.5789433748805 28
31300 666.7748899459839 494.25636951077956 28
31400 789.6330873966217 619.0214080711826 28
31500 755.4577872753143 557.802947085562 28
31600 711.201397895813 528.4999147830489 28
31700 576.2014334201813 401.34725924866285 28
31800 577.5873217582703 411.28321911880266 28
31900 622.580753326416 428.32837111401875 28
32000 602.3733515739441 411.69246927701175 28
32100 606.3175532817841 417.93844121887895 28
32200 555.1449499130249 367.04698817902363 28
32300 687.4547965526581 496.10091081271787 28
32400 689.2979135513306 507.103286278959 28
32500 609.4160914421082 416.56330144371157 28
32600 776.2326674461365 607.0895333413936 28
32700 693.564035654068 498.2796384347073 28
32800 686.8117225170135 491.26306123473364 28
32900 670.5137212276459 486.4482045557891 28
33000 641.6465983390808 467.94118912045485 28
33100 636.9873445034027 460.1671043971248 28
33200 639.0714082717896 456.69068434843183 28
33300 578.544340133667 388.3112961907442 28
33400 715.3628532886505 520.6559194476109 28
33500 704.1112565994263 543.0899775758674 28
33600 590.96022605896 397.21760625022273 28
33700 715.066792011261 525.7493759374265 28
33800 605.3220753669739 413.563915640829 28
33900 582.460235118866 394.2929487018602 28
34000 580.1458132266998 400.77551342118943 28
34100 803.0400984287262 605.3878976826877 28
34200 617.5152425765991 425.79636426846537 28
34300 683.7419443130493 486.44569105080916 28
34400 632.282711982727 430.4703628872346 28
34500 725.196569442749 534.428202386956 28
34600 694.2073683738708 516.0905324028381 28
34700 564.7002761363983 383.7000256254045 28
34800 648.2777926921844 455.9302163765832 28
34900 654.8478305339813 469.69249149088614 28
35000 705.7309656143188 507.9555631666612 28
35100 572.3490753173828 399.70233992340786 28
35200 630.9430320262909 430.6894144336994 28
35300 650.508632183075 468.46126989204583 28
35400 552.9424574375153 375.3293810138416 28
35500 530.6328084468842 349.524761496369 28
35600 737.971357345581 547.5666485801686 29
35700 547.8920223712921 364.1297036446766 29
35800 575.0360729694366 383.8020955531111 29
35900 586.3397634029388 394.7883258465668 29
36000 690.0451738834381 500.41525690023957 29
36100 563.973875284195 401.96477159166596 29
36200 571.5468475818634 389.89046233624714 29
36300 563.8397538661957 386.3786606843398 29
36400 600.573132276535 408.53494281905466 29
36500 597.9268665313721 414.4495258453925 29
36600 690.4359283447266 481.6837889042355 29
36700 596.8734908103943 418.8446005225767 29
36800 567.2587072849274 414.9355689833297 29
36900 566.6565198898315 361.5471410149461 29
37000 652.0251128673553 456.2158399966155 29
37100 589.763130903244 407.41854622753334 29
37200 746.2802102565765 548.5941867366773 29
37300 504.1199610233307 325.5291240433486 29
37400 571.7551581859589 369.3983071832156 29
37500 615.9969041347504 432.67322509180576 29
37600 545.6180143356323 365.3724610405528 29
37700 574.73517370224 383.81842630686174 29
37800 587.8096573352814 407.59171038663374 29
37900 653.7496664524078 467.23234134349025 29
38000 611.163090467453 427.43384153337706 29
38100 742.3482046127319 534.4652269080407 29
38200 521.4971725940704 348.1232629431581 29
38300 559.6749007701874 386.7246451235001 29
38400 625.3850004673004 431.09655589546605 29
38500 591.4398202896118 418.1324367300702 29
38600 633.9966232776642 457.2181872994962 29
38700 582.4438436031342 412.2458067049178 29
38800 677.7159914970398 457.30862047854663 29
38900 618.2801384925842 434.0384692232743 29
39000 640.6468229293823 458.99481966196356 29
39100 589.6490683555603 412.9662112988708 29
39200 594.3261334896088 400.3646974972032 29
39300 663.6806530952454 474.9644968277654 29
39400 658.975335597992 465.5644940330775 29
39500 601.2733998298645 406.04069240367556 29
39600 617.2886176109314 428.80507055275746 29
39700 688.5246210098267 505.9848643067752 29
39800 626.9480667114258 460.45351553647464 29
39900 547.1351461410522 352.443289283685 29
40000 617.0098896026611 426.9672075130676 29
40100 621.8212223052979 440.86994811243164 29
40200 638.4268321990967 445.36271000638294 29
40300 600.1264326572418 414.0287880194012 29
40400 697.9720673561096 521.4802088625268 29
40500 622.1820781230927 434.92858676374817 29
40600 714.1691663265228 520.8597992091086 29
40700 786.5686914920807 590.5887166821713 29
40800 585.631484746933 400.03845585762326 29
40900 646.4064967632294 480.1280086444831 29
41000 620.8070185184479 452.9671390146793 29
41100 614.1026992797852 418.40911054814615 29
41200 640.4100852012634 441.37175256668127 29
41300 643.464949131012 467.4764586386716 29
41400 874.0394334793091 669.262149339399 30
41500 645.1353890895844 440.3326720369288 30
41600 659.6376965045929 497.7824306506511 30
41700 585.2202880382538 404.3127701544381 30
41800 558.1407268047333 381.46166183407206 30
41900 658.3832392692566 468.5422681301109 30
42000 624.9755094051361 451.3915644376904 30
42100 539.2944004535675 385.28020722475736 30
42200 646.1380054950714 464.80305509346454 30
42300 611.0780329704285 414.9345810062714 30
42400 629.9380042552948 450.92660238039525 31
42500 607.980325460434 425.22286234465116 31
42600 588.8927829265594 385.9890088732386 31
42700 621.6014184951782 451.92175299225323 31
42800 637.7071132659912 448.817089391261 31
42900 687.5483226776123 496.6281719435373 32
43000 617.8977563381195 432.48303452098185 32
43100 637.8445434570312 435.0828893405991 32
43200 579.0959234237671 415.72527759564707 32
43300 531.6895995140076 358.7015721667684 32
43400 512.6948721408844 343.25231442882574 32
43500 649.9376623630524 440.78585678171675 32
43600 622.3996596336365 444.44882659786236 32
43700 621.9672718048096 425.32165744251176 32
43800 752.3480725288391 569.83316420591 32
43900 589.0538032054901 422.0542011758691 32
44000 611.2798051834106 399.03226109938726 32
44100 559.9040229320526 359.2766436117057 32
44200 877.558970451355 684.6863716223161 32
44300 544.1538140773773 353.9413054173167 32
44400 625.3661961555481 454.43921682666235 32
44500 620.3747866153717 424.8150661527849 32
44600 651.3936958312988 465.79032335563545 32
44700 632.8358070850372 444.96391680327986 32
44800 799.9466235637665 584.0820500070765 32
44900 772.2244238853455 592.4056314316217 32
45000 723.4777023792267 557.8500757308091 33
45100 677.9247786998749 476.8316493700029 33
45200 674.0235123634338 462.8530911803325 33
45300 714.9379208087921 519.2928395512738 33
45400 588.9759485721588 410.12776611729396 33
45500 495.6899480819702 325.2164829907944 33
45600 762.5336611270905 573.8971070281074 33
45700 592.0805344581604 402.00089584942367 33
45800 578.5870535373688 397.8527132700317 33
45900 545.7449769973755 377.08789186460695 33
46000 607.0043308734894 422.0393694618182 33
46100 603.0736548900604 403.7536858719802 33
46200 624.1695184707642 448.3808499959176 33
46300 653.720342874527 480.97819537602203 33
46400 624.2744557857513 435.17603175571605 33
46500 481.33791971206665 327.4758995265647 33
46600 543.789680480957 376.52503464983636 33
46700 613.1806652545929 432.88089546240667 33
46800 549.0890920162201 377.62684960967334 33
46900 525.2077703475952 336.147250172037 33
47000 480.6297469139099 289.9897656252174 33
47100 545.1660468578339 364.76047569207003 33
47200 677.9313228130341 477.52499572981924 33
47300 595.9075722694397 410.2121393618527 33
47400 545.8806104660034 361.1830564417721 33
47500 586.09041929245 405.7645482597735 34
47600 620.4136397838593 423.4611885338894 34
47700 604.6605064868927 405.66149899157097 34
47800 555.1391315460205 391.0170471807295 34
47900 584.1713855266571 400.22206984658624 34
48000 656.0268309116364 469.50124776205934 34
48100 675.6618323326111 499.15947004567215 34
48200 588.5956966876984 392.0034521577991 34
48300 473.1116473674774 300.48184904885863 34
48400 594.6635236740112 390.9326501457677 34
48500 631.0850558280945 448.0416974837326 34
48600 703.5200271606445 534.2997595824816 34
48700 643.8095104694366 449.9764128657252 34
48800 584.1913306713104 414.4558281488461 34
48900 550.3032612800598 352.6247773768531 34
49000 688.9880261421204 493.55465546245034 34
49100 525.6722888946533 340.8936071381038 34
49200 607.7907631397247 427.3352890141719 34
49300 537.5847690105438 343.8198302964389 34
49400 581.0633542537689 390.77304197750647 34
49500 564.6794815063477 395.5782482002837 34
49600 637.4239022731781 446.9219758004016 35
49700 599.1739459037781 404.65132436016177 35
49800 624.9287509918213 435.9413924320834 35
49900 758.186666727066 575.243584086714 35
50000 583.6822674274445 400.8396771389207 35
50100 601.9670026302338 411.3336187904466 35
50200 559.2489829063416 366.4214221208216 35
50300 553.3344190120697 370.83007981762563 35
50400 605.3480236530304 416.34770628638506 35
50500 767.5624597072601 585.0121625938085 35
50600 715.6542017459869 516.700213129959 35
50700 566.2963273525238 384.4306300740545 35
50800 599.8743271827698 443.3428027870674 36
50900 864.6941542625427 672.7985010163102 36
51000 765.0840439796448 584.3644023951185 36
51100 520.4364314079285 356.6147952793863 36
51200 691.9643929004669 495.492974844659 36
51300 636.9595265388489 430.509797812305 36
51400 558.0692160129547 387.98068036019504 36
51500 588.9530808925629 405.82098852044294 36
51600 594.5651516914368 411.0531667673895 37
51700 556.3059284687042 369.4423613414152 39
51800 586.1722524166107 376.8821502126882 39
51900 543.0634415149689 380.3455442855793 39
52000 716.5652832984924 523.4051089056603 39
52100 751.6736986637115 552.264201673489 39
52200 645.9496824741364 481.33484028230106 39
52300 585.9737529754639 400.5595125295877 39
52400 512.080153465271 319.99245136483637 39
52500 655.2272796630859 481.29078347320734 39
52600 580.7708971500397 395.8630309136672 39
52700 515.5096583366394 329.3386016431966 39
52800 625.8042631149292 454.2801153584949 39
52900 614.6275591850281 440.8125222758573 39
53000 641.1586945056915 441.73036432424857 39
53100 617.4527790546417 433.17713750179854 39
53200 604.6275813579559 420.17679150683915 39
53300 618.1816620826721 435.5808013027298 39
53400 650.3189706802368 468.45036311294996 39
53500 591.9700767993927 419.97739655601293 39
53600 623.3493721485138 420.31692464633903 39
53700 550.9518067836761 394.1534717918555 39
53800 570.6335158348083 394.2843310657051 40
53900 586.4382951259613 403.12624424791545 40
54000 666.5700042247772 477.75704925466243 40
54100 539.7055768966675 350.7444477836043 40
54200 637.2131650447845 440.2215265650474 40
54300 553.5373792648315 360.9466457959342 40
54400 566.8240075111389 387.23598626038597 40
54500 570.8181290626526 377.79975302660546 40
54600 566.0110077857971 363.33225336161394 40
54700 585.6032435894012 397.5623300542495 40
54800 589.9623076915741 417.04914190357147 41
54900 509.7143614292145 334.70192555692677 41
55000 581.4458105564117 390.6879121430239 41
55100 637.2138915061951 437.62726817205044 41
55200 620.1130850315094 423.97385500504816 41
55300 552.7686715126038 373.70169549173806 41
55400 654.6275448799133 454.6427271399325 41
55500 570.6235513687134 391.82893147577863 41
55600 562.9581298828125 372.6581973970592 41
55700 551.5389316082001 365.1094822137894 41
55800 579.4304106235504 366.6521690817061 41
55900 623.0717096328735 426.8198658512043 41
56000 557.7956213951111 353.5871919044091 41
56100 668.7631990909576 487.59065906806575 41
56200 668.9793651103973 496.6488076704522 41
56300 722.6750938892365 548.1992280961451 41
56400 496.9476988315582 330.89353129704745 41
56500 456.23147988319397 296.55447417732387 41
56600 568.8970384597778 382.0759364973603 41
56700 606.8391861915588 408.3014610139612 41
56800 744.6714243888855 541.0837138712538 41
56900 521.7008941173553 331.497890332403 42
57000 529.1183886528015 343.1098398703548 42
57100 513.742356300354 331.98799804301007 42
57200 495.10441398620605 318.6103585853565 42
57300 549.5124900341034 354.59463794583115 42
57400 581.12437748909 390.21473216459947 42
57500 490.2473862171173 318.01321538662216 42
57600 576.6581959724426 394.34614144716033 42
57700 688.2090964317322 491.43851714126015 43
57800 570.0450992584229 383.5467274181864 43
57900 620.2035520076752 420.7122417279087 43
58000 539.0384092330933 361.01445013511614 43
58100 517.0332486629486 317.1863111599596 43
58200 647.8843376636505 457.38710042970666 43
58300 570.709335565567 395.51507314958803 43
58400 515.6943647861481 331.39318297411563 43
58500 544.5729327201843 330.6630206210277 43
58600 592.715838432312 394.2949787207308 43
58700 606.8292827606201 418.47052704720295 43
58800 576.6063675880432 416.9556000459486 44
58900 542.4074676036835 369.36073153704217 44
59000 602.9188191890717 416.3713108042356 44
59100 578.1755151748657 381.8157861461233 44
59200 588.7465350627899 406.9759112516553 44
59300 563.3852691650391 384.6233542014671 44
59400 469.83822226524353 306.9964704986653 44
59500 582.9715151786804 392.25249388756566 44
59600 544.973112821579 361.1438002775708 44
59700 588.731303691864 424.7138294346267 44
59800 562.0319192409515 375.98892472484846 44
59900 521.7078425884247 340.98102718540474 44
60000 525.4133217334747 337.01899540667716 44
60100 634.8860399723053 463.20101873183285 44
60200 683.8060128688812 502.9803656299688 44
60300 513.1041340827942 336.34520332373734 44
60400 512.8110728263855 329.8207537254819 44
60500 576.7944145202637 396.7942565957228 44
60600 530.7144956588745 354.5157465431404 44
60700 613.6174094676971 442.6557901321172 44
60800 551.1852281093597 354.3481196577242 44
60900 617.4933197498322 435.4913333184944 44
61000 530.4322681427002 329.7111932501484 44
61100 521.0310010910034 339.2154920934815 44
61200 522.1015214920044 346.81816042254525 44
61300 528.8340368270874 331.28593474513497 44
61400 542.7202548980713 344.37260454396505 44
61500 562.2289073467255 394.14856710297363 45
61600 644.1717100143433 438.4065065789308 45
61700 1172.295630455017 987.4282836989591 46
61800 568.6382319927216 375.69427092132844 46
61900 555.7194626331329 361.9385345851034 47
62000 603.5923244953156 405.1245994341003 47
62100 545.352823972702 358.8159488809929 47
62200 559.0952370166779 373.2944646015511 47
62300 599.0679898262024 409.25528920147053 47
62400 598.8045871257782 401.71540410076454 47
62500 736.4069244861603 544.9099251224748 47
62600 642.7863111495972 462.8396152743451 47
62700 651.6556098461151 473.09133926894816 47
62800 638.3667681217194 460.8254771450132 47
62900 721.5447006225586 545.1403169434022 47
63000 682.5683422088623 506.2201674623438 47
63100 666.4857518672943 479.3835094957991 47
63200 638.8936417102814 445.97543556597583 47
63300 621.566472530365 404.5488712130526 47
63400 874.10893034935 684.0333596439189 47
63500 858.2543971538544 681.1664181131707 47
63600 549.8272113800049 382.3485236297565 47
63700 717.5986301898956 524.9351472504552 47
63800 570.1682941913605 387.9422375740562 47
63900 708.3479444980621 513.5285032756439 47
64000 644.1579389572144 441.04943606047175 47
64100 647.325756072998 470.24872552246006 47
64200 567.5360758304596 385.75699370223856 47
64300 575.3201916217804 396.4926848299144 47
64400 554.6857843399048 369.5686857159115 47
64500 662.4345614910126 481.5233205358384 47
64600 582.2787997722626 403.8998730508853 47
64700 681.2204778194427 491.3757468557951 47
64800 634.2816395759583 425.57339785832676 47
64900 606.5285332202911 413.6234660727969 47
65000 580.0891742706299 382.59486085820805 47
65100 561.2291502952576 381.3852583521069 47
65200 548.4365561008453 357.6873133436982 47
65300 541.5238034725189 365.9015776257544 47
65400 568.903110742569 378.8054794288851 47
65500 602.2317929267883 404.80206308959185 47
65600 548.0547287464142 388.0550614098396 47
65700 577.8579349517822 384.87434648899404 47
65800 668.0939812660217 456.87283982974 47
65900 558.5921974182129 366.1599788772081 47
66000 562.4947602748871 380.2480146891181 47
66100 662.7594439983368 488.5532627555914 47
66200 572.448739528656 398.0181102668549 47
66300 569.5701348781586 402.60882981592266 47
66400 664.0034737586975 475.80243045464204 47
66500 536.8828816413879 347.56756458259383 47
66600 691.2106111049652 496.35233266848 49
66700 552.7535302639008 374.34799276432585 49
66800 653.9435472488403 464.21881018203703 49
66900 651.1100659370422 462.55815465119707 49
67000 573.3465118408203 404.48048020769363 49
67100 538.5136642456055 369.7012477391163 49
67200 696.6122279167175 502.71333227432956 49
67300 638.927882194519 427.7855116389035 49
67400 651.0869309902191 470.20212931531984 49
67500 559.4712197780609 390.6120022697065 49
67600 540.2397351264954 351.34514166161796 49
67700 607.5143792629242 401.05641925606426 49
67800 578.4500324726105 392.56044259984446 49
67900 587.3063180446625 415.6314967229207 49
68000 618.9022800922394 431.0586248497769 49
68100 661.1678206920624 458.2585576242714 49
68200 546.1783723831177 356.47014462513425 50
68300 623.3474729061127 446.6284284646615 50
68400 653.7281472682953 465.52444550656145 50
68500 771.5342261791229 564.0316303799782 50
68600 692.7033970355988 508.39924014654355 50
68700 626.4322981834412 453.55520977705453 50
68800 527.791029214859 360.41952016365826 50
68900 559.9151589870453 379.4112639162885 50
69000 598.3751945495605 419.3090605637627 50
69100 558.6963930130005 375.0332011550307 50
69200 573.1790137290955 399.89748434927213 50
69300 557.8150444030762 367.8970982440662 50
69400 557.2806761264801 391.550392261564 50
69500 570.1497089862823 383.6239662167221 50
69600 786.9510967731476 610.5558865532003 50
69700 584.2755928039551 392.6410849611807 50
69800 579.815669298172 394.9799913012479 50
69900 629.1454448699951 450.1623919423881 50
70000 630.4944100379944 441.886302846005 50
70100 729.6932668685913 548.260221876639 50
70200 630.7266256809235 436.4434316773735 50
70300 569.3972427845001 394.77025665679446 50
70400 701.0902121067047 524.2515771812946 50
70500 719.9774816036224 542.293751920228 50
70600 595.6041393280029 437.00936657117904 50
70700 576.5235285758972 390.196721060736 50
70800 630.0278861522675 445.24699181033077 50
70900 645.7160801887512 477.9769592925882 50
71000 638.667976140976 444.53279473120034 50
71100 601.4259207248688 425.6825630702959 50
71200 609.0996098518372 417.0313724677586 50
71300 538.4217448234558 373.8451318514075 50
71400 546.8471877574921 375.4493745866601 50
71500 618.2133913040161 423.5652786139658 50
71600 659.5082619190216 487.2168628225021 50
71700 570.621666431427 395.8899736879142 50
71800 567.1614887714386 379.67593881406924 50
71900 654.2378928661346 436.54847313688936 50
72000 549.0883548259735 363.5156432062265 50
72100 714.859085559845 534.2165498180013 50
72200 526.6164362430573 351.8571416755677 50
72300 891.8597629070282 704.3417548107685 50
72400 649.7779152393341 457.62259167531886 50
72500 661.674751996994 471.04159130991866 50
72600 578.0792121887207 407.7120389710265 50
72700 626.3793792724609 446.36657341299986 50
72800 601.4564414024353 440.7175677523848 50
72900 690.6322348117828 482.86449536374084 50
73000 858.9670398235321 687.4597612119676 50
73100 632.5128700733185 439.86771618081616 50
73200 740.4652290344238 543.0116664862895 50
73300 696.7143309116364 499.4953289797578 50
73400 561.3692815303802 369.87072687152926 50
73500 565.0024950504303 396.5083955742725 50
73600 625.1375570297241 431.0930804537079 50
73700 657.0808539390564 480.57114682909594 50
73800 682.7901587486267 484.4829337911991 50
73900 558.1086518764496 379.27227714832367 50
74000 622.5362637042999 430.86091818804914 50
74100 629.2458441257477 439.1435489815834 50
74200 679.9629714488983 477.14279005666333 50
74300 589.9579226970673 412.2719880166393 50
74400 567.8776199817657 397.9454688296213 50
74500 530.2026782035828 358.01065908439466 50
74600 546.1425638198853 362.7904620243254 50
74700 609.8537282943726 415.6586485140504 50
74800 560.0874621868134 391.93493866670724 50
74900 645.0654757022858 471.6906628424644 50
75000 666.3186070919037 471.85414169567446 50
75100 625.3637652397156 424.8635324181302 50
75200 603.4993348121643 421.37962803153425 50
75300 619.9192752838135 417.9737209822846 50
75400 634.5788576602936 447.6994660431599 50
75500 665.4636375904083 489.7857621060931 50
75600 583.4156713485718 392.62262859771727 50
75700 490.22719287872314 329.20020629573736 50
75800 668.2692198753357 495.5657415745357 50
75900 649.1135432720184 451.2109787416488 50
76000 678.1000854969025 469.4989473463794 50
76100 584.8417415618896 387.49671421375956 50
76200 609.8815989494324 429.9130831272171 50
76300 566.3572988510132 386.1492563607154 50
76400 629.9925224781036 444.357932217848 50
76500 692.872661113739 500.8847484438186 50
76600 865.788624048233 680.6211985596108 50
76700 586.7145357131958 404.9121411575277 50
76800 756.1809334754944 583.9461124401005 50
76900 614.3286845684052 435.10193876627625 50
77000 671.092041015625 497.77995846057127 50
77100 592.051682472229 411.15950789175497 50
77200 645.2037467956543 458.61028903218636 50
77300 675.9804677963257 508.60083751788466 50
77400 674.0401802062988 490.4549836112501 50
77500 764.7672684192657 553.8061474935532 50
77600 668.2598481178284 484.6032620100965 50
77700 667.6608426570892 483.8893621909299 50
77800 516.4407966136932 357.50535298176345 50
77900 578.1207501888275 374.6653754227407 50
78000 597.5662982463837 407.6419400168393 50
78100 718.2424066066742 533.230204504548 50
78200 978.2017815113068 796.9003455046499 51
78300 650.2571558952332 456.28728512224023 51
78400 623.3449382781982 436.9833132969746 51
78500 565.5639522075653 388.60483295897427 51
78600 608.878711938858 418.9626173462003 51
78700 794.3953800201416 597.1301299753327 51
78800 663.1926472187042 472.1657211886088 51
78900 698.8417775630951 513.5701849128789 51
79000 703.1738004684448 507.45693610148624 51
79100 567.1346642971039 375.9703320126822 51
79200 596.0409643650055 408.1667883921789 51
79300 616.9258506298065 419.8720671669755 51
79400 580.0110654830933 393.4399939579051 51
79500 515.3870623111725 331.059611641806 51
79600 620.5621993541718 451.3477392569815 51
79700 571.7497868537903 390.6426393079839 51
79800 589.2309403419495 420.6334901836941 51
79900 567.2936027050018 393.14020257419725 51
80000 676.4727299213409 511.4658187456612 51
80100 547.4878251552582 368.3364496831053 51
80200 612.3370871543884 413.68398109807003 51
80300 617.9472124576569 414.9781612558786 51
80400 502.43018436431885 336.0172367503137 51
80500 580.0818092823029 405.37880794955686 51
80600 625.8290083408356 433.3040622753799 51
80700 549.8661546707153 379.42292576456316 51
80800 671.9146978855133 477.658268219343 51
80900 673.4166293144226 474.595448387583 51
81000 610.8133428096771 442.59141388581077 51
81100 656.1398930549622 444.6754309867291 51
81200 603.169771194458 412.1464063773602 51
81300 567.6839790344238 381.75089048300777 51
81400 614.8879075050354 418.1722638593286 51
81500 668.60506772995 473.7001172011503 51
81600 611.7602729797363 447.24234690571745 51
81700 550.7429347038269 364.6988985262789 51
81800 602.0338196754456 405.95539397266316 51
81900 561.5248539447784 371.7187157143046 51
82000 558.9160764217377 370.15376786368313 51
82100 504.61181712150574 353.57146807077163 51
82200 614.8095633983612 419.03102215402873 51
82300 566.7393343448639 393.26146873927433 51
82400 542.0584053993225 364.12175419221234 51
82500 671.5511305332184 485.45787207157264 51
82600 586.9900615215302 421.0262223268693 52
82700 599.1120631694794 416.19328174951056 52
82800 574.5086579322815 386.0029428503375 53
82900 555.1643805503845 373.2994196554399 53
83000 646.3967566490173 451.3011004389685 53
83100 679.8481161594391 507.57787562517876 53
83200 645.2740318775177 457.32497806074485 53
83300 601.50949883461 441.91132042818293 53
83400 735.5429751873016 537.1931703922473 53
83500 658.6038703918457 485.9451258134388 53
83600 723.5580167770386 553.4057784160959 53
83700 873.7692112922668 674.6014877520405 53
83800 616.4283373355865 428.66284425024503 53
83900 682.6208341121674 498.0924293217606 53
84000 758.5006442070007 568.4152027181354 54
84100 647.5998456478119 453.9801203577677 54
84200 600.0405225753784 400.3258277795893 54
84300 615.2494156360626 417.1568940362648 54
84400 592.4324572086334 399.20789194417273 54
84500 581.8512849807739 398.79733610725606 54
84600 566.0825574398041 381.8241859146542 54
84700 576.4017651081085 396.9531982755179 54
84800 630.7455880641937 442.91456876349173 54
84900 634.1095352172852 442.117793971437 54
85000 635.4109792709351 456.67111264946686 54
85100 567.8237056732178 374.17051093317286 54
85200 639.5562560558319 461.44715589314774 54
85300 847.2845931053162 654.4819494614962 54
85400 712.6423535346985 538.1787917104344 54
85500 609.0606226921082 433.415986114778 54
85600 612.7302732467651 427.3141602060806 54
85700 741.6309244632721 574.6935894322398 55
85800 634.7838814258575 470.39430499766803 55
85900 549.1726551055908 374.77707016152283 55
86000 600.7980804443359 430.41923702973634 55
86100 640.0865559577942 443.4448781639723 55
86200 579.8894424438477 374.5510390645147 55
86300 564.1119213104248 381.35936518015984 55
86400 589.2567360401154 416.9272075699473 55
86500 633.5606422424316 441.27158616166196 55
86600 666.590425491333 468.8280821484996 55
86700 648.7996973991394 452.26035624216456 55
86800 698.0892570018768 501.26238269826933 55
86900 721.6082737445831 534.6460923192069 55
87000 675.5228605270386 470.7851190629623 55
87100 601.959596157074 407.97017420043494 55
87200 578.5406544208527 388.7073880396091 55
87300 642.7152309417725 435.0630361906138 55
87400 760.2939565181732 553.5264408234284 55
87500 636.4266984462738 459.1740781121847 55
87600 701.4171419143677 505.0930346874975 55
87700 639.2243549823761 472.16175094356026 55
87800 592.676168680191 423.61940126942034 55
87900 667.7102537155151 502.3419551952961 55
88000 609.0601196289062 430.2429481421205 55
88100 604.4097168445587 404.0396019098057 55
88200 559.1251573562622 386.94756818887834 55
88300 660.7839608192444 457.8581256445707 55
88400 568.3338310718536 394.4416205053359 55
88500 608.1333367824554 426.31912243056365 55
88600 687.084367275238 509.8894549292404 55
88700 599.683319568634 429.0142969126066 55
88800 617.7540502548218 411.63967494168895 55
88900 604.6959021091461 419.81739773649366 55
89000 580.4176733493805 396.72613530053883 55
89100 628.8589055538177 437.66316298832635 55
89200 580.596429347992 389.99106562763933 55
89300 609.7796173095703 420.9985167741305 55
89400 544.9251852035522 380.1704633756414 55
89500 587.3785462379456 399.5224011832153 55
89600 694.593231678009 520.5823696931042 55
89700 936.0437259674072 743.0422156651418 55
89800 686.86856508255 499.9304854617077 55
89900 646.513679265976 454.3194639294817 55
90000 562.8574650287628 379.45346479946977 55
90100 620.1318261623383 442.99318273481447 55
90200 658.6089179515839 459.5174680357838 55
90300 620.0943613052368 435.856458865067 55
90400 595.2748382091522 417.5012792807844 55
90500 664.1700663566589 466.2357855897317 55
90600 679.7792081832886 494.08857681775817 55
90700 725.7150716781616 525.2661578969443 55
90800 658.078290939331 462.34550405708285 55
90900 659.0411479473114 497.0771482355725 55
91000 774.9844226837158 574.4091635239622 55
91100 776.5386388301849 576.6331321167274 55
91200 583.9583356380463 401.0660284760571 55
91300 742.532571554184 551.5236245832909 55
91400 796.2578501701355 613.8961447416091 55
91500 634.9848408699036 435.2003657207961 55
91600 619.4648215770721 463.1755640541668 55
91700 598.951916217804 412.6711303815607 55
91800 562.3232662677765 395.52180219792285 55
91900 480.64350271224976 320.1376792115278 55
92000 787.1821529865265 590.5414848167853 55
92100 570.8491005897522 400.5920515350957 55
92200 621.4543685913086 459.18855838382717 55
92300 607.7030293941498 428.66534253843315 55
92400 580.427613735199 392.40634934274146 55
92500 553.7351522445679 373.72223326536164 55
92600 560.5986948013306 377.6285630542893 55
92700 897.5152530670166 709.8499442334996 55
92800 745.5752844810486 555.2804563262173 55
92900 603.4320538043976 395.06817197838325 55
93000 589.033661365509 421.20482348771145 56
93100 596.8757951259613 414.33774553787975 56
93200 575.643303155899 390.9287536968543 56
93300 585.9246232509613 387.64437343971537 56
93400 556.0309596061707 404.060758132633 56
93500 617.4951062202454 420.66520585684265 56
93600 627.2184398174286 430.63154470026063 56
93700 558.3105175495148 377.16114888601936 56
93800 614.4384994506836 424.79214990710125 56
93900 608.2826330661774 415.74077935431944 56
94000 633.6006078720093 457.3256960973168 56
94100 603.8759050369263 409.9688395905491 56
94200 655.0957326889038 467.58219704158046 56
94300 763.5474812984467 594.2737552068936 56
94400 577.9456362724304 400.8031471301639 56
94500 530.3473310470581 348.7504572331085 56
94600 584.6543884277344 394.8425838231768 56
94700 657.7517468929291 470.317301410024 56
94800 605.5851383209229 402.9382541815503 57
94900 548.1326093673706 377.8225621818035 57
95000 538.2160897254944 344.47638822663896 57
95100 596.730771780014 410.92922386636695 57
95200 674.1777014732361 482.7447353250772 59
95300 657.8602859973907 467.7628132962358 59
95400 639.8997809886932 445.6066773772965 59
95500 601.069317817688 420.3742660398583 59
95600 584.3797283172607 381.68398028758486 59
95700 777.6037366390228 606.9080057041114 59
95800 640.1905679702759 466.46865713808734 60
95900 652.029878616333 470.0865214283127 60
96000 610.4673244953156 438.1204892876532 60
96100 596.2862038612366 404.352310195212 60
96200 527.3949944972992 353.1440577849519 60
96300 589.0397989749908 412.1989814617416 61
96400 599.315043926239 433.0346007551901 61
96500 628.5407378673553 434.32489193371487 61
96600 604.2752315998077 424.75296238299256 61
96700 638.9566557407379 433.5273035966617 61
96800 701.4393200874329 505.74996512012876 62
96900 527.3582918643951 350.84038314564395 62
97000 624.7045214176178 441.2229086608854 62
97100 568.4755203723907 409.6694462721734 62
97200 592.7759866714478 412.3568519838466 62
97300 569.447865486145 374.6710141210663 62
97400 555.0087172985077 379.9029346208004 62
97500 583.8153419494629 394.21156026301514 62
97600 653.610025882721 456.45154926497366 62
97700 632.677152633667 449.73069001642045 62
97800 730.4021832942963 536.7811047440374 62
97900 842.6793434619904 643.5435964833346 62
98000 567.8543992042542 385.4378342540557 62
98100 620.420645236969 450.7886428335828 62
98200 695.679931640625 481.6110160580598 62
98300 802.4110579490662 606.0713190355712 62
98400 594.2668070793152 431.3611383573847 62
98500 560.2909905910492 377.8793502949152 62
98600 653.8587789535522 455.6816940921036 62
98700 691.0561013221741 481.1708343190707 62
98800 600.6852648258209 413.8969590495944 63
98900 510.37846183776855 344.8601437250576 63
99000 697.9978981018066 532.46480872189 63
99100 625.8989160060883 438.8354743270618 63
99200 644.8225619792938 450.89533865989466 63
99300 700.5077896118164 497.5031895664607 63
99400 692.4134693145752 498.276006575661 63
99500 598.1640512943268 408.04594684635566 63
99600 624.3312203884125 431.64682227198836 64
99700 685.1824102401733 513.9073490327971 64
99800 765.9753084182739 577.6009892114265 64
99900 602.3610949516296 441.5627419217039 64
100000 818.8030877113342 609.9019107732731 64
100100 849.2738435268402 681.9768773495445 64
100200 730.9091970920563 507.769333090949 64
100300 557.587375164032 411.8510129273186 64
100400 601.6909251213074 429.85837274226435 64
100500 660.1777439117432 481.2794934494532 64
100600 605.8553373813629 402.32110881030553 64
100700 611.3730857372284 404.1472397384612 64
100800 634.5141086578369 454.0603308646497 64
100900 592.6684517860413 414.89627304560645 64
101000 649.3137927055359 468.1589134404153 64
101100 614.4127655029297 425.0272708977243 65
101200 613.3826384544373 412.2802287653339 65
101300 613.790940284729 436.234872729613 65
101400 568.9488468170166 379.9403862911577 65
101500 630.7988746166229 460.48884614594374 65
101600 547.8860354423523 379.7775838950492 65
101700 585.9795355796814 416.96908297687935 65
101800 504.2604866027832 310.5858923083541 65
101900 547.1130776405334 351.59405917409015 65
102000 620.8309898376465 413.9108036998409 65
102100 671.4994103908539 485.8419378032826 65
102200 727.6257503032684 516.8765836969726 65
102300 559.7942154407501 376.9368868158433 65
102400 584.3323886394501 395.81105593961115 65
102500 595.34321808815 411.4221591917908 65
102600 625.1959247589111 436.5474214390762 65
102700 589.9354627132416 398.6548884758573 65
102800 626.4749522209167 442.31320461366795 65
102900 820.5207312107086 624.111806072566 65
103000 617.1006410121918 439.7036415380444 65
103100 493.00385642051697 323.8002393629687 65
103200 597.9841125011444 423.08981831479167 65
103300 622.0072031021118 438.6871921683547 65
103400 663.4329397678375 469.51734355765166 65
103500 638.0173144340515 442.86706559217333 65
103600 610.5407133102417 411.6041689700635 65
103700 594.6440281867981 410.50241470221 65
103800 590.1139883995056 406.57251764053916 65
103900 555.8841378688812 384.95696888124564 65
104000 567.9243941307068 400.5020940056629 65
104100 564.7444717884064 400.3896886133639 65
104200 690.9739007949829 503.46518620221286 65
104300 644.8876855373383 472.47139998744194 65
104400 630.289308309555 427.1161820707291 65
104500 606.5817296504974 437.74003032701296 65
104600 603.6082918643951 423.6883344687841 65
104700 636.12486577034 466.2309270718543 65
104800 611.1691918373108 421.83781235551555 65
104900 595.1798849105835 414.9334752409949 65
105000 556.1722056865692 366.24890007031695 65
105100 603.0198616981506 402.25298962773223 65
105200 575.7939124107361 391.8170852945788 65
105300 568.7374601364136 391.4351992896356 65
105400 610.8050601482391 427.36807003391004 65
105500 663.6089017391205 480.8642272801485 65
105600 656.6387052536011 472.7350579629316 65
105700 651.4800403118134 452.2074872101937 65
105800 751.2757484912872 578.7742902121297 65
105900 605.5274846553802 414.7400729546059 65
106000 588.806223154068 416.45228699075994 65
106100 517.4494762420654 332.96464101529864 65
106200 653.3053166866302 477.284905990712 65
106300 654.3059062957764 448.6516240262966 65
106400 619.6521837711334 432.2111585154179 65
106500 573.8876132965088 388.8081864040887 65
106600 649.0175886154175 473.176847818793 65
106700 598.1401369571686 403.0634796250112 65
106800 631.2163991928101 456.77005624395423 65
106900 569.6283707618713 383.1324324054205 65
107000 768.0207402706146 583.5625293850471 65
107100 583.868579864502 387.1296481123638 65
107200 578.0891766548157 408.51133342120863 65
107300 637.0633146762848 451.7860771116752 65
107400 741.5553667545319 554.5919067773689 65
107500 696.9811146259308 509.2318562538035 65
107600 632.267336845398 451.2616233374898 65
107700 553.8545169830322 367.4821805102101 65
107800 748.398955821991 558.4647814693744 65
107900 627.486878156662 473.7019303910434 65
108000 762.7821657657623 566.6270442296332 65
108100 648.5909984111786 468.6743072114434 65
108200 625.4822173118591 444.030417842361 65
108300 598.7892048358917 413.3858823736016 65
108400 655.2520413398743 453.5657114761152 65
108500 610.1776084899902 430.8268345820288 65
108600 560.3240416049957 392.6047604928957 65
108700 546.8819797039032 354.48673075856016 65
108800 574.683830499649 391.48943930743815 65
108900 694.4536480903625 504.14068746019643 65
109000 565.3793542385101 395.8187998547761 66
109100 771.4584679603577 601.5913692739805 66
109200 596.9368970394135 398.26851596701965 66
109300 691.1727955341339 498.4185461830833 66
109400 758.9374403953552 572.2882260159008 67
109500 771.3110582828522 561.0545183951556 67
109600 616.1915137767792 428.0869123643762 67
109700 621.5469360351562 447.92636740312423 67
109800 605.4037637710571 418.34400729586156 67
109900 604.574709892273 420.94936088409247 67
110000 617.0156354904175 427.5455504609344 67
110100 944.8229606151581 768.6514249278969 68
110200 552.6191120147705 356.443329808845 68
110300 659.3678138256073 468.7279893803591 68
110400 679.4946637153625 502.975210564239 68
110500 541.3415644168854 363.0051196472671 68
110600 674.5073873996735 472.5959440010351 68
110700 605.7936391830444 408.49493268009803 68
110800 588.3940598964691 398.9501262580241 68
110900 524.6640207767487 347.4163143675525 68
111000 571.145437002182 369.27617135100996 68
111100 656.5215339660645 467.6939994495747 68
111200 800.3722970485687 598.4292973527897 68
111300 632.2274746894836 450.12275151267795 68
111400 616.2237312793732 435.7688501476606 68
111500 568.9600830078125 398.30860768468 68
111600 609.4898059368134 417.0061466164953 68
111700 597.1549572944641 390.51369246152524 68
111800 593.2928838729858 408.5441926887636 68
111900 618.0470244884491 424.4270997711989 68
112000 687.8696875572205 508.2010996011036 68
112100 572.9225668907166 404.8707319458571 68
112200 646.5933172702789 440.85913779437186 68
112300 662.2406923770905 467.50514173587163 68
112400 572.3184971809387 392.5556034660862 68
112500 596.3044102191925 426.20562588296286 68
112600 542.2736823558807 356.18183473700617 68
112700 570.1152198314667 360.97484583402615 68
112800 601.1647653579712 405.5862422262044 68
112900 627.4436886310577 437.20867432326384 68
113000 618.8582870960236 445.810298327032 68
113100 654.595627784729 474.83096665058366 68
113200 596.3211095333099 403.4742041435009 68
113300 513.3547525405884 345.45530576225565 68
113400 654.5123198032379 457.0385217182154 68
113500 634.6169719696045 471.31028846820686 68
113600 677.8082251548767 485.3869770947327 68
113700 600.2430529594421 426.4005364537968 68
113800 607.6372838020325 418.535494264412 68
113900 610.285308599472 418.4842546672436 68
114000 585.1308813095093 418.05404280947386 68
114100 656.8499655723572 486.08817434268747 68
114200 602.8600780963898 427.29385807237065 68
114300 588.8722214698792 397.09642857405424 68
114400 572.6339855194092 386.44025734479703 68
114500 544.0415623188019 373.5921723292944 68
114600 654.6717274188995 453.7343985814814 68
114700 632.6271677017212 450.7675354777309 68
114800 568.1899943351746 395.6947789429859 68
114900 537.0712366104126 356.5499857742536 68
115000 604.1610617637634 429.5154817452828 68
115100 653.2318499088287 475.16619038435516 68
115200 597.813670873642 429.79956199106766 68
115300 872.2933943271637 686.572398972601 68
115400 641.5614941120148 461.1329954044579 68
115500 625.593090057373 440.3913890961653 68
115600 692.7115204334259 512.2148562836064 68
115700 625.0757255554199 457.11017725699594 68
115800 625.7328374385834 442.51607887101534 68
115900 676.3815562725067 477.997440681037 68
116000 541.4271469116211 374.89041460355867 68
116100 671.2942411899567 482.26424376166824 68
116200 555.1910338401794 396.8103883639689 68
116300 641.8787634372711 453.2609371704948 68
116400 527.6037476062775 338.60040546942366 68
116500 538.561793088913 342.4581801856691 68
116600 568.7553825378418 384.01118808068895 68
116700 597.7306849956512 401.05934494325476 68
116800 630.6467230319977 431.4749911695242 68
116900 687.339052438736 511.0282491166153 69
117000 687.3443596363068 493.0273157621714 69
117100 697.8029391765594 499.22072538290877 69
117200 552.1917917728424 368.9973491118384 69
117300 575.0023286342621 395.8499880357889 69
117400 572.238760471344 404.0181301346108 69
117500 704.2109684944153 530.6483232390416 69
117600 647.7845704555511 463.5950640086667 69
117700 603.3234353065491 399.8472548271644 69
117800 581.1154973506927 400.3233132682027 69
117900 574.2112185955048 388.1434482947644 69
118000 663.827374458313 477.71388569853355 69
118100 838.162700176239 650.796325873543 70
118200 599.5380923748016 445.7457727323231 70
118300 668.2776386737823 472.0834297291693 70
118400 615.4627370834351 438.2926708531528 70
118500 625.6343297958374 449.9182685126543 70
118600 605.5954673290253 412.15979095220837 70
118700 576.857583284378 376.3327961228254 70
118800 637.5788822174072 464.37276894547347 70
118900 596.1117517948151 418.01051527198797 70
119000 671.4196591377258 468.20087340270004 70
119100 617.9369094371796 427.7715281709416 70
119200 652.1605839729309 472.28294029764015 70
119300 578.1669142246246 393.172480158652 70
119400 610.1331031322479 418.4934910409495 70
119500 674.6976640224457 470.7194431276735 70
119600 524.2980251312256 360.46165267649604 70
119700 553.4085502624512 372.9967177743028 70
119800 635.6288216114044 449.1052815000168 70
119900 535.4467978477478 363.0489772241324 70
120000 617.9160661697388 405.2195437596431 70
120100 590.830949306488 406.0704806978329 70
120200 579.8496282100677 399.5772402111519 71
120300 575.6717641353607 385.80609479878046 71
120400 559.9352674484253 383.1321357999011 71
120500 589.9301426410675 395.35086278064074 71
120600 570.8042547702789 394.018057746595 71
120700 533.8875024318695 334.7903308746574 71
120800 515.8601906299591 335.51901359621786 72
120900 563.0398144721985 390.05367936360324 72
121000 590.4672250747681 402.1166684307768 73
121100 544.3281633853912 372.79323513329064 73
121200 612.9278087615967 432.69322552445556 73
121300 596.4602813720703 402.0763165564063 73
121400 574.8269407749176 412.10812411999444 74
121500 625.4313006401062 421.05996607642766 74
121600 619.08669090271 432.0343012887412 74
121700 649.7103109359741 450.615224206659 74
121800 2027.0221943855286 1834.0470065410502 75
121900 611.9814569950104 424.33254899880063 75
122000 630.267293214798 430.54288459511565 75
122100 618.4579277038574 448.78860209094796 75
122200 576.1284387111664 407.8838988213025 75
122300 672.1501235961914 468.2735060473119 75
122400 594.103541135788 421.0573262161409 75
122500 578.4612176418304 391.80705284605546 75
122600 551.4722752571106 344.7596786398202 75
122700 563.4176669120789 383.16553113833027 75
122800 602.8672940731049 426.64532719826417 75
122900 544.3311810493469 383.70272411061217 75
123000 554.4951293468475 372.159084313423 75
123100 558.4363873004913 385.4546078988367 75
123200 548.5706901550293 381.5114486470288 75
123300 519.6428518295288 355.5394142358766 75
123400 649.1802895069122 444.9594026879693 76
123500 544.4034163951874 357.31774923973745 77
123600 643.2062699794769 470.58999486454036 77
123700 722.1346225738525 531.1222021216765 77
123800 644.2145118713379 443.3475157067363 77
123900 620.4252715110779 437.070248511253 77
124000 664.0552937984467 462.95385737361687 77
124100 589.6654350757599 384.8192801012475 77
124200 614.6709349155426 432.17244490534347 78
124300 616.7018022537231 415.31298480237064 78
124400 817.6857118606567 643.7514357342839 78
124500 749.4218761920929 567.4538227304 78
124600 761.8504424095154 596.1530670327646 78
124700 678.3136277198792 499.5278313257303 78
124800 606.5449442863464 420.0542496057091 78
124900 614.7991518974304 425.3939967363009 78
125000 607.6989786624908 423.57019031842265 78
125100 597.9863016605377 403.98933690687323 78
125200 598.6847548484802 398.6669016061381 78
125300 660.1256778240204 478.1751219242029 78
125400 698.8912045955658 527.1319231334663 78
125500 664.0712280273438 502.84469138995837 78
125600 607.5807580947876 424.1473216821271 78
125700 691.6518912315369 502.44885919966697 78
125800 679.1793746948242 482.32689721063775 78
125900 558.3228306770325 391.8877676646938 78
126000 623.414472579956 443.68517949983027 78
126100 832.2075889110565 673.3422164392474 78
126200 689.2066020965576 485.3443513864785 78
126300 739.8665263652802 541.6393013828549 78
126400 601.4428381919861 411.576940974602 78
126500 567.7831923961639 395.3138501729637 78
126600 650.427520275116 451.1669676379414 78
126700 633.4140131473541 456.13937792100745 78
126800 615.6903276443481 476.9720193748367 78
126900 625.3130512237549 437.6008678902088 78
127000 686.9798038005829 482.41055857564083 78
127100 772.2347898483276 597.3367279768158 78
127200 649.3237986564636 474.98738220490327 78
127300 646.7831034660339 461.463123190017 78
127400 641.1885180473328 472.3283790746999 78
127500 731.3368682861328 555.5963417977837 78
127600 664.1326522827148 461.1038630971183 78
127700 687.3173868656158 485.9695463019102 78
127800 645.1432793140411 454.17636185845686 78
127900 573.3231837749481 407.6302919899598 78
128000 551.1400504112244 369.49001207787956 78
128100 613.5507428646088 425.94024814405986 78
128200 598.2271003723145 404.7069933633161 78
128300 733.4022748470306 534.9769442207587 78
128400 683.0004785060883 515.1751926677955 79
128500 584.7424683570862 404.4758872131413 79
128600 573.609227180481 383.0755052257057 79
128700 581.2548694610596 400.91295564126096 79
128800 791.692718744278 602.817019321002 79
128900 581.6258301734924 430.8063976860135 79
129000 632.9296100139618 452.31118167721246 79
129100 635.6235401630402 448.6622042575907 79
129200 729.6697824001312 551.5657473318845 79
129300 608.7726140022278 443.29301964932085 79
129400 589.1586418151855 394.3924909771217 79
129500 540.5800683498383 342.67658403945893 79
129600 517.4468739032745 356.1894897326371 79
129700 641.5834016799927 441.85626708036375 79
129800 626.1252288818359 415.92287165517484 79
129900 586.3258368968964 386.24000407538347 79
130000 677.5722625255585 498.70584936962723 79
130100 603.893673658371 422.5474442756197 79
130200 668.7914538383484 482.6541162148809 79
130300 707.7232897281647 519.6365578818605 79
130400 653.7025611400604 468.7232895628922 79
130500 581.512583732605 387.6110225231725 79
130600 636.0964727401733 430.6105778777782 79
130700 691.2422730922699 509.9354764308261 79
130800 599.8427612781525 418.21597771278755 79
130900 617.9789369106293 446.79084931743137 79
131000 617.7510063648224 431.95631271290114 79
131100 577.9491128921509 382.2333739027084 79
131200 593.6204447746277 417.5663086760438 79
131300 608.938957452774 411.8158542951001 79
131400 589.1131494045258 414.96800978549015 79
131500 576.3907573223114 401.3917188545387 79
131600 623.206915140152 435.3984466164153 79
131700 692.848310470581 516.9344715169195 79
131800 604.1381056308746 428.1887128717326 79
131900 553.8558263778687 374.374635418334 79
132000 566.1684603691101 386.28879156339815 79
132100 577.195591211319 392.14849365378495 79
132200 614.7357697486877 415.8640189225355 79
132300 678.7017886638641 496.60058211887645 79
132400 708.7027659416199 527.8662084261091 79
132500 499.71424770355225 333.3047816795977 79
132600 576.9533638954163 397.5122546070549 79
132700 539.6103177070618 361.0689627435691 79
132800 657.4373416900635 452.9500529118089 79
132900 649.1083285808563 466.2793162727156 79
133000 649.6742596626282 469.8801462337218 79
133100 577.2935218811035 400.1762260667021 79
133200 618.9240250587463 459.4416097174131 79
133300 670.5206189155579 486.8238177991585 79
133400 744.2940783500671 540.7536409871883 79
133500 686.6364531517029 506.18400401569403 79
133600 569.5931673049927 390.62917067614546 79
133700 691.3308546543121 497.3608982393225 80
133800 588.5927858352661 397.1430299833032 80
133900 568.7650239467621 389.78246460431797 80
134000 656.3371775150299 463.86450014634397 80
134100 709.5078313350677 516.2329551762664 80
134200 591.1155669689178 403.16908833875686 80
134300 583.6031038761139 408.21248991826957 80
134400 634.7097012996674 447.1539466364943 80
134500 558.2928295135498 389.5936272238289 80
134600 522.9580619335175 351.3807517685573 81
134700 549.5379238128662 357.32192337680954 81
134800 600.732428073883 389.8461984755331 81
134900 599.2102560997009 430.8839398877756 81
135000 578.0544006824493 410.09724068703196 81
135100 723.7553713321686 550.8005639946232 81
135200 559.0320618152618 381.6945520266629 81
135300 592.894170999527 386.22749119331513 81
135400 544.1469433307648 386.15884116714676 81
135500 561.2189195156097 381.6365028253338 81
135600 590.146627664566 403.8818016953486 81
135700 576.0550117492676 390.6303591865129 81
135800 648.7535381317139 458.3875714880442 81
135900 564.9576227664948 383.8113852857551 81
136000 629.2362761497498 449.3298809773762 81
136100 641.47354388237 448.8331721299121 82
136200 537.3263056278229 374.57608911389116 82
136300 600.6540248394012 414.5854907971858 82
136400 608.3632006645203 428.3764716293382 82
136500 617.0645003318787 450.0717549767776 82
136600 612.6224679946899 441.2454291863703 82
136700 648.7725338935852 455.64190580495404 82
136800 537.94451212883 374.6075423667585 82
136900 539.2594022750854 364.5569399710468 83
137000 572.4827558994293 417.4083563213536 83
137100 552.2196984291077 367.7314021614329 83
137200 521.0889220237732 349.37624916435504 83
137300 677.723299741745 487.23844634206773 83
137400 670.9834532737732 505.2914486006827 83
137500 651.6857531070709 468.25754631138255 83
137600 649.3008503913879 453.9167045215857 83
137700 1960.1454050540924 1783.067691639823 84
137800 553.0243980884552 374.68261461728184 84
137900 544.7317562103271 375.2099401041987 84
138000 623.1509165763855 445.41444386882404 84
138100 564.4707601070404 391.44540886910363 84
138200 552.7802493572235 385.08028882456773 84
138300 632.2269032001495 440.0834877460071 84
138400 520.5487377643585 354.5911197386656 84
138500 576.5954587459564 408.5180073562293 84
138600 572.7854824066162 395.7303717983724 84
138700 692.7715837955475 500.41979962074277 84
138800 612.6686639785767 422.0091616123443 84
138900 574.2282474040985 406.3650413421989 84
139000 752.5109889507294 565.6769156246286 84
139100 595.5814893245697 407.2229976802562 84
139200 619.8435060977936 419.0454898994569 84
139300 619.5355069637299 441.9358266896926 84
139400 681.8871388435364 519.6501957925625 84
139500 678.789053440094 496.49949219221924 84
139600 545.5661871433258 362.92567827049083 84
139700 630.0221562385559 435.85816286974784 84
139800 651.9901323318481 473.8132651524668 84
139900 841.3273417949677 663.4490235490275 84
140000 657.9481258392334 489.3520111088111 84
140100 617.7070531845093 440.8517587053484 84
140200 685.4051790237427 492.5707431278889 84
140300 641.4800505638123 449.06298320721 84
140400 602.9198486804962 438.16220851994257 84
140500 649.8383119106293 449.2213420315196 84
140600 619.4546256065369 416.5040775414251 84
140700 667.0006711483002 491.97704983937035 84
140800 606.9563024044037 424.55460929043556 84
140900 701.7324104309082 516.1695521634786 84
141000 653.4802515506744 452.113907704897 84
141100 732.7043480873108 569.62624452354 84
141200 655.8596429824829 476.7455301490877 84
141300 665.1211805343628 488.7197681013898 84
141400 726.354145526886 554.0896031928328 84
141500 665.0919532775879 506.62272897293343 84
141600 687.8448686599731 505.2636529681031 84
141700 609.1099226474762 435.1573656783136 84
141800 593.6686017513275 415.13215088546804 84
141900 624.2816016674042 436.7602905049912 84
142000 629.6973204612732 443.5405411141968 84
142100 825.498158454895 629.869904636796 85
142200 598.1716229915619 422.7752248369593 85
142300 642.7618916034698 462.1450580430071 85
142400 541.5140516757965 348.4364573811321 85
142500 569.8145437240601 405.46427404922053 85
142600 614.8551337718964 428.4326151830926 85
142700 675.0296900272369 488.85679900401306 87
142800 676.3137836456299 493.6362328835632 87
142900 687.3989672660828 493.0567487019333 87
143000 454.5165445804596 300.6302542489608 87
143100 554.0397012233734 368.99294206520824 87
143200 575.942901134491 403.42281129790115 87
143300 618.0056781768799 447.00878122889776 87
143400 630.3513090610504 445.16908385841083 87
143500 613.9962677955627 422.3559965969398 87
143600 663.5778274536133 462.98450927714026 87
143700 605.0685522556305 419.2162739415071 87
143800 685.0289442539215 484.55716294840107 87
143900 612.8588633537292 438.56377620421944 87
144000 590.5600838661194 400.39002919427946 87
144100 582.5128328800201 385.5474352286924 87
144200 578.7705595493317 393.2517512156793 87
144300 670.8211681842804 490.04894970493 87
144400 789.0097987651825 605.5438189934479 87
144500 735.7043476104736 541.8651718969107 87
144600 889.8049037456512 716.7471815657419 87
144700 549.2627952098846 390.4537458176899 87
144800 694.0588803291321 503.75821983161313 87
144900 809.8196623325348 637.2611406098513 87
145000 575.1038160324097 416.7015860835383 87
145100 551.3822405338287 383.82722863338586 87
145200 571.7882902622223 382.783139854493 87
145300 647.4625630378723 464.6475122136044 87
145400 817.149808883667 635.1941760466514 88
145500 740.1560561656952 560.5862166189247 88
145600 641.0679595470428 472.73122398841906 88
145700 619.8940851688385 427.56995363974147 88
145800 662.3607063293457 475.1187088190734 88
145900 572.2721037864685 366.26309582398153 88
146000 650.9975018501282 466.60798086698503 88
146100 679.5040416717529 491.7711785803929 88
146200 492.60102915763855 324.5102527448653 88
146300 781.4866414070129 588.0698787157828 88
146400 638.7981133460999 425.83272451071986 88
146500 542.9480149745941 364.5539653249837 88
146600 536.6094634532928 376.6689188163032 88
146700 659.5023152828217 489.67205848821084 88
146800 524.9830768108368 346.20541206226187 88
146900 531.1831276416779 349.24228928091054 88
147000 590.2261996269226 377.1283706265078 88
147100 642.1806738376617 463.0787430235657 88
147200 521.0507507324219 336.88569288137364 88
147300 517.3582043647766 349.1471196428195 88
147400 633.563841342926 419.4859772506112 88
147500 592.4007525444031 407.91494720563185 88
147600 663.5441520214081 490.62734852128233 88
147700 719.3034620285034 526.8508710088075 88
147800 609.6942989826202 447.00349672732466 88
147900 662.7879230976105 471.09122536927697 88
148000 616.6376090049744 418.3439766469619 88
148100 570.6768317222595 397.0867941889717 88
148200 602.6743597984314 425.9340482880128 88
148300 602.1393201351166 404.7461079829373 88
148400 616.2055990695953 430.59674931896 88
148500 574.1961801052094 402.29054563326883 88
148600 575.6799232959747 389.6970466455698 88
148700 629.7853102684021 461.64880162566374 88
148800 635.4458556175232 458.3294137290456 88
148900 620.5297265052795 423.9410499978339 88
149000 625.3290894031525 425.9229262004591 88
149100 677.8881573677063 469.5088095414175 88
149200 694.4629437923431 494.2386501882553 88
149300 591.0507915019989 411.7278357122484 88
149400 647.5481150150299 454.0690774847148 88
149500 697.8047323226929 503.31492893366493 88
149600 606.0688440799713 398.3249751784557 88
149700 584.0584564208984 395.2627010072548 88
149800 584.4128093719482 389.0549164689438 88
149900 552.6555058956146 377.4484031143441 88
150000 585.2452211380005 407.1690609261369 89
150100 581.640456199646 379.4825414398281 89
150200 665.0099124908447 462.15058627576906 89
150300 653.156877040863 456.2807262043287 89
150400 625.2434728145599 434.738031337443 89
150500 763.8970768451691 578.853971406358 89
150600 672.3838930130005 477.2098938521508 89
150700 694.131888628006 506.79434583381203 89
150800 657.8580160140991 474.39874832297596 89
150900 559.3954811096191 381.3090150669517 89
151000 549.9199917316437 373.93036710882086 89
151100 589.505571603775 404.3486198531982 89
151200 759.2968175411224 565.4795134002345 90
151300 777.1507747173309 581.7533195067051 90
151400 735.1541340351105 558.999341621597 90
151500 713.6245894432068 532.2773136169842 90
151600 576.5954217910767 408.9660247663503 90
151700 578.3321888446808 400.89463305889205 90
151800 648.6824641227722 468.0359669439648 90
151900 663.4048538208008 470.5458821287771 90
152000 564.8884198665619 399.73994250390206 90
152100 604.1991736888885 420.0952245344886 91
152200 646.9030220508575 452.21933914305805 91
152300 693.5382170677185 508.91537265897205 91
152400 556.3173136711121 372.6500019715462 91
152500 684.8568394184113 505.5085132611394 91
152600 655.5995018482208 479.52590692788283 91
152700 542.7504694461823 366.9265922050393 91
152800 605.2892236709595 400.4694225843675 91
152900 578.3762574195862 397.23899334551436 91
153000 599.7925021648407 420.49210852954207 91
153100 599.5505089759827 413.2899987684456 91
153200 616.4151611328125 435.2865925845769 91
153300 647.5597116947174 471.70917027682947 91
153400 651.0946941375732 457.31274012227334 91
153500 575.1352241039276 403.125775097787 91
153600 576.9151809215546 380.44295879637525 91
153700 598.1636607646942 417.7796221767344 91
153800 600.1012790203094 418.9093364591298 91
153900 578.529283285141 376.4670232264641 91
154000 590.3171052932739 400.8425028879626 91
154100 582.4585189819336 394.8769758122103 91
154200 510.5107741355896 349.18616099787323 91
154300 573.7699484825134 396.11950304275945 91
154400 647.7803347110748 466.7602016098054 91
154500 642.6589314937592 449.5795712554453 91
154600 616.3577268123627 435.6903130987489 91
154700 618.6085774898529 418.53459469760276 91
154800 721.3420014381409 529.2887918795597 91
154900 690.1854200363159 514.3099467910101 91
155000 629.449789762497 442.3355974775193 91
155100 640.6308555603027 469.99716492194455 91
155200 616.7445085048676 444.8086610589325 91
155300 609.7786974906921 414.454026695728 91
155400 577.8822028636932 392.3148783046345 91
155500 698.3300030231476 501.5875090169883 91
155600 606.5250220298767 426.21917374294077 91
155700 618.6000905036926 433.19941965395344 91
155800 534.2481684684753 341.1324681887478 91
155900 678.560142993927 488.7130270235465 91
156000 622.0255904197693 444.5945538266219 91
156100 537.4675056934357 374.86833318580415 91
156200 658.0101292133331 445.8347606870318 91
156300 620.72794008255 430.9575404721294 91
156400 632.1249003410339 432.8778072669984 91
156500 605.4077970981598 414.29872298219505 91
156600 575.4723393917084 416.0857960341838 91
156700 695.0768911838531 518.6641436617258 91
156800 619.2892892360687 441.56524452163967 91
156900 645.7715411186218 477.31033963182904 91
157000 592.014922618866 412.1473116929661 91
157100 642.6212270259857 451.7092012339368 91
157200 731.1264095306396 530.2203064984087 91
157300 908.1796662807465 705.319703100906 91
157400 646.9353158473969 450.6629108190466 91
157500 563.0695643424988 408.0281924384652 91
157600 573.8068008422852 386.77942967117394 91
157700 541.3584856987 355.4257197501868 91
157800 603.1211953163147 399.37274126532157 91
157900 855.4364235401154 678.2735516784488 91
158000 736.592221736908 546.9464603319085 91
158100 705.7986385822296 531.7987112999405 91
158200 728.9682219028473 530.6562819206138 91
158300 593.6561143398285 407.81794673727836 91
158400 541.7263598442078 353.6687429752061 91
158500 564.5576682090759 387.5200239250663 91
158600 602.5436606407166 420.5781532163926 91
158700 616.4796855449677 425.48191736610414 91
158800 595.3316583633423 407.9187529227826 91
158900 617.8074235916138 441.32324482966027 91
159000 588.2270979881287 416.42227119180825 91
159100 637.8459157943726 441.7897547371232 91
159200 914.4534175395966 731.8556721308928 91
159300 685.7450268268585 482.50495086665944 91
159400 567.1223521232605 402.67141708712234 91
159500 551.6219611167908 392.15573652618093 91
159600 557.4327182769775 373.55758560647996 91
159700 867.6315786838531 660.2345366526315 92
159800 565.5128643512726 387.36336102753876 92
159900 622.4919619560242 428.3066572232249 92
160000 567.6865706443787 390.2350783694375 92
160100 741.0701518058777 546.3916909663344 93
160200 669.9071216583252 475.8495518704183 93
160300 654.6614308357239 449.23136505005834 93
160400 626.8754396438599 444.70941658183665 93
160500 716.6424603462219 547.8915018419297 93
160600 600.0208826065063 430.53790576306494 93
160700 678.8343427181244 489.046643829332 93
160800 616.6460113525391 426.7711986465352 93
160900 560.9790563583374 391.33121658672894 93
161000 720.7977163791656 530.1699370647153 94
161100 639.154988527298 461.174862620133 94
161200 596.5332622528076 401.00732393545127 94
161300 482.81720995903015 312.35446563354947 94
161400 487.79909443855286 307.2109427257126 94
161500 647.7204802036285 467.10553459054904 95
161600 611.2692444324493 408.11884710026015 95
161700 590.4095165729523 409.71703864506947 95
161800 574.7515304088593 383.0796109517949 95
161900 685.2626349925995 491.9868948558801 95
162000 567.4501736164093 388.78918774867606 95
162100 514.1745519638062 345.4404823428897 95
162200 585.302657365799 389.68515744534176 95
162300 548.1359193325043 363.9644155879569 95
162400 473.11539912223816 283.25594938203034 95
162500 571.0065479278564 366.4802561880558 95
162600 603.0941758155823 433.3866809216694 95
162700 576.0330541133881 397.5157689740069 95
162800 613.1200575828552 424.9386693301953 95
162900 694.5768306255341 513.1933155111135 95
163000 671.7441537380219 484.40512536309734 96
163100 807.6501710414886 610.2190490055384 97
163200 602.1128170490265 412.12504384200815 97
163300 686.0958862304688 500.3563551414561 97
163400 626.8930208683014 404.5754600082445 97
163500 629.188883304596 442.3069853986136 97
163600 601.103572845459 430.0098404693231 97
163700 569.7800693511963 376.91485136940105 97
163800 625.1687741279602 439.82979500606064 97
163900 595.6233351230621 434.45065626790523 97
164000 580.2147221565247 380.31492674143567 97
164100 654.4159750938416 467.11009036541805 97
164200 783.5651090145111 594.6949643867044 97
164300 682.2367784976959 465.05392738894096 97
164400 625.2653338909149 439.4875870641139 97
164500 576.4296679496765 385.2261596110791 97
164600 614.2092781066895 441.1067859417494 97
164700 582.0584006309509 395.1187734972782 97
164800 626.9534561634064 438.61256079370037 97
164900 684.2976477146149 482.66419280022365 97
165000 613.2627499103546 441.9455069306497 97
165100 634.9636869430542 432.6886669621698 97
165200 747.0179061889648 574.8670019281772 97
165300 679.5145635604858 488.95499567836134 97
165400 672.4274151325226 478.557029798147 97
165500 746.3714435100555 547.5975846022993 97
165600 687.1573014259338 489.80200862521156 97
165700 616.8184931278229 426.10192444670395 97
165800 584.6750898361206 421.71305165899525 97
165900 614.9814512729645 429.6593995985555 97
166000 588.3261117935181 407.89143991756293 97
166100 618.8264625072479 439.6254079480535 97
166200 671.6837272644043 473.7617647508782 97
166300 672.5307967662811 480.345156057508 97
166400 562.9687957763672 369.91680188868787 97
166500 514.4699232578278 333.9174357277221 97
166600 590.6890242099762 411.10210689547125 97
166700 577.3254640102386 388.5055032380287 97
166800 623.4009590148926 436.1156160322517 97
166900 600.2971260547638 414.6415998190821 97
167000 700.5598347187042 521.3291272628499 97
167100 550.2458920478821 373.4923549341006 97
167200 663.7593603134155 463.3741391333623 97
167300 579.2468667030334 367.8751395301382 97
167400 876.1645379066467 693.5847608041919 98
167500 628.4478876590729 450.6048458715172 98
167600 618.8515310287476 462.4952762316206 98
167700 769.4850654602051 572.3110777747619 98
167800 756.0783879756927 562.5408628744763 98
167900 606.704460144043 414.13082855077835 98
168000 526.5167033672333 344.80908066935046 98
168100 577.8895511627197 386.8285842521838 98
168200 636.6792485713959 451.8646482097953 98
168300 648.3239586353302 472.6785337040827 99
168400 644.9762961864471 463.12781510922986 100
168500 728.7168052196503 527.6445579835121 100
168600 773.3902688026428 600.909653383306 100
168700 657.0633521080017 493.30210920303125 100
168800 637.5192506313324 466.52748822271883 100
168900 610.3815395832062 422.1236179283266 100
169000 671.6181271076202 470.16128463758434 100
169100 604.7554976940155 429.5457740114264 100
169200 784.8667914867401 580.3568931099019 100
169300 751.0169086456299 535.7866434198509 100
169400 636.6258895397186 465.03343036546795 100
169500 709.7982940673828 521.7410107950572 100
169600 657.989271402359 489.61433856171925 100
169700 636.7136981487274 467.5558843976987 100
169800 605.1533417701721 412.22034569698303 100
169900 538.1007084846497 342.2066283277765 100
170000 684.4968683719635 490.8660676533958 100
170100 587.5220055580139 410.02923561908295 100
170200 659.9354701042175 477.6174798513224 100
170300 648.6699774265289 451.83435290273985 100
170400 623.0764620304108 444.3394088231971 100
170500 665.5599627494812 490.8292439603746 100
170600 814.1991767883301 610.7459727940214 100
170700 602.1727554798126 420.99152102971175 100
170800 547.6250960826874 358.5442781711818 100
170900 622.7784929275513 444.6489705377463 100
171000 608.5576617717743 423.3274995104256 100
171100 556.8695209026337 345.9729672003168 100
171200 464.5939667224884 299.3690136951019 100
171300 767.7020230293274 577.0793204495046 100
171400 610.5552325248718 430.3673236724195 100
171500 598.7175555229187 408.45739157806975 100
171600 701.5413529872894 520.8020942778085 100
171700 493.62762570381165 314.6760452035518 100
171800 548.2189991474152 365.43358485813803 100
171900 625.2998900413513 432.60318290947026 100
172000 609.4728972911835 424.0348904826567 100
172100 719.0348052978516 538.3103210071158 100
172200 575.5474443435669 416.94149136534526 100
172300 518.3738212585449 333.53056187831794 100
172400 628.1502332687378 435.40863288765456 100
172500 656.6785945892334 472.85515223826746 100
172600 639.5658578872681 440.26860503608066 100
172700 610.8760924339294 435.2864474231039 100
172800 674.7812266349792 496.5120973023802 100
172900 683.0618677139282 514.2011890595879 100
173000 611.4220492839813 414.74156028592716 100
173100 568.8294730186462 391.442586698936 100
173200 631.2243254184723 435.16838129046005 100
173300 653.5529174804688 438.939682279075 100
173400 626.8273117542267 420.10377931562505 100
173500 781.4771304130554 595.0018957812315 100
173600 612.9425172805786 427.8310624594627 100
173700 560.9663934707642 381.37038568103935 100
173800 521.7229490280151 331.63444915611905 100
173900 594.8134751319885 418.07079282643025 100
174000 517.137980222702 322.2327653183254 100
174100 578.458461523056 413.02318418275274 100
174200 642.5589048862457 462.56357085305956 100
174300 667.7238721847534 471.5954876271715 100
174400 699.9230773448944 516.1266806085155 100
174500 583.9783878326416 407.61165359903896 100
174600 607.4221405982971 424.8255478243608 100
174700 551.860696554184 360.8722891390737 100
174800 619.0972182750702 413.31837120330454 100
174900 557.6158931255341 371.16806522731713 100
175000 605.9282171726227 425.04534983594726 100
175100 594.5414769649506 424.1779420995657 100
175200 608.5912013053894 420.2061234732018 100
175300 655.6312353610992 477.5471818435494 101
175400 673.9816782474518 502.0508424415212 101
175500 546.785641670227 356.2127630425307 101
175600 607.8892650604248 445.4051365423347 101
175700 540.3830482959747 342.7099369534125 101
175800 554.7431080341339 370.3560212964328 101
175900 567.9220669269562 390.0663432738043 101
176000 616.5499432086945 419.693083117211 101
176100 581.6746773719788 392.0862710388087 101
176200 533.8190801143646 372.05739345306415 101
176300 574.2634425163269 388.05808278340373 101
176400 580.528697013855 403.6712321926826 101
176500 577.5738198757172 381.8967393952647 101
176600 592.1142520904541 414.4390064829256 101
176700 569.0497024059296 378.4899876477356 101
176800 611.7818622589111 419.24819157499206 101
176900 757.2357912063599 557.0776129045241 101
177000 724.0294468402863 518.2546171918507 101
177100 839.9504454135895 651.9585665297286 101
177200 581.6171193122864 408.835799374075 101
177300 632.377491235733 448.32868645720123 101
177400 676.9629864692688 495.5373486269569 101
177500 577.128490447998 386.2719142467546 101
177600 500.2506880760193 329.15431718678053 101
177700 581.7047636508942 397.65538359474465 101
177800 852.3276960849762 656.6832589383557 101
177900 542.6506233215332 376.0077242823361 101
178000 576.5607798099518 406.66407411599687 101
178100 590.886577129364 397.1302645915968 101
178200 665.8476829528809 490.12190398754444 101
178300 643.7188191413879 426.05753582788617 101
178400 585.1182398796082 374.9565398909761 101
178500 617.2843885421753 441.43505074510034 101
178600 632.8709437847137 451.65786739680016 101
178700 669.4076747894287 476.4023947910955 101
178800 595.390053987503 412.8609534120635 101
178900 580.3018479347229 386.3102093812819 101
179000 577.1362929344177 404.95203420021664 101
179100 572.2434551715851 397.14074055048974 101
179200 585.2191886901855 396.78778136917686 101
179300 596.2836372852325 418.4970985031098 101
179400 583.5034358501434 395.1395455101448 101
179500 750.9047362804413 566.3009855405628 101
179600 714.3610873222351 542.7351189690029 102
179700 654.3425097465515 456.8786782997738 102
179800 606.6008751392365 429.86695285514804 102
179900 604.4738388061523 422.13460365215496 102
180000 604.4693953990936 411.67055848086716 102
180100 620.1632032394409 440.36137225991354 102
180200 757.7676799297333 571.4813600758507 102
180300 769.8643052577972 591.0781248402698 102
180400 618.9592525959015 426.658374878942 102
180500 573.8290379047394 403.11045597125644 102
180600 600.2837769985199 413.0776165698125 102
180700 618.3907284736633 431.2594915891955 102
180800 639.4961206912994 473.8065987933411 102
180900 590.845048904419 398.42517825525476 102
181000 567.3727157115936 385.9762824745984 102
181100 640.9370272159576 446.10830418143166 102
181200 663.2060482501984 477.869314970215 102
181300 625.4251494407654 440.210012730675 102
181400 800.4593002796173 604.2789140635823 103
181500 651.2202162742615 463.0909315281357 103
181600 612.6948907375336 427.1741043695772 103
181700 689.9953606128693 510.22640035536193 103
181800 707.8862509727478 523.0289098305489 104
181900 568.0409426689148 404.2387481184528 104
182000 582.092488527298 388.3714602672561 104
182100 527.9232108592987 358.76473546931675 104
182200 555.9001233577728 388.7925503002473 104
182300 623.2510204315186 433.6732167153759 104
182400 727.8147702217102 559.7676775550356 104
182500 636.4705073833466 444.4833920987719 104
182600 581.6357545852661 415.7955723865167 104
182700 618.315181016922 471.0941102823542 106
182800 597.0057690143585 417.8708149290896 107
182900 696.2026932239532 508.73458673555535 109
183000 699.2778377532959 501.01448489517713 109
183100 649.78284907341 468.371496243328 109
183200 592.0225713253021 401.7201346658659 109
183300 620.8858332633972 438.0637273667696 109
183400 651.2381720542908 453.58198004300743 109
183500 649.2291724681854 467.57843604474675 109
183600 695.1491544246674 506.81064123835927 109
183700 966.1911089420319 777.2612407979111 109
183800 597.0115814208984 416.96168755701 109
183900 586.0683553218842 415.0541690612248 109
184000 623.9698007106781 443.40892068991735 109
184100 614.0441293716431 420.59623251497646 109
184200 574.1422181129456 413.5375913690524 109
184300 565.3571393489838 376.56686081959856 109
184400 528.5475099086761 356.3349598510671 109
184500 651.6909971237183 449.85948303672035 109
184600 614.5615403652191 418.1741536832242 109
184700 576.1437103748322 390.0865150581 109
184800 584.3032898902893 405.23614047890845 109
184900 599.4411764144897 432.98804994844676 109
185000 528.2497940063477 355.45692413863674 109
185100 519.5774831771851 344.7495338247201 109
185200 738.3254282474518 546.3322797518532 109
185300 521.1330802440643 364.95130715300064 109
185400 591.5203614234924 418.8607309753866 109
185500 585.5942862033844 405.3315331205024 109
185600 549.5313076972961 369.4292838406518 109
185700 608.2076377868652 426.7474175082051 109
185800 677.9358122348785 494.6715223775601 109
185900 640.8534157276154 446.1374126112852 109
186000 623.806554555893 456.94116472360344 109
186100 698.5967774391174 516.4253145986813 109
186200 632.831666469574 458.3876688055747 109
186300 630.5475084781647 458.50720617540287 109
186400 694.0982446670532 503.7411834262207 109
186500 758.4192519187927 590.1891165485288 109
186600 778.8232653141022 593.7159011214806 109
186700 627.129816532135 414.08245288365697 109
186800 592.8561611175537 407.9617636458453 109
186900 515.3523769378662 324.8807129797967 109
187000 541.6359436511993 334.82147181627613 109
187100 881.6544406414032 670.5880951562015 109
187200 600.773919582367 435.721678973062 109
187300 645.4079835414886 473.7897657316869 109
187400 653.0152411460876 466.3134563444921 109
187500 579.6108629703522 420.794358983678 109
187600 573.2855942249298 393.68953489636897 109
187700 494.1719365119934 304.24519443757254 109
187800 588.682858467102 407.1158582186911 109
187900 736.982803106308 532.7081166842476 109
188000 689.5045897960663 506.6366563175883 109
188100 649.6074030399323 439.38828007011375 109
188200 639.6775169372559 451.6483605559806 109
188300 560.1488332748413 378.80332427888743 109
188400 511.70137190818787 365.8955548088786 109
188500 697.541218996048 515.4526368082732 110
188600 654.7819986343384 493.9874244183438 110
188700 538.1390290260315 371.61161088828743 110
188800 555.3994197845459 353.99190378430774 110
188900 487.2728638648987 315.41732857001364 110
189000 527.4968659877777 370.6796386457554 110
189100 520.9443345069885 364.60852761952265 110
189200 674.198618888855 489.85667151210816 111
189300 650.2425022125244 484.15185771031844 111
189400 801.4584159851074 627.9032422152139 111
189500 539.0092859268188 359.6199237012404 111
189600 593.0553140640259 416.2339502080821 111
189700 645.8532660007477 487.93632184056634 111
189800 458.2098433971405 317.19655138507323 111
189900 494.95416927337646 345.6593162587951 111
190000 589.4975881576538 447.61086974622856 111
190100 505.2408413887024 336.5887616001167 111
190200 540.3891885280609 379.7506962594684 112
190300 498.9767007827759 356.30779680701664 112
190400 573.2989068031311 409.7098984962631 112
190500 422.2109954357147 293.31778291600915 112
190600 507.968900680542 358.6515770107219 112
190700 520.6874022483826 365.3365614807888 112
190800 455.81475019454956 314.6969827306476 112
190900 395.31653594970703 269.19714160554116 112
191000 532.9220561981201 388.80262501019456 112
191100 561.8032076358795 434.46936114127396 112
191200 500.7451026439667 369.20279535368707 113
191300 418.22196340560913 287.522873848387 113
191400 476.0028963088989 335.50098188643824 113
191500 519.0909407138824 366.93237088820683 113
191600 510.81762742996216 370.04938092390785 113
191700 451.3585820198059 297.7703405104709 113
191800 433.2843532562256 287.95477392704083 113
191900 369.1839473247528 257.0706478642231 113
192000 379.05492663383484 269.98262282008847 113
192100 350.3480257987976 249.63783198797438 114
192200 434.86748337745667 307.4687273377297 115
192300 406.7797944545746 280.7092934975741 115
192400 356.9323363304138 258.6177959451479 115
192500 469.7898030281067 333.81236284568763 115
192600 425.6317026615143 310.75584904782306 115
192700 439.25761222839355 285.77078909891907 115
192800 478.88570833206177 375.3731408374052 115
192900 430.7905752658844 317.6112446762289 115
193000 365.83553862571716 242.21378062295807 115
193100 353.028306722641 267.57634656942537 115
193200 291.20087337493896 191.84525785443117 115
193300 472.8134961128235 380.1605460787667 115
193400 414.1978814601898 318.3177342625138 115
193500 331.0841510295868 230.68344292293864 115
193600 269.3708436489105 194.5355428483618 115
193700 253.82682275772095 166.3174307649557 115
193800 316.3000841140747 198.79516851217156 115
193900 304.1235132217407 204.42109610528377 115
194000 300.6570420265198 204.20850752198947 115
194100 230.41354250907898 151.91547441582088 115
194200 244.99311351776123 168.08493272756442 115
194300 288.3513252735138 202.04589784801954 115
194400 270.8736379146576 193.81371676943942 115
194500 329.12895369529724 248.98752469550197 115
194600 244.2847294807434 154.53970705192773 115
194700 221.39935970306396 152.60468197431885 115
194800 299.26398968696594 206.53892658844526 115
194900 279.07695031166077 184.53446664932537 115
195000 377.9935128688812 277.4173784559502 115
195100 267.8651428222656 190.90622772534635 115
195200 272.3643136024475 192.64521441396144 115
195300 209.0628764629364 147.63362570349335 115
195400 219.13582921028137 150.6330629851115 115
195500 253.6507043838501 171.71363093492266 115
195600 149.47295331954956 100.3103424601531 115
195700 187.76229596138 127.63489149292646 115
195800 221.86205387115479 140.43248785101753 115
195900 166.92903995513916 115.42610129070104 115
196000 150.23664212226868 102.01935629296156 115
196100 333.7667393684387 255.47542081604155 115
196200 136.94250917434692 100.35285794807334 115
196300 200.3164041042328 134.50731455474588 115
196400 205.92381763458252 148.5142988163854 115
196500 197.2828767299652 135.9394778792326 115
196600 178.88117623329163 123.44216330126278 115
196700 201.37741351127625 166.4343611770204 115
196800 236.36098194122314 180.13388279864867 115
196900 170.45895314216614 129.56275326462043 115
197000 163.02743005752563 120.02387136653985 115
197100 197.31430912017822 147.8986777464915 115
197200 218.9021017551422 161.19394109628564 115
197300 152.52114701271057 108.83663984765059 115
197400 152.6758518218994 115.92575034167947 115
197500 191.89643120765686 144.5419715523338 115
197600 118.40409445762634 84.75931695722016 115
197700 171.69149494171143 130.94252488187 115
197800 77.82243514060974 50.79129286069893 115
197900 103.05214786529541 70.02292332206773 115
198000 118.57733917236328 74.96996430204456 115
198100 82.92670702934265 56.20778162560578 115
198200 101.49672770500183 73.48639217529347 115
198300 61.61753010749817 41.230221098723504 115
198400 67.48036861419678 47.663810578361094 115
198500 75.47056794166565 51.741730997385105 115
198600 47.11101937294006 35.113092937214375 115
198700 61.49453139305115 39.403878378403775 115
198800 45.88467359542847 35.61225436343012 115
198900 45.28125619888306 29.633029082164782 115
199000 50.49177837371826 35.2221244211791 115
199100 38.61498188972473 26.0172274621406 115
199200 80.52503323554993 60.84705518945978 115
199300 84.25690817832947 63.24695531455684 115
199400 56.93677997589111 41.67828590458508 115
199500 59.44167947769165 40.69044749700747 115
199600 23.374842643737793 14.830074885183818 115
199700 30.092886447906494 22.11428747167733 115
199800 15.193666219711304 10.804845089747458 115
199900 5.994433164596558 5.833523399542573 115
200000 0.16202902793884277 0.16202902793884277 115
1215627.9050836563
