Total: 200001
0 0.24048900604248047 0.24048900604248047 95
100 21.008094310760498 15.155899241539375 95
200 10.862332582473755 8.18306241635419 95
300 12.458750009536743 8.349475683996006 95
400 9.553196668624878 8.257237047091241 95
500 17.67079448699951 11.840187541338441 95
600 11.682329177856445 8.102371640759081 95
700 5.83661675453186 4.036265172015116 95
800 18.137744665145874 12.327740999629684 95
900 15.735271692276001 12.470011463560216 95
1000 14.657822847366333 12.44935252808197 95
1100 0.17747735977172852 0.17747735977172852 95
1200 25.24243450164795 15.686109924715877 95
1300 6.150381565093994 4.803319841699981 95
1400 35.80986928939819 24.01248772522515 95
1500 23.06225061416626 16.03202480711544 95
1600 49.99889039993286 33.07814688626641 95
1700 24.020397186279297 15.819560463401778 95
1800 24.061887979507446 16.34837944104327 95
1900 23.972066640853882 15.602460201871558 95
2000 21.182276725769043 12.558479267877196 95
2100 17.196259021759033 12.15209270254654 95
2200 21.77756977081299 13.026280289250876 95
2300 25.256564140319824 15.932353315132016 95
2400 34.74983072280884 25.15708539855039 95
2500 20.173556804656982 12.963836900132947 95
2600 7.801477670669556 6.786544898025809 95
2700 41.30288887023926 28.53810969144407 95
2800 10.494635343551636 7.935044074759639 95
2900 4.343035936355591 4.105853611788209 95
3000 34.68712258338928 19.969956853848174 95
3100 38.70911264419556 27.674460901346198 95
3200 13.566175699234009 9.325872947515489 95
3300 7.76286506652832 4.28667599157653 95
3400 11.986186742782593 8.722643378149636 95
3500 10.406716108322144 8.755212681578815 95
3600 36.648967027664185 26.86692317098889 95
3700 4.720213890075684 4.478423532429667 95
3800 26.918543577194214 17.610209409227537 95
3900 11.999399900436401 8.830888876693793 95
4000 37.04294443130493 21.837220481488494 95
4100 41.54717421531677 26.910747757897276 95
4200 6.516557693481445 4.598906544012727 95
4300 9.824425458908081 8.710589587008329 95
4400 7.2645583152771 4.571243556030193 95
4500 24.44208335876465 17.940872678849104 95
4600 17.18003797531128 13.631604750677862 95
4700 9.444911479949951 9.057334111890656 95
4800 34.2002899646759 21.52771883848524 95
4900 5.359314680099487 4.292185939631658 95
5000 27.25439190864563 18.619062131036202 95
5100 30.92953848838806 21.640090626337997 95
5200 14.87096643447876 8.678946574664211 95
5300 33.797006130218506 21.84144445286338 95
5400 22.982331037521362 13.126287957866593 95
5500 19.345489978790283 13.251646403602118 95
5600 35.46916460990906 22.211782459767385 95
5700 17.074721336364746 14.755121477487954 95
5800 25.511545419692993 17.415878401847905 95
5900 32.384159326553345 21.857942626519936 95
6000 47.03607106208801 33.96274289583633 95
6100 31.15949559211731 21.927008473924598 95
6200 11.12593412399292 9.767433202177973 95
6300 0.20788908004760742 0.20788908004760742 95
6400 18.456464290618896 14.031892117154058 95
6500 6.848833799362183 4.856016514459157 95
6600 19.58445930480957 12.821322805827757 95
6700 30.47482681274414 18.307586907447348 95
6800 18.163585901260376 14.906014682125805 95
6900 26.11987805366516 17.76296242217535 95
7000 9.11474347114563 5.869311426559607 95
7100 39.46019744873047 24.31995375270035 95
7200 37.600419759750366 23.15117630567577 95
7300 27.099350452423096 17.98017529680864 95
7400 31.549763202667236 22.703498445132038 95
7500 27.11383891105652 17.880917838648948 95
7600 35.976643085479736 25.844183925310624 95
7700 17.1740243434906 13.510485116451814 95
7800 35.242178201675415 22.480797757976944 95
7900 23.37886643409729 13.325629180170516 95
8000 15.889673233032227 9.17071274143885 95
8100 33.931333780288696 22.939143409877552 95
8200 25.069839239120483 18.73764707411795 95
8300 28.154414415359497 16.578153673577766 95
8400 19.9367733001709 13.16105214780661 95
8500 47.62299466133118 43.37350897830577 95
8600 42.87501239776611 32.889846914482064 95
8700 18.90278649330139 13.496526183974945 95
8800 27.236446619033813 17.287857934444563 95
8900 12.663971424102783 9.268376910562132 95
9000 9.59591007232666 7.6694430037444565 95
9100 15.725364923477173 8.494642388944179 95
9200 20.098641395568848 11.920059337508386 95
9300 13.951496601104736 7.85138300453845 95
9400 55.08848810195923 34.31937778230612 95
9500 16.401124238967896 13.27450316592988 95
9600 36.495343923568726 25.35646108615751 95
9700 37.88396072387695 26.10799311805935 95
9800 25.496246337890625 17.237318488894065 95
9900 17.937690258026123 12.484829195537444 95
10000 29.81753420829773 20.841425700252472 95
10100 40.61540222167969 23.706908863102797 95
10200 28.72071933746338 20.590931830957345 95
10300 12.6945321559906 8.276127148578736 95
10400 18.175278425216675 11.684000696740728 95
10500 12.076078414916992 8.3235477229057 95
10600 4.809025526046753 3.9671738125910916 95
10700 15.71236252784729 12.008515033974554 95
10800 20.612382888793945 17.37452636950536 95
10900 21.129591464996338 15.82979858732746 95
11000 16.339127779006958 12.307390705810551 95
11100 20.27390170097351 13.690781060116741 95
11200 54.1470730304718 48.515412424720196 95
11300 21.05561661720276 14.062528389774265 95
11400 22.41033673286438 13.80191613050872 95
11500 12.337899684906006 9.505137725321003 95
11600 22.051706314086914 15.81333960452876 95
11700 18.553786039352417 14.34284304745394 95
11800 32.959275245666504 24.006900281739473 95
11900 41.479506492614746 24.027039305556382 95
12000 13.717613935470581 8.943343506816358 95
12100 19.500504732131958 13.755358661591453 95
12200 32.37216901779175 22.65808868245304 95
12300 6.361397981643677 5.033044444136554 95
12400 14.752006530761719 9.194881123668628 95
12500 22.436611652374268 13.699101219104294 95
12600 35.42016792297363 25.013443009401417 95
12700 31.07699203491211 19.107132177958512 95
12800 12.614078998565674 9.695256338837742 95
12900 24.49905300140381 19.134888114592698 95
13000 45.26234006881714 30.657337069611152 95
13100 27.075957775115967 18.00569629264621 95
13200 12.640071392059326 8.831983586136802 95
13300 30.971866369247437 24.51592151805818 95
13400 19.595553398132324 16.020442836048225 95
13500 19.97539234161377 14.548254955367058 95
13600 0.18344950675964355 0.18344950675964355 95
13700 22.100899696350098 13.851007193766904 95
13800 5.658837795257568 5.337831083714372 95
13900 17.488250732421875 13.992498858406217 95
14000 6.1881372928619385 4.768345835168876 95
14100 5.433711767196655 4.945132726978702 95
14200 10.494306325912476 9.612642099846527 95
14300 27.71548342704773 19.089170554618356 95
14400 29.816601037979126 24.054112018973832 95
14500 21.446394443511963 15.944632460409116 95
14600 14.137240171432495 9.51059495992848 95
14700 8.13081955909729 4.8673510958487345 95
14800 24.007492065429688 19.6150912246745 95
14900 13.674905776977539 9.499987815490083 95
15000 37.47693681716919 24.87236356310875 95
15100 28.095466136932373 20.162836592579342 95
15200 36.65685057640076 24.04167576295439 95
15300 6.067200660705566 5.115465552284174 95
15400 19.414908170700073 14.388532824612629 95
15500 8.757817029953003 4.859163670189342 95
15600 41.65031695365906 30.249956916223404 95
15700 6.765873670578003 5.504006079402926 95
15800 17.152729749679565 10.974008685195317 95
15900 33.795435667037964 24.080295895441154 95
16000 21.715043544769287 14.61079530567872 95
16100 41.58459997177124 28.980867209573542 95
16200 45.443891525268555 29.48955746682922 95
16300 19.195664167404175 15.113568139948665 95
16400 25.0230131149292 20.06450223661208 95
16500 11.249551773071289 9.822476798210857 95
16600 25.955589294433594 19.13603998612987 95
16700 80.00644612312317 71.47217474377285 95
16800 41.61921525001526 29.879474438435047 95
16900 17.007346868515015 11.91659495907724 95
17000 8.977436065673828 6.039399897357599 95
17100 7.508040428161621 6.365476389291199 95
17200 49.08609676361084 35.79542324380891 95
17300 9.50353717803955 6.293803575590571 95
17400 40.768296003341675 29.317958627230045 95
17500 9.862850904464722 6.096827483340436 95
17600 22.173193216323853 17.793634899715308 95
17700 67.40237951278687 47.197111261326484 95
17800 29.932997703552246 24.075535301935663 95
17900 21.72157621383667 18.065771280062567 95
18000 29.42614507675171 23.32026908905717 95
18100 25.41752791404724 18.107078939478576 95
18200 16.429348945617676 11.860905374309604 95
18300 0.17647981643676758 0.17647981643676758 95
18400 16.717266082763672 12.142474270907417 95
18500 18.123372793197632 11.824807493374513 95
18600 72.90518569946289 54.75001501610207 95
18700 33.48129081726074 25.246075874612693 95
18800 22.72466254234314 18.054958774958152 95
18900 0.18131470680236816 0.18131470680236816 95
19000 24.997427225112915 19.132462665963917 95
19100 11.879167556762695 8.768563839890051 95
19200 5.914418458938599 4.237511246843494 95
19300 31.298401594161987 21.1830273747685 95
19400 10.689704895019531 8.45909699977414 95
19500 8.244155406951904 4.472534132324876 95
19600 37.8919575214386 27.82367745525386 95
19700 21.36991238594055 17.524837673119944 95
19800 5.188554048538208 4.4360821761774005 95
19900 10.826842546463013 8.594899022209042 95
20000 18.630333423614502 12.173606382546794 95
20100 24.77397394180298 16.45180518214217 95
20200 16.793294191360474 12.349925041960292 95
20300 35.81640315055847 24.841226367707947 95
20400 44.84135389328003 29.492889748389924 95
20500 11.299620151519775 8.926257128232029 95
20600 61.25254726409912 43.16786848782378 95
20700 40.46036100387573 29.425502578640746 95
20800 0.1912224292755127 0.1912224292755127 95
20900 42.260586977005005 31.478573359447346 95
21000 25.681718826293945 17.3784487118753 95
21100 38.68285346031189 25.671796310783336 95
21200 31.411911725997925 20.96550814087521 95
21300 15.107526540756226 13.36288473873533 95
21400 22.60397982597351 16.43137068541195 95
21500 13.007108926773071 8.537553739725531 95
21600 130.5194923877716 124.73859949933824 95
21700 29.821017265319824 18.385050226393695 95
21800 40.87517857551575 27.503311235985066 95
21900 13.784301042556763 10.957687962454209 95
22000 13.022939443588257 10.908828129930104 95
22100 13.6411874294281 8.882464135446089 95
22200 6.306880235671997 4.4671121151992725 95
22300 17.516916751861572 12.6803022862421 95
22400 11.615140914916992 8.718620513367338 95
22500 7.55114221572876 4.288754771507411 95
22600 18.071758031845093 13.339068699426814 95
22700 6.07548451423645 5.035477878693179 95
22800 18.110430479049683 14.002632850601705 95
22900 42.6734402179718 32.767940748537136 95
23000 5.428578853607178 4.340656988874285 95
23100 21.05476951599121 14.29118864107328 95
23200 6.984040975570679 4.803769629086323 95
23300 7.5366199016571045 4.615381132593882 95
23400 45.013777017593384 27.802919317919933 95
23500 13.836749076843262 8.6819528948459 95
23600 30.547850131988525 22.29428047284592 95
23700 11.01940369606018 9.306426761046755 95
23800 10.734599113464355 9.38412054923527 95
23900 26.088883876800537 15.822921076264898 95
24000 34.27381134033203 23.294761165068586 95
24100 21.972307920455933 15.05615294051211 95
24200 12.321637630462646 9.240244355993529 95
24300 29.053821802139282 17.249755898081727 95
24400 21.262338638305664 13.067712852538587 95
24500 34.65783214569092 22.041255001014978 95
24600 25.003649950027466 17.787155127257925 95
24700 41.02045726776123 32.919106367182195 95
24800 4.498328685760498 3.94780622818825 95
24900 50.11802554130554 39.442443347221044 96
25000 11.003039121627808 8.999919530476715 96
25100 22.303577661514282 13.924672886228489 96
25200 29.38896083831787 24.031965023102753 96
25300 31.418250799179077 21.45582064951751 96
25400 21.79059863090515 14.50541333331804 96
25500 17.062415838241577 14.902209017332009 96
25600 7.760265111923218 4.668708928376201 96
25700 37.183517932891846 23.585017581934856 96
25800 22.962495803833008 15.315971366627261 96
25900 21.947341203689575 13.79580228762859 96
26000 20.49885582923889 14.73830622975155 96
26100 73.96611762046814 45.84491975280924 96
26200 13.952541589736938 10.070101259521726 96
26300 22.89393711090088 17.401343182249086 96
26400 8.017667531967163 4.244299016675028 96
26500 20.262803077697754 15.316131174155984 96
26600 36.600489377975464 22.492664141023816 96
26700 20.21174383163452 14.282445672743059 96
26800 8.229506492614746 4.964099797076344 96
26900 4.663311958312988 4.65052802089197 96
27000 40.258814096450806 32.048554761942114 96
27100 19.888263463974 14.16265750326227 96
27200 12.605600833892822 9.98426867707842 96
27300 13.469387769699097 10.129647529680692 96
27400 6.722901344299316 4.626311631571944 96
27500 27.844779014587402 17.80333390376053 96
27600 54.30590319633484 48.67489620835925 96
27700 11.440322399139404 9.424499675912013 96
27800 22.12991166114807 15.189087274078904 96
27900 51.43916177749634 34.232110050309 96
28000 35.210532903671265 28.963599561502917 96
28100 23.44515061378479 15.41107635401254 96
28200 20.218390226364136 14.219162619996027 96
28300 13.620359897613525 9.988801868800252 96
28400 38.9038348197937 29.146362566655778 96
28500 58.29064226150513 39.23103176212757 96
28600 24.692697525024414 20.289815345572855 96
28700 34.400405406951904 25.211881706419966 96
28800 26.931214332580566 19.681279443247114 96
28900 8.545595645904541 5.013598872143216 96
29000 21.131762266159058 15.443154176178929 96
29100 26.78058671951294 19.28065174153707 96
29200 20.681180477142334 15.016441133877503 96
29300 36.93994092941284 25.28136550876176 96
29400 42.2860324382782 29.390020518611795 96
29500 151.39144039154053 142.3987144024923 96
29600 17.51626682281494 12.44978355438172 96
29700 22.751099348068237 15.126505399316477 96
29800 8.463079690933228 4.7092177841987155 96
29900 21.824081897735596 17.96747605102923 96
30000 12.943888902664185 8.962043131174266 96
30100 27.05039644241333 17.076732181983935 96
30200 31.5240159034729 19.774045439473866 96
30300 37.01589584350586 21.7228160730293 96
30400 41.04250979423523 24.241789098184853 96
30500 16.776116847991943 12.47958874198553 96
30600 17.938256978988647 13.061125192745116 96
30700 7.579667091369629 4.049799596061696 96
30800 11.041325330734253 8.412641975383497 96
30900 0.1774449348449707 0.1774449348449707 96
31000 0.1644001007080078 0.1644001007080078 96
31100 28.050451040267944 18.40543505771348 96
31200 17.764770984649658 12.963546569875954 96
31300 0.16922712326049805 0.16922712326049805 96
31400 19.307117223739624 12.871665376487403 96
31500 25.503305912017822 16.02225432851563 96
31600 31.0729238986969 20.6914924847146 96
31700 11.402499914169312 9.39166108969934 96
31800 32.232903242111206 20.95292950298566 96
31900 17.610458374023438 13.135632096195362 96
32000 11.150956153869629 8.092388453665173 96
32100 18.471150875091553 13.386578587029836 96
32200 7.624997615814209 4.032321725304765 96
32300 11.42622184753418 8.455281999231747 96
32400 17.45534372329712 13.274337887430013 96
32500 27.20140528678894 16.546821638330897 96
32600 19.398199558258057 14.108420823650853 96
32700 20.878769397735596 12.765270432480204 96
32800 0.22237229347229004 0.22237229347229004 96
32900 30.955362796783447 26.2499105801866 96
33000 13.978469133377075 8.486184398442912 96
33100 12.22546124458313 9.3155360112697 96
33200 19.49024248123169 12.582832437375092 96
33300 5.69129753112793 4.30718259252914 96
33400 31.261205911636353 21.467540096053604 96
33500 5.23614501953125 4.321303372129032 96
33600 18.504090070724487 12.638851239452077 96
33700 27.038677215576172 16.485970781835064 96
33800 11.621830940246582 8.721514232221015 96
33900 52.33210563659668 37.21363336989826 96
34000 13.55689525604248 8.65010906859147 96
34100 13.757879972457886 8.43827233237366 96
34200 28.212329149246216 20.86510158878762 96
34300 20.331650257110596 12.454179811480673 96
34400 13.345346212387085 9.676483157333491 96
34500 0.22316789627075195 0.22316789627075195 96
34600 10.247735261917114 8.703586446942797 96
34700 46.32792115211487 30.4270665838108 96
34800 38.83001375198364 26.376872299459503 96
34900 11.67284369468689 9.574856651750675 96
35000 25.037190198898315 16.845683921574476 96
35100 5.101752758026123 4.719484211633458 96
35200 23.573814630508423 15.674503075297194 96
35300 17.159903287887573 13.702953781963192 96
35400 0.22544646263122559 0.22544646263122559 96
35500 21.13232707977295 12.706050430696086 96
35600 13.941547155380249 9.343211988570557 96
35700 18.809820652008057 12.606620327482169 96
35800 13.305238723754883 8.432738194220914 96
35900 11.980382919311523 8.536894956587876 96
36000 8.970370769500732 8.672148006868325 96
36100 13.11414909362793 9.334338447867193 96
36200 20.444927215576172 12.559578106486562 96
36300 40.18150353431702 37.90240416027795 96
36400 6.581788539886475 3.2162802775885213 96
36500 32.33453917503357 19.727906690016265 96
36600 42.46566033363342 23.193859954028508 96
36700 23.563375234603882 14.21388696139503 96
36800 19.450383186340332 13.39276494807105 96
36900 7.677519798278809 6.403298706149244 96
37000 9.922163963317871 6.377884869840152 96
37100 8.528839111328125 7.135507611202258 96
37200 24.107673168182373 12.873941227599033 96
37300 8.80238938331604 7.060177293238201 96
37400 23.958482027053833 17.30827732366629 96
37500 17.777780771255493 10.274258129390452 96
37600 0.22216582298278809 0.22216582298278809 96
37700 6.295382499694824 3.4995154684951157 96
37800 9.798261642456055 6.351305302135845 96
37900 6.394176721572876 3.6916827289649294 96
38000 25.397292852401733 16.61959789669929 96
38100 16.4496910572052 10.252703519294563 96
38200 0.17860794067382812 0.17860794067382812 96
38300 15.197055101394653 9.99739001039828 96
38400 10.700263738632202 6.444873536395051 96
38500 11.715848207473755 6.436356807310382 96
38600 17.96495747566223 9.116079852084784 96
38700 0.19528436660766602 0.19528436660766602 96
38800 22.38074564933777 16.585704235109645 96
38900 6.005511522293091 3.1401126043521392 96
39000 9.764414310455322 6.396017133390607 96
39100 5.450232028961182 3.3808165526716873 96
39200 8.581062316894531 6.925738129443174 96
39300 7.421224117279053 6.331925865745121 96
39400 11.624074220657349 10.232800032119773 96
39500 5.766162395477295 3.6997674106999816 96
39600 11.278560400009155 7.036112140961684 96
39700 10.766377210617065 6.849187045447397 96
39800 20.639979600906372 13.878593181773637 96
39900 30.91101837158203 20.42853583043103 96
40000 15.6595299243927 9.162159973532717 96
40100 13.12833547592163 9.654482965948342 96
40200 12.766800880432129 9.642536868797208 96
40300 16.288256406784058 10.755452399186018 96
40400 26.750924348831177 16.100923860693634 96
40500 52.30303621292114 40.77826371100089 96
40600 6.500102996826172 6.0555972664545825 96
40700 10.002249002456665 6.431120904144234 96
40800 15.785915613174438 12.704261547774063 96
40900 25.417836904525757 20.827839582019557 96
41000 7.111386060714722 6.117151481712041 96
41100 24.571685791015625 19.435408200535832 96
41200 53.48621678352356 37.82972599914957 96
41300 22.790992498397827 18.95864668562765 96
41400 16.48210072517395 12.578532573210149 96
41500 17.633416414260864 13.49232503091034 96
41600 20.825427770614624 18.50879600609283 96
41700 29.016379594802856 21.817513174538657 96
41800 40.03449773788452 30.57689757019442 96
41900 24.256775379180908 18.12966136610092 96
42000 18.7120258808136 12.812974404183564 96
42100 23.603941202163696 22.38935169336274 96
42200 21.351990938186646 15.577186817821293 96
42300 14.57149362564087 12.339768869081214 96
42400 28.997809171676636 23.537525690779937 96
42500 25.24734926223755 19.833753237328267 96
42600 11.45668339729309 7.713576491096401 96
42700 19.864965438842773 15.839707629267465 96
42800 49.57550048828125 36.567434228744375 96
42900 23.976726770401 18.665207259949856 96
43000 75.20185995101929 70.9958036068256 96
43100 22.401304960250854 12.169818180807578 96
43200 5.232071399688721 3.5253172887449953 96
43300 15.544307470321655 12.501423435365606 96
43400 10.5325186252594 6.513860857728231 96
43500 12.34549593925476 6.948040660141601 96
43600 3.3751139640808105 3.141156786512032 96
43700 8.825034141540527 6.460363133918092 96
43800 0.2298564910888672 0.2298564910888672 96
43900 22.257466793060303 13.034875351123418 96
44000 13.16729187965393 6.119265445398549 96
44100 27.114537000656128 15.984122188462278 96
44200 38.227317333221436 23.58006963176615 96
44300 12.6536386013031 10.17829698484589 96
44400 19.90981936454773 10.180588555768455 96
44500 15.034709453582764 9.42733838897629 96
44600 5.194599151611328 3.48203202195584 96
44700 9.83037543296814 6.7868483349318405 96
44800 0.17739439010620117 0.17739439010620117 96
44900 0.17726445198059082 0.17726445198059082 96
45000 19.508843183517456 12.946302599811084 96
45100 8.32404899597168 6.06562647922086 96
45200 19.99943470954895 12.841099372099146 96
45300 13.611716508865356 9.757338231317764 96
45400 8.533273935317993 6.9468767376120475 96
45500 0.2133493423461914 0.2133493423461914 96
45600 5.917459964752197 3.175706344678181 96
45700 21.310672760009766 15.691689328677256 96
45800 12.265010118484497 6.864559311814716 96
45900 6.055370569229126 3.4906995796170164 96
46000 23.441921710968018 15.575668203537234 96
46100 19.36834454536438 13.613037834962686 96
46200 23.865081310272217 13.497451858759113 96
46300 16.164215326309204 9.71303479559192 96
46400 18.643545389175415 10.648617453838371 96
46500 19.358216047286987 13.642414139079998 96
46600 10.218523979187012 6.418623078381122 96
46700 5.220969200134277 3.5461839998731697 96
46800 32.53638529777527 18.870233747713655 96
46900 21.00036334991455 12.594865867874665 96
47000 19.968605995178223 13.304937028299062 96
47100 17.20906352996826 13.31733362172633 96
47200 107.52126288414001 97.18731516789352 96
47300 22.512688398361206 15.110100720640244 96
47400 14.154888153076172 8.16072437253483 96
47500 9.009151458740234 6.892383552855671 96
47600 5.999186038970947 3.949434432667653 96
47700 10.893057823181152 7.311576246873017 96
47800 16.055912494659424 10.463248217543967 96
47900 9.665573358535767 7.200440979405319 96
48000 25.14332127571106 18.334203681205086 96
48100 9.08324146270752 7.300337090774882 96
48200 18.8046977519989 11.357613456239589 96
48300 9.747618436813354 7.809971096507203 96
48400 6.993263244628906 4.3459912361523845 96
48500 13.630496263504028 10.964230199735086 96
48600 16.014586448669434 11.532432784651032 96
48700 16.564561128616333 10.907244726944981 96
48800 15.489490985870361 10.893690142863054 96
48900 17.43013334274292 12.549017521839612 96
49000 19.71086573600769 11.75675219374741 96
49100 5.057337760925293 3.7170598774157 96
49200 8.602757215499878 7.242404233151971 96
49300 11.57866907119751 7.559243908084573 96
49400 11.24602222442627 7.573622663298444 96
49500 12.9940345287323 8.247655441654818 96
49600 16.62859559059143 11.826589210434923 96
49700 4.903523206710815 3.851136497454256 96
49800 16.346232891082764 11.072741393447664 96
49900 22.378559112548828 12.736827456710639 96
50000 13.59773564338684 10.663119664239716 96
50100 7.7464728355407715 3.7870611729326242 96
50200 0.19968748092651367 0.19968748092651367 96
50300 17.07831072807312 11.907568243325075 96
50400 10.11938762664795 7.501288237008777 96
50500 21.103750228881836 14.503218561363035 96
50600 17.165532112121582 11.193115896827786 96
50700 27.858676195144653 18.207739377383184 96
50800 14.222405433654785 7.141486500512373 96
50900 10.044788122177124 7.161691302434957 96
51000 0.17009305953979492 0.17009305953979492 96
51100 24.650947093963623 18.122309103991228 96
51200 10.012155055999756 8.468464041740003 96
51300 30.162338972091675 18.204990386780825 96
51400 6.176976680755615 3.888509372113018 96
51500 5.217465877532959 3.588072183167464 96
51600 23.83707356452942 21.475244390209873 96
51700 5.87509822845459 4.699377032493972 96
51800 25.518841981887817 18.184295397061337 96
51900 28.295403242111206 20.230692720343004 96
52000 0.18903708457946777 0.18903708457946777 96
52100 13.527660131454468 9.457181166703258 96
52200 0.20661020278930664 0.20661020278930664 96
52300 29.640182733535767 24.28985027836738 96
52400 43.15688157081604 31.744888794731267 96
52500 7.854390859603882 5.010356290637938 96
52600 24.524895429611206 14.66507480445496 96
52700 14.781259536743164 10.621614738892598 96
52800 8.61514163017273 4.7003567130268475 96
52900 41.83506441116333 23.99621004340627 96
53000 0.22163844108581543 0.22163844108581543 96
53100 16.277404069900513 14.831256762153881 96
53200 34.719178915023804 24.04723678033697 96
53300 29.378003120422363 18.879459040338304 96
53400 7.184277534484863 4.803932027593839 96
53500 22.094030141830444 14.690746056558435 96
53600 11.496506929397583 10.777903676116257 96
53700 21.77100968360901 14.672114822473285 96
53800 32.52406668663025 23.75760321726844 96
53900 19.225830078125 14.118157145394399 96
54000 19.666139602661133 14.883886478884541 96
54100 8.051729202270508 5.079077226622834 96
54200 32.044419288635254 19.473194709404584 96
54300 8.739281177520752 5.006614871086411 96
54400 40.65842604637146 29.930540335238213 96
54500 42.38480305671692 28.505220154045332 96
54600 25.6835720539093 19.099714105890534 96
54700 14.311619758605957 9.777918838439216 96
54800 15.67404294013977 10.059781441912893 96
54900 19.827545642852783 14.670678318026708 96
55000 13.782219648361206 9.756020846627187 96
55100 14.980682134628296 9.963680543491547 96
55200 23.382390022277832 14.44937683258755 96
55300 53.662583112716675 39.37522895885131 96
55400 14.473939657211304 10.062040329171516 96
55500 14.218934297561646 9.646527383468833 96
55600 21.63511562347412 17.61166841139496 96
55700 11.942726850509644 9.572271255512518 96
55800 14.877243518829346 10.123578122620678 96
55900 6.843966007232666 4.871691969595066 96
56000 22.067155599594116 15.178339997865354 96
56100 21.614203691482544 15.05988199019109 96
56200 31.557645320892334 19.861172766611247 96
56300 58.517844676971436 45.210833959749735 96
56400 28.414649724960327 19.83832651782219 96
56500 32.03521251678467 18.913016272812037 96
56600 30.61542296409607 21.96300022705791 96
56700 16.225933074951172 9.396513417501344 96
56800 17.784162521362305 14.35304767370625 96
56900 8.244348526000977 5.015770583724976 96
57000 19.362213611602783 14.356936493273937 96
57100 33.486037492752075 24.183193410946494 96
57200 24.179810285568237 14.800498330475605 96
57300 26.86527132987976 17.049492887100982 96
57400 7.776379585266113 4.961085119391198 96
57500 14.130691766738892 8.447040587316836 96
57600 28.075841903686523 16.16612883403188 96
57700 24.26509165763855 16.28808919201208 96
57800 29.415128469467163 16.416422193536967 96
57900 45.78993844985962 31.916674711575467 96
58000 18.257128953933716 12.473260116492586 96
58100 11.173588514328003 7.902512475713701 96
58200 10.31630253791809 8.245623588916107 96
58300 28.05240488052368 20.158942647135483 96
58400 18.633909463882446 12.392609172762086 96
58500 0.20961761474609375 0.20961761474609375 96
58600 6.999582529067993 5.065078669098758 96
58700 21.67466139793396 12.370670349094558 96
58800 5.235771656036377 4.877796304250914 96
58900 27.448230028152466 15.594965881344974 96
59000 4.473301649093628 4.148600673417581 96
59100 33.095370054244995 22.20537462363133 96
59200 22.735312700271606 16.125326407413617 96
59300 32.64232778549194 19.831192231176054 96
59400 16.55511164665222 13.065645302735026 96
59500 28.74630641937256 15.949796801211319 96
59600 11.180981159210205 8.16840679795939 96
59700 35.83153557777405 24.957161826406377 96
59800 25.76083493232727 16.119311039860555 96
59900 0.22500038146972656 0.22500038146972656 96
60000 12.668277978897095 7.819305990251761 96
60100 10.788007974624634 7.993572899397995 96
60200 17.638553142547607 12.97089423199227 96
60300 5.826869249343872 4.371475694635913 96
60400 12.478471994400024 9.005089537881748 96
60500 85.13605880737305 81.98315448911288 96
60600 0.18837261199951172 0.18837261199951172 96
60700 38.50920653343201 29.753057533963293 96
60800 28.658663511276245 24.329079834518033 96
60900 15.63364577293396 12.746470440775933 96
61000 15.091214895248413 11.722330804713607 96
61100 0.18670296669006348 0.18670296669006348 96
61200 20.946535110473633 14.287517419710506 96
61300 18.66078472137451 11.854040885733287 96
61400 34.02976202964783 25.17388358787957 96
61500 41.52504849433899 31.734414945113024 96
61600 47.31391525268555 36.85726179520577 96
61700 58.279122829437256 44.068231486941905 96
61800 27.862504959106445 18.678461775307163 96
61900 31.08491539955139 25.682547562116568 96
62000 26.90328550338745 18.44392406512044 96
62100 25.95287585258484 19.015376061377633 96
62200 9.246343851089478 6.567605066531598 96
62300 25.035348892211914 19.00946014639868 96
62400 27.7091805934906 19.085353125037457 96
62500 46.60672616958618 38.64519227634327 96
62600 15.707571744918823 12.090394058621962 96
62700 42.557374238967896 29.14139542183954 96
62800 21.174320936203003 13.024436522266523 96
62900 0.1855006217956543 0.1855006217956543 96
63000 10.625617265701294 9.103483010617966 96
63100 11.656511783599854 8.5176027730399 96
63200 12.558504104614258 8.169195109889142 96
63300 11.09849762916565 8.544788278872261 96
63400 5.974553823471069 4.262586677408924 96
63500 16.42541217803955 12.140925732574281 96
63600 17.050448894500732 12.509277892702302 96
63700 10.575257301330566 8.518470882821365 96
63800 20.407978057861328 13.513773564896955 96
63900 25.951195240020752 20.76534098855787 96
64000 12.640242338180542 8.769034277174125 96
64100 13.342894554138184 8.470225828728331 96
64200 12.856517553329468 8.427877610501504 96
64300 25.026737928390503 18.392897651189546 96
64400 11.30425477027893 8.549282895201154 96
64500 18.46992039680481 13.526435157441128 96
64600 18.132217407226562 12.658202991115779 96
64700 28.545453548431396 20.803822986710703 96
64800 34.657986640930176 21.09869840015012 96
64900 11.414662599563599 8.410945765009409 96
65000 11.886407136917114 8.613226043777505 96
65100 37.63746452331543 27.10757821118313 96
65200 5.254053831100464 4.142414270522204 96
65300 0.18280887603759766 0.18280887603759766 96
65400 25.15468168258667 16.34109907006994 96
65500 10.820136308670044 9.380006071668667 96
65600 7.63159704208374 4.483554712566745 96
65700 18.19398808479309 12.401503565595705 96
65800 26.653720378875732 20.67263833602972 96
65900 0.19355034828186035 0.19355034828186035 96
66000 19.125336408615112 14.905578047787973 96
66100 14.762775659561157 12.883515857437839 96
66200 12.322392225265503 9.073096109283071 96
66300 23.069183349609375 12.842325154009647 96
66400 12.832493305206299 8.333151355777652 96
66500 5.8511810302734375 4.48993282480942 96
66600 7.992751121520996 4.19609843045901 96
66700 5.779432535171509 4.3106593095452865 96
66800 14.975471019744873 8.423075269061963 96
66900 22.514322757720947 12.708305818057802 96
67000 11.107048749923706 8.063909598804655 96
67100 32.920482873916626 21.965099589263712 96
67200 4.648632049560547 4.320578548593248 96
67300 22.09275984764099 12.956652199399453 96
67400 7.07042932510376 4.1509158956332115 96
67500 8.090835571289062 4.144838583583384 96
67600 18.970742225646973 12.277174011828532 96
67700 0.16619515419006348 0.16619515419006348 96
67800 13.075810194015503 9.702580672170363 96
67900 5.864177703857422 4.483450450370793 96
68000 11.042088270187378 8.855029650500276 96
68100 24.32227897644043 17.427209090544782 96
68200 11.540756464004517 9.713075342207189 96
68300 0.16766953468322754 0.16766953468322754 96
68400 4.5201709270477295 4.161708157776179 96
68500 8.149017333984375 4.656378829006105 96
68600 6.7710301876068115 4.379421575588641 96
68700 23.344929218292236 16.44463571183679 96
68800 0.19027376174926758 0.19027376174926758 96
68900 26.202625274658203 17.326090606253068 96
69000 13.30418848991394 8.74521266521442 96
69100 6.135108947753906 4.077109791271122 96
69200 19.719515085220337 12.309902783155128 96
69300 14.385412693023682 8.38491155609633 96
69400 17.735155820846558 11.878665759986793 96
69500 15.071725130081177 8.685069106894531 96
69600 5.384109020233154 4.086776817526976 96
69700 32.59554982185364 21.04564224473896 96
69800 14.259756565093994 8.019921929583093 96
69900 11.0098876953125 8.674316143429973 96
70000 25.519182920455933 15.936746049387592 96
70100 8.683048009872437 5.099066510171911 96
70200 14.884971141815186 13.12745369917125 96
70300 11.173231363296509 7.897039782499801 96
70400 19.19267725944519 12.416318233984015 96
70500 27.490113496780396 20.005773487506417 96
70600 19.328707695007324 12.708732227418707 96
70700 17.366018056869507 11.810466702517225 96
70800 5.52796745300293 4.045880922371324 96
70900 24.521840572357178 16.310025941483453 96
71000 0.1707618236541748 0.1707618236541748 96
71100 5.735568284988403 5.032019253061739 96
71200 19.67576265335083 13.489964652844533 96
71300 12.519792556762695 8.980108812172432 96
71400 12.768765211105347 10.476450625604281 96
71500 9.946988344192505 8.63726671332488 96
71600 23.182143926620483 15.891250801036104 96
71700 6.230479717254639 5.468863361494554 96
71800 5.321473598480225 3.735867533728419 96
71900 14.505056619644165 8.625129455644938 96
72000 20.874117374420166 13.464866126168905 96
72100 18.723251819610596 14.635008384761958 96
72200 19.008289098739624 13.471675652697762 96
72300 10.469535827636719 7.183351321506141 96
72400 19.281176567077637 13.317245299512871 96
72500 38.746243715286255 27.72737414203408 96
72600 5.590090751647949 5.065307129739292 96
72700 25.213078022003174 16.85860449552165 96
72800 9.632938623428345 8.438381052276828 96
72900 14.212915658950806 8.860690945353577 96
73000 29.057605028152466 19.06416813130422 96
73100 19.23631501197815 15.037444516251888 96
73200 15.45136284828186 12.123398051617105 96
73300 18.862247467041016 13.531064384046614 96
73400 13.240698337554932 8.976523092491824 96
73500 25.44478130340576 19.044187742341016 96
73600 16.239563465118408 10.373962504234747 96
73700 15.213727474212646 10.290541041284037 96
73800 34.40186357498169 20.4406306293166 96
73900 25.673694133758545 17.66032171433637 96
74000 24.827579498291016 22.35551058748694 96
74100 17.874101400375366 12.695096725799239 96
74200 6.592940092086792 5.130250187719966 96
74300 0.17809391021728516 0.17809391021728516 96
74400 12.927345514297485 7.024469337679353 96
74500 15.00461196899414 10.36703330203668 96
74600 42.97098398208618 26.296780474383073 96
74700 15.427192449569702 10.55268919413899 96
74800 6.1197733879089355 5.187015416813782 96
74900 13.891562700271606 10.749562431533866 96
75000 13.077908754348755 9.943477788675843 96
75100 22.80378222465515 15.073329799790747 96
75200 22.733925342559814 15.112967845601172 96
75300 23.98894691467285 19.29007174986495 96
75400 16.536348342895508 10.324371611446963 96
75500 19.18409037590027 15.00055905992653 96
75600 28.230109453201294 19.852161333992534 96
75700 7.46762490272522 5.138364603795136 96
75800 15.18789029121399 10.766229544654841 96
75900 31.125405311584473 20.2581444292613 96
76000 6.884848356246948 4.77879889954232 96
76100 0.22043585777282715 0.22043585777282715 96
76200 27.678624391555786 19.87006253949076 96
76300 28.79302740097046 20.17383218633615 96
76400 6.167226076126099 5.144573073904178 96
76500 18.552182912826538 15.189950363517328 96
76600 6.863335609436035 5.111976382803369 96
76700 6.088787794113159 5.4858336253546796 96
76800 15.689143657684326 10.945488677061011 96
76900 12.791985511779785 9.936576272782414 96
77000 11.155733108520508 10.020109286715043 96
77100 14.264119863510132 9.905685956278896 96
77200 8.747901916503906 5.113986253677746 96
77300 13.849724531173706 10.328453628125938 96
77400 16.739105701446533 10.22966364314373 96
77500 21.16776704788208 14.904828492806281 96
77600 14.326887845993042 10.005118549826753 96
77700 13.92219066619873 9.466048631527393 96
77800 5.253546476364136 5.068187059182817 96
77900 11.79568886756897 9.890633163584415 96
78000 0.1754593849182129 0.1754593849182129 96
78100 25.656750440597534 19.880135959933163 96
78200 7.839271068572998 5.400970857314036 96
78300 8.449737548828125 5.164746847496506 96
78400 22.18844985961914 15.351388107169603 96
78500 8.268351554870605 5.2191318447494774 96
78600 68.44065952301025 62.83746706449432 96
78700 40.63866925239563 35.67054543006296 96
78800 0.190826416015625 0.190826416015625 96
78900 0.1754131317138672 0.1754131317138672 96
79000 5.188493728637695 4.109145117191019 96
79100 19.96011710166931 13.114444291881211 96
79200 4.823229551315308 4.047481028089646 96
79300 20.936007499694824 11.740611211519745 96
79400 20.401662349700928 15.568087715693222 96
79500 15.2092444896698 12.364345271259799 96
79600 29.049723148345947 19.161666942309882 96
79700 5.819475889205933 5.122872073503801 96
79800 10.121081113815308 8.361997742990194 96
79900 24.224836826324463 15.594722858287293 96
80000 25.443480730056763 17.84119205776189 96
80100 17.65429162979126 12.730805693128968 96
80200 15.806895732879639 12.11123273549905 96
80300 16.125155687332153 13.192868945555793 96
80400 10.991204977035522 8.613620769402168 96
80500 21.44053339958191 11.45055057110991 96
80600 4.09018611907959 3.799520311030375 96
80700 0.22099661827087402 0.22099661827087402 96
80800 18.46516513824463 12.866575390405966 96
80900 7.850709915161133 4.3432651709560215 96
81000 4.963111877441406 4.419661139668275 96
81100 11.064048290252686 7.883521498889966 96
81200 8.116888046264648 5.317629595741024 96
81300 11.73513388633728 7.881849476520449 96
81400 5.692603349685669 4.405518074412955 96
81500 22.043161630630493 16.271658141109853 96
81600 13.342689275741577 7.780356123141513 96
81700 5.615828275680542 3.9969949605178527 96
81800 0.18513798713684082 0.18513798713684082 96
81900 6.3823747634887695 4.0569271695726155 96
82000 9.487728595733643 8.025553738748663 96
82100 37.88803672790527 24.00635906910903 96
82200 10.273036241531372 7.845301757665654 96
82300 20.204699516296387 12.231481588538495 96
82400 7.073442459106445 4.3083396706441786 96
82500 7.567257404327393 4.119940536314778 96
82600 7.522845029830933 4.109233098864571 96
82700 14.817552328109741 7.9568151133422065 96
82800 18.743321895599365 12.801982142874353 96
82900 16.77782440185547 12.025600801451919 96
83000 0.1797018051147461 0.1797018051147461 96
83100 4.738524675369263 4.071587834405883 96
83200 37.965200901031494 24.17718317423555 96
83300 32.495429277420044 25.896669270544496 96
83400 10.438072204589844 8.254725249167459 96
83500 6.25795841217041 3.9478332952240156 96
83600 7.539520740509033 4.139166564216588 96
83700 23.841482400894165 16.224039123330183 96
83800 0.1831645965576172 0.1831645965576172 96
83900 8.148684740066528 4.161218951387653 96
84000 0.19441437721252441 0.19441437721252441 96
84100 16.43464159965515 12.410307396718736 96
84200 6.769551992416382 4.773848087873665 96
84300 11.35774278640747 9.332757951793939 96
84400 41.65671181678772 28.390200487757077 96
84500 7.548656940460205 4.519092285026851 96
84600 12.363943338394165 8.900443825059916 96
84700 21.27746057510376 12.381011157992093 96
84800 13.350910425186157 8.660139719723377 96
84900 6.321591377258301 4.18414958071852 96
85000 4.875144004821777 4.8701608782211725 96
85100 10.255784034729004 9.001734569386723 96
85200 7.096292734146118 4.456028245545221 96
85300 6.125753164291382 4.740606483025401 96
85400 13.368135690689087 8.707423524316066 96
85500 18.82758855819702 12.852393614759162 96
85600 0.2285475730895996 0.2285475730895996 96
85700 4.4188737869262695 3.976290062625868 96
85800 12.001989603042603 8.773054013640197 96
85900 5.757053852081299 4.8783580801264845 96
86000 0.17357087135314941 0.17357087135314941 96
86100 28.009199142456055 19.098246123411194 96
86200 20.070935487747192 12.405079450420867 96
86300 13.85245656967163 8.896922606712206 96
86400 5.226752758026123 3.9271002615026043 96
86500 5.756732940673828 4.224459529756203 96
86600 19.43742060661316 13.188437070180013 96
86700 25.73296022415161 14.376058850663352 96
86800 5.402202129364014 4.2176245642133665 96
86900 0.1861894130706787 0.1861894130706787 96
87000 13.286530017852783 8.722730222272233 96
87100 15.366033792495728 12.569241302200194 96
87200 4.738266944885254 4.3841356247033865 96
87300 11.831540822982788 7.915024620652449 96
87400 4.790269613265991 3.9238842467374346 96
87500 0.17887520790100098 0.17887520790100098 96
87600 18.396602153778076 12.39448205045742 96
87700 12.477704524993896 9.533254935834501 96
87800 4.2784082889556885 3.9242431545641607 96
87900 24.92431879043579 17.523609766799133 96
88000 4.606981992721558 4.139207340328334 96
88100 18.82253885269165 13.45893025456072 96
88200 11.700478553771973 8.83325280542978 96
88300 0.16549277305603027 0.16549277305603027 96
88400 46.12875008583069 31.075192962993754 96
88500 33.442336559295654 21.77328376974899 96
88600 17.36602520942688 13.219651857421736 96
88700 6.298152685165405 4.1902410610601475 96
88800 17.72861361503601 12.936314361304667 96
88900 9.38144302368164 5.543170885882562 96
89000 10.100008964538574 8.947763881580627 96
89100 12.654669284820557 8.166546553714383 96
89200 15.717780590057373 12.644346199988014 96
89300 0.17381930351257324 0.17381930351257324 96
89400 26.749606609344482 17.666953141465044 96
89500 8.455750465393066 4.7860756719976285 96
89600 24.922383069992065 18.02738516900846 96
89700 11.931416511535645 7.957363841566632 96
89800 7.8290886878967285 4.102949513548523 96
89900 6.536627531051636 4.414606978428604 96
90000 17.65566921234131 14.173141325497362 96
90100 4.522843837738037 4.260783178125279 96
90200 0.18212223052978516 0.18212223052978516 96
90300 0.1730663776397705 0.1730663776397705 96
90400 21.162094354629517 13.596981334685621 96
90500 0.204742431640625 0.204742431640625 96
90600 0.2256014347076416 0.2256014347076416 96
90700 12.45809268951416 8.368029394004505 96
90800 22.216429471969604 18.330729659634994 96
90900 27.398220777511597 17.830617697261403 96
91000 4.083052635192871 4.078013404654309 96
91100 8.350301504135132 4.884470827573342 96
91200 5.856820344924927 4.490023817277087 96
91300 0.19921326637268066 0.19921326637268066 96
91400 0.20624566078186035 0.20624566078186035 96
91500 12.129659175872803 9.181926540972288 96
91600 19.082700729370117 12.75906489029333 96
91700 13.781845092773438 9.058260306439925 96
91800 6.64513373374939 4.264039932399868 96
91900 20.424914360046387 12.576618687925546 96
92000 12.400854587554932 8.510072370632358 96
92100 14.560248851776123 9.832085517867844 96
92200 15.299638748168945 8.859654494045648 96
92300 28.61214280128479 17.88910747372905 96
92400 14.725574493408203 9.175825769551464 96
92500 5.504910945892334 4.4415518939192005 96
92600 37.70467758178711 25.89407406294925 96
92700 11.798606872558594 9.077974932284262 96
92800 19.237590074539185 12.824191298142107 96
92900 14.256042003631592 9.852635348285965 96
93000 4.801041126251221 4.221438210645674 96
93100 11.593065977096558 8.599308962069204 96
93200 7.840441465377808 4.849637427131399 96
93300 0.17103791236877441 0.17103791236877441 96
93400 0.17180204391479492 0.17180204391479492 96
93500 27.375837087631226 20.66608780931901 96
93600 17.481550455093384 10.602459206923815 96
93700 5.592913389205933 5.368521064954449 96
93800 9.860479831695557 6.537875056971185 96
93900 19.52531671524048 16.845660499720704 96
94000 20.634437322616577 16.037184538134646 96
94100 9.198728322982788 5.571854793210183 96
94200 17.40607500076294 11.01529885282838 96
94300 6.625522136688232 5.395194284394702 96
94400 24.808170318603516 16.35327092454788 96
94500 12.335575342178345 10.816607744169897 96
94600 12.04576849937439 10.570890965563919 96
94700 9.452450275421143 5.677746797123925 96
94800 9.693040609359741 5.794099477357048 96
94900 6.392337083816528 5.496494040668798 96
95000 7.408500909805298 5.495536996636342 96
95100 0.21715402603149414 0.21715402603149414 96
95200 14.062154769897461 11.54512630696198 96
95300 0.19364523887634277 0.19364523887634277 96
95400 13.802796602249146 11.106198806501865 96
95500 13.620774030685425 10.924623044262441 96
95600 7.362358570098877 5.489723648406315 96
95700 0.2051222324371338 0.2051222324371338 96
95800 28.714935302734375 21.688744629082525 96
95900 39.08548831939697 28.3084169727147 96
96000 0.18959736824035645 0.18959736824035645 96
96100 39.23140549659729 27.403457565994927 96
96200 30.885226011276245 21.76806054393638 96
96300 30.86402177810669 21.533636056720766 96
96400 6.556056022644043 5.800088209787159 96
96500 21.053948402404785 16.30871829001223 96
96600 30.959831714630127 22.560160681073594 96
96700 11.461956262588501 10.701660601616922 96
96800 22.29236626625061 16.647322719398396 96
96900 16.601015090942383 11.07606021994031 96
97000 27.089250087738037 16.93623390940153 96
97100 33.50716948509216 22.134243201277886 96
97200 8.352120399475098 5.885268543287307 96
97300 14.29618239402771 14.103889651712446 96
97400 6.011406421661377 3.8495693747271833 96
97500 20.509177684783936 15.172321012155148 96
97600 11.350341081619263 7.670747520883692 96
97700 11.531134605407715 7.7524223517708695 96
97800 9.583622217178345 7.609979194052368 96
97900 6.311399221420288 3.691790099780575 96
98000 11.016602039337158 7.46990487685282 96
98100 9.498018503189087 7.657038766854393 96
98200 14.165145635604858 7.432253995968742 96
98300 4.16987156867981 3.970845637793315 96
98400 0.1742877960205078 0.1742877960205078 96
98500 4.308285236358643 3.7414004864314423 96
98600 16.668031692504883 10.96821931901883 96
98700 12.64824104309082 7.783710980022964 96
98800 7.587663412094116 3.775917690741981 96
98900 5.2983925342559814 3.959899728829815 96
99000 0.20759081840515137 0.20759081840515137 96
99100 7.503547430038452 3.6936671146383624 96
99200 22.96022868156433 15.48691193352204 96
99300 19.6817729473114 11.429746591585769 96
99400 11.532310009002686 7.292340057344421 96
99500 9.568041324615479 7.328593410204025 96
99600 12.313067197799683 7.3294187287135255 96
99700 18.89435386657715 11.325501737324402 96
99800 7.093010187149048 4.25390811581162 96
99900 6.873006343841553 4.199160198433531 96
100000 0.1763286590576172 0.1763286590576172 96
100100 10.688494682312012 8.126936375274445 96
100200 0.18559813499450684 0.18559813499450684 96
100300 19.13422727584839 12.09831015190684 96
100400 16.428650856018066 11.879442867657989 96
100500 19.507187128067017 11.509004684938898 96
100600 7.276326894760132 3.963638350945145 96
100700 11.12448263168335 7.691104670257369 96
100800 21.296530723571777 12.205119100791421 96
100900 9.224266767501831 7.381636257477756 96
101000 12.402478456497192 7.1478987136036585 96
101100 0.1677556037902832 0.1677556037902832 96
101200 12.051223993301392 7.2735253879661945 96
101300 18.996277332305908 10.942615276456012 96
101400 0.18969249725341797 0.18969249725341797 96
101500 11.970827579498291 7.221231816011659 96
101600 22.183390855789185 14.970628085898174 96
101700 7.200677156448364 4.464363159303694 96
101800 5.479135751724243 4.177408331138345 96
101900 0.18642735481262207 0.18642735481262207 96
102000 5.315551519393921 3.9679744462875575 96
102100 19.896413803100586 11.5638423869719 96
102200 13.30999207496643 7.719962461099433 96
102300 27.969523906707764 15.024949100106957 96
102400 6.601260662078857 4.089433416959247 96
102500 6.072470664978027 4.059934615187336 96
102600 0.2034459114074707 0.2034459114074707 96
102700 14.905826330184937 7.816281807553539 96
102800 24.0574631690979 14.912642554135243 96
102900 15.55081295967102 8.11621711134666 96
103000 0.17416024208068848 0.17416024208068848 96
103100 15.640410661697388 9.129124956618032 96
103200 6.228964328765869 3.864926895060185 96
103300 7.129035234451294 4.216858902324296 96
103400 20.129873037338257 15.86948535614287 96
103500 15.257350206375122 8.178863280939465 96
103600 7.15221095085144 3.765857811998782 96
103700 11.16404676437378 7.969988084645296 96
103800 8.589513301849365 8.2655990083605 96
103900 16.51850914955139 12.067482549960971 96
104000 5.916010856628418 3.848393345601777 96
104100 24.56409001350403 15.197118768841129 96
104200 0.20819592475891113 0.20819592475891113 96
104300 23.330705881118774 15.75485131529237 96
104400 19.4913592338562 11.740568163364316 96
104500 4.980314016342163 4.1599449599619085 96
104600 16.74280071258545 12.013909003534586 96
104700 26.16839575767517 15.499581383434593 96
104800 13.177264928817749 8.421409998310192 96
104900 21.147040128707886 15.607022163385249 96
105000 9.233328104019165 8.059169551195986 96
105100 12.445191383361816 7.514878265210509 96
105200 0.19210481643676758 0.19210481643676758 96
105300 11.990968465805054 7.85834895434932 96
105400 6.728505611419678 4.34949474037216 96
105500 24.83095407485962 19.167487738137126 96
105600 4.357229709625244 3.803544992551963 96
105700 10.486406087875366 8.282394413862022 96
105800 20.5637629032135 15.328091746418878 96
105900 7.639659643173218 3.7671796797700683 96
106000 12.544718503952026 7.670664673135127 96
106100 22.564333200454712 15.801217866345816 96
106200 11.08260726928711 7.716751711765087 96
106300 0.2520782947540283 0.2520782947540283 96
106400 0.2385425567626953 0.2385425567626953 96
106500 15.062645673751831 7.606475346157059 96
106600 5.083603143692017 3.8460317138692424 96
106700 5.144843578338623 3.8356544149370784 96
106800 21.29451036453247 11.209153197939234 96
106900 0.19156265258789062 0.19156265258789062 96
107000 13.782290935516357 8.468185714302392 96
107100 11.49559473991394 7.702919750251991 96
107200 4.692996025085449 3.8644136552612807 96
107300 18.32340383529663 11.642003397143258 96
107400 13.75232720375061 11.455070919887813 96
107500 5.889211893081665 4.177923008296153 96
107600 6.432955265045166 4.481184494187174 96
107700 5.89275336265564 4.14202017003282 96
107800 9.094087362289429 7.770434645153847 96
107900 12.797298669815063 7.659560655103435 96
108000 10.312872648239136 7.2661020040154725 96
108100 7.394695281982422 3.9785813798173173 96
108200 0.17825722694396973 0.17825722694396973 96
108300 7.405591011047363 4.209148895759898 96
108400 13.33852481842041 10.106718800597603 96
108500 5.314757347106934 5.051926827741551 96
108600 21.052364110946655 13.654404761100562 96
108700 0.16396260261535645 0.16396260261535645 96
108800 6.371720790863037 4.23342642815944 96
108900 14.093083620071411 10.868234468778653 96
109000 0.19954395294189453 0.19954395294189453 96
109100 0.21311092376708984 0.21311092376708984 96
109200 8.25836181640625 5.28723750215097 96
109300 6.754023313522339 5.19314144941916 96
109400 0.18772363662719727 0.18772363662719727 96
109500 19.44596004486084 15.720046804183992 96
109600 14.134114742279053 11.254275344315412 96
109700 6.520421266555786 5.092274378117105 96
109800 9.089332818984985 7.849725849766212 96
109900 5.8452675342559814 5.215845771832123 96
110000 0.19332551956176758 0.19332551956176758 96
110100 8.781067609786987 5.125027897726211 96
110200 0.17129921913146973 0.17129921913146973 96
110300 13.681830167770386 9.992233333591173 96
110400 0.20185112953186035 0.20185112953186035 96
110500 6.121296405792236 4.505801328434769 96
110600 9.22339415550232 8.85656706051796 96
110700 0.19826936721801758 0.19826936721801758 96
110800 12.798247814178467 9.106712680945042 96
110900 14.551672220230103 8.793846636775605 96
111000 11.65073847770691 8.232348582968351 96
111100 12.780746936798096 8.770726440947483 96
111200 0.17258167266845703 0.17258167266845703 96
111300 6.177325248718262 4.559652315430112 96
111400 0.17652297019958496 0.17652297019958496 96
111500 10.26051950454712 8.589551678765883 96
111600 17.733177423477173 15.079492237365036 96
111700 15.77982759475708 10.020707715658306 96
111800 23.400495767593384 13.779372631157578 96
111900 7.300631761550903 6.278310145702418 96
112000 35.59659147262573 22.092408907945085 96
112100 24.806227445602417 14.240539869922236 96
112200 7.0290443897247314 4.7031990359500915 96
112300 0.1926100254058838 0.1926100254058838 96
112400 5.443127155303955 4.429416175335489 96
112500 0.17577266693115234 0.17577266693115234 96
112600 7.373245477676392 4.74662892538932 96
112700 0.15868711471557617 0.15868711471557617 96
112800 8.41619062423706 4.916579585682284 96
112900 10.828023195266724 8.960210748022048 96
113000 7.970248699188232 4.696931606782472 96
113100 9.337902069091797 8.767100253367628 96
113200 5.431950569152832 5.153447517088391 96
113300 0.18098783493041992 0.18098783493041992 96
113400 7.495327472686768 4.78538323006857 96
113500 5.963683843612671 4.5884202341598215 96
113600 6.256964921951294 4.636157668210835 96
113700 19.708446979522705 13.131923641036336 96
113800 7.255125045776367 4.618988982673023 96
113900 0.17621231079101562 0.17621231079101562 96
114000 11.134703874588013 9.04711664399926 96
114100 7.176116466522217 4.524818877913381 96
114200 26.82615900039673 21.63847232390276 96
114300 5.628399133682251 4.2908208823186476 96
114400 0.20581626892089844 0.20581626892089844 96
114500 6.258098363876343 4.25960875917081 96
114600 4.7616798877716064 4.229665402918117 96
114700 13.451164484024048 10.187957443977721 96
114800 0.16606664657592773 0.16606664657592773 96
114900 6.915630340576172 4.355023262106116 96
115000 0.17113733291625977 0.17113733291625977 96
115100 4.916668891906738 4.490834196440842 96
115200 5.213674068450928 4.321015172974157 96
115300 7.205033779144287 5.057792694141401 96
115400 5.388036012649536 4.54919194522312 96
115500 11.722625732421875 8.341790927396517 96
115600 60.68366360664368 52.170214705069384 96
115700 18.385985851287842 12.198400344803774 96
115800 7.613731145858765 3.92625539519036 96
115900 5.416332244873047 4.109990027853861 96
116000 0.19572162628173828 0.19572162628173828 96
116100 6.343616962432861 4.087463344706835 96
116200 6.964621543884277 4.143233223474905 96
116300 23.523168563842773 18.138098097345818 96
116400 11.731914043426514 8.248458588573012 96
116500 7.309652328491211 4.128848905048369 96
116600 0.1936023235321045 0.1936023235321045 96
116700 11.502802848815918 8.876628306341876 96
116800 0.16928744316101074 0.16928744316101074 96
116900 0.1921684741973877 0.1921684741973877 96
117000 6.813860177993774 4.217599526737257 96
117100 4.628350257873535 4.519521393494285 96
117200 5.313350677490234 4.309438638155817 96
117300 11.795593500137329 8.99447975763396 96
117400 11.58704662322998 8.30328960574147 96
117500 4.270201206207275 4.119288148273469 96
117600 9.677814483642578 7.98465316273775 96
117700 20.620310068130493 12.329080368228906 96
117800 19.053906202316284 12.129825727688488 96
117900 0.17959976196289062 0.17959976196289062 96
118000 0.1633899211883545 0.1633899211883545 96
118100 6.481954097747803 4.775914097784967 96
118200 4.947544574737549 4.42466529050577 96
118300 19.5885009765625 12.59935114736016 96
118400 21.827824354171753 15.879563039298482 96
118500 5.576416492462158 4.211888210932582 96
118600 0.17059016227722168 0.17059016227722168 96
118700 7.7683985233306885 4.496682044066885 96
118800 12.179271936416626 8.446293773133963 96
118900 7.538333177566528 3.8725449969460004 96
119000 7.209696292877197 4.823335386846264 96
119100 7.639913082122803 4.478740660552254 96
119200 7.716017484664917 4.216475676464912 96
119300 6.292339086532593 4.06664153594136 96
119400 12.465965509414673 7.997949372564877 96
119500 22.878368854522705 13.123311986846888 96
119600 0.17364835739135742 0.17364835739135742 96
119700 27.86133360862732 16.95502566620057 96
119800 8.237934112548828 4.522679166389541 96
119900 5.654909372329712 4.747493150299315 96
120000 0.18079447746276855 0.18079447746276855 96
120100 6.501420736312866 4.094987250274946 96
120200 0.17035579681396484 0.17035579681396484 96
120300 20.053396224975586 12.323912953957976 96
120400 0.18320918083190918 0.18320918083190918 96
120500 7.386335134506226 4.387271600739645 96
120600 6.533554315567017 3.797506130241018 96
120700 10.768588542938232 7.923089745399572 96
120800 0.17674517631530762 0.17674517631530762 96
120900 11.577302932739258 8.084923785118665 96
121000 4.8722240924835205 4.513132437739433 96
121100 11.997920751571655 8.057771222825458 96
121200 0.1946403980255127 0.1946403980255127 96
121300 6.446830749511719 5.100491667637785 96
121400 11.021770238876343 8.631559586006514 96
121500 5.137342214584351 4.0458918099297705 96
121600 6.993519306182861 4.066466415795029 96
121700 5.142539739608765 4.641928863305994 96
121800 3.8075406551361084 3.7719391911720894 96
121900 0.16793322563171387 0.16793322563171387 96
122000 0.16347336769104004 0.16347336769104004 96
122100 5.888682842254639 4.301284909889848 96
122200 13.292263984680176 7.637882222086532 96
122300 0.1759495735168457 0.1759495735168457 96
122400 5.458079814910889 4.700507838953884 96
122500 0.17773675918579102 0.17773675918579102 96
122600 39.692633390426636 32.053677347138304 96
122700 0.17330241203308105 0.17330241203308105 96
122800 6.5031654834747314 5.665251908112223 96
122900 39.891945123672485 34.0075219905118 96
123000 13.050552129745483 10.662957299087893 96
123100 26.84895634651184 23.6608484718382 96
123200 145.97907495498657 140.94876534894732 96
123300 15.20262622833252 9.439366613876086 96
123400 0.1732923984527588 0.1732923984527588 96
123500 20.21501874923706 14.388011211903956 96
123600 6.904965400695801 4.800452584037748 96
123700 20.231512784957886 14.455311703747045 96
123800 13.745535850524902 9.40565979756788 96
123900 0.16928672790527344 0.16928672790527344 96
124000 0.1871185302734375 0.1871185302734375 96
124100 12.616011381149292 9.807176077847322 96
124200 10.859737873077393 10.430808022437155 96
124300 0.17074871063232422 0.17074871063232422 96
124400 0.20029258728027344 0.20029258728027344 96
124500 6.936105728149414 4.915993324713609 96
124600 27.03061294555664 18.372030517360674 96
124700 21.008535385131836 14.9168406668584 96
124800 8.164605379104614 5.528002207847406 96
124900 6.60941219329834 5.470675967344539 96
125000 23.25093960762024 14.328360215021458 96
125100 0.17511296272277832 0.17511296272277832 96
125200 14.877646684646606 9.78117670213366 96
125300 21.398850917816162 14.7255836895816 96
125400 0.17686700820922852 0.17686700820922852 96
125500 8.129209041595459 7.956652969112371 96
125600 8.38723087310791 4.85676599743306 96
125700 7.003603935241699 4.880085745252492 96
125800 0.17648005485534668 0.17648005485534668 96
125900 4.816470146179199 4.567391556187963 96
126000 8.191885471343994 4.516046073333446 96
126100 14.043743133544922 9.920005418183173 96
126200 0.1828610897064209 0.1828610897064209 96
126300 15.376854181289673 9.208699687184577 96
126400 8.439727783203125 4.818851020961796 96
126500 14.965369462966919 9.16757386611858 96
126600 12.605700731277466 9.179176392399638 96
126700 0.1634674072265625 0.1634674072265625 96
126800 15.520466089248657 9.658039982857517 96
126900 0.19134116172790527 0.19134116172790527 96
127000 8.359506845474243 4.824974087668214 96
127100 11.7727210521698 9.5930718425256 96
127200 0.16053080558776855 0.16053080558776855 96
127300 7.692599773406982 4.791918797247442 96
127400 26.374866247177124 18.53583707708742 96
127500 5.181051015853882 3.4915012404411065 96
127600 0.19989943504333496 0.19989943504333496 96
127700 6.191729784011841 3.467203000319313 96
127800 7.197444438934326 3.4924800713796413 96
127900 4.053201913833618 3.519386616115518 96
128000 20.361790418624878 13.682047796648307 96
128100 12.396935939788818 6.87078991856051 96
128200 8.038469791412354 6.745298421041458 96
128300 3.6266543865203857 3.458071503696593 96
128400 7.447836875915527 3.5413222752352342 96
128500 12.4190034866333 6.803555278655058 96
128600 8.584702014923096 7.119972026516518 96
128700 4.734288692474365 3.423804256372602 96
128800 10.90298581123352 6.897589571444694 96
128900 14.918132066726685 10.23903711526197 96
129000 9.999823331832886 6.764103159244945 96
129100 0.18305230140686035 0.18305230140686035 96
129200 3.8630473613739014 3.4340485020092864 96
129300 0.18542051315307617 0.18542051315307617 96
129400 17.262308597564697 10.51969590518069 96
129500 4.020342588424683 3.5920762482112223 96
129600 0.18955421447753906 0.18955421447753906 96
129700 14.316459894180298 10.705920433232654 96
129800 11.466179370880127 6.980523098550947 96
129900 21.13763189315796 13.902560299243653 96
130000 18.338342428207397 10.51699608589956 96
130100 6.10037088394165 3.618812268660297 96
130200 14.86890459060669 8.281579927434707 96
130300 10.87888503074646 7.877076591710356 96
130400 7.093539714813232 3.532673716837865 96
130500 9.115483522415161 6.778544104607596 96
130600 6.666956663131714 3.576139180138072 96
130700 13.917335271835327 7.5725374348091785 96
130800 16.112630367279053 10.596852113453112 96
130900 4.600407123565674 3.363133607234424 96
131000 9.422440767288208 6.873902215613635 96
131100 0.1730942726135254 0.1730942726135254 96
131200 0.17235755920410156 0.17235755920410156 96
131300 9.799097776412964 7.081070540262912 96
131400 11.80295205116272 6.760443869967634 96
131500 4.197903394699097 3.403596149444249 96
131600 4.192263603210449 3.526805664800281 96
131700 0.18395757675170898 0.18395757675170898 96
131800 7.583899974822998 3.663703641094568 96
131900 15.940157890319824 10.42108008897881 96
132000 12.56705641746521 7.058453512850967 96
132100 0.17171669006347656 0.17171669006347656 96
132200 7.1467835903167725 3.432829778469375 96
132300 6.945271015167236 3.474563880386439 96
132400 18.775352239608765 13.863779719242117 96
132500 12.30728268623352 7.055665716899109 96
132600 0.16352105140686035 0.16352105140686035 96
132700 0.2242884635925293 0.2242884635925293 96
132800 0.21073126792907715 0.21073126792907715 96
132900 0.19297313690185547 0.19297313690185547 96
133000 4.932453393936157 3.6596643865069383 96
133100 4.491642713546753 4.157732569825777 96
133200 0.18483972549438477 0.18483972549438477 96
133300 27.354109525680542 17.410950847406358 96
133400 5.627910852432251 3.5954487560054247 96
133500 0.17867541313171387 0.17867541313171387 96
133600 12.536383867263794 7.294894648721359 96
133700 10.770179986953735 8.552834871444507 96
133800 18.31631112098694 11.201311235935197 96
133900 12.02566647529602 6.747406799900043 96
134000 21.35570454597473 13.65883721733571 96
134100 11.044413805007935 6.971290275461614 96
134200 6.388274908065796 3.5980932955599587 96
134300 4.380181074142456 3.5052449650489437 96
134400 16.52236557006836 10.612093545719622 96
134500 30.82112956047058 28.811501178234913 96
134600 7.381199836730957 6.739721442858651 96
134700 0.21302461624145508 0.21302461624145508 96
134800 0.19882869720458984 0.19882869720458984 96
134900 0.20724225044250488 0.20724225044250488 96
135000 0.18224573135375977 0.18224573135375977 96
135100 15.01931357383728 10.480460095404677 96
135200 13.42875623703003 11.280871824569418 96
135300 0.20239567756652832 0.20239567756652832 96
135400 18.30372142791748 15.79913519705359 96
135500 17.162057399749756 15.183961235541567 96
135600 9.010783195495605 5.242803576851651 96
135700 9.074328899383545 5.353378744138928 96
135800 24.058077335357666 15.563304944941017 96
135900 5.82792592048645 5.697899355309073 96
136000 0.19807934761047363 0.19807934761047363 96
136100 0.16667962074279785 0.16667962074279785 96
136200 20.491358995437622 15.474038308163227 96
136300 0.17852044105529785 0.17852044105529785 96
136400 0.16956758499145508 0.16956758499145508 96
136500 24.54889440536499 16.584143339342063 96
136600 0.17547869682312012 0.17547869682312012 96
136700 6.066507339477539 5.412234732912102 96
136800 15.185573101043701 10.296179089818292 96
136900 27.621670484542847 19.521237598170085 96
137000 0.1881253719329834 0.1881253719329834 96
137100 8.602814435958862 5.474986782195605 96
137200 15.610773801803589 11.971091544286297 96
137300 0.20373749732971191 0.20373749732971191 96
137400 21.149100065231323 15.726586507136005 96
137500 6.885846853256226 5.605220661451905 96
137600 0.20317363739013672 0.20317363739013672 96
137700 21.13299250602722 15.80681036898308 96
137800 0.17732810974121094 0.17732810974121094 96
137900 6.608900308609009 5.263798710070797 96
138000 12.924335956573486 10.462735492763983 96
138100 0.17479729652404785 0.17479729652404785 96
138200 6.730525016784668 5.332803592178857 96
138300 0.1638936996459961 0.1638936996459961 96
138400 14.573306322097778 10.146896923079941 96
138500 0.19935011863708496 0.19935011863708496 96
138600 9.251358032226562 6.386319029767388 96
138700 0.2142622470855713 0.2142622470855713 96
138800 7.90981125831604 5.44685490135514 96
138900 6.268755197525024 5.444616768904491 96
139000 9.518473863601685 6.79469508222102 96
139100 16.30228590965271 15.000360293647425 96
139200 15.647049188613892 10.319358113292475 96
139300 0.18146419525146484 0.18146419525146484 96
139400 7.6579859256744385 5.274160949581466 96
139500 19.112691640853882 15.831307064471844 96
139600 0.21053814888000488 0.21053814888000488 96
139700 0.19769883155822754 0.19769883155822754 96
139800 8.618644952774048 5.224650397569583 96
139900 9.94199800491333 6.029971025003539 96
140000 14.605124711990356 11.162126912121508 96
140100 18.06302762031555 10.443118876196936 96
140200 5.468481779098511 5.24604628161611 96
140300 21.191950798034668 15.419025182216158 96
140400 15.299937963485718 10.549560307702185 96
140500 7.240689516067505 5.078493387645501 96
140600 0.17775750160217285 0.17775750160217285 96
140700 0.17604613304138184 0.17604613304138184 96
140800 0.1809241771697998 0.1809241771697998 96
140900 0.1694035530090332 0.1694035530090332 96
141000 6.637389421463013 5.208829588281674 96
141100 7.47524619102478 5.189341216384591 96
141200 0.18139219284057617 0.18139219284057617 96
141300 35.22483801841736 27.504609909854185 96
141400 13.315336465835571 10.318262743558218 96
141500 102.55017471313477 95.7508177548123 96
141600 6.074288368225098 4.9437772451128295 96
141700 0.18288040161132812 0.18288040161132812 96
141800 11.010295391082764 10.421361942332751 96
141900 6.877105712890625 5.045233934351945 96
142000 6.22142767906189 5.238502520696812 96
142100 0.18444514274597168 0.18444514274597168 96
142200 0.1943964958190918 0.1943964958190918 96
142300 0.19303321838378906 0.19303321838378906 96
142400 11.89583420753479 10.07214211386332 96
142500 16.090261220932007 10.805245924992306 96
142600 14.852203369140625 10.274548738468985 96
142700 0.18445348739624023 0.18445348739624023 96
142800 0.2051868438720703 0.2051868438720703 96
142900 6.093102931976318 5.879340068799179 96
143000 0.1874246597290039 0.1874246597290039 96
143100 7.346759080886841 5.254436274161769 96
143200 6.009981393814087 5.392696247749951 96
143300 5.932170867919922 4.984603362182186 96
143400 6.139512300491333 5.043547810412063 96
143500 0.1669325828552246 0.1669325828552246 96
143600 0.174638032913208 0.174638032913208 96
143700 14.50161862373352 9.683173987625604 96
143800 9.487260103225708 5.553159081445779 96
143900 0.196854829788208 0.196854829788208 96
144000 15.965685844421387 10.805633742162858 96
144100 7.150959253311157 5.367451840306151 96
144200 6.143080711364746 4.996033588629077 96
144300 14.73473858833313 10.458724486227537 96
144400 0.1706697940826416 0.1706697940826416 96
144500 5.782587766647339 5.002695797304952 96
144600 6.148440599441528 5.299838887716836 96
144700 0.22192955017089844 0.22192955017089844 96
144800 0.1968998908996582 0.1968998908996582 96
144900 7.826653957366943 6.873777126281939 96
145000 30.143781185150146 23.285390362143126 96
145100 25.44883370399475 17.881296211832414 96
145200 0.22275757789611816 0.22275757789611816 96
145300 26.371994256973267 20.57483772839719 96
145400 14.071666717529297 10.635241951675455 96
145500 7.966202020645142 5.314771245666587 96
145600 0.1779332160949707 0.1779332160949707 96
145700 0.16795992851257324 0.16795992851257324 96
145800 13.626046180725098 10.990833792046734 96
145900 0.16461753845214844 0.16461753845214844 96
146000 16.091463088989258 13.38719743807043 96
146100 69.52420830726624 64.48934446793228 96
146200 0.17834186553955078 0.17834186553955078 96
146300 0.1848149299621582 0.1848149299621582 96
146400 0.17644071578979492 0.17644071578979492 96
146500 8.27473759651184 5.228689252314249 96
146600 24.83774971961975 14.441830719228925 96
146700 4.974692344665527 4.918685868224082 96
146800 12.22663927078247 10.215030844354924 96
146900 15.348693132400513 12.086434653226378 96
147000 0.16887974739074707 0.16887974739074707 96
147100 0.18901824951171875 0.18901824951171875 96
147200 0.1828150749206543 0.1828150749206543 96
147300 6.626076936721802 6.273579130742175 96
147400 0.16248774528503418 0.16248774528503418 96
147500 8.751678943634033 4.941104648920783 96
147600 6.918937683105469 5.790235294932552 96
147700 7.687710285186768 4.988087388963198 96
147800 6.93023157119751 5.308409075858398 96
147900 5.486863374710083 4.981797823018384 96
148000 0.1873762607574463 0.1873762607574463 96
148100 14.962968111038208 10.549232952466674 96
148200 5.229226589202881 4.974228627480143 96
148300 0.19335365295410156 0.19335365295410156 96
148400 7.298298358917236 5.015103096271619 96
148500 0.19879484176635742 0.19879484176635742 96
148600 0.16979289054870605 0.16979289054870605 96
148700 6.761795997619629 5.557554644092484 96
148800 0.2002854347229004 0.2002854347229004 96
148900 15.89884328842163 10.129039038527894 96
149000 23.259883165359497 14.592740059873913 96
149100 0.20671415328979492 0.20671415328979492 96
149200 8.593503713607788 5.946605745975566 96
149300 30.51255464553833 27.370632361352136 96
149400 7.548945188522339 7.127520767118687 96
149500 0.18581819534301758 0.18581819534301758 96
149600 0.18196606636047363 0.18196606636047363 96
149700 8.778041362762451 7.301302346823464 96
149800 0.18878459930419922 0.18878459930419922 96
149900 13.111422061920166 9.216751419715756 96
150000 18.946592330932617 14.60717845755024 96
150100 7.380869626998901 7.195954060220408 96
150200 9.856670379638672 7.692647955840881 96
150300 0.18423104286193848 0.18423104286193848 96
150400 9.621460676193237 7.928198116516336 96
150500 0.16364192962646484 0.16364192962646484 96
150600 9.496310234069824 7.882130947004805 96
150700 11.873748540878296 10.118261861198997 96
150800 0.17443394660949707 0.17443394660949707 96
150900 7.350900173187256 7.149760032555362 96
151000 10.884414672851562 8.456726412506885 96
151100 0.19518709182739258 0.19518709182739258 96
151200 19.37852454185486 17.0641584914736 96
151300 10.828620672225952 9.359051297910797 96
151400 12.145385026931763 8.212599935521657 96
151500 9.314462900161743 7.62336226958719 96
151600 0.1788625717163086 0.1788625717163086 96
151700 0.1893165111541748 0.1893165111541748 96
151800 0.19948554039001465 0.19948554039001465 96
151900 9.106061458587646 7.63920638594904 96
152000 11.163422584533691 8.292126283935406 96
152100 0.17473697662353516 0.17473697662353516 96
152200 0.19663190841674805 0.19663190841674805 96
152300 15.627208709716797 14.44079725873279 96
152400 20.730085849761963 18.710702044007412 96
152500 0.17774009704589844 0.17774009704589844 96
152600 12.58675217628479 10.7261948897556 96
152700 0.16162991523742676 0.16162991523742676 96
152800 39.57779097557068 39.48526984908244 96
152900 20.0136878490448 13.176309006785026 96
153000 0.18294215202331543 0.18294215202331543 96
153100 0.18349981307983398 0.18349981307983398 96
153200 0.1958467960357666 0.1958467960357666 96
153300 0.18677687644958496 0.18677687644958496 96
153400 0.18014144897460938 0.18014144897460938 96
153500 0.1813642978668213 0.1813642978668213 96
153600 0.19670319557189941 0.19670319557189941 96
153700 0.18607521057128906 0.18607521057128906 96
153800 0.19597744941711426 0.19597744941711426 96
153900 0.16245031356811523 0.16245031356811523 96
154000 0.19545865058898926 0.19545865058898926 96
154100 7.296661853790283 4.451535212697253 96
154200 0.16721439361572266 0.16721439361572266 96
154300 7.498284339904785 4.06474208464569 96
154400 7.124535083770752 4.3819689071818555 96
154500 0.17516231536865234 0.17516231536865234 96
154600 0.16881132125854492 0.16881132125854492 96
154700 15.267791986465454 9.658303804928106 96
154800 0.18159222602844238 0.18159222602844238 96
154900 6.2655556201934814 4.523699549642177 96
155000 12.532482624053955 8.811973318175125 96
155100 7.3019633293151855 4.366783589550913 96
155200 17.760944604873657 12.499793234060952 96
155300 5.133707046508789 4.367808369056 96
155400 13.400093793869019 9.313851810525659 96
155500 0.18633246421813965 0.18633246421813965 96
155600 10.437398433685303 9.401043309823155 96
155700 6.735753059387207 4.421919840665419 96
155800 0.1696932315826416 0.1696932315826416 96
155900 0.17757844924926758 0.17757844924926758 96
156000 0.19154810905456543 0.19154810905456543 96
156100 0.17148137092590332 0.17148137092590332 96
156200 5.981132745742798 4.664709024866572 96
156300 0.2010631561279297 0.2010631561279297 96
156400 14.451248168945312 8.50872009284726 96
156500 0.17036008834838867 0.17036008834838867 96
156600 4.451479434967041 4.241124310904087 96
156700 0.19147682189941406 0.19147682189941406 96
156800 0.16643619537353516 0.16643619537353516 96
156900 7.684525012969971 4.30032049706918 96
157000 8.017041444778442 4.481241109717559 96
157100 0.18794918060302734 0.18794918060302734 96
157200 5.851057767868042 4.824183230482171 96
157300 0.17290186882019043 0.17290186882019043 96
157400 0.17510080337524414 0.17510080337524414 96
157500 6.819079637527466 4.268128948997939 96
157600 0.18457794189453125 0.18457794189453125 96
157700 0.1952071189880371 0.1952071189880371 96
157800 5.71098518371582 5.128874226705346 96
157900 0.21271157264709473 0.21271157264709473 96
158000 0.20708250999450684 0.20708250999450684 96
158100 14.599140882492065 8.52464472976975 96
158200 0.16830921173095703 0.16830921173095703 96
158300 8.293849229812622 4.328662853930001 96
158400 8.323639869689941 4.475249988068972 96
158500 0.18437767028808594 0.18437767028808594 96
158600 19.668757438659668 13.29168890746636 96
158700 7.24106240272522 4.492166892699901 96
158800 11.923414945602417 9.851232656657466 96
158900 0.18972086906433105 0.18972086906433105 96
159000 12.582716703414917 12.582716703414917 97
159100 0.21233677864074707 0.21233677864074707 97
159200 17.547764778137207 17.43852916709168 97
159300 18.47252631187439 17.616314141601418 97
159400 0.17583942413330078 0.17583942413330078 97
159500 0.19460082054138184 0.19460082054138184 97
159600 0.1869659423828125 0.1869659423828125 97
159700 21.94173836708069 18.01355746221837 97
159800 19.90332341194153 17.50566161792347 97
159900 0.16504979133605957 0.16504979133605957 97
160000 21.646763801574707 17.91143290097242 97
160100 5.490869045257568 4.90722679292679 97
160200 0.18008160591125488 0.18008160591125488 97
160300 0.18137836456298828 0.18137836456298828 97
160400 9.533564329147339 5.594052931731583 97
160500 0.19653773307800293 0.19653773307800293 97
160600 6.159207344055176 5.982349811271149 97
160700 8.044135570526123 6.2813560119354275 97
160800 0.17279362678527832 0.17279362678527832 97
160900 14.44516372680664 9.919606862556542 97
161000 7.333814859390259 5.628872871049665 97
161100 0.17572832107543945 0.17572832107543945 97
161200 15.35123085975647 11.075726606133877 97
161300 18.351307153701782 10.815425264411617 97
161400 0.17188644409179688 0.17188644409179688 97
161500 7.650548219680786 5.607510685828837 97
161600 0.19417214393615723 0.19417214393615723 97
161700 6.753279209136963 5.341484483415696 97
161800 9.149497509002686 5.632243327099615 97
161900 5.564038276672363 5.385968096736006 97
162000 0.1906757354736328 0.1906757354736328 97
162100 0.19088029861450195 0.19088029861450195 97
162200 0.2060089111328125 0.2060089111328125 97
162300 7.612855672836304 5.718449371227866 97
162400 0.20049715042114258 0.20049715042114258 97
162500 13.115540742874146 10.842314200110595 97
162600 10.226341247558594 6.376953300933597 97
162700 8.988138914108276 5.4134655000785035 97
162800 0.22710633277893066 0.22710633277893066 97
162900 0.20189380645751953 0.20189380645751953 97
163000 0.2469785213470459 0.2469785213470459 97
163100 7.530348300933838 5.368161335816831 97
163200 0.20604658126831055 0.20604658126831055 97
163300 7.718407392501831 6.03239183585085 97
163400 7.759033441543579 5.6357872500788595 97
163500 0.19613409042358398 0.19613409042358398 97
163600 0.20949411392211914 0.20949411392211914 97
163700 14.186501502990723 11.811275768635433 97
163800 0.18367838859558105 0.18367838859558105 97
163900 0.17476463317871094 0.17476463317871094 97
164000 6.057213544845581 5.918925238342149 97
164100 0.18573880195617676 0.18573880195617676 97
164200 0.19253873825073242 0.19253873825073242 97
164300 16.270759344100952 11.314601123361339 97
164400 5.672811985015869 5.212043520919989 97
164500 9.205522060394287 5.523794550077639 97
164600 14.719548225402832 10.660329639838428 97
164700 7.6215667724609375 5.324064307159658 97
164800 0.17716145515441895 0.17716145515441895 97
164900 0.1792304515838623 0.1792304515838623 97
165000 7.98935341835022 5.600422417407783 97
165100 0.18107080459594727 0.18107080459594727 97
165200 0.2115335464477539 0.2115335464477539 97
165300 8.668254613876343 5.180491559573449 97
165400 7.254363059997559 5.545440650432553 97
165500 0.17010998725891113 0.17010998725891113 97
165600 0.19194650650024414 0.19194650650024414 97
165700 8.346684694290161 5.554902334419418 97
165800 0.176649808883667 0.176649808883667 97
165900 8.034655332565308 4.8859790121594 97
166000 0.16716885566711426 0.16716885566711426 97
166100 0.16694951057434082 0.16694951057434082 97
166200 6.485317230224609 5.544876069878443 97
166300 7.818018674850464 5.854631626075237 97
166400 7.686299562454224 5.433844254021245 97
166500 12.176721096038818 9.960118421731295 97
166600 0.17417573928833008 0.17417573928833008 97
166700 8.068277835845947 5.245327381192953 97
166800 0.16528034210205078 0.16528034210205078 97
166900 0.16828227043151855 0.16828227043151855 97
167000 0.18839335441589355 0.18839335441589355 97
167100 0.18598389625549316 0.18598389625549316 97
167200 0.1866443157196045 0.1866443157196045 97
167300 15.28462839126587 10.895606505769132 97
167400 0.17353391647338867 0.17353391647338867 97
167500 7.8012659549713135 5.524307138104742 97
167600 0.1849842071533203 0.1849842071533203 97
167700 0.17715072631835938 0.17715072631835938 97
167800 0.17319178581237793 0.17319178581237793 97
167900 0.18180632591247559 0.18180632591247559 97
168000 0.16914677619934082 0.16914677619934082 97
168100 0.17682099342346191 0.17682099342346191 97
168200 0.15470147132873535 0.15470147132873535 97
168300 0.1730508804321289 0.1730508804321289 97
168400 8.595587730407715 4.928968216786179 97
168500 0.15521788597106934 0.15521788597106934 97
168600 0.16691350936889648 0.16691350936889648 97
168700 0.1753711700439453 0.1753711700439453 97
168800 0.17028141021728516 0.17028141021728516 97
168900 0.17423224449157715 0.17423224449157715 97
169000 0.1933884620666504 0.1933884620666504 97
169100 6.234622955322266 5.363780083717741 97
169200 7.869122505187988 5.5535099821793175 97
169300 8.776389837265015 4.913347676115352 97
169400 8.925247430801392 4.970651898479851 97
169500 0.2116241455078125 0.2116241455078125 97
169600 0.19869589805603027 0.19869589805603027 97
169700 0.21894550323486328 0.21894550323486328 97
169800 0.20011663436889648 0.20011663436889648 97
169900 8.829511880874634 5.634495801978643 97
170000 0.1783766746520996 0.1783766746520996 97
170100 0.190748929977417 0.190748929977417 97
170200 15.924286842346191 9.635437209165868 97
170300 0.17176389694213867 0.17176389694213867 97
170400 12.866068840026855 10.726173086139276 97
170500 7.613272190093994 5.3796348124642535 97
170600 0.18305468559265137 0.18305468559265137 97
170700 6.743279933929443 5.6535509111694395 97
170800 7.522672414779663 4.945429606398092 97
170900 0.18561768531799316 0.18561768531799316 97
171000 6.355610609054565 5.993363771197575 97
171100 0.2078418731689453 0.2078418731689453 97
171200 7.094822406768799 5.813972934354712 97
171300 5.917459964752197 5.569249289890325 97
171400 0.20007824897766113 0.20007824897766113 97
171500 0.172529935836792 0.172529935836792 97
171600 0.18108654022216797 0.18108654022216797 97
171700 0.16510295867919922 0.16510295867919922 97
171800 6.5576817989349365 5.395319117596009 97
171900 0.18505525588989258 0.18505525588989258 97
172000 0.17648911476135254 0.17648911476135254 97
172100 0.17012286186218262 0.17012286186218262 97
172200 0.18029022216796875 0.18029022216796875 97
172300 0.19687414169311523 0.19687414169311523 97
172400 19.118578910827637 11.808451876845544 97
172500 0.1833510398864746 0.1833510398864746 97
172600 0.19017529487609863 0.19017529487609863 97
172700 0.1932084560394287 0.1932084560394287 97
172800 0.1702272891998291 0.1702272891998291 97
172900 9.238306045532227 5.312877693919864 97
173000 6.39396595954895 6.335876563742572 97
173100 0.17824554443359375 0.17824554443359375 97
173200 0.17584538459777832 0.17584538459777832 97
173300 0.17319869995117188 0.17319869995117188 97
173400 0.1844027042388916 0.1844027042388916 97
173500 0.16297197341918945 0.16297197341918945 97
173600 0.17196345329284668 0.17196345329284668 97
173700 0.17905306816101074 0.17905306816101074 97
173800 0.16581082344055176 0.16581082344055176 97
173900 7.154047012329102 4.856364078143421 97
174000 0.1906590461730957 0.1906590461730957 97
174100 0.1842186450958252 0.1842186450958252 97
174200 0.1852130889892578 0.1852130889892578 97
174300 0.18883538246154785 0.18883538246154785 97
174400 0.19974803924560547 0.19974803924560547 97
174500 8.207271337509155 5.543373504497765 97
174600 0.20030641555786133 0.20030641555786133 97
174700 0.17763185501098633 0.17763185501098633 97
174800 0.18670940399169922 0.18670940399169922 97
174900 0.17542409896850586 0.17542409896850586 97
175000 0.1668400764465332 0.1668400764465332 97
175100 7.231478452682495 6.59602802436546 97
175200 9.23508071899414 5.3576949396844595 97
175300 7.687433242797852 5.55558667571173 97
175400 0.17706751823425293 0.17706751823425293 97
175500 0.16566085815429688 0.16566085815429688 97
175600 0.17885518074035645 0.17885518074035645 97
175700 0.1623678207397461 0.1623678207397461 97
175800 6.96579122543335 5.6670893981656 97
175900 6.780217409133911 5.594359986953627 97
176000 0.17659258842468262 0.17659258842468262 97
176100 0.19350266456604004 0.19350266456604004 97
176200 0.2129828929901123 0.2129828929901123 97
176300 0.22316598892211914 0.22316598892211914 97
176400 14.24040699005127 10.930221829772082 97
176500 17.547805547714233 15.249084131904395 97
176600 0.17361712455749512 0.17361712455749512 97
176700 0.17775797843933105 0.17775797843933105 97
176800 0.18342161178588867 0.18342161178588867 97
176900 5.908434867858887 4.963133374216124 97
177000 0.17133116722106934 0.17133116722106934 97
177100 16.20155954360962 10.30980606164652 97
177200 14.336539030075073 9.457470373120884 97
177300 0.215545654296875 0.215545654296875 97
177400 0.18818187713623047 0.18818187713623047 97
177500 5.412806510925293 4.4429425370588636 97
177600 0.2219867706298828 0.2219867706298828 97
177700 8.05585503578186 4.54985409598838 97
177800 0.1791684627532959 0.1791684627532959 97
177900 0.20208311080932617 0.20208311080932617 97
178000 5.979839086532593 4.636461808461954 97
178100 7.608080625534058 4.347623859262079 97
178200 0.17240262031555176 0.17240262031555176 97
178300 7.259913206100464 4.975288805317659 97
178400 0.19519400596618652 0.19519400596618652 97
178500 0.1699666976928711 0.1699666976928711 97
178600 0.19821929931640625 0.19821929931640625 97
178700 0.2195415496826172 0.2195415496826172 97
178800 0.2041945457458496 0.2041945457458496 97
178900 0.20116424560546875 0.20116424560546875 97
179000 5.604918956756592 4.737883787684212 97
179100 0.1631457805633545 0.1631457805633545 97
179200 0.19363141059875488 0.19363141059875488 97
179300 0.19404149055480957 0.19404149055480957 97
179400 0.17721009254455566 0.17721009254455566 97
179500 0.2003309726715088 0.2003309726715088 97
179600 0.18486475944519043 0.18486475944519043 97
179700 0.17024922370910645 0.17024922370910645 97
179800 8.052621126174927 4.486961729960198 97
179900 8.442368984222412 4.474486085236977 97
180000 4.759850740432739 4.560054480066739 97
180100 7.8639631271362305 5.489067781683293 97
180200 0.2054123878479004 0.2054123878479004 97
180300 0.19416403770446777 0.19416403770446777 97
180400 0.18288874626159668 0.18288874626159668 97
180500 0.21032094955444336 0.21032094955444336 97
180600 0.19265031814575195 0.19265031814575195 97
180700 0.20892095565795898 0.20892095565795898 97
180800 0.1879885196685791 0.1879885196685791 97
180900 0.17167258262634277 0.17167258262634277 97
181000 0.1972808837890625 0.1972808837890625 97
181100 0.19690966606140137 0.19690966606140137 97
181200 0.20725393295288086 0.20725393295288086 97
181300 14.11136507987976 10.543504321826513 97
181400 0.1875464916229248 0.1875464916229248 97
181500 7.504515886306763 4.730746982227707 97
181600 0.1697101593017578 0.1697101593017578 97
181700 0.17470693588256836 0.17470693588256836 97
181800 0.20115971565246582 0.20115971565246582 97
181900 6.441378116607666 4.570347599172469 97
182000 4.666938304901123 4.606075326085268 97
182100 5.049601078033447 5.002468504489929 97
182200 0.18333983421325684 0.18333983421325684 97
182300 7.558695554733276 5.135625459147592 97
182400 0.1744093894958496 0.1744093894958496 97
182500 0.17381000518798828 0.17381000518798828 97
182600 0.18698906898498535 0.18698906898498535 97
182700 0.17948460578918457 0.17948460578918457 97
182800 0.17977166175842285 0.17977166175842285 97
182900 0.18452930450439453 0.18452930450439453 97
183000 0.20252752304077148 0.20252752304077148 97
183100 0.19065308570861816 0.19065308570861816 97
183200 7.164645195007324 5.4616095099353785 97
183300 0.1730351448059082 0.1730351448059082 97
183400 0.1663379669189453 0.1663379669189453 97
183500 0.16487836837768555 0.16487836837768555 97
183600 0.1885240077972412 0.1885240077972412 97
183700 0.17594122886657715 0.17594122886657715 97
183800 0.1716468334197998 0.1716468334197998 97
183900 6.717580080032349 4.419609934856062 97
184000 0.1798415184020996 0.1798415184020996 97
184100 0.18802213668823242 0.18802213668823242 97
184200 0.18840909004211426 0.18840909004211426 97
184300 7.11903977394104 4.868462804263326 97
184400 0.193739652633667 0.193739652633667 97
184500 0.19254469871520996 0.19254469871520996 97
184600 0.1939249038696289 0.1939249038696289 97
184700 0.17798686027526855 0.17798686027526855 97
184800 0.1938188076019287 0.1938188076019287 97
184900 0.18310213088989258 0.18310213088989258 97
185000 0.1891312599182129 0.1891312599182129 97
185100 0.18895339965820312 0.18895339965820312 97
185200 0.18812322616577148 0.18812322616577148 97
185300 7.045456886291504 4.43852566408947 97
185400 0.16862869262695312 0.16862869262695312 97
185500 7.525015354156494 4.5706111641629805 97
185600 8.920031070709229 5.136746919182855 97
185700 0.19132590293884277 0.19132590293884277 97
185800 0.17012691497802734 0.17012691497802734 97
185900 0.1786196231842041 0.1786196231842041 97
186000 6.7806525230407715 4.412384407643597 97
186100 0.15652012825012207 0.15652012825012207 97
186200 0.1697065830230713 0.1697065830230713 97
186300 0.1766805648803711 0.1766805648803711 97
186400 0.1764354705810547 0.1764354705810547 97
186500 0.17633271217346191 0.17633271217346191 97
186600 0.17315316200256348 0.17315316200256348 97
186700 0.17567157745361328 0.17567157745361328 97
186800 0.18229341506958008 0.18229341506958008 97
186900 0.18477082252502441 0.18477082252502441 97
187000 0.20160460472106934 0.20160460472106934 97
187100 0.18680858612060547 0.18680858612060547 97
187200 0.1636059284210205 0.1636059284210205 97
187300 0.17662525177001953 0.17662525177001953 97
187400 5.938974857330322 4.461949269962169 97
187500 0.1691594123840332 0.1691594123840332 97
187600 0.17729663848876953 0.17729663848876953 97
187700 0.19223713874816895 0.19223713874816895 97
187800 0.17694330215454102 0.17694330215454102 97
187900 0.19076848030090332 0.19076848030090332 97
188000 0.16690325736999512 0.16690325736999512 97
188100 7.632291078567505 4.450522715823965 97
188200 0.21146202087402344 0.21146202087402344 97
188300 0.20066070556640625 0.20066070556640625 97
188400 0.19800519943237305 0.19800519943237305 97
188500 0.18584275245666504 0.18584275245666504 97
188600 0.17285513877868652 0.17285513877868652 97
188700 5.750087261199951 4.520848785143758 97
188800 8.78374695777893 5.975773193221604 97
188900 6.1305460929870605 4.179939157085009 97
189000 0.19860100746154785 0.19860100746154785 97
189100 0.2063121795654297 0.2063121795654297 97
189200 0.19567275047302246 0.19567275047302246 97
189300 0.22144675254821777 0.22144675254821777 97
189400 0.19530701637268066 0.19530701637268066 97
189500 0.19697332382202148 0.19697332382202148 97
189600 0.18357610702514648 0.18357610702514648 97
189700 0.19229793548583984 0.19229793548583984 97
189800 0.17217206954956055 0.17217206954956055 97
189900 0.19248366355895996 0.19248366355895996 97
190000 0.20871829986572266 0.20871829986572266 97
190100 0.2042553424835205 0.2042553424835205 97
190200 0.18198084831237793 0.18198084831237793 97
190300 0.1924145221710205 0.1924145221710205 97
190400 0.20168137550354004 0.20168137550354004 97
190500 0.20018219947814941 0.20018219947814941 97
190600 0.16923284530639648 0.16923284530639648 97
190700 0.18790698051452637 0.18790698051452637 97
190800 0.17423486709594727 0.17423486709594727 97
190900 0.1913161277770996 0.1913161277770996 97
191000 0.1987769603729248 0.1987769603729248 97
191100 0.19998383522033691 0.19998383522033691 97
191200 0.20943498611450195 0.20943498611450195 97
191300 0.2026996612548828 0.2026996612548828 97
191400 0.23554682731628418 0.23554682731628418 97
191500 5.913360357284546 4.4721475875504115 97
191600 0.22377943992614746 0.22377943992614746 97
191700 0.27310991287231445 0.27310991287231445 97
191800 0.2800135612487793 0.2800135612487793 97
191900 0.21156525611877441 0.21156525611877441 97
192000 5.959632396697998 4.444819514080182 97
192100 0.18773984909057617 0.18773984909057617 97
192200 0.17986559867858887 0.17986559867858887 97
192300 0.18988752365112305 0.18988752365112305 97
192400 0.1938643455505371 0.1938643455505371 97
192500 0.18195128440856934 0.18195128440856934 97
192600 7.363698482513428 4.59997799557315 97
192700 0.19011139869689941 0.19011139869689941 97
192800 0.17179560661315918 0.17179560661315918 97
192900 0.18677067756652832 0.18677067756652832 97
193000 0.1748027801513672 0.1748027801513672 97
193100 0.18349719047546387 0.18349719047546387 97
193200 0.1795201301574707 0.1795201301574707 97
193300 0.18768930435180664 0.18768930435180664 97
193400 0.19251656532287598 0.19251656532287598 97
193500 0.1667921543121338 0.1667921543121338 97
193600 0.18763232231140137 0.18763232231140137 97
193700 0.18107271194458008 0.18107271194458008 97
193800 0.18775057792663574 0.18775057792663574 97
193900 0.16809797286987305 0.16809797286987305 97
194000 0.20102238655090332 0.20102238655090332 97
194100 0.18442463874816895 0.18442463874816895 97
194200 0.20881962776184082 0.20881962776184082 97
194300 0.20391201972961426 0.20391201972961426 97
194400 0.20303058624267578 0.20303058624267578 97
194500 0.21647095680236816 0.21647095680236816 97
194600 0.2164764404296875 0.2164764404296875 97
194700 0.21953845024108887 0.21953845024108887 97
194800 0.22299456596374512 0.22299456596374512 97
194900 0.1848766803741455 0.1848766803741455 97
195000 0.1944570541381836 0.1944570541381836 97
195100 6.351496934890747 4.484045400123271 97
195200 0.1805708408355713 0.1805708408355713 97
195300 0.16974568367004395 0.16974568367004395 97
195400 0.19491338729858398 0.19491338729858398 97
195500 0.19414663314819336 0.19414663314819336 97
195600 0.19165468215942383 0.19165468215942383 97
195700 0.18825006484985352 0.18825006484985352 97
195800 0.17035770416259766 0.17035770416259766 97
195900 0.16947579383850098 0.16947579383850098 97
196000 0.1821599006652832 0.1821599006652832 97
196100 0.1750638484954834 0.1750638484954834 97
196200 0.17841601371765137 0.17841601371765137 97
196300 0.18021488189697266 0.18021488189697266 97
196400 0.21779870986938477 0.21779870986938477 97
196500 0.20644927024841309 0.20644927024841309 97
196600 0.20775604248046875 0.20775604248046875 97
196700 0.18396520614624023 0.18396520614624023 97
196800 0.1788039207458496 0.1788039207458496 97
196900 0.18632245063781738 0.18632245063781738 97
197000 0.19553470611572266 0.19553470611572266 97
197100 0.1908421516418457 0.1908421516418457 97
197200 0.1894686222076416 0.1894686222076416 97
197300 0.23369622230529785 0.23369622230529785 97
197400 0.20902752876281738 0.20902752876281738 97
197500 0.18304133415222168 0.18304133415222168 97
197600 0.17737221717834473 0.17737221717834473 97
197700 0.1835160255432129 0.1835160255432129 97
197800 0.19261407852172852 0.19261407852172852 97
197900 0.17860794067382812 0.17860794067382812 97
198000 0.18328499794006348 0.18328499794006348 97
198100 0.19366788864135742 0.19366788864135742 97
198200 0.19687461853027344 0.19687461853027344 97
198300 0.17640161514282227 0.17640161514282227 97
198400 7.321243762969971 4.436221027347493 97
198500 0.21505117416381836 0.21505117416381836 97
198600 0.21387076377868652 0.21387076377868652 97
198700 0.21984505653381348 0.21984505653381348 97
198800 0.22138118743896484 0.22138118743896484 97
198900 0.1917266845703125 0.1917266845703125 97
199000 0.21888184547424316 0.21888184547424316 97
199100 0.20351862907409668 0.20351862907409668 97
199200 0.18616986274719238 0.18616986274719238 97
199300 0.1836256980895996 0.1836256980895996 97
199400 0.20508527755737305 0.20508527755737305 97
199500 0.2086954116821289 0.2086954116821289 97
199600 0.20778727531433105 0.20778727531433105 97
199700 0.21395039558410645 0.21395039558410645 97
199800 0.1992053985595703 0.1992053985595703 97
199900 0.1924149990081787 0.1924149990081787 97
200000 0.20828795433044434 0.20828795433044434 97
24855.061021327972
